==============================================================
Vitis HLS - High-Level Synthesis from C, C++ and OpenCL v2022.1 (64-bit)
Tool Version Limit: 2022.04
Copyright 1986-2022 Xilinx, Inc. All Rights Reserved.
==============================================================
INFO: [HLS 200-1505] Using flow_target 'vivado'
INFO: [HLS 200-435] Setting 'open_solution -flow_target vivado' configuration: config_interface -m_axi_latency=0
INFO: [HLS 200-1510] Running: set_part xc7z020clg400-1 
INFO: [HLS 200-1611] Setting target device to 'xc7z020-clg400-1'
INFO: [HLS 200-1510] Running: create_clock -period 10 -name default 
INFO: [SYN 201-201] Setting up clock 'default' with a period of 10ns.
INFO: [HLS 200-1510] Running: csim_design 
INFO: [SIM 211-2] *************** CSIM start ***************
INFO: [SIM 211-4] CSIM will launch GCC as the compiler.
INFO: [SIM 211-1] CSim done with 0 errors.
INFO: [SIM 211-3] *************** CSIM finish ***************
INFO: [HLS 200-111] Finished Command csim_design CPU user time: 7.58 seconds. CPU system time: 1.1 seconds. Elapsed time: 8.13 seconds; current allocated memory: -515.844 MB.
INFO: [HLS 200-1510] Running: csynth_design 
INFO: [HLS 200-111] Finished File checks and directory preparation: CPU user time: 0 seconds. CPU system time: 0 seconds. Elapsed time: 0.01 seconds; current allocated memory: 460.246 MB.
INFO: [HLS 200-10] Analyzing design file 'attention_tile.cpp' ... 
INFO: [HLS 200-111] Finished Source Code Analysis and Preprocessing: CPU user time: 22.65 seconds. CPU system time: 1.27 seconds. Elapsed time: 26.27 seconds; current allocated memory: 466.395 MB.
INFO: [HLS 200-777] Using interface defaults for 'Vivado' flow target.
INFO: [HLS 214-131] Inlining function 'exp_reduce_::exp(float)' into 'hls::expf(float)' (/wrk/ci/prod/2022.1/rdi_builds/continuous/2022_04_18_3526262/src/shared/hls/clib/hlsmath/src/c++/expfloat.cpp:22:9)
INFO: [HLS 214-131] Inlining function 'hls::expf(float)' into 'streaming_attention(signed char const*, signed char const*, signed char const*, float*)' (attention_tile.cpp:95:29)
INFO: [HLS 214-131] Inlining function 'hls::expf(float)' into 'streaming_attention(signed char const*, signed char const*, signed char const*, float*)' (attention_tile.cpp:103:12)
INFO: [HLS 214-291] Loop 'VITIS_LOOP_77_2' is marked as complete unroll implied by the pipeline pragma (attention_tile.cpp:77:19)
INFO: [HLS 214-291] Loop 'VITIS_LOOP_113_3' is marked as complete unroll implied by the pipeline pragma (attention_tile.cpp:113:31)
INFO: [HLS 214-186] Unrolling loop 'INIT_DOT' (attention_tile.cpp:70:9) in function 'streaming_attention' completely with a factor of 16 (attention_tile.cpp:19:0)
INFO: [HLS 214-186] Unrolling loop 'VITIS_LOOP_77_2' (attention_tile.cpp:77:19) in function 'streaming_attention' completely with a factor of 16 (attention_tile.cpp:19:0)
INFO: [HLS 214-186] Unrolling loop 'VITIS_LOOP_113_3' (attention_tile.cpp:113:31) in function 'streaming_attention' completely with a factor of 16 (attention_tile.cpp:19:0)
INFO: [HLS 214-248] Applying array_partition to 'q': Complete partitioning on dimension 1. (attention_tile.cpp:31:9)
INFO: [HLS 214-248] Applying array_partition to 'acc': Complete partitioning on dimension 1. (attention_tile.cpp:33:8)
INFO: [HLS 214-248] Applying array_partition to 'kt': Complete partitioning on dimension 1. (attention_tile.cpp:47:12)
INFO: [HLS 214-248] Applying array_partition to 'vt': Complete partitioning on dimension 1. (attention_tile.cpp:48:12)
INFO: [HLS 214-248] Applying array_partition to 'dot': Complete partitioning on dimension 1. (attention_tile.cpp:67:17)
INFO: [HLS 214-248] Applying array_partition to 'score': Complete partitioning on dimension 1. (attention_tile.cpp:84:15)
INFO: [HLS 214-248] Applying array_partition to 'beta': Complete partitioning on dimension 1. (attention_tile.cpp:97:15)
INFO: [HLS 214-115] Multiple burst reads of length 64 and bit width 8 in loop 'LOAD_Q'(attention_tile.cpp:37:5) has been inferred on bundle 'gmem0'. These burst requests might be further partitioned into multiple requests during RTL generation, based on max_read_burst_length or max_write_burst_length settings. (attention_tile.cpp:37:5)
INFO: [HLS 214-115] Multiple burst reads of length 1024 and bit width 8 in loop 'LOAD_TILE'(attention_tile.cpp:58:9) has been inferred on bundle 'gmem1'. These burst requests might be further partitioned into multiple requests during RTL generation, based on max_read_burst_length or max_write_burst_length settings. (attention_tile.cpp:58:9)
INFO: [HLS 214-115] Multiple burst reads of length 1024 and bit width 8 in loop 'LOAD_TILE'(attention_tile.cpp:58:9) has been inferred on bundle 'gmem2'. These burst requests might be further partitioned into multiple requests during RTL generation, based on max_read_burst_length or max_write_burst_length settings. (attention_tile.cpp:58:9)
INFO: [HLS 214-115] Multiple burst writes of length 64 and bit width 32 in loop 'WRITE_O'(attention_tile.cpp:125:5) has been inferred on bundle 'gmem3'. These burst requests might be further partitioned into multiple requests during RTL generation, based on max_read_burst_length or max_write_burst_length settings. (attention_tile.cpp:125:5)
INFO: [HLS 200-111] Finished Compiling Optimization and Transform: CPU user time: 3.99 seconds. CPU system time: 0.44 seconds. Elapsed time: 6.35 seconds; current allocated memory: 466.766 MB.
INFO: [HLS 200-111] Finished Checking Pragmas: CPU user time: 0 seconds. CPU system time: 0 seconds. Elapsed time: 0 seconds; current allocated memory: 466.766 MB.
INFO: [HLS 200-10] Starting code transformations ...
INFO: [HLS 200-111] Finished Standard Transforms: CPU user time: 0.29 seconds. CPU system time: 0.01 seconds. Elapsed time: 0.38 seconds; current allocated memory: 490.520 MB.
INFO: [HLS 200-10] Checking synthesizability ...
INFO: [HLS 200-111] Finished Checking Synthesizability: CPU user time: 0.31 seconds. CPU system time: 0.01 seconds. Elapsed time: 0.38 seconds; current allocated memory: 515.582 MB.
INFO: [HLS 200-111] Finished Loop, function and other optimizations: CPU user time: 1.03 seconds. CPU system time: 0.03 seconds. Elapsed time: 1.13 seconds; current allocated memory: 573.488 MB.
INFO: [XFORM 203-541] Flattening a loop nest 'LOAD_TILE' (attention_tile.cpp:58:18) in function 'streaming_attention'.
WARNING: [HLS 200-960] Cannot flatten loop 'TILES' (attention_tile.cpp:33:8) in function 'streaming_attention' more than one sub loop.
INFO: [HLS 200-472] Inferring partial write operation for 'kt' (attention_tile.cpp:61:11)
INFO: [HLS 200-472] Inferring partial write operation for 'vt' (attention_tile.cpp:62:26)
INFO: [HLS 200-111] Finished Architecture Synthesis: CPU user time: 0.66 seconds. CPU system time: 0.03 seconds. Elapsed time: 0.72 seconds; current allocated memory: 643.902 MB.
INFO: [HLS 200-10] Starting hardware synthesis ...
INFO: [HLS 200-10] Synthesizing 'streaming_attention' ...
INFO: [HLS 200-10] ----------------------------------------------------------------
INFO: [HLS 200-42] -- Implementing module 'streaming_attention_Pipeline_LOAD_Q' 
INFO: [HLS 200-10] ----------------------------------------------------------------
INFO: [SCHED 204-11] Starting scheduling ...
INFO: [SCHED 204-61] Pipelining loop 'LOAD_Q'.
INFO: [HLS 200-1470] Pipelining result : Target II = 1, Final II = 1, Depth = 2, loop 'LOAD_Q'
INFO: [SCHED 204-11] Finished scheduling.
INFO: [HLS 200-111] Finished Scheduling: CPU user time: 0.28 seconds. CPU system time: 0.03 seconds. Elapsed time: 0.37 seconds; current allocated memory: 648.047 MB.
INFO: [BIND 205-100] Starting micro-architecture generation ...
INFO: [BIND 205-101] Performing variable lifetime analysis.
INFO: [BIND 205-101] Exploring resource sharing.
INFO: [BIND 205-101] Binding ...
INFO: [BIND 205-100] Finished micro-architecture generation.
INFO: [HLS 200-111] Finished Binding: CPU user time: 0.07 seconds. CPU system time: 0.01 seconds. Elapsed time: 0.1 seconds; current allocated memory: 648.047 MB.
INFO: [HLS 200-10] ----------------------------------------------------------------
INFO: [HLS 200-42] -- Implementing module 'streaming_attention_Pipeline_LOAD_TILE_VITIS_LOOP_59_1' 
INFO: [HLS 200-10] ----------------------------------------------------------------
INFO: [SCHED 204-11] Starting scheduling ...
INFO: [SCHED 204-61] Pipelining loop 'LOAD_TILE_VITIS_LOOP_59_1'.
INFO: [HLS 200-1470] Pipelining result : Target II = 1, Final II = 1, Depth = 3, loop 'LOAD_TILE_VITIS_LOOP_59_1'
INFO: [SCHED 204-11] Finished scheduling.
INFO: [HLS 200-111] Finished Scheduling: CPU user time: 0.13 seconds. CPU system time: 0 seconds. Elapsed time: 0.2 seconds; current allocated memory: 649.246 MB.
INFO: [BIND 205-100] Starting micro-architecture generation ...
INFO: [BIND 205-101] Performing variable lifetime analysis.
INFO: [BIND 205-101] Exploring resource sharing.
INFO: [BIND 205-101] Binding ...
INFO: [BIND 205-100] Finished micro-architecture generation.
INFO: [HLS 200-111] Finished Binding: CPU user time: 0.04 seconds. CPU system time: 0.01 seconds. Elapsed time: 0.08 seconds; current allocated memory: 649.246 MB.
INFO: [HLS 200-10] ----------------------------------------------------------------
INFO: [HLS 200-42] -- Implementing module 'streaming_attention_Pipeline_MAC' 
INFO: [HLS 200-10] ----------------------------------------------------------------
INFO: [SCHED 204-11] Starting scheduling ...
INFO: [HLS 200-486] Changing DSP latency (root=mul_ln79_15) to 3 in order to utilize available DSP registers.
INFO: [HLS 200-486] Changing DSP latency (root=mul_ln79_14) to 3 in order to utilize available DSP registers.
INFO: [HLS 200-486] Changing DSP latency (root=mul_ln79_13) to 3 in order to utilize available DSP registers.
INFO: [HLS 200-486] Changing DSP latency (root=mul_ln79_12) to 3 in order to utilize available DSP registers.
INFO: [HLS 200-486] Changing DSP latency (root=mul_ln79_11) to 3 in order to utilize available DSP registers.
INFO: [HLS 200-486] Changing DSP latency (root=mul_ln79_10) to 3 in order to utilize available DSP registers.
INFO: [HLS 200-486] Changing DSP latency (root=mul_ln79_9) to 3 in order to utilize available DSP registers.
INFO: [HLS 200-486] Changing DSP latency (root=mul_ln79_8) to 3 in order to utilize available DSP registers.
INFO: [HLS 200-486] Changing DSP latency (root=mul_ln79_7) to 3 in order to utilize available DSP registers.
INFO: [HLS 200-486] Changing DSP latency (root=mul_ln79_6) to 3 in order to utilize available DSP registers.
INFO: [HLS 200-486] Changing DSP latency (root=mul_ln79_5) to 3 in order to utilize available DSP registers.
INFO: [HLS 200-486] Changing DSP latency (root=mul_ln79_4) to 3 in order to utilize available DSP registers.
INFO: [HLS 200-486] Changing DSP latency (root=mul_ln79_3) to 3 in order to utilize available DSP registers.
INFO: [HLS 200-486] Changing DSP latency (root=mul_ln79_2) to 3 in order to utilize available DSP registers.
INFO: [HLS 200-486] Changing DSP latency (root=mul_ln79_1) to 3 in order to utilize available DSP registers.
INFO: [HLS 200-486] Changing DSP latency (root=mul_ln79) to 3 in order to utilize available DSP registers.
INFO: [SCHED 204-61] Pipelining loop 'MAC'.
INFO: [HLS 200-1470] Pipelining result : Target II = 1, Final II = 1, Depth = 5, loop 'MAC'
INFO: [SCHED 204-11] Finished scheduling.
INFO: [HLS 200-111] Finished Scheduling: CPU user time: 0.19 seconds. CPU system time: 0.01 seconds. Elapsed time: 0.27 seconds; current allocated memory: 651.137 MB.
INFO: [BIND 205-100] Starting micro-architecture generation ...
INFO: [BIND 205-101] Performing variable lifetime analysis.
INFO: [BIND 205-101] Exploring resource sharing.
INFO: [BIND 205-101] Binding ...
INFO: [BIND 205-100] Finished micro-architecture generation.
INFO: [HLS 200-111] Finished Binding: CPU user time: 0.06 seconds. CPU system time: 0 seconds. Elapsed time: 0.1 seconds; current allocated memory: 651.137 MB.
INFO: [HLS 200-10] ----------------------------------------------------------------
INFO: [HLS 200-42] -- Implementing module 'streaming_attention_Pipeline_SCORE' 
INFO: [HLS 200-10] ----------------------------------------------------------------
INFO: [SCHED 204-11] Starting scheduling ...
INFO: [SCHED 204-61] Pipelining loop 'SCORE'.
INFO: [HLS 200-1470] Pipelining result : Target II = 1, Final II = 1, Depth = 12, loop 'SCORE'
WARNING: [HLS 200-871] Estimated clock period (8.695ns) exceeds the target (target clock period: 10ns, clock uncertainty: 2.7ns, effective delay budget: 7.3ns).
WARNING: [HLS 200-1016] The critical path in module 'streaming_attention_Pipeline_SCORE' consists of the following:	'fcmp' operation ('tmp_7', attention_tile.cpp:91) [165]  (5.43 ns)
	'and' operation ('and_ln91_1', attention_tile.cpp:91) [167]  (0.978 ns)
	'select' operation ('tile_max', attention_tile.cpp:91) [168]  (0.698 ns)
	'store' operation ('tile_max_write_ln88', attention_tile.cpp:88) of variable 'tile_max', attention_tile.cpp:91 on local variable 'tile_max' [170]  (1.59 ns)

INFO: [SCHED 204-11] Finished scheduling.
INFO: [HLS 200-111] Finished Scheduling: CPU user time: 0.14 seconds. CPU system time: 0 seconds. Elapsed time: 0.18 seconds; current allocated memory: 652.051 MB.
INFO: [BIND 205-100] Starting micro-architecture generation ...
INFO: [BIND 205-101] Performing variable lifetime analysis.
INFO: [BIND 205-101] Exploring resource sharing.
INFO: [BIND 205-101] Binding ...
INFO: [BIND 205-100] Finished micro-architecture generation.
INFO: [HLS 200-111] Finished Binding: CPU user time: 0.1 seconds. CPU system time: 0 seconds. Elapsed time: 0.13 seconds; current allocated memory: 652.051 MB.
INFO: [HLS 200-10] ----------------------------------------------------------------
INFO: [HLS 200-42] -- Implementing module 'streaming_attention_Pipeline_BETA' 
INFO: [HLS 200-10] ----------------------------------------------------------------
INFO: [SCHED 204-11] Starting scheduling ...
INFO: [SCHED 204-61] Pipelining loop 'BETA'.
WARNING: [HLS 200-880] The II Violation in module 'streaming_attention_Pipeline_BETA' (loop 'BETA'): Unable to enforce a carried dependence constraint (II = 1, distance = 1, offset = 0) between 'store' operation ('l_tile_write_ln101', attention_tile.cpp:101) of variable 'l_tile', attention_tile.cpp:104 on local variable 'l_tile' and 'load' operation ('l_tile_load', attention_tile.cpp:104) on local variable 'l_tile'.
WARNING: [HLS 200-880] The II Violation in module 'streaming_attention_Pipeline_BETA' (loop 'BETA'): Unable to enforce a carried dependence constraint (II = 2, distance = 1, offset = 0) between 'store' operation ('l_tile_write_ln101', attention_tile.cpp:101) of variable 'l_tile', attention_tile.cpp:104 on local variable 'l_tile' and 'load' operation ('l_tile_load', attention_tile.cpp:104) on local variable 'l_tile'.
WARNING: [HLS 200-880] The II Violation in module 'streaming_attention_Pipeline_BETA' (loop 'BETA'): Unable to enforce a carried dependence constraint (II = 3, distance = 1, offset = 0) between 'store' operation ('l_tile_write_ln101', attention_tile.cpp:101) of variable 'l_tile', attention_tile.cpp:104 on local variable 'l_tile' and 'load' operation ('l_tile_load', attention_tile.cpp:104) on local variable 'l_tile'.
INFO: [HLS 200-1470] Pipelining result : Target II = 1, Final II = 4, Depth = 21, loop 'BETA'
WARNING: [HLS 200-871] Estimated clock period (8.844ns) exceeds the target (target clock period: 10ns, clock uncertainty: 2.7ns, effective delay budget: 7.3ns).
WARNING: [HLS 200-1016] The critical path in module 'streaming_attention_Pipeline_BETA' consists of the following:	'fadd' operation ('l_tile', attention_tile.cpp:104) [137]  (7.26 ns)
	'store' operation ('l_tile_write_ln101', attention_tile.cpp:101) of variable 'l_tile', attention_tile.cpp:104 on local variable 'l_tile' [139]  (1.59 ns)

INFO: [SCHED 204-11] Finished scheduling.
INFO: [HLS 200-111] Finished Scheduling: CPU user time: 0.17 seconds. CPU system time: 0 seconds. Elapsed time: 0.23 seconds; current allocated memory: 653.016 MB.
INFO: [BIND 205-100] Starting micro-architecture generation ...
INFO: [BIND 205-101] Performing variable lifetime analysis.
INFO: [BIND 205-101] Exploring resource sharing.
INFO: [BIND 205-101] Binding ...
INFO: [BIND 205-100] Finished micro-architecture generation.
INFO: [HLS 200-111] Finished Binding: CPU user time: 0.13 seconds. CPU system time: 0.01 seconds. Elapsed time: 0.15 seconds; current allocated memory: 653.016 MB.
INFO: [HLS 200-10] ----------------------------------------------------------------
INFO: [HLS 200-42] -- Implementing module 'streaming_attention_Pipeline_AV' 
INFO: [HLS 200-10] ----------------------------------------------------------------
INFO: [SCHED 204-11] Starting scheduling ...
INFO: [SCHED 204-61] Pipelining loop 'AV'.
WARNING: [HLS 200-880] The II Violation in module 'streaming_attention_Pipeline_AV' (loop 'AV'): Unable to enforce a carried dependence constraint (II = 1, distance = 1, offset = 0) between 'store' operation ('acc_192_out_write_ln117', attention_tile.cpp:117) of variable 'acc', attention_tile.cpp:115 on local variable 'acc_192_out' and 'load' operation ('acc_192_out_load', attention_tile.cpp:112) on local variable 'acc_192_out'.
WARNING: [HLS 200-880] The II Violation in module 'streaming_attention_Pipeline_AV' (loop 'AV'): Unable to enforce a carried dependence constraint (II = 2, distance = 1, offset = 0) between 'store' operation ('acc_192_out_write_ln117', attention_tile.cpp:117) of variable 'acc', attention_tile.cpp:115 on local variable 'acc_192_out' and 'load' operation ('acc_192_out_load', attention_tile.cpp:112) on local variable 'acc_192_out'.
WARNING: [HLS 200-880] The II Violation in module 'streaming_attention_Pipeline_AV' (loop 'AV'): Unable to enforce a carried dependence constraint (II = 3, distance = 1, offset = 0) between 'store' operation ('acc_192_out_write_ln117', attention_tile.cpp:117) of variable 'acc', attention_tile.cpp:115 on local variable 'acc_192_out' and 'load' operation ('acc_192_out_load', attention_tile.cpp:112) on local variable 'acc_192_out'.
WARNING: [HLS 200-880] The II Violation in module 'streaming_attention_Pipeline_AV' (loop 'AV'): Unable to enforce a carried dependence constraint (II = 4, distance = 1, offset = 0) between 'store' operation ('acc_192_out_write_ln117', attention_tile.cpp:117) of variable 'acc', attention_tile.cpp:115 on local variable 'acc_192_out' and 'load' operation ('acc_192_out_load', attention_tile.cpp:112) on local variable 'acc_192_out'.
WARNING: [HLS 200-880] The II Violation in module 'streaming_attention_Pipeline_AV' (loop 'AV'): Unable to enforce a carried dependence constraint (II = 35, distance = 1, offset = 0) between 'store' operation ('acc_192_out_write_ln117', attention_tile.cpp:117) of variable 'acc', attention_tile.cpp:115 on local variable 'acc_192_out' and 'load' operation ('acc_192_out_load', attention_tile.cpp:112) on local variable 'acc_192_out'.
WARNING: [HLS 200-880] The II Violation in module 'streaming_attention_Pipeline_AV' (loop 'AV'): Unable to enforce a carried dependence constraint (II = 51, distance = 1, offset = 0) between 'store' operation ('acc_192_out_write_ln117', attention_tile.cpp:117) of variable 'acc', attention_tile.cpp:115 on local variable 'acc_192_out' and 'load' operation ('acc_192_out_load', attention_tile.cpp:112) on local variable 'acc_192_out'.
WARNING: [HLS 200-880] The II Violation in module 'streaming_attention_Pipeline_AV' (loop 'AV'): Unable to enforce a carried dependence constraint (II = 59, distance = 1, offset = 0) between 'store' operation ('acc_192_out_write_ln117', attention_tile.cpp:117) of variable 'acc', attention_tile.cpp:115 on local variable 'acc_192_out' and 'load' operation ('acc_192_out_load', attention_tile.cpp:112) on local variable 'acc_192_out'.
WARNING: [HLS 200-880] The II Violation in module 'streaming_attention_Pipeline_AV' (loop 'AV'): Unable to enforce a carried dependence constraint (II = 63, distance = 1, offset = 0) between 'store' operation ('acc_192_out_write_ln117', attention_tile.cpp:117) of variable 'acc', attention_tile.cpp:115 on local variable 'acc_192_out' and 'load' operation ('acc_192_out_load', attention_tile.cpp:112) on local variable 'acc_192_out'.
WARNING: [HLS 200-880] The II Violation in module 'streaming_attention_Pipeline_AV' (loop 'AV'): Unable to enforce a carried dependence constraint (II = 65, distance = 1, offset = 0) between 'store' operation ('acc_192_out_write_ln117', attention_tile.cpp:117) of variable 'acc', attention_tile.cpp:115 on local variable 'acc_192_out' and 'load' operation ('acc_192_out_load', attention_tile.cpp:112) on local variable 'acc_192_out'.
WARNING: [HLS 200-880] The II Violation in module 'streaming_attention_Pipeline_AV' (loop 'AV'): Unable to enforce a carried dependence constraint (II = 66, distance = 1, offset = 0) between 'store' operation ('acc_192_out_write_ln117', attention_tile.cpp:117) of variable 'acc', attention_tile.cpp:115 on local variable 'acc_192_out' and 'load' operation ('acc_192_out_load', attention_tile.cpp:112) on local variable 'acc_192_out'.
INFO: [HLS 200-1470] Pipelining result : Target II = 1, Final II = 67, Depth = 74, loop 'AV'
WARNING: [HLS 200-871] Estimated clock period (14.512ns) exceeds the target (target clock period: 10ns, clock uncertainty: 2.7ns, effective delay budget: 7.3ns).
WARNING: [HLS 200-1016] The critical path in module 'streaming_attention_Pipeline_AV' consists of the following:	'fadd' operation ('a', attention_tile.cpp:115) [199]  (7.26 ns)
	'fadd' operation ('a', attention_tile.cpp:115) [205]  (7.26 ns)

INFO: [SCHED 204-11] Finished scheduling.
INFO: [HLS 200-111] Finished Scheduling: CPU user time: 1.29 seconds. CPU system time: 0.01 seconds. Elapsed time: 1.39 seconds; current allocated memory: 656.801 MB.
INFO: [BIND 205-100] Starting micro-architecture generation ...
INFO: [BIND 205-101] Performing variable lifetime analysis.
INFO: [BIND 205-101] Exploring resource sharing.
INFO: [BIND 205-101] Binding ...
INFO: [BIND 205-100] Finished micro-architecture generation.
INFO: [HLS 200-111] Finished Binding: CPU user time: 0.56 seconds. CPU system time: 0 seconds. Elapsed time: 0.61 seconds; current allocated memory: 657.793 MB.
INFO: [HLS 200-10] ----------------------------------------------------------------
INFO: [HLS 200-42] -- Implementing module 'streaming_attention_Pipeline_WRITE_O' 
INFO: [HLS 200-10] ----------------------------------------------------------------
INFO: [SCHED 204-11] Starting scheduling ...
INFO: [SCHED 204-61] Pipelining loop 'WRITE_O'.
INFO: [HLS 200-1470] Pipelining result : Target II = 1, Final II = 1, Depth = 18, loop 'WRITE_O'
INFO: [SCHED 204-11] Finished scheduling.
INFO: [HLS 200-111] Finished Scheduling: CPU user time: 0.43 seconds. CPU system time: 0 seconds. Elapsed time: 0.48 seconds; current allocated memory: 658.125 MB.
INFO: [BIND 205-100] Starting micro-architecture generation ...
INFO: [BIND 205-101] Performing variable lifetime analysis.
INFO: [BIND 205-101] Exploring resource sharing.
INFO: [BIND 205-101] Binding ...
INFO: [BIND 205-100] Finished micro-architecture generation.
INFO: [HLS 200-111] Finished Binding: CPU user time: 0.1 seconds. CPU system time: 0.01 seconds. Elapsed time: 0.14 seconds; current allocated memory: 658.125 MB.
INFO: [HLS 200-10] ----------------------------------------------------------------
INFO: [HLS 200-42] -- Implementing module 'streaming_attention' 
INFO: [HLS 200-10] ----------------------------------------------------------------
INFO: [SCHED 204-11] Starting scheduling ...
WARNING: [HLS 200-871] Estimated clock period (8.477ns) exceeds the target (target clock period: 10ns, clock uncertainty: 2.7ns, effective delay budget: 7.3ns).
WARNING: [HLS 200-1016] The critical path in module 'streaming_attention' consists of the following:	'load' operation ('m_load') on local variable 'm' [323]  (0 ns)
	'call' operation ('_ln0') to 'streaming_attention_Pipeline_SCORE' [352]  (8.48 ns)

INFO: [SCHED 204-11] Finished scheduling.
INFO: [HLS 200-111] Finished Scheduling: CPU user time: 0.29 seconds. CPU system time: 0 seconds. Elapsed time: 0.35 seconds; current allocated memory: 661.219 MB.
INFO: [BIND 205-100] Starting micro-architecture generation ...
INFO: [BIND 205-101] Performing variable lifetime analysis.
INFO: [BIND 205-101] Exploring resource sharing.
INFO: [BIND 205-101] Binding ...
INFO: [BIND 205-100] Finished micro-architecture generation.
INFO: [HLS 200-111] Finished Binding: CPU user time: 0.4 seconds. CPU system time: 0 seconds. Elapsed time: 0.45 seconds; current allocated memory: 661.219 MB.
INFO: [HLS 200-10] ----------------------------------------------------------------
INFO: [HLS 200-10] -- Generating RTL for module 'streaming_attention_Pipeline_LOAD_Q' 
INFO: [HLS 200-10] ----------------------------------------------------------------
INFO: [HLS 200-1030] Apply Unified Pipeline Control on module 'streaming_attention_Pipeline_LOAD_Q' pipeline 'LOAD_Q' pipeline type 'loop pipeline'
WARNING: [RTGEN 206-101] Setting dangling out port 'streaming_attention_Pipeline_LOAD_Q/m_axi_gmem0_ARVALID' to 0.
WARNING: [RTGEN 206-101] Setting dangling out port 'streaming_attention_Pipeline_LOAD_Q/m_axi_gmem0_ARADDR' to 0.
WARNING: [RTGEN 206-101] Setting dangling out port 'streaming_attention_Pipeline_LOAD_Q/m_axi_gmem0_ARID' to 0.
WARNING: [RTGEN 206-101] Setting dangling out port 'streaming_attention_Pipeline_LOAD_Q/m_axi_gmem0_ARLEN' to 0.
WARNING: [RTGEN 206-101] Setting dangling out port 'streaming_attention_Pipeline_LOAD_Q/m_axi_gmem0_ARSIZE' to 0.
WARNING: [RTGEN 206-101] Setting dangling out port 'streaming_attention_Pipeline_LOAD_Q/m_axi_gmem0_ARBURST' to 0.
WARNING: [RTGEN 206-101] Setting dangling out port 'streaming_attention_Pipeline_LOAD_Q/m_axi_gmem0_ARLOCK' to 0.
WARNING: [RTGEN 206-101] Setting dangling out port 'streaming_attention_Pipeline_LOAD_Q/m_axi_gmem0_ARCACHE' to 0.
WARNING: [RTGEN 206-101] Setting dangling out port 'streaming_attention_Pipeline_LOAD_Q/m_axi_gmem0_ARPROT' to 0.
WARNING: [RTGEN 206-101] Setting dangling out port 'streaming_attention_Pipeline_LOAD_Q/m_axi_gmem0_ARQOS' to 0.
WARNING: [RTGEN 206-101] Setting dangling out port 'streaming_attention_Pipeline_LOAD_Q/m_axi_gmem0_ARREGION' to 0.
WARNING: [RTGEN 206-101] Setting dangling out port 'streaming_attention_Pipeline_LOAD_Q/m_axi_gmem0_ARUSER' to 0.
INFO: [RTGEN 206-100] Finished creating RTL model for 'streaming_attention_Pipeline_LOAD_Q'.
INFO: [HLS 200-111] Finished Creating RTL model: CPU user time: 0.34 seconds. CPU system time: 0.01 seconds. Elapsed time: 0.45 seconds; current allocated memory: 662.395 MB.
INFO: [HLS 200-10] ----------------------------------------------------------------
INFO: [HLS 200-10] -- Generating RTL for module 'streaming_attention_Pipeline_LOAD_TILE_VITIS_LOOP_59_1' 
INFO: [HLS 200-10] ----------------------------------------------------------------
INFO: [HLS 200-1030] Apply Unified Pipeline Control on module 'streaming_attention_Pipeline_LOAD_TILE_VITIS_LOOP_59_1' pipeline 'LOAD_TILE_VITIS_LOOP_59_1' pipeline type 'loop pipeline'
WARNING: [RTGEN 206-101] Setting dangling out port 'streaming_attention_Pipeline_LOAD_TILE_VITIS_LOOP_59_1/m_axi_gmem1_ARVALID' to 0.
WARNING: [RTGEN 206-101] Setting dangling out port 'streaming_attention_Pipeline_LOAD_TILE_VITIS_LOOP_59_1/m_axi_gmem1_ARADDR' to 0.
WARNING: [RTGEN 206-101] Setting dangling out port 'streaming_attention_Pipeline_LOAD_TILE_VITIS_LOOP_59_1/m_axi_gmem1_ARID' to 0.
WARNING: [RTGEN 206-101] Setting dangling out port 'streaming_attention_Pipeline_LOAD_TILE_VITIS_LOOP_59_1/m_axi_gmem1_ARLEN' to 0.
WARNING: [RTGEN 206-101] Setting dangling out port 'streaming_attention_Pipeline_LOAD_TILE_VITIS_LOOP_59_1/m_axi_gmem1_ARSIZE' to 0.
WARNING: [RTGEN 206-101] Setting dangling out port 'streaming_attention_Pipeline_LOAD_TILE_VITIS_LOOP_59_1/m_axi_gmem1_ARBURST' to 0.
WARNING: [RTGEN 206-101] Setting dangling out port 'streaming_attention_Pipeline_LOAD_TILE_VITIS_LOOP_59_1/m_axi_gmem1_ARLOCK' to 0.
WARNING: [RTGEN 206-101] Setting dangling out port 'streaming_attention_Pipeline_LOAD_TILE_VITIS_LOOP_59_1/m_axi_gmem1_ARCACHE' to 0.
WARNING: [RTGEN 206-101] Setting dangling out port 'streaming_attention_Pipeline_LOAD_TILE_VITIS_LOOP_59_1/m_axi_gmem1_ARPROT' to 0.
WARNING: [RTGEN 206-101] Setting dangling out port 'streaming_attention_Pipeline_LOAD_TILE_VITIS_LOOP_59_1/m_axi_gmem1_ARQOS' to 0.
WARNING: [RTGEN 206-101] Setting dangling out port 'streaming_attention_Pipeline_LOAD_TILE_VITIS_LOOP_59_1/m_axi_gmem1_ARREGION' to 0.
WARNING: [RTGEN 206-101] Setting dangling out port 'streaming_attention_Pipeline_LOAD_TILE_VITIS_LOOP_59_1/m_axi_gmem1_ARUSER' to 0.
WARNING: [RTGEN 206-101] Setting dangling out port 'streaming_attention_Pipeline_LOAD_TILE_VITIS_LOOP_59_1/m_axi_gmem2_ARVALID' to 0.
WARNING: [RTGEN 206-101] Setting dangling out port 'streaming_attention_Pipeline_LOAD_TILE_VITIS_LOOP_59_1/m_axi_gmem2_ARADDR' to 0.
WARNING: [RTGEN 206-101] Setting dangling out port 'streaming_attention_Pipeline_LOAD_TILE_VITIS_LOOP_59_1/m_axi_gmem2_ARID' to 0.
WARNING: [RTGEN 206-101] Setting dangling out port 'streaming_attention_Pipeline_LOAD_TILE_VITIS_LOOP_59_1/m_axi_gmem2_ARLEN' to 0.
WARNING: [RTGEN 206-101] Setting dangling out port 'streaming_attention_Pipeline_LOAD_TILE_VITIS_LOOP_59_1/m_axi_gmem2_ARSIZE' to 0.
WARNING: [RTGEN 206-101] Setting dangling out port 'streaming_attention_Pipeline_LOAD_TILE_VITIS_LOOP_59_1/m_axi_gmem2_ARBURST' to 0.
WARNING: [RTGEN 206-101] Setting dangling out port 'streaming_attention_Pipeline_LOAD_TILE_VITIS_LOOP_59_1/m_axi_gmem2_ARLOCK' to 0.
WARNING: [RTGEN 206-101] Setting dangling out port 'streaming_attention_Pipeline_LOAD_TILE_VITIS_LOOP_59_1/m_axi_gmem2_ARCACHE' to 0.
WARNING: [RTGEN 206-101] Setting dangling out port 'streaming_attention_Pipeline_LOAD_TILE_VITIS_LOOP_59_1/m_axi_gmem2_ARPROT' to 0.
WARNING: [RTGEN 206-101] Setting dangling out port 'streaming_attention_Pipeline_LOAD_TILE_VITIS_LOOP_59_1/m_axi_gmem2_ARQOS' to 0.
WARNING: [RTGEN 206-101] Setting dangling out port 'streaming_attention_Pipeline_LOAD_TILE_VITIS_LOOP_59_1/m_axi_gmem2_ARREGION' to 0.
WARNING: [RTGEN 206-101] Setting dangling out port 'streaming_attention_Pipeline_LOAD_TILE_VITIS_LOOP_59_1/m_axi_gmem2_ARUSER' to 0.
INFO: [RTGEN 206-100] Finished creating RTL model for 'streaming_attention_Pipeline_LOAD_TILE_VITIS_LOOP_59_1'.
INFO: [HLS 200-111] Finished Creating RTL model: CPU user time: 0.23 seconds. CPU system time: 0.03 seconds. Elapsed time: 0.44 seconds; current allocated memory: 670.613 MB.
INFO: [HLS 200-10] ----------------------------------------------------------------
INFO: [HLS 200-10] -- Generating RTL for module 'streaming_attention_Pipeline_MAC' 
INFO: [HLS 200-10] ----------------------------------------------------------------
INFO: [HLS 200-1030] Apply Unified Pipeline Control on module 'streaming_attention_Pipeline_MAC' pipeline 'MAC' pipeline type 'loop pipeline'
INFO: [RTGEN 206-100] Generating core module 'mac_muladd_8s_8s_22s_22_4_1': 16 instance(s).
INFO: [RTGEN 206-100] Generating core module 'mux_647_8_1_1': 1 instance(s).
INFO: [RTGEN 206-100] Finished creating RTL model for 'streaming_attention_Pipeline_MAC'.
INFO: [HLS 200-111] Finished Creating RTL model: CPU user time: 0.17 seconds. CPU system time: 0.01 seconds. Elapsed time: 0.27 seconds; current allocated memory: 674.094 MB.
INFO: [HLS 200-10] ----------------------------------------------------------------
INFO: [HLS 200-10] -- Generating RTL for module 'streaming_attention_Pipeline_SCORE' 
INFO: [HLS 200-10] ----------------------------------------------------------------
INFO: [HLS 200-1030] Apply Unified Pipeline Control on module 'streaming_attention_Pipeline_SCORE' pipeline 'SCORE' pipeline type 'loop pipeline'
INFO: [RTGEN 206-100] Generating core module 'fcmp_32ns_32ns_1_2_no_dsp_1': 1 instance(s).
INFO: [RTGEN 206-100] Generating core module 'fmul_32ns_32ns_32_4_max_dsp_1': 1 instance(s).
INFO: [RTGEN 206-100] Generating core module 'mux_165_32_1_1': 1 instance(s).
INFO: [RTGEN 206-100] Generating core module 'sitofp_32ns_32_6_no_dsp_1': 1 instance(s).
INFO: [RTGEN 206-100] Finished creating RTL model for 'streaming_attention_Pipeline_SCORE'.
INFO: [HLS 200-111] Finished Creating RTL model: CPU user time: 0.18 seconds. CPU system time: 0.02 seconds. Elapsed time: 0.35 seconds; current allocated memory: 680.469 MB.
INFO: [HLS 200-10] ----------------------------------------------------------------
INFO: [HLS 200-10] -- Generating RTL for module 'streaming_attention_Pipeline_BETA' 
INFO: [HLS 200-10] ----------------------------------------------------------------
INFO: [HLS 200-1030] Apply Unified Pipeline Control on module 'streaming_attention_Pipeline_BETA' pipeline 'BETA' pipeline type 'loop pipeline'
WARNING: [RTGEN 206-101] RTL name 'mux_165_32_1_1' is changed to 'mux_165_32_1_1_x' due to conflict.
INFO: [RTGEN 206-100] Generating core module 'faddfsub_32ns_32ns_32_5_full_dsp_1': 1 instance(s).
INFO: [RTGEN 206-100] Generating core module 'fexp_32ns_32ns_32_10_full_dsp_1': 1 instance(s).
==============================================================
Vitis HLS - High-Level Synthesis from C, C++ and OpenCL v2022.1 (64-bit)
Tool Version Limit: 2022.04
Copyright 1986-2022 Xilinx, Inc. All Rights Reserved.
==============================================================
INFO: [SYN 201-201] Setting up clock 'default' with a period of 10ns.
INFO: [HLS 200-1611] Setting target device to 'xc7z020-clg400-1'
INFO: [HLS 200-1505] Using flow_target 'vivado'
INFO: [HLS 200-1464] Running solution command: config_interface -m_axi_latency=0
INFO: [HLS 200-1464] Running solution command: config_export -format=ip_catalog
INFO: [HLS 200-1464] Running solution command: config_export -output=attention_tile_ip.zip
INFO: [HLS 200-1510] Running: set_part xc7z020clg400-1 
INFO: [HLS 200-1510] Running: create_clock -period 10 -name default 
INFO: [HLS 200-1510] Running: csim_design 
INFO: [SIM 211-2] *************** CSIM start ***************
INFO: [SIM 211-4] CSIM will launch GCC as the compiler.
INFO: [SIM 211-1] CSim done with 0 errors.
INFO: [SIM 211-3] *************** CSIM finish ***************
INFO: [HLS 200-111] Finished Command csim_design CPU user time: 0.53 seconds. CPU system time: 0.18 seconds. Elapsed time: 0.78 seconds; current allocated memory: 0.000 MB.
INFO: [HLS 200-1510] Running: csynth_design 
INFO: [HLS 200-111] Finished File checks and directory preparation: CPU user time: 0 seconds. CPU system time: 0.01 seconds. Elapsed time: 0.07 seconds; current allocated memory: 462.344 MB.
INFO: [HLS 200-10] Analyzing design file 'attention_tile.cpp' ... 
INFO: [HLS 200-111] Finished Source Code Analysis and Preprocessing: CPU user time: 22.79 seconds. CPU system time: 1.25 seconds. Elapsed time: 24.3 seconds; current allocated memory: 466.805 MB.
INFO: [HLS 200-777] Using interface defaults for 'Vivado' flow target.
INFO: [HLS 214-131] Inlining function 'exp_reduce_::exp(float)' into 'hls::expf(float)' (/wrk/ci/prod/2022.1/rdi_builds/continuous/2022_04_18_3526262/src/shared/hls/clib/hlsmath/src/c++/expfloat.cpp:22:9)
INFO: [HLS 214-131] Inlining function 'hls::expf(float)' into 'streaming_attention(signed char const*, signed char const*, signed char const*, float*)' (attention_tile.cpp:95:29)
INFO: [HLS 214-131] Inlining function 'hls::expf(float)' into 'streaming_attention(signed char const*, signed char const*, signed char const*, float*)' (attention_tile.cpp:103:12)
INFO: [HLS 214-291] Loop 'VITIS_LOOP_77_2' is marked as complete unroll implied by the pipeline pragma (attention_tile.cpp:77:19)
INFO: [HLS 214-291] Loop 'VITIS_LOOP_113_3' is marked as complete unroll implied by the pipeline pragma (attention_tile.cpp:113:31)
INFO: [HLS 214-186] Unrolling loop 'INIT_DOT' (attention_tile.cpp:70:9) in function 'streaming_attention' completely with a factor of 16 (attention_tile.cpp:19:0)
INFO: [HLS 214-186] Unrolling loop 'VITIS_LOOP_77_2' (attention_tile.cpp:77:19) in function 'streaming_attention' completely with a factor of 16 (attention_tile.cpp:19:0)
INFO: [HLS 214-186] Unrolling loop 'VITIS_LOOP_113_3' (attention_tile.cpp:113:31) in function 'streaming_attention' completely with a factor of 16 (attention_tile.cpp:19:0)
INFO: [HLS 214-248] Applying array_partition to 'q': Complete partitioning on dimension 1. (attention_tile.cpp:31:9)
INFO: [HLS 214-248] Applying array_partition to 'acc': Complete partitioning on dimension 1. (attention_tile.cpp:33:8)
INFO: [HLS 214-248] Applying array_partition to 'kt': Complete partitioning on dimension 1. (attention_tile.cpp:47:12)
INFO: [HLS 214-248] Applying array_partition to 'vt': Complete partitioning on dimension 1. (attention_tile.cpp:48:12)
INFO: [HLS 214-248] Applying array_partition to 'dot': Complete partitioning on dimension 1. (attention_tile.cpp:67:17)
INFO: [HLS 214-248] Applying array_partition to 'score': Complete partitioning on dimension 1. (attention_tile.cpp:84:15)
INFO: [HLS 214-248] Applying array_partition to 'beta': Complete partitioning on dimension 1. (attention_tile.cpp:97:15)
INFO: [HLS 214-115] Multiple burst reads of length 64 and bit width 8 in loop 'LOAD_Q'(attention_tile.cpp:37:5) has been inferred on bundle 'gmem0'. These burst requests might be further partitioned into multiple requests during RTL generation, based on max_read_burst_length or max_write_burst_length settings. (attention_tile.cpp:37:5)
INFO: [HLS 214-115] Multiple burst reads of length 1024 and bit width 8 in loop 'LOAD_TILE'(attention_tile.cpp:58:9) has been inferred on bundle 'gmem1'. These burst requests might be further partitioned into multiple requests during RTL generation, based on max_read_burst_length or max_write_burst_length settings. (attention_tile.cpp:58:9)
INFO: [HLS 214-115] Multiple burst reads of length 1024 and bit width 8 in loop 'LOAD_TILE'(attention_tile.cpp:58:9) has been inferred on bundle 'gmem2'. These burst requests might be further partitioned into multiple requests during RTL generation, based on max_read_burst_length or max_write_burst_length settings. (attention_tile.cpp:58:9)
INFO: [HLS 214-115] Multiple burst writes of length 64 and bit width 32 in loop 'WRITE_O'(attention_tile.cpp:125:5) has been inferred on bundle 'gmem3'. These burst requests might be further partitioned into multiple requests during RTL generation, based on max_read_burst_length or max_write_burst_length settings. (attention_tile.cpp:125:5)
INFO: [HLS 200-111] Finished Compiling Optimization and Transform: CPU user time: 3.99 seconds. CPU system time: 0.42 seconds. Elapsed time: 4.82 seconds; current allocated memory: 467.188 MB.
INFO: [HLS 200-111] Finished Checking Pragmas: CPU user time: 0 seconds. CPU system time: 0 seconds. Elapsed time: 0 seconds; current allocated memory: 467.188 MB.
INFO: [HLS 200-10] Starting code transformations ...
INFO: [HLS 200-111] Finished Standard Transforms: CPU user time: 0.28 seconds. CPU system time: 0.02 seconds. Elapsed time: 0.37 seconds; current allocated memory: 491.086 MB.
INFO: [HLS 200-10] Checking synthesizability ...
INFO: [HLS 200-111] Finished Checking Synthesizability: CPU user time: 0.3 seconds. CPU system time: 0.02 seconds. Elapsed time: 0.37 seconds; current allocated memory: 516.156 MB.
INFO: [HLS 200-111] Finished Loop, function and other optimizations: CPU user time: 1 seconds. CPU system time: 0.02 seconds. Elapsed time: 1.1 seconds; current allocated memory: 574.055 MB.
INFO: [XFORM 203-541] Flattening a loop nest 'LOAD_TILE' (attention_tile.cpp:58:18) in function 'streaming_attention'.
WARNING: [HLS 200-960] Cannot flatten loop 'TILES' (attention_tile.cpp:33:8) in function 'streaming_attention' more than one sub loop.
INFO: [HLS 200-472] Inferring partial write operation for 'kt' (attention_tile.cpp:61:11)
INFO: [HLS 200-472] Inferring partial write operation for 'vt' (attention_tile.cpp:62:26)
INFO: [HLS 200-111] Finished Architecture Synthesis: CPU user time: 0.66 seconds. CPU system time: 0.04 seconds. Elapsed time: 0.73 seconds; current allocated memory: 644.480 MB.
INFO: [HLS 200-10] Starting hardware synthesis ...
INFO: [HLS 200-10] Synthesizing 'streaming_attention' ...
INFO: [HLS 200-10] ----------------------------------------------------------------
INFO: [HLS 200-42] -- Implementing module 'streaming_attention_Pipeline_LOAD_Q' 
INFO: [HLS 200-10] ----------------------------------------------------------------
INFO: [SCHED 204-11] Starting scheduling ...
INFO: [SCHED 204-61] Pipelining loop 'LOAD_Q'.
INFO: [HLS 200-1470] Pipelining result : Target II = 1, Final II = 1, Depth = 2, loop 'LOAD_Q'
INFO: [SCHED 204-11] Finished scheduling.
INFO: [HLS 200-111] Finished Scheduling: CPU user time: 0.27 seconds. CPU system time: 0.04 seconds. Elapsed time: 0.34 seconds; current allocated memory: 648.629 MB.
INFO: [BIND 205-100] Starting micro-architecture generation ...
INFO: [BIND 205-101] Performing variable lifetime analysis.
INFO: [BIND 205-101] Exploring resource sharing.
INFO: [BIND 205-101] Binding ...
INFO: [BIND 205-100] Finished micro-architecture generation.
INFO: [HLS 200-111] Finished Binding: CPU user time: 0.06 seconds. CPU system time: 0 seconds. Elapsed time: 0.1 seconds; current allocated memory: 648.629 MB.
INFO: [HLS 200-10] ----------------------------------------------------------------
INFO: [HLS 200-42] -- Implementing module 'streaming_attention_Pipeline_LOAD_TILE_VITIS_LOOP_59_1' 
INFO: [HLS 200-10] ----------------------------------------------------------------
INFO: [SCHED 204-11] Starting scheduling ...
INFO: [SCHED 204-61] Pipelining loop 'LOAD_TILE_VITIS_LOOP_59_1'.
INFO: [HLS 200-1470] Pipelining result : Target II = 1, Final II = 1, Depth = 3, loop 'LOAD_TILE_VITIS_LOOP_59_1'
INFO: [SCHED 204-11] Finished scheduling.
INFO: [HLS 200-111] Finished Scheduling: CPU user time: 0.12 seconds. CPU system time: 0.01 seconds. Elapsed time: 0.16 seconds; current allocated memory: 649.812 MB.
INFO: [BIND 205-100] Starting micro-architecture generation ...
INFO: [BIND 205-101] Performing variable lifetime analysis.
INFO: [BIND 205-101] Exploring resource sharing.
INFO: [BIND 205-101] Binding ...
INFO: [BIND 205-100] Finished micro-architecture generation.
INFO: [HLS 200-111] Finished Binding: CPU user time: 0.04 seconds. CPU system time: 0 seconds. Elapsed time: 0.1 seconds; current allocated memory: 649.812 MB.
INFO: [HLS 200-10] ----------------------------------------------------------------
INFO: [HLS 200-42] -- Implementing module 'streaming_attention_Pipeline_MAC' 
INFO: [HLS 200-10] ----------------------------------------------------------------
INFO: [SCHED 204-11] Starting scheduling ...
INFO: [HLS 200-486] Changing DSP latency (root=mul_ln79_15) to 3 in order to utilize available DSP registers.
INFO: [HLS 200-486] Changing DSP latency (root=mul_ln79_14) to 3 in order to utilize available DSP registers.
INFO: [HLS 200-486] Changing DSP latency (root=mul_ln79_13) to 3 in order to utilize available DSP registers.
INFO: [HLS 200-486] Changing DSP latency (root=mul_ln79_12) to 3 in order to utilize available DSP registers.
INFO: [HLS 200-486] Changing DSP latency (root=mul_ln79_11) to 3 in order to utilize available DSP registers.
INFO: [HLS 200-486] Changing DSP latency (root=mul_ln79_10) to 3 in order to utilize available DSP registers.
INFO: [HLS 200-486] Changing DSP latency (root=mul_ln79_9) to 3 in order to utilize available DSP registers.
INFO: [HLS 200-486] Changing DSP latency (root=mul_ln79_8) to 3 in order to utilize available DSP registers.
INFO: [HLS 200-486] Changing DSP latency (root=mul_ln79_7) to 3 in order to utilize available DSP registers.
INFO: [HLS 200-486] Changing DSP latency (root=mul_ln79_6) to 3 in order to utilize available DSP registers.
INFO: [HLS 200-486] Changing DSP latency (root=mul_ln79_5) to 3 in order to utilize available DSP registers.
INFO: [HLS 200-486] Changing DSP latency (root=mul_ln79_4) to 3 in order to utilize available DSP registers.
INFO: [HLS 200-486] Changing DSP latency (root=mul_ln79_3) to 3 in order to utilize available DSP registers.
INFO: [HLS 200-486] Changing DSP latency (root=mul_ln79_2) to 3 in order to utilize available DSP registers.
INFO: [HLS 200-486] Changing DSP latency (root=mul_ln79_1) to 3 in order to utilize available DSP registers.
INFO: [HLS 200-486] Changing DSP latency (root=mul_ln79) to 3 in order to utilize available DSP registers.
INFO: [SCHED 204-61] Pipelining loop 'MAC'.
INFO: [HLS 200-1470] Pipelining result : Target II = 1, Final II = 1, Depth = 5, loop 'MAC'
INFO: [SCHED 204-11] Finished scheduling.
INFO: [HLS 200-111] Finished Scheduling: CPU user time: 0.18 seconds. CPU system time: 0.01 seconds. Elapsed time: 0.24 seconds; current allocated memory: 651.723 MB.
INFO: [BIND 205-100] Starting micro-architecture generation ...
INFO: [BIND 205-101] Performing variable lifetime analysis.
INFO: [BIND 205-101] Exploring resource sharing.
INFO: [BIND 205-101] Binding ...
INFO: [BIND 205-100] Finished micro-architecture generation.
INFO: [HLS 200-111] Finished Binding: CPU user time: 0.06 seconds. CPU system time: 0.01 seconds. Elapsed time: 0.1 seconds; current allocated memory: 651.723 MB.
INFO: [HLS 200-10] ----------------------------------------------------------------
INFO: [HLS 200-42] -- Implementing module 'streaming_attention_Pipeline_SCORE' 
INFO: [HLS 200-10] ----------------------------------------------------------------
INFO: [SCHED 204-11] Starting scheduling ...
INFO: [SCHED 204-61] Pipelining loop 'SCORE'.
INFO: [HLS 200-1470] Pipelining result : Target II = 1, Final II = 1, Depth = 12, loop 'SCORE'
WARNING: [HLS 200-871] Estimated clock period (8.695ns) exceeds the target (target clock period: 10ns, clock uncertainty: 2.7ns, effective delay budget: 7.3ns).
WARNING: [HLS 200-1016] The critical path in module 'streaming_attention_Pipeline_SCORE' consists of the following:	'fcmp' operation ('tmp_7', attention_tile.cpp:91) [165]  (5.43 ns)
	'and' operation ('and_ln91_1', attention_tile.cpp:91) [167]  (0.978 ns)
	'select' operation ('tile_max', attention_tile.cpp:91) [168]  (0.698 ns)
	'store' operation ('tile_max_write_ln88', attention_tile.cpp:88) of variable 'tile_max', attention_tile.cpp:91 on local variable 'tile_max' [170]  (1.59 ns)

INFO: [SCHED 204-11] Finished scheduling.
INFO: [HLS 200-111] Finished Scheduling: CPU user time: 0.12 seconds. CPU system time: 0 seconds. Elapsed time: 0.17 seconds; current allocated memory: 652.652 MB.
INFO: [BIND 205-100] Starting micro-architecture generation ...
INFO: [BIND 205-101] Performing variable lifetime analysis.
INFO: [BIND 205-101] Exploring resource sharing.
INFO: [BIND 205-101] Binding ...
INFO: [BIND 205-100] Finished micro-architecture generation.
INFO: [HLS 200-111] Finished Binding: CPU user time: 0.09 seconds. CPU system time: 0 seconds. Elapsed time: 0.12 seconds; current allocated memory: 652.652 MB.
INFO: [HLS 200-10] ----------------------------------------------------------------
INFO: [HLS 200-42] -- Implementing module 'streaming_attention_Pipeline_BETA' 
INFO: [HLS 200-10] ----------------------------------------------------------------
INFO: [SCHED 204-11] Starting scheduling ...
INFO: [SCHED 204-61] Pipelining loop 'BETA'.
WARNING: [HLS 200-880] The II Violation in module 'streaming_attention_Pipeline_BETA' (loop 'BETA'): Unable to enforce a carried dependence constraint (II = 1, distance = 1, offset = 0) between 'store' operation ('l_tile_write_ln101', attention_tile.cpp:101) of variable 'l_tile', attention_tile.cpp:104 on local variable 'l_tile' and 'load' operation ('l_tile_load', attention_tile.cpp:104) on local variable 'l_tile'.
WARNING: [HLS 200-880] The II Violation in module 'streaming_attention_Pipeline_BETA' (loop 'BETA'): Unable to enforce a carried dependence constraint (II = 2, distance = 1, offset = 0) between 'store' operation ('l_tile_write_ln101', attention_tile.cpp:101) of variable 'l_tile', attention_tile.cpp:104 on local variable 'l_tile' and 'load' operation ('l_tile_load', attention_tile.cpp:104) on local variable 'l_tile'.
WARNING: [HLS 200-880] The II Violation in module 'streaming_attention_Pipeline_BETA' (loop 'BETA'): Unable to enforce a carried dependence constraint (II = 3, distance = 1, offset = 0) between 'store' operation ('l_tile_write_ln101', attention_tile.cpp:101) of variable 'l_tile', attention_tile.cpp:104 on local variable 'l_tile' and 'load' operation ('l_tile_load', attention_tile.cpp:104) on local variable 'l_tile'.
INFO: [HLS 200-1470] Pipelining result : Target II = 1, Final II = 4, Depth = 21, loop 'BETA'
WARNING: [HLS 200-871] Estimated clock period (8.844ns) exceeds the target (target clock period: 10ns, clock uncertainty: 2.7ns, effective delay budget: 7.3ns).
WARNING: [HLS 200-1016] The critical path in module 'streaming_attention_Pipeline_BETA' consists of the following:	'fadd' operation ('l_tile', attention_tile.cpp:104) [137]  (7.26 ns)
	'store' operation ('l_tile_write_ln101', attention_tile.cpp:101) of variable 'l_tile', attention_tile.cpp:104 on local variable 'l_tile' [139]  (1.59 ns)

INFO: [SCHED 204-11] Finished scheduling.
INFO: [HLS 200-111] Finished Scheduling: CPU user time: 0.17 seconds. CPU system time: 0.01 seconds. Elapsed time: 0.24 seconds; current allocated memory: 653.637 MB.
INFO: [BIND 205-100] Starting micro-architecture generation ...
INFO: [BIND 205-101] Performing variable lifetime analysis.
INFO: [BIND 205-101] Exploring resource sharing.
INFO: [BIND 205-101] Binding ...
INFO: [BIND 205-100] Finished micro-architecture generation.
INFO: [HLS 200-111] Finished Binding: CPU user time: 0.12 seconds. CPU system time: 0 seconds. Elapsed time: 0.14 seconds; current allocated memory: 653.637 MB.
INFO: [HLS 200-10] ----------------------------------------------------------------
INFO: [HLS 200-42] -- Implementing module 'streaming_attention_Pipeline_AV' 
INFO: [HLS 200-10] ----------------------------------------------------------------
INFO: [SCHED 204-11] Starting scheduling ...
INFO: [SCHED 204-61] Pipelining loop 'AV'.
WARNING: [HLS 200-880] The II Violation in module 'streaming_attention_Pipeline_AV' (loop 'AV'): Unable to enforce a carried dependence constraint (II = 1, distance = 1, offset = 0) between 'store' operation ('acc_192_out_write_ln117', attention_tile.cpp:117) of variable 'acc', attention_tile.cpp:115 on local variable 'acc_192_out' and 'load' operation ('acc_192_out_load', attention_tile.cpp:112) on local variable 'acc_192_out'.
WARNING: [HLS 200-880] The II Violation in module 'streaming_attention_Pipeline_AV' (loop 'AV'): Unable to enforce a carried dependence constraint (II = 2, distance = 1, offset = 0) between 'store' operation ('acc_192_out_write_ln117', attention_tile.cpp:117) of variable 'acc', attention_tile.cpp:115 on local variable 'acc_192_out' and 'load' operation ('acc_192_out_load', attention_tile.cpp:112) on local variable 'acc_192_out'.
WARNING: [HLS 200-880] The II Violation in module 'streaming_attention_Pipeline_AV' (loop 'AV'): Unable to enforce a carried dependence constraint (II = 3, distance = 1, offset = 0) between 'store' operation ('acc_192_out_write_ln117', attention_tile.cpp:117) of variable 'acc', attention_tile.cpp:115 on local variable 'acc_192_out' and 'load' operation ('acc_192_out_load', attention_tile.cpp:112) on local variable 'acc_192_out'.
WARNING: [HLS 200-880] The II Violation in module 'streaming_attention_Pipeline_AV' (loop 'AV'): Unable to enforce a carried dependence constraint (II = 4, distance = 1, offset = 0) between 'store' operation ('acc_192_out_write_ln117', attention_tile.cpp:117) of variable 'acc', attention_tile.cpp:115 on local variable 'acc_192_out' and 'load' operation ('acc_192_out_load', attention_tile.cpp:112) on local variable 'acc_192_out'.
WARNING: [HLS 200-880] The II Violation in module 'streaming_attention_Pipeline_AV' (loop 'AV'): Unable to enforce a carried dependence constraint (II = 35, distance = 1, offset = 0) between 'store' operation ('acc_192_out_write_ln117', attention_tile.cpp:117) of variable 'acc', attention_tile.cpp:115 on local variable 'acc_192_out' and 'load' operation ('acc_192_out_load', attention_tile.cpp:112) on local variable 'acc_192_out'.
WARNING: [HLS 200-880] The II Violation in module 'streaming_attention_Pipeline_AV' (loop 'AV'): Unable to enforce a carried dependence constraint (II = 51, distance = 1, offset = 0) between 'store' operation ('acc_192_out_write_ln117', attention_tile.cpp:117) of variable 'acc', attention_tile.cpp:115 on local variable 'acc_192_out' and 'load' operation ('acc_192_out_load', attention_tile.cpp:112) on local variable 'acc_192_out'.
WARNING: [HLS 200-880] The II Violation in module 'streaming_attention_Pipeline_AV' (loop 'AV'): Unable to enforce a carried dependence constraint (II = 59, distance = 1, offset = 0) between 'store' operation ('acc_192_out_write_ln117', attention_tile.cpp:117) of variable 'acc', attention_tile.cpp:115 on local variable 'acc_192_out' and 'load' operation ('acc_192_out_load', attention_tile.cpp:112) on local variable 'acc_192_out'.
WARNING: [HLS 200-880] The II Violation in module 'streaming_attention_Pipeline_AV' (loop 'AV'): Unable to enforce a carried dependence constraint (II = 63, distance = 1, offset = 0) between 'store' operation ('acc_192_out_write_ln117', attention_tile.cpp:117) of variable 'acc', attention_tile.cpp:115 on local variable 'acc_192_out' and 'load' operation ('acc_192_out_load', attention_tile.cpp:112) on local variable 'acc_192_out'.
WARNING: [HLS 200-880] The II Violation in module 'streaming_attention_Pipeline_AV' (loop 'AV'): Unable to enforce a carried dependence constraint (II = 65, distance = 1, offset = 0) between 'store' operation ('acc_192_out_write_ln117', attention_tile.cpp:117) of variable 'acc', attention_tile.cpp:115 on local variable 'acc_192_out' and 'load' operation ('acc_192_out_load', attention_tile.cpp:112) on local variable 'acc_192_out'.
WARNING: [HLS 200-880] The II Violation in module 'streaming_attention_Pipeline_AV' (loop 'AV'): Unable to enforce a carried dependence constraint (II = 66, distance = 1, offset = 0) between 'store' operation ('acc_192_out_write_ln117', attention_tile.cpp:117) of variable 'acc', attention_tile.cpp:115 on local variable 'acc_192_out' and 'load' operation ('acc_192_out_load', attention_tile.cpp:112) on local variable 'acc_192_out'.
INFO: [HLS 200-1470] Pipelining result : Target II = 1, Final II = 67, Depth = 74, loop 'AV'
WARNING: [HLS 200-871] Estimated clock period (14.512ns) exceeds the target (target clock period: 10ns, clock uncertainty: 2.7ns, effective delay budget: 7.3ns).
WARNING: [HLS 200-1016] The critical path in module 'streaming_attention_Pipeline_AV' consists of the following:	'fadd' operation ('a', attention_tile.cpp:115) [199]  (7.26 ns)
	'fadd' operation ('a', attention_tile.cpp:115) [205]  (7.26 ns)

INFO: [SCHED 204-11] Finished scheduling.
INFO: [HLS 200-111] Finished Scheduling: CPU user time: 1.24 seconds. CPU system time: 0.01 seconds. Elapsed time: 1.33 seconds; current allocated memory: 657.426 MB.
INFO: [BIND 205-100] Starting micro-architecture generation ...
INFO: [BIND 205-101] Performing variable lifetime analysis.
INFO: [BIND 205-101] Exploring resource sharing.
INFO: [BIND 205-101] Binding ...
INFO: [BIND 205-100] Finished micro-architecture generation.
INFO: [HLS 200-111] Finished Binding: CPU user time: 0.55 seconds. CPU system time: 0 seconds. Elapsed time: 0.59 seconds; current allocated memory: 658.422 MB.
INFO: [HLS 200-10] ----------------------------------------------------------------
INFO: [HLS 200-42] -- Implementing module 'streaming_attention_Pipeline_WRITE_O' 
INFO: [HLS 200-10] ----------------------------------------------------------------
INFO: [SCHED 204-11] Starting scheduling ...
INFO: [SCHED 204-61] Pipelining loop 'WRITE_O'.
INFO: [HLS 200-1470] Pipelining result : Target II = 1, Final II = 1, Depth = 18, loop 'WRITE_O'
INFO: [SCHED 204-11] Finished scheduling.
INFO: [HLS 200-111] Finished Scheduling: CPU user time: 0.42 seconds. CPU system time: 0.01 seconds. Elapsed time: 0.48 seconds; current allocated memory: 658.750 MB.
INFO: [BIND 205-100] Starting micro-architecture generation ...
INFO: [BIND 205-101] Performing variable lifetime analysis.
INFO: [BIND 205-101] Exploring resource sharing.
INFO: [BIND 205-101] Binding ...
INFO: [BIND 205-100] Finished micro-architecture generation.
INFO: [HLS 200-111] Finished Binding: CPU user time: 0.1 seconds. CPU system time: 0 seconds. Elapsed time: 0.14 seconds; current allocated memory: 658.750 MB.
INFO: [HLS 200-10] ----------------------------------------------------------------
INFO: [HLS 200-42] -- Implementing module 'streaming_attention' 
INFO: [HLS 200-10] ----------------------------------------------------------------
INFO: [SCHED 204-11] Starting scheduling ...
WARNING: [HLS 200-871] Estimated clock period (8.477ns) exceeds the target (target clock period: 10ns, clock uncertainty: 2.7ns, effective delay budget: 7.3ns).
WARNING: [HLS 200-1016] The critical path in module 'streaming_attention' consists of the following:	'load' operation ('m_load') on local variable 'm' [323]  (0 ns)
	'call' operation ('_ln0') to 'streaming_attention_Pipeline_SCORE' [352]  (8.48 ns)

INFO: [SCHED 204-11] Finished scheduling.
INFO: [HLS 200-111] Finished Scheduling: CPU user time: 0.29 seconds. CPU system time: 0 seconds. Elapsed time: 0.34 seconds; current allocated memory: 661.883 MB.
INFO: [BIND 205-100] Starting micro-architecture generation ...
INFO: [BIND 205-101] Performing variable lifetime analysis.
INFO: [BIND 205-101] Exploring resource sharing.
INFO: [BIND 205-101] Binding ...
INFO: [BIND 205-100] Finished micro-architecture generation.
INFO: [HLS 200-111] Finished Binding: CPU user time: 0.4 seconds. CPU system time: 0.01 seconds. Elapsed time: 0.44 seconds; current allocated memory: 661.883 MB.
INFO: [HLS 200-10] ----------------------------------------------------------------
INFO: [HLS 200-10] -- Generating RTL for module 'streaming_attention_Pipeline_LOAD_Q' 
INFO: [HLS 200-10] ----------------------------------------------------------------
INFO: [HLS 200-1030] Apply Unified Pipeline Control on module 'streaming_attention_Pipeline_LOAD_Q' pipeline 'LOAD_Q' pipeline type 'loop pipeline'
WARNING: [RTGEN 206-101] Setting dangling out port 'streaming_attention_Pipeline_LOAD_Q/m_axi_gmem0_ARVALID' to 0.
WARNING: [RTGEN 206-101] Setting dangling out port 'streaming_attention_Pipeline_LOAD_Q/m_axi_gmem0_ARADDR' to 0.
WARNING: [RTGEN 206-101] Setting dangling out port 'streaming_attention_Pipeline_LOAD_Q/m_axi_gmem0_ARID' to 0.
WARNING: [RTGEN 206-101] Setting dangling out port 'streaming_attention_Pipeline_LOAD_Q/m_axi_gmem0_ARLEN' to 0.
WARNING: [RTGEN 206-101] Setting dangling out port 'streaming_attention_Pipeline_LOAD_Q/m_axi_gmem0_ARSIZE' to 0.
WARNING: [RTGEN 206-101] Setting dangling out port 'streaming_attention_Pipeline_LOAD_Q/m_axi_gmem0_ARBURST' to 0.
WARNING: [RTGEN 206-101] Setting dangling out port 'streaming_attention_Pipeline_LOAD_Q/m_axi_gmem0_ARLOCK' to 0.
WARNING: [RTGEN 206-101] Setting dangling out port 'streaming_attention_Pipeline_LOAD_Q/m_axi_gmem0_ARCACHE' to 0.
WARNING: [RTGEN 206-101] Setting dangling out port 'streaming_attention_Pipeline_LOAD_Q/m_axi_gmem0_ARPROT' to 0.
WARNING: [RTGEN 206-101] Setting dangling out port 'streaming_attention_Pipeline_LOAD_Q/m_axi_gmem0_ARQOS' to 0.
WARNING: [RTGEN 206-101] Setting dangling out port 'streaming_attention_Pipeline_LOAD_Q/m_axi_gmem0_ARREGION' to 0.
WARNING: [RTGEN 206-101] Setting dangling out port 'streaming_attention_Pipeline_LOAD_Q/m_axi_gmem0_ARUSER' to 0.
INFO: [RTGEN 206-100] Finished creating RTL model for 'streaming_attention_Pipeline_LOAD_Q'.
INFO: [HLS 200-111] Finished Creating RTL model: CPU user time: 0.33 seconds. CPU system time: 0.01 seconds. Elapsed time: 0.44 seconds; current allocated memory: 663.066 MB.
INFO: [HLS 200-10] ----------------------------------------------------------------
INFO: [HLS 200-10] -- Generating RTL for module 'streaming_attention_Pipeline_LOAD_TILE_VITIS_LOOP_59_1' 
INFO: [HLS 200-10] ----------------------------------------------------------------
INFO: [HLS 200-1030] Apply Unified Pipeline Control on module 'streaming_attention_Pipeline_LOAD_TILE_VITIS_LOOP_59_1' pipeline 'LOAD_TILE_VITIS_LOOP_59_1' pipeline type 'loop pipeline'
WARNING: [RTGEN 206-101] Setting dangling out port 'streaming_attention_Pipeline_LOAD_TILE_VITIS_LOOP_59_1/m_axi_gmem1_ARVALID' to 0.
WARNING: [RTGEN 206-101] Setting dangling out port 'streaming_attention_Pipeline_LOAD_TILE_VITIS_LOOP_59_1/m_axi_gmem1_ARADDR' to 0.
WARNING: [RTGEN 206-101] Setting dangling out port 'streaming_attention_Pipeline_LOAD_TILE_VITIS_LOOP_59_1/m_axi_gmem1_ARID' to 0.
WARNING: [RTGEN 206-101] Setting dangling out port 'streaming_attention_Pipeline_LOAD_TILE_VITIS_LOOP_59_1/m_axi_gmem1_ARLEN' to 0.
WARNING: [RTGEN 206-101] Setting dangling out port 'streaming_attention_Pipeline_LOAD_TILE_VITIS_LOOP_59_1/m_axi_gmem1_ARSIZE' to 0.
WARNING: [RTGEN 206-101] Setting dangling out port 'streaming_attention_Pipeline_LOAD_TILE_VITIS_LOOP_59_1/m_axi_gmem1_ARBURST' to 0.
WARNING: [RTGEN 206-101] Setting dangling out port 'streaming_attention_Pipeline_LOAD_TILE_VITIS_LOOP_59_1/m_axi_gmem1_ARLOCK' to 0.
WARNING: [RTGEN 206-101] Setting dangling out port 'streaming_attention_Pipeline_LOAD_TILE_VITIS_LOOP_59_1/m_axi_gmem1_ARCACHE' to 0.
WARNING: [RTGEN 206-101] Setting dangling out port 'streaming_attention_Pipeline_LOAD_TILE_VITIS_LOOP_59_1/m_axi_gmem1_ARPROT' to 0.
WARNING: [RTGEN 206-101] Setting dangling out port 'streaming_attention_Pipeline_LOAD_TILE_VITIS_LOOP_59_1/m_axi_gmem1_ARQOS' to 0.
WARNING: [RTGEN 206-101] Setting dangling out port 'streaming_attention_Pipeline_LOAD_TILE_VITIS_LOOP_59_1/m_axi_gmem1_ARREGION' to 0.
WARNING: [RTGEN 206-101] Setting dangling out port 'streaming_attention_Pipeline_LOAD_TILE_VITIS_LOOP_59_1/m_axi_gmem1_ARUSER' to 0.
WARNING: [RTGEN 206-101] Setting dangling out port 'streaming_attention_Pipeline_LOAD_TILE_VITIS_LOOP_59_1/m_axi_gmem2_ARVALID' to 0.
WARNING: [RTGEN 206-101] Setting dangling out port 'streaming_attention_Pipeline_LOAD_TILE_VITIS_LOOP_59_1/m_axi_gmem2_ARADDR' to 0.
WARNING: [RTGEN 206-101] Setting dangling out port 'streaming_attention_Pipeline_LOAD_TILE_VITIS_LOOP_59_1/m_axi_gmem2_ARID' to 0.
WARNING: [RTGEN 206-101] Setting dangling out port 'streaming_attention_Pipeline_LOAD_TILE_VITIS_LOOP_59_1/m_axi_gmem2_ARLEN' to 0.
WARNING: [RTGEN 206-101] Setting dangling out port 'streaming_attention_Pipeline_LOAD_TILE_VITIS_LOOP_59_1/m_axi_gmem2_ARSIZE' to 0.
WARNING: [RTGEN 206-101] Setting dangling out port 'streaming_attention_Pipeline_LOAD_TILE_VITIS_LOOP_59_1/m_axi_gmem2_ARBURST' to 0.
WARNING: [RTGEN 206-101] Setting dangling out port 'streaming_attention_Pipeline_LOAD_TILE_VITIS_LOOP_59_1/m_axi_gmem2_ARLOCK' to 0.
WARNING: [RTGEN 206-101] Setting dangling out port 'streaming_attention_Pipeline_LOAD_TILE_VITIS_LOOP_59_1/m_axi_gmem2_ARCACHE' to 0.
WARNING: [RTGEN 206-101] Setting dangling out port 'streaming_attention_Pipeline_LOAD_TILE_VITIS_LOOP_59_1/m_axi_gmem2_ARPROT' to 0.
WARNING: [RTGEN 206-101] Setting dangling out port 'streaming_attention_Pipeline_LOAD_TILE_VITIS_LOOP_59_1/m_axi_gmem2_ARQOS' to 0.
WARNING: [RTGEN 206-101] Setting dangling out port 'streaming_attention_Pipeline_LOAD_TILE_VITIS_LOOP_59_1/m_axi_gmem2_ARREGION' to 0.
WARNING: [RTGEN 206-101] Setting dangling out port 'streaming_attention_Pipeline_LOAD_TILE_VITIS_LOOP_59_1/m_axi_gmem2_ARUSER' to 0.
INFO: [RTGEN 206-100] Finished creating RTL model for 'streaming_attention_Pipeline_LOAD_TILE_VITIS_LOOP_59_1'.
INFO: [HLS 200-111] Finished Creating RTL model: CPU user time: 0.23 seconds. CPU system time: 0.03 seconds. Elapsed time: 0.45 seconds; current allocated memory: 671.312 MB.
INFO: [HLS 200-10] ----------------------------------------------------------------
INFO: [HLS 200-10] -- Generating RTL for module 'streaming_attention_Pipeline_MAC' 
INFO: [HLS 200-10] ----------------------------------------------------------------
INFO: [HLS 200-1030] Apply Unified Pipeline Control on module 'streaming_attention_Pipeline_MAC' pipeline 'MAC' pipeline type 'loop pipeline'
INFO: [RTGEN 206-100] Generating core module 'mac_muladd_8s_8s_22s_22_4_1': 16 instance(s).
INFO: [RTGEN 206-100] Generating core module 'mux_647_8_1_1': 1 instance(s).
INFO: [RTGEN 206-100] Finished creating RTL model for 'streaming_attention_Pipeline_MAC'.
INFO: [HLS 200-111] Finished Creating RTL model: CPU user time: 0.16 seconds. CPU system time: 0.01 seconds. Elapsed time: 0.27 seconds; current allocated memory: 674.770 MB.
INFO: [HLS 200-10] ----------------------------------------------------------------
INFO: [HLS 200-10] -- Generating RTL for module 'streaming_attention_Pipeline_SCORE' 
INFO: [HLS 200-10] ----------------------------------------------------------------
INFO: [HLS 200-1030] Apply Unified Pipeline Control on module 'streaming_attention_Pipeline_SCORE' pipeline 'SCORE' pipeline type 'loop pipeline'
INFO: [RTGEN 206-100] Generating core module 'fcmp_32ns_32ns_1_2_no_dsp_1': 1 instance(s).
INFO: [RTGEN 206-100] Generating core module 'fmul_32ns_32ns_32_4_max_dsp_1': 1 instance(s).
INFO: [RTGEN 206-100] Generating core module 'mux_165_32_1_1': 1 instance(s).
INFO: [RTGEN 206-100] Generating core module 'sitofp_32ns_32_6_no_dsp_1': 1 instance(s).
INFO: [RTGEN 206-100] Finished creating RTL model for 'streaming_attention_Pipeline_SCORE'.
INFO: [HLS 200-111] Finished Creating RTL model: CPU user time: 0.18 seconds. CPU system time: 0.02 seconds. Elapsed time: 0.31 seconds; current allocated memory: 681.148 MB.
INFO: [HLS 200-10] ----------------------------------------------------------------
INFO: [HLS 200-10] -- Generating RTL for module 'streaming_attention_Pipeline_BETA' 
INFO: [HLS 200-10] ----------------------------------------------------------------
INFO: [HLS 200-1030] Apply Unified Pipeline Control on module 'streaming_attention_Pipeline_BETA' pipeline 'BETA' pipeline type 'loop pipeline'
