

================================================================
== Synthesis Summary Report of 'streaming_attention'
================================================================
+ General Information: 
    * Date:           Sat Jun 20 05:22:17 2026
    * Version:        2022.1 (Build 3526262 on Mon Apr 18 15:47:01 MDT 2022)
    * Project:        stream_attn_hls
    * Solution:       sol1 (Vivado IP Flow Target)
    * Product family: zynq
    * Target device:  xc7z020-clg400-1
    

+ Performance & Resource Estimates: 
    
    PS: '+' for module; 'o' for loop; '*' for dataflow
    +------------------------------------------------------------+--------+-------+---------+-----------+----------+---------+------+----------+------+----------+-------------+-------------+-----+
    |                           Modules                          |  Issue |       | Latency |  Latency  | Iteration|         | Trip |          |      |          |             |             |     |
    |                           & Loops                          |  Type  | Slack | (cycles)|    (ns)   |  Latency | Interval| Count| Pipelined| BRAM |    DSP   |      FF     |     LUT     | URAM|
    +------------------------------------------------------------+--------+-------+---------+-----------+----------+---------+------+----------+------+----------+-------------+-------------+-----+
    |+ streaming_attention                                       |  Timing|  -7.21|   354791|  5.149e+06|         -|   354792|     -|        no|     -|  36 (16%)|  10918 (10%)|  15692 (29%)|    -|
    | + streaming_attention_Pipeline_LOAD_Q                      |       -|   0.00|       66|    660.000|         -|       66|     -|        no|     -|         -|    528 (~0%)|     74 (~0%)|    -|
    |  o LOAD_Q                                                  |       -|   7.30|       64|    640.000|         2|        1|    64|       yes|     -|         -|            -|            -|    -|
    | + streaming_attention_Pipeline_WRITE_O                     |       -|   0.00|       82|    820.000|         -|       82|     -|        no|     -|         -|    171 (~0%)|    379 (~0%)|    -|
    |  o WRITE_O                                                 |       -|   7.30|       80|    800.000|        18|        1|    64|       yes|     -|         -|            -|            -|    -|
    | o TILES                                                    |       -|   7.30|   354624|  5.146e+06|      5541|        -|    64|        no|     -|         -|            -|            -|    -|
    |  + streaming_attention_Pipeline_LOAD_TILE_VITIS_LOOP_59_1  |       -|   0.00|     1027|  1.027e+04|         -|     1027|     -|        no|     -|         -|     44 (~0%)|    152 (~0%)|    -|
    |   o LOAD_TILE_VITIS_LOOP_59_1                              |       -|   7.30|     1025|  1.025e+04|         3|        1|  1024|       yes|     -|         -|            -|            -|    -|
    |  + streaming_attention_Pipeline_MAC                        |       -|   3.61|       69|    690.000|         -|       69|     -|        no|     -|   16 (7%)|    441 (~0%)|     656 (1%)|    -|
    |   o MAC                                                    |       -|   7.30|       67|    670.000|         5|        1|    64|       yes|     -|         -|            -|            -|    -|
    |  + streaming_attention_Pipeline_SCORE                      |  Timing|  -1.40|       28|    280.000|         -|       28|     -|        no|     -|         -|    837 (~0%)|    300 (~0%)|    -|
    |   o SCORE                                                  |       -|   7.30|       26|    260.000|        12|        1|    16|       yes|     -|         -|            -|            -|    -|
    |  + streaming_attention_Pipeline_BETA                       |  Timing|  -1.54|       82|    820.000|         -|       82|     -|        no|     -|         -|    798 (~0%)|    329 (~0%)|    -|
    |   o BETA                                                   |      II|   7.30|       80|    800.000|        21|        4|    16|       yes|     -|         -|            -|            -|    -|
    |  + streaming_attention_Pipeline_AV                         |  Timing|  -7.21|     4296|  6.234e+04|         -|     4296|     -|        no|     -|    3 (1%)|    776 (~0%)|    2387 (4%)|    -|
    |   o AV                                                     |      II|   7.30|     4294|  6.231e+04|        74|       67|    64|       yes|     -|         -|            -|            -|    -|
    +------------------------------------------------------------+--------+-------+---------+-----------+----------+---------+------+----------+------+----------+-------------+-------------+-----+


================================================================
== HW Interfaces
================================================================
* M_AXI
+-------------+------------+---------------+---------+--------+----------+-----------+--------------+--------------+-------------+-------------+
| Interface   | Data Width | Address Width | Latency | Offset | Register | Max Widen | Max Read     | Max Write    | Num Read    | Num Write   |
|             | (SW->HW)   |               |         |        |          | Bitwidth  | Burst Length | Burst Length | Outstanding | Outstanding |
+-------------+------------+---------------+---------+--------+----------+-----------+--------------+--------------+-------------+-------------+
| m_axi_gmem0 | 8 -> 8     | 64            | 0       | slave  | 0        | 0         | 16           | 16           | 16          | 16          |
| m_axi_gmem1 | 8 -> 8     | 64            | 0       | slave  | 0        | 0         | 16           | 16           | 16          | 16          |
| m_axi_gmem2 | 8 -> 8     | 64            | 0       | slave  | 0        | 0         | 16           | 16           | 16          | 16          |
| m_axi_gmem3 | 32 -> 32   | 64            | 0       | slave  | 0        | 0         | 16           | 16           | 16          | 16          |
+-------------+------------+---------------+---------+--------+----------+-----------+--------------+--------------+-------------+-------------+

* S_AXILITE Interfaces
+---------------+------------+---------------+--------+----------+
| Interface     | Data Width | Address Width | Offset | Register |
+---------------+------------+---------------+--------+----------+
| s_axi_control | 32         | 6             | 16     | 0        |
+---------------+------------+---------------+--------+----------+

* S_AXILITE Registers
+---------------+----------+--------+-------+--------+----------------------------------+----------------------------------------------------------------------+
| Interface     | Register | Offset | Width | Access | Description                      | Bit Fields                                                           |
+---------------+----------+--------+-------+--------+----------------------------------+----------------------------------------------------------------------+
| s_axi_control | CTRL     | 0x00   | 32    | RW     | Control signals                  | 0=AP_START 1=AP_DONE 2=AP_IDLE 3=AP_READY 7=AUTO_RESTART 9=INTERRUPT |
| s_axi_control | GIER     | 0x04   | 32    | RW     | Global Interrupt Enable Register | 0=Enable                                                             |
| s_axi_control | IP_IER   | 0x08   | 32    | RW     | IP Interrupt Enable Register     | 0=CHAN0_INT_EN 1=CHAN1_INT_EN                                        |
| s_axi_control | IP_ISR   | 0x0c   | 32    | RW     | IP Interrupt Status Register     | 0=CHAN0_INT_ST 1=CHAN1_INT_ST                                        |
| s_axi_control | Q_1      | 0x10   | 32    | W      | Data signal of Q                 |                                                                      |
| s_axi_control | Q_2      | 0x14   | 32    | W      | Data signal of Q                 |                                                                      |
| s_axi_control | K_1      | 0x1c   | 32    | W      | Data signal of K                 |                                                                      |
| s_axi_control | K_2      | 0x20   | 32    | W      | Data signal of K                 |                                                                      |
| s_axi_control | V_1      | 0x28   | 32    | W      | Data signal of V                 |                                                                      |
| s_axi_control | V_2      | 0x2c   | 32    | W      | Data signal of V                 |                                                                      |
| s_axi_control | O_1      | 0x34   | 32    | W      | Data signal of O                 |                                                                      |
| s_axi_control | O_2      | 0x38   | 32    | W      | Data signal of O                 |                                                                      |
+---------------+----------+--------+-------+--------+----------------------------------+----------------------------------------------------------------------+

* TOP LEVEL CONTROL
+-----------+------------+-----------+
| Interface | Type       | Ports     |
+-----------+------------+-----------+
| ap_clk    | clock      | ap_clk    |
| ap_rst_n  | reset      | ap_rst_n  |
| interrupt | interrupt  | interrupt |
| ap_ctrl   | ap_ctrl_hs |           |
+-----------+------------+-----------+


================================================================
== SW I/O Information
================================================================
* Top Function Arguments
+----------+-----------+---------------------+
| Argument | Direction | Datatype            |
+----------+-----------+---------------------+
| Q        | in        | signed char const * |
| K        | in        | signed char const * |
| V        | in        | signed char const * |
| O        | out       | float*              |
+----------+-----------+---------------------+

* SW-to-HW Mapping
+----------+---------------+-----------+----------+-------------------------------+
| Argument | HW Interface  | HW Type   | HW Usage | HW Info                       |
+----------+---------------+-----------+----------+-------------------------------+
| Q        | m_axi_gmem0   | interface |          |                               |
| Q        | s_axi_control | register  | offset   | name=Q_1 offset=0x10 range=32 |
| Q        | s_axi_control | register  | offset   | name=Q_2 offset=0x14 range=32 |
| K        | m_axi_gmem1   | interface |          |                               |
| K        | s_axi_control | register  | offset   | name=K_1 offset=0x1c range=32 |
| K        | s_axi_control | register  | offset   | name=K_2 offset=0x20 range=32 |
| V        | m_axi_gmem2   | interface |          |                               |
| V        | s_axi_control | register  | offset   | name=V_1 offset=0x28 range=32 |
| V        | s_axi_control | register  | offset   | name=V_2 offset=0x2c range=32 |
| O        | m_axi_gmem3   | interface |          |                               |
| O        | s_axi_control | register  | offset   | name=O_1 offset=0x34 range=32 |
| O        | s_axi_control | register  | offset   | name=O_2 offset=0x38 range=32 |
+----------+---------------+-----------+----------+-------------------------------+


================================================================
== M_AXI Burst Information
================================================================
 Note: All burst requests might be further partitioned into multiple requests during RTL generation based on max_read_burst_length or max_write_burst_length settings.

* Inferred Burst Summary
+--------------+-----------+-----------+--------+-------+--------------------------+
| HW Interface | Loop      | Direction | Length | Width | Location                 |
+--------------+-----------+-----------+--------+-------+--------------------------+
| m_axi_gmem0  | LOAD_Q    | read      | 64     | 8     | attention_tile.cpp:37:5  |
| m_axi_gmem1  | LOAD_TILE | read      | 1024   | 8     | attention_tile.cpp:58:9  |
| m_axi_gmem2  | LOAD_TILE | read      | 1024   | 8     | attention_tile.cpp:58:9  |
| m_axi_gmem3  | WRITE_O   | write     | 64     | 32    | attention_tile.cpp:125:5 |
+--------------+-----------+-----------+--------+-------+--------------------------+

* Inferred Bursts and Widening Missed
+--------------+----------+-----------------+---------------------------------------------------------------------------------------------------------+------------+--------------------------+
| HW Interface | Variable | Loop            | Problem                                                                                                 | Resolution | Location                 |
+--------------+----------+-----------------+---------------------------------------------------------------------------------------------------------+------------+--------------------------+
| m_axi_gmem1  | K        |                 | Access is clobbered by load                                                                             | 214-231    | attention_tile.cpp:58:9  |
| m_axi_gmem2  | V        |                 | Access is clobbered by load                                                                             | 214-231    | attention_tile.cpp:58:9  |
| m_axi_gmem3  | O        | WRITE_O         | Could not widen since type float size is greater than or equal to the max_widen_bitwidth threshold of 0 | 214-353    | attention_tile.cpp:125:5 |
| m_axi_gmem1  | K        | VITIS_LOOP_59_1 | Could not widen since type i8 size is greater than or equal to the max_widen_bitwidth threshold of 0    | 214-353    | attention_tile.cpp:59:30 |
| m_axi_gmem2  | V        | VITIS_LOOP_59_1 | Could not widen since type i8 size is greater than or equal to the max_widen_bitwidth threshold of 0    | 214-353    | attention_tile.cpp:59:30 |
| m_axi_gmem0  | Q        | LOAD_Q          | Could not widen since type i8 size is greater than or equal to the max_widen_bitwidth threshold of 0    | 214-353    | attention_tile.cpp:37:5  |
+--------------+----------+-----------------+---------------------------------------------------------------------------------------------------------+------------+--------------------------+

    * Resolution URL: www.xilinx.com/cgi-bin/docs/rdoc?v=2022.1;t=hls+guidance;d=XXX-YYY.html (replace XXX-YYY with column value)

================================================================
== Bind Op Report
================================================================
+-----------------------------------------------------------+-----+--------+-------------+------+---------+---------+
| Name                                                      | DSP | Pragma | Variable    | Op   | Impl    | Latency |
+-----------------------------------------------------------+-----+--------+-------------+------+---------+---------+
| + streaming_attention                                     | 36  |        |             |      |         |         |
|   add_ln53_fu_1805_p2                                     | -   |        | add_ln53    | add  | fabric  | 0       |
|   add_ln54_fu_1827_p2                                     | -   |        | add_ln54    | add  | fabric  | 0       |
|   add_ln54_1_fu_1832_p2                                   | -   |        | add_ln54_1  | add  | fabric  | 0       |
|   faddfsub_32ns_32ns_32_5_full_dsp_1_U535                 | 2   |        | x_assign    | fsub | fulldsp | 4       |
|   fexp_32ns_32ns_32_10_full_dsp_1_U537                    | 7   |        | alpha       | fexp | fulldsp | 9       |
|   fmul_32ns_32ns_32_4_max_dsp_1_U536                      | 3   |        | mul         | fmul | maxdsp  | 3       |
|   faddfsub_32ns_32ns_32_5_full_dsp_1_U535                 | 2   |        | l_1         | fsub | fulldsp | 4       |
|  + streaming_attention_Pipeline_LOAD_Q                    | 0   |        |             |      |         |         |
|    add_ln37_fu_1557_p2                                    | -   |        | add_ln37    | add  | fabric  | 0       |
|  + streaming_attention_Pipeline_LOAD_TILE_VITIS_LOOP_59_1 | 0   |        |             |      |         |         |
|    add_ln58_fu_646_p2                                     | -   |        | add_ln58    | add  | fabric  | 0       |
|    add_ln58_1_fu_677_p2                                   | -   |        | add_ln58_1  | add  | fabric  | 0       |
|    add_ln59_fu_731_p2                                     | -   |        | add_ln59    | add  | fabric  | 0       |
|  + streaming_attention_Pipeline_MAC                       | 16  |        |             |      |         |         |
|    add_ln75_fu_1090_p2                                    | -   |        | add_ln75    | add  | fabric  | 0       |
|    mac_muladd_8s_8s_22s_22_4_1_U168                       | 1   |        | mul_ln79    | mul  | dsp48   | 3       |
|    mac_muladd_8s_8s_22s_22_4_1_U168                       | 1   |        | dot         | add  | dsp48   | 3       |
|    mac_muladd_8s_8s_22s_22_4_1_U169                       | 1   |        | mul_ln79_1  | mul  | dsp48   | 3       |
|    mac_muladd_8s_8s_22s_22_4_1_U169                       | 1   |        | dot_32      | add  | dsp48   | 3       |
|    mac_muladd_8s_8s_22s_22_4_1_U170                       | 1   |        | mul_ln79_2  | mul  | dsp48   | 3       |
|    mac_muladd_8s_8s_22s_22_4_1_U170                       | 1   |        | dot_33      | add  | dsp48   | 3       |
|    mac_muladd_8s_8s_22s_22_4_1_U171                       | 1   |        | mul_ln79_3  | mul  | dsp48   | 3       |
|    mac_muladd_8s_8s_22s_22_4_1_U171                       | 1   |        | dot_34      | add  | dsp48   | 3       |
|    mac_muladd_8s_8s_22s_22_4_1_U172                       | 1   |        | mul_ln79_4  | mul  | dsp48   | 3       |
|    mac_muladd_8s_8s_22s_22_4_1_U172                       | 1   |        | dot_35      | add  | dsp48   | 3       |
|    mac_muladd_8s_8s_22s_22_4_1_U173                       | 1   |        | mul_ln79_5  | mul  | dsp48   | 3       |
|    mac_muladd_8s_8s_22s_22_4_1_U173                       | 1   |        | dot_36      | add  | dsp48   | 3       |
|    mac_muladd_8s_8s_22s_22_4_1_U174                       | 1   |        | mul_ln79_6  | mul  | dsp48   | 3       |
|    mac_muladd_8s_8s_22s_22_4_1_U174                       | 1   |        | dot_37      | add  | dsp48   | 3       |
|    mac_muladd_8s_8s_22s_22_4_1_U175                       | 1   |        | mul_ln79_7  | mul  | dsp48   | 3       |
|    mac_muladd_8s_8s_22s_22_4_1_U175                       | 1   |        | dot_38      | add  | dsp48   | 3       |
|    mac_muladd_8s_8s_22s_22_4_1_U176                       | 1   |        | mul_ln79_8  | mul  | dsp48   | 3       |
|    mac_muladd_8s_8s_22s_22_4_1_U176                       | 1   |        | dot_39      | add  | dsp48   | 3       |
|    mac_muladd_8s_8s_22s_22_4_1_U177                       | 1   |        | mul_ln79_9  | mul  | dsp48   | 3       |
|    mac_muladd_8s_8s_22s_22_4_1_U177                       | 1   |        | dot_40      | add  | dsp48   | 3       |
|    mac_muladd_8s_8s_22s_22_4_1_U178                       | 1   |        | mul_ln79_10 | mul  | dsp48   | 3       |
|    mac_muladd_8s_8s_22s_22_4_1_U178                       | 1   |        | dot_41      | add  | dsp48   | 3       |
|    mac_muladd_8s_8s_22s_22_4_1_U179                       | 1   |        | mul_ln79_11 | mul  | dsp48   | 3       |
|    mac_muladd_8s_8s_22s_22_4_1_U179                       | 1   |        | dot_42      | add  | dsp48   | 3       |
|    mac_muladd_8s_8s_22s_22_4_1_U180                       | 1   |        | mul_ln79_12 | mul  | dsp48   | 3       |
|    mac_muladd_8s_8s_22s_22_4_1_U180                       | 1   |        | dot_43      | add  | dsp48   | 3       |
|    mac_muladd_8s_8s_22s_22_4_1_U181                       | 1   |        | mul_ln79_13 | mul  | dsp48   | 3       |
|    mac_muladd_8s_8s_22s_22_4_1_U181                       | 1   |        | dot_44      | add  | dsp48   | 3       |
|    mac_muladd_8s_8s_22s_22_4_1_U182                       | 1   |        | mul_ln79_14 | mul  | dsp48   | 3       |
|    mac_muladd_8s_8s_22s_22_4_1_U182                       | 1   |        | dot_45      | add  | dsp48   | 3       |
|    mac_muladd_8s_8s_22s_22_4_1_U183                       | 1   |        | mul_ln79_15 | mul  | dsp48   | 3       |
|    mac_muladd_8s_8s_22s_22_4_1_U183                       | 1   |        | dot_46      | add  | dsp48   | 3       |
|  + streaming_attention_Pipeline_SCORE                     | 0   |        |             |      |         |         |
|    add_ln88_fu_528_p2                                     | -   |        | add_ln88    | add  | fabric  | 0       |
|  + streaming_attention_Pipeline_BETA                      | 0   |        |             |      |         |         |
|    add_ln101_fu_451_p2                                    | -   |        | add_ln101   | add  | fabric  | 0       |
|  + streaming_attention_Pipeline_AV                        | 3   |        |             |      |         |         |
|    add_ln110_fu_757_p2                                    | -   |        | add_ln110   | add  | fabric  | 0       |
|    fmul_32ns_32ns_32_4_max_dsp_1_U363                     | 3   |        | mul2        | fmul | maxdsp  | 3       |
|  + streaming_attention_Pipeline_WRITE_O                   | 0   |        |             |      |         |         |
|    add_ln125_fu_612_p2                                    | -   |        | add_ln125   | add  | fabric  | 0       |
|    fdiv_32ns_32ns_32_16_no_dsp_1_U465                     | -   |        | div         | fdiv | fabric  | 15      |
+-----------------------------------------------------------+-----+--------+-------------+------+---------+---------+


================================================================
== Bind Storage Report
================================================================
+-------------------------------------------+------+------+--------+----------+---------+------+---------+
| Name                                      | BRAM | URAM | Pragma | Variable | Storage | Impl | Latency |
+-------------------------------------------+------+------+--------+----------+---------+------+---------+
| + streaming_attention                     | 0    | 0    |        |          |         |      |         |
|   kt_U                                    | -    | -    |        | kt       | ram_1p  | auto | 1       |
|   kt_1_U                                  | -    | -    |        | kt_1     | ram_1p  | auto | 1       |
|   kt_2_U                                  | -    | -    |        | kt_2     | ram_1p  | auto | 1       |
|   kt_3_U                                  | -    | -    |        | kt_3     | ram_1p  | auto | 1       |
|   fmul_32ns_32ns_32_4_max_dsp_1_U538      | -    | -    |        | kt_4     | ram_1p  | auto | 1       |
|   faddfsub_32ns_32ns_32_5_full_dsp_1_U539 | -    | -    |        | kt_5     | ram_1p  | auto | 1       |
|   kt_6_U                                  | -    | -    |        | kt_6     | ram_1p  | auto | 1       |
|   kt_7_U                                  | -    | -    |        | kt_7     | ram_1p  | auto | 1       |
|   kt_8_U                                  | -    | -    |        | kt_8     | ram_1p  | auto | 1       |
|   kt_9_U                                  | -    | -    |        | kt_9     | ram_1p  | auto | 1       |
|   fmul_32ns_32ns_32_4_max_dsp_1_U538      | -    | -    |        | kt_10    | ram_1p  | auto | 1       |
|   faddfsub_32ns_32ns_32_5_full_dsp_1_U539 | -    | -    |        | kt_11    | ram_1p  | auto | 1       |
|   kt_12_U                                 | -    | -    |        | kt_12    | ram_1p  | auto | 1       |
|   kt_13_U                                 | -    | -    |        | kt_13    | ram_1p  | auto | 1       |
|   kt_14_U                                 | -    | -    |        | kt_14    | ram_1p  | auto | 1       |
|   kt_15_U                                 | -    | -    |        | kt_15    | ram_1p  | auto | 1       |
|   fmul_32ns_32ns_32_4_max_dsp_1_U538      | -    | -    |        | vt       | ram_1p  | auto | 1       |
|   faddfsub_32ns_32ns_32_5_full_dsp_1_U539 | -    | -    |        | vt_1     | ram_1p  | auto | 1       |
|   vt_2_U                                  | -    | -    |        | vt_2     | ram_1p  | auto | 1       |
|   vt_3_U                                  | -    | -    |        | vt_3     | ram_1p  | auto | 1       |
|   vt_4_U                                  | -    | -    |        | vt_4     | ram_1p  | auto | 1       |
|   vt_5_U                                  | -    | -    |        | vt_5     | ram_1p  | auto | 1       |
|   fmul_32ns_32ns_32_4_max_dsp_1_U538      | -    | -    |        | vt_6     | ram_1p  | auto | 1       |
|   faddfsub_32ns_32ns_32_5_full_dsp_1_U539 | -    | -    |        | vt_7     | ram_1p  | auto | 1       |
|   vt_8_U                                  | -    | -    |        | vt_8     | ram_1p  | auto | 1       |
|   vt_9_U                                  | -    | -    |        | vt_9     | ram_1p  | auto | 1       |
|   vt_10_U                                 | -    | -    |        | vt_10    | ram_1p  | auto | 1       |
|   vt_11_U                                 | -    | -    |        | vt_11    | ram_1p  | auto | 1       |
|   fmul_32ns_32ns_32_4_max_dsp_1_U538      | -    | -    |        | vt_12    | ram_1p  | auto | 1       |
|   faddfsub_32ns_32ns_32_5_full_dsp_1_U539 | -    | -    |        | vt_13    | ram_1p  | auto | 1       |
|   vt_14_U                                 | -    | -    |        | vt_14    | ram_1p  | auto | 1       |
|   vt_15_U                                 | -    | -    |        | vt_15    | ram_1p  | auto | 1       |
+-------------------------------------------+------+------+--------+----------+---------+------+---------+


================================================================
== Pragma Report
================================================================
* Valid Pragma Syntax
+-----------------+----------------------------------------------------+------------------------------------------------------+
| Type            | Options                                            | Location                                             |
+-----------------+----------------------------------------------------+------------------------------------------------------+
| interface       | m_axi port=Q offset=slave bundle=gmem0 depth=64    | attention_tile.cpp:20 in streaming_attention, Q      |
| interface       | m_axi port=K offset=slave bundle=gmem1 depth=65536 | attention_tile.cpp:21 in streaming_attention, K      |
| interface       | m_axi port=V offset=slave bundle=gmem2 depth=65536 | attention_tile.cpp:22 in streaming_attention, V      |
| interface       | m_axi port=O offset=slave bundle=gmem3 depth=64    | attention_tile.cpp:23 in streaming_attention, O      |
| interface       | s_axilite port=Q                                   | attention_tile.cpp:24 in streaming_attention, Q      |
| interface       | s_axilite port=K                                   | attention_tile.cpp:25 in streaming_attention, K      |
| interface       | s_axilite port=V                                   | attention_tile.cpp:26 in streaming_attention, V      |
| interface       | s_axilite port=O                                   | attention_tile.cpp:27 in streaming_attention, O      |
| interface       | s_axilite port=return                              | attention_tile.cpp:28 in streaming_attention, return |
| array_partition | variable=q complete dim=1                          | attention_tile.cpp:32 in streaming_attention, q      |
| array_partition | variable=acc complete dim=1                        | attention_tile.cpp:34 in streaming_attention, acc    |
| pipeline        | II=1                                               | attention_tile.cpp:38 in streaming_attention         |
| array_partition | variable=kt complete dim=1                         | attention_tile.cpp:49 in streaming_attention, kt     |
| array_partition | variable=vt complete dim=1                         | attention_tile.cpp:50 in streaming_attention, vt     |
| pipeline        | II=1                                               | attention_tile.cpp:60 in streaming_attention         |
| array_partition | variable=dot complete dim=1                        | attention_tile.cpp:68 in streaming_attention, dot    |
| unroll          |                                                    | attention_tile.cpp:71 in streaming_attention         |
| pipeline        | II=1                                               | attention_tile.cpp:76 in streaming_attention         |
| unroll          |                                                    | attention_tile.cpp:78 in streaming_attention         |
| array_partition | variable=score complete dim=1                      | attention_tile.cpp:85 in streaming_attention, score  |
| pipeline        | II=1                                               | attention_tile.cpp:89 in streaming_attention         |
| array_partition | variable=beta complete dim=1                       | attention_tile.cpp:98 in streaming_attention, beta   |
| pipeline        | II=1                                               | attention_tile.cpp:102 in streaming_attention        |
| pipeline        | II=1                                               | attention_tile.cpp:111 in streaming_attention        |
| unroll          |                                                    | attention_tile.cpp:114 in streaming_attention        |
| pipeline        | II=1                                               | attention_tile.cpp:126 in streaming_attention        |
+-----------------+----------------------------------------------------+------------------------------------------------------+


