

================================================================
== Vitis HLS Report for 'streaming_attention_Pipeline_SCORE'
================================================================
* Date:           Sat Jun 20 05:29:37 2026

* Version:        2022.1 (Build 3526262 on Mon Apr 18 15:47:01 MDT 2022)
* Project:        stream_attn_hls
* Solution:       sol1 (Vivado IP Flow Target)
* Product family: zynq
* Target device:  xc7z020-clg400-1


================================================================
== Performance Estimates
================================================================
+ Timing: 
    * Summary: 
    +--------+----------+----------+------------+
    |  Clock |  Target  | Estimated| Uncertainty|
    +--------+----------+----------+------------+
    |ap_clk  |  10.00 ns|  8.695 ns|     2.70 ns|
    +--------+----------+----------+------------+

+ Latency: 
    * Summary: 
    +---------+---------+----------+----------+-----+-----+---------+
    |  Latency (cycles) |  Latency (absolute) |  Interval | Pipeline|
    |   min   |   max   |    min   |    max   | min | max |   Type  |
    +---------+---------+----------+----------+-----+-----+---------+
    |       28|       28|  0.280 us|  0.280 us|   28|   28|       no|
    +---------+---------+----------+----------+-----+-----+---------+

    + Detail: 
        * Instance: 
        N/A

        * Loop: 
        +----------+---------+---------+----------+-----------+-----------+------+----------+
        |          |  Latency (cycles) | Iteration|  Initiation Interval  | Trip |          |
        | Loop Name|   min   |   max   |  Latency |  achieved |   target  | Count| Pipelined|
        +----------+---------+---------+----------+-----------+-----------+------+----------+
        |- SCORE   |       26|       26|        12|          1|          1|    16|       yes|
        +----------+---------+---------+----------+-----------+-----------+------+----------+



================================================================
== Utilization Estimates
================================================================
* Summary: 
+-----------------+---------+-----+--------+-------+-----+
|       Name      | BRAM_18K| DSP |   FF   |  LUT  | URAM|
+-----------------+---------+-----+--------+-------+-----+
|DSP              |        -|    -|       -|      -|    -|
|Expression       |        -|    -|       0|    117|    -|
|FIFO             |        -|    -|       -|      -|    -|
|Instance         |        -|    -|       0|     65|    -|
|Memory           |        -|    -|       -|      -|    -|
|Multiplexer      |        -|    -|       -|     54|    -|
|Register         |        -|    -|     837|     64|    -|
+-----------------+---------+-----+--------+-------+-----+
|Total            |        0|    0|     837|    300|    0|
+-----------------+---------+-----+--------+-------+-----+
|Available        |      280|  220|  106400|  53200|    0|
+-----------------+---------+-----+--------+-------+-----+
|Utilization (%)  |        0|    0|      ~0|     ~0|    0|
+-----------------+---------+-----+--------+-------+-----+

+ Detail: 
    * Instance: 
    +----------------------------------+-----------------------------+---------+----+---+----+-----+
    |             Instance             |            Module           | BRAM_18K| DSP| FF| LUT| URAM|
    +----------------------------------+-----------------------------+---------+----+---+----+-----+
    |fcmp_32ns_32ns_1_2_no_dsp_1_U284  |fcmp_32ns_32ns_1_2_no_dsp_1  |        0|   0|  0|   0|    0|
    |mux_165_32_1_1_U285               |mux_165_32_1_1               |        0|   0|  0|  65|    0|
    |sitofp_32ns_32_6_no_dsp_1_U283    |sitofp_32ns_32_6_no_dsp_1    |        0|   0|  0|   0|    0|
    +----------------------------------+-----------------------------+---------+----+---+----+-----+
    |Total                             |                             |        0|   0|  0|  65|    0|
    +----------------------------------+-----------------------------+---------+----+---+----+-----+

    * DSP: 
    N/A

    * Memory: 
    N/A

    * FIFO: 
    N/A

    * Expression: 
    +-----------------------+----------+----+---+----+------------+------------+
    |     Variable Name     | Operation| DSP| FF| LUT| Bitwidth P0| Bitwidth P1|
    +-----------------------+----------+----+---+----+------------+------------+
    |add_ln88_fu_528_p2     |         +|   0|  0|  13|           5|           1|
    |and_ln91_1_fu_739_p2   |       and|   0|  0|   2|           1|           1|
    |and_ln91_fu_733_p2     |       and|   0|  0|   2|           1|           1|
    |icmp_ln88_fu_522_p2    |      icmp|   0|  0|  10|           5|           6|
    |icmp_ln91_1_fu_707_p2  |      icmp|   0|  0|  15|          23|           1|
    |icmp_ln91_2_fu_713_p2  |      icmp|   0|  0|  11|           8|           2|
    |icmp_ln91_3_fu_719_p2  |      icmp|   0|  0|  15|          23|           1|
    |icmp_ln91_fu_701_p2    |      icmp|   0|  0|  11|           8|           2|
    |or_ln91_1_fu_729_p2    |        or|   0|  0|   2|           1|           1|
    |or_ln91_fu_725_p2      |        or|   0|  0|   2|           1|           1|
    |tile_max_2_fu_745_p3   |    select|   0|  0|  32|           1|          32|
    |ap_enable_pp0          |       xor|   0|  0|   2|           1|           2|
    +-----------------------+----------+----+---+----+------------+------------+
    |Total                  |          |   0|  0| 117|          78|          51|
    +-----------------------+----------+----+---+----+------------+------------+

    * Multiplexer: 
    +----------------------------------+----+-----------+-----+-----------+
    |               Name               | LUT| Input Size| Bits| Total Bits|
    +----------------------------------+----+-----------+-----+-----------+
    |ap_done_int                       |   9|          2|    1|          2|
    |ap_enable_reg_pp0_iter1           |   9|          2|    1|          2|
    |ap_sig_allocacmp_j_1              |   9|          2|    5|         10|
    |ap_sig_allocacmp_tile_max_load_1  |   9|          2|   32|         64|
    |j_fu_144                          |   9|          2|    5|         10|
    |tile_max_fu_140                   |   9|          2|   32|         64|
    +----------------------------------+----+-----------+-----+-----------+
    |Total                             |  54|         12|   76|        152|
    +----------------------------------+----+-----------+-----+-----------+

    * Register: 
    +-----------------------------------+----+----+-----+-----------+
    |                Name               | FF | LUT| Bits| Const Bits|
    +-----------------------------------+----+----+-----+-----------+
    |ap_CS_fsm                          |   1|   0|    1|          0|
    |ap_done_reg                        |   1|   0|    1|          0|
    |ap_enable_reg_pp0_iter1            |   1|   0|    1|          0|
    |ap_enable_reg_pp0_iter10           |   1|   0|    1|          0|
    |ap_enable_reg_pp0_iter11           |   1|   0|    1|          0|
    |ap_enable_reg_pp0_iter2            |   1|   0|    1|          0|
    |ap_enable_reg_pp0_iter3            |   1|   0|    1|          0|
    |ap_enable_reg_pp0_iter4            |   1|   0|    1|          0|
    |ap_enable_reg_pp0_iter5            |   1|   0|    1|          0|
    |ap_enable_reg_pp0_iter6            |   1|   0|    1|          0|
    |ap_enable_reg_pp0_iter7            |   1|   0|    1|          0|
    |ap_enable_reg_pp0_iter8            |   1|   0|    1|          0|
    |ap_enable_reg_pp0_iter9            |   1|   0|    1|          0|
    |ap_loop_exit_ready_pp0_iter10_reg  |   1|   0|    1|          0|
    |ap_loop_exit_ready_pp0_iter1_reg   |   1|   0|    1|          0|
    |ap_loop_exit_ready_pp0_iter2_reg   |   1|   0|    1|          0|
    |ap_loop_exit_ready_pp0_iter3_reg   |   1|   0|    1|          0|
    |ap_loop_exit_ready_pp0_iter4_reg   |   1|   0|    1|          0|
    |ap_loop_exit_ready_pp0_iter5_reg   |   1|   0|    1|          0|
    |ap_loop_exit_ready_pp0_iter6_reg   |   1|   0|    1|          0|
    |ap_loop_exit_ready_pp0_iter7_reg   |   1|   0|    1|          0|
    |ap_loop_exit_ready_pp0_iter8_reg   |   1|   0|    1|          0|
    |ap_loop_exit_ready_pp0_iter9_reg   |   1|   0|    1|          0|
    |conv_reg_948                       |  32|   0|   32|          0|
    |icmp_ln88_reg_935                  |   1|   0|    1|          0|
    |icmp_ln91_1_reg_971                |   1|   0|    1|          0|
    |icmp_ln91_2_reg_976                |   1|   0|    1|          0|
    |icmp_ln91_3_reg_981                |   1|   0|    1|          0|
    |icmp_ln91_reg_966                  |   1|   0|    1|          0|
    |j_fu_144                           |   5|   0|    5|          0|
    |score_10_fu_188                    |  32|   0|   32|          0|
    |score_11_fu_192                    |  32|   0|   32|          0|
    |score_12_fu_196                    |  32|   0|   32|          0|
    |score_13_fu_200                    |  32|   0|   32|          0|
    |score_14_fu_204                    |  32|   0|   32|          0|
    |score_15_fu_208                    |  32|   0|   32|          0|
    |score_1_fu_152                     |  32|   0|   32|          0|
    |score_2_fu_156                     |  32|   0|   32|          0|
    |score_3_fu_160                     |  32|   0|   32|          0|
    |score_4_fu_164                     |  32|   0|   32|          0|
    |score_5_fu_168                     |  32|   0|   32|          0|
    |score_6_fu_172                     |  32|   0|   32|          0|
    |score_7_fu_176                     |  32|   0|   32|          0|
    |score_8_fu_180                     |  32|   0|   32|          0|
    |score_9_fu_184                     |  32|   0|   32|          0|
    |score_fu_148                       |  32|   0|   32|          0|
    |tile_max_1_reg_953                 |  32|   0|   32|          0|
    |tile_max_1_reg_953_pp0_iter10_reg  |  32|   0|   32|          0|
    |tile_max_fu_140                    |  32|   0|   32|          0|
    |tile_max_load_1_reg_960            |  32|   0|   32|          0|
    |trunc_ln90_reg_944                 |   4|   0|    4|          0|
    |icmp_ln88_reg_935                  |  64|  32|    1|          0|
    |trunc_ln90_reg_944                 |  64|  32|    4|          0|
    +-----------------------------------+----+----+-----+-----------+
    |Total                              | 837|  64|  714|          0|
    +-----------------------------------+----+----+-----+-----------+



================================================================
== Interface
================================================================
* Summary: 
+---------------------+-----+-----+------------+------------------------------------+--------------+
|      RTL Ports      | Dir | Bits|  Protocol  |            Source Object           |    C Type    |
+---------------------+-----+-----+------------+------------------------------------+--------------+
|ap_clk               |   in|    1|  ap_ctrl_hs|  streaming_attention_Pipeline_SCORE|  return value|
|ap_rst               |   in|    1|  ap_ctrl_hs|  streaming_attention_Pipeline_SCORE|  return value|
|ap_start             |   in|    1|  ap_ctrl_hs|  streaming_attention_Pipeline_SCORE|  return value|
|ap_done              |  out|    1|  ap_ctrl_hs|  streaming_attention_Pipeline_SCORE|  return value|
|ap_idle              |  out|    1|  ap_ctrl_hs|  streaming_attention_Pipeline_SCORE|  return value|
|ap_ready             |  out|    1|  ap_ctrl_hs|  streaming_attention_Pipeline_SCORE|  return value|
|grp_fu_1580_p_din0   |  out|   32|  ap_ctrl_hs|  streaming_attention_Pipeline_SCORE|  return value|
|grp_fu_1580_p_din1   |  out|   32|  ap_ctrl_hs|  streaming_attention_Pipeline_SCORE|  return value|
|grp_fu_1580_p_dout0  |   in|   32|  ap_ctrl_hs|  streaming_attention_Pipeline_SCORE|  return value|
|grp_fu_1580_p_ce     |  out|    1|  ap_ctrl_hs|  streaming_attention_Pipeline_SCORE|  return value|
|tile_max_4           |   in|   32|     ap_none|                          tile_max_4|        scalar|
|sext_ln75            |   in|   22|     ap_none|                           sext_ln75|        scalar|
|sext_ln75_1          |   in|   22|     ap_none|                         sext_ln75_1|        scalar|
|sext_ln75_2          |   in|   22|     ap_none|                         sext_ln75_2|        scalar|
|sext_ln75_3          |   in|   22|     ap_none|                         sext_ln75_3|        scalar|
|sext_ln75_4          |   in|   22|     ap_none|                         sext_ln75_4|        scalar|
|sext_ln75_5          |   in|   22|     ap_none|                         sext_ln75_5|        scalar|
|sext_ln75_6          |   in|   22|     ap_none|                         sext_ln75_6|        scalar|
|sext_ln75_7          |   in|   22|     ap_none|                         sext_ln75_7|        scalar|
|sext_ln75_8          |   in|   22|     ap_none|                         sext_ln75_8|        scalar|
|sext_ln75_9          |   in|   22|     ap_none|                         sext_ln75_9|        scalar|
|sext_ln75_10         |   in|   22|     ap_none|                        sext_ln75_10|        scalar|
|sext_ln75_11         |   in|   22|     ap_none|                        sext_ln75_11|        scalar|
|sext_ln75_12         |   in|   22|     ap_none|                        sext_ln75_12|        scalar|
|sext_ln75_13         |   in|   22|     ap_none|                        sext_ln75_13|        scalar|
|sext_ln75_14         |   in|   22|     ap_none|                        sext_ln75_14|        scalar|
|sext_ln75_15         |   in|   22|     ap_none|                        sext_ln75_15|        scalar|
|score_15_out         |  out|   32|      ap_vld|                        score_15_out|       pointer|
|score_15_out_ap_vld  |  out|    1|      ap_vld|                        score_15_out|       pointer|
|score_14_out         |  out|   32|      ap_vld|                        score_14_out|       pointer|
|score_14_out_ap_vld  |  out|    1|      ap_vld|                        score_14_out|       pointer|
|score_13_out         |  out|   32|      ap_vld|                        score_13_out|       pointer|
|score_13_out_ap_vld  |  out|    1|      ap_vld|                        score_13_out|       pointer|
|score_12_out         |  out|   32|      ap_vld|                        score_12_out|       pointer|
|score_12_out_ap_vld  |  out|    1|      ap_vld|                        score_12_out|       pointer|
|score_11_out         |  out|   32|      ap_vld|                        score_11_out|       pointer|
|score_11_out_ap_vld  |  out|    1|      ap_vld|                        score_11_out|       pointer|
|score_10_out         |  out|   32|      ap_vld|                        score_10_out|       pointer|
|score_10_out_ap_vld  |  out|    1|      ap_vld|                        score_10_out|       pointer|
|score_9_out          |  out|   32|      ap_vld|                         score_9_out|       pointer|
|score_9_out_ap_vld   |  out|    1|      ap_vld|                         score_9_out|       pointer|
|score_8_out          |  out|   32|      ap_vld|                         score_8_out|       pointer|
|score_8_out_ap_vld   |  out|    1|      ap_vld|                         score_8_out|       pointer|
|score_7_out          |  out|   32|      ap_vld|                         score_7_out|       pointer|
|score_7_out_ap_vld   |  out|    1|      ap_vld|                         score_7_out|       pointer|
|score_6_out          |  out|   32|      ap_vld|                         score_6_out|       pointer|
|score_6_out_ap_vld   |  out|    1|      ap_vld|                         score_6_out|       pointer|
|score_5_out          |  out|   32|      ap_vld|                         score_5_out|       pointer|
|score_5_out_ap_vld   |  out|    1|      ap_vld|                         score_5_out|       pointer|
|score_4_out          |  out|   32|      ap_vld|                         score_4_out|       pointer|
|score_4_out_ap_vld   |  out|    1|      ap_vld|                         score_4_out|       pointer|
|score_3_out          |  out|   32|      ap_vld|                         score_3_out|       pointer|
|score_3_out_ap_vld   |  out|    1|      ap_vld|                         score_3_out|       pointer|
|score_2_out          |  out|   32|      ap_vld|                         score_2_out|       pointer|
|score_2_out_ap_vld   |  out|    1|      ap_vld|                         score_2_out|       pointer|
|score_1_out          |  out|   32|      ap_vld|                         score_1_out|       pointer|
|score_1_out_ap_vld   |  out|    1|      ap_vld|                         score_1_out|       pointer|
|score_out            |  out|   32|      ap_vld|                           score_out|       pointer|
|score_out_ap_vld     |  out|    1|      ap_vld|                           score_out|       pointer|
|tile_max_out         |  out|   32|      ap_vld|                        tile_max_out|       pointer|
|tile_max_out_ap_vld  |  out|    1|      ap_vld|                        tile_max_out|       pointer|
+---------------------+-----+-----+------------+------------------------------------+--------------+

