

================================================================
== Vitis HLS Report for 'streaming_attention_Pipeline_LOAD_TILE_VITIS_LOOP_59_1'
================================================================
* Date:           Sat Jun 20 05:29:31 2026

* Version:        2022.1 (Build 3526262 on Mon Apr 18 15:47:01 MDT 2022)
* Project:        stream_attn_hls
* Solution:       sol1 (Vivado IP Flow Target)
* Product family: zynq
* Target device:  xc7z020-clg400-1


================================================================
== Performance Estimates
================================================================
+ Timing: 
    * Summary: 
    +--------+----------+----------+------------+
    |  Clock |  Target  | Estimated| Uncertainty|
    +--------+----------+----------+------------+
    |ap_clk  |  10.00 ns|  7.300 ns|     2.70 ns|
    +--------+----------+----------+------------+

+ Latency: 
    * Summary: 
    +---------+---------+-----------+-----------+------+------+---------+
    |  Latency (cycles) |   Latency (absolute)  |   Interval  | Pipeline|
    |   min   |   max   |    min    |    max    |  min |  max |   Type  |
    +---------+---------+-----------+-----------+------+------+---------+
    |     1027|     1027|  10.270 us|  10.270 us|  1027|  1027|       no|
    +---------+---------+-----------+-----------+------+------+---------+

    + Detail: 
        * Instance: 
        N/A

        * Loop: 
        +-----------------------------+---------+---------+----------+-----------+-----------+------+----------+
        |                             |  Latency (cycles) | Iteration|  Initiation Interval  | Trip |          |
        |          Loop Name          |   min   |   max   |  Latency |  achieved |   target  | Count| Pipelined|
        +-----------------------------+---------+---------+----------+-----------+-----------+------+----------+
        |- LOAD_TILE_VITIS_LOOP_59_1  |     1025|     1025|         3|          1|          1|  1024|       yes|
        +-----------------------------+---------+---------+----------+-----------+-----------+------+----------+

============================================================
+ Verbose Summary: Synthesis Manager
============================================================
InlineROM: 1
ExposeGlobal: 0
============================================================
+ Verbose Summary: CDFG Model
============================================================
IsTopModel: 0
ResetActiveHigh: 1
IsCombinational: 0
IsDatapathOnly: 0
HasWiredReturn: 1
HasMFsm: 2
HasVarLatency: 1
IsPipeline: 0
IsRtlPipelined: 0
IsInstanceOverlapped: 0
IsDontTouch: 0
HasImplIP: 0
IsGatedGlobalClock: 0

+ Individual pipeline summary: 
  * Pipeline-0: initiation interval (II) = 1, depth = 3


============================================================
+ Verbose Summary: Schedule
============================================================
* Number of FSM states : 3
* Pipeline : 1
  Pipeline-0 : II = 1, D = 3, States = { 1 2 3 }
* Dataflow Pipeline: 0

* FSM state transitions: 
1 --> 2 
2 --> 3 
3 --> 

* FSM state operations: 

State 1 <SV = 0> <Delay = 3.46>
ST_1 : Operation 6 [1/1] (0.00ns)   --->   "%d = alloca i32 1"   --->   Operation 6 'alloca' 'd' <Predicate = true> <Delay = 0.00>
ST_1 : Operation 7 [1/1] (0.00ns)   --->   "%j = alloca i32 1"   --->   Operation 7 'alloca' 'j' <Predicate = true> <Delay = 0.00>
ST_1 : Operation 8 [1/1] (0.00ns)   --->   "%indvar_flatten = alloca i32 1"   --->   Operation 8 'alloca' 'indvar_flatten' <Predicate = true> <Delay = 0.00>
ST_1 : Operation 9 [1/1] (0.00ns)   --->   "%specinterface_ln0 = specinterface void @_ssdm_op_SpecInterface, i8 %gmem2, void @empty_2, i32 0, i32 0, void @empty_3, i32 0, i32 65536, void @empty_6, void @empty_13, void @empty_3, i32 16, i32 16, i32 16, i32 16, void @empty_3, void @empty_3, i32 4294967295, i32 0"   --->   Operation 9 'specinterface' 'specinterface_ln0' <Predicate = true> <Delay = 0.00>
ST_1 : Operation 10 [1/1] (0.00ns)   --->   "%specinterface_ln0 = specinterface void @_ssdm_op_SpecInterface, i8 %gmem1, void @empty_2, i32 0, i32 0, void @empty_3, i32 0, i32 65536, void @empty_5, void @empty_13, void @empty_3, i32 16, i32 16, i32 16, i32 16, void @empty_3, void @empty_3, i32 4294967295, i32 0"   --->   Operation 10 'specinterface' 'specinterface_ln0' <Predicate = true> <Delay = 0.00>
ST_1 : Operation 11 [1/1] (0.00ns)   --->   "%add_ln54_1_read = read i64 @_ssdm_op_Read.ap_auto.i64, i64 %add_ln54_1"   --->   Operation 11 'read' 'add_ln54_1_read' <Predicate = true> <Delay = 0.00>
ST_1 : Operation 12 [1/1] (0.00ns)   --->   "%add_ln54_read = read i64 @_ssdm_op_Read.ap_auto.i64, i64 %add_ln54"   --->   Operation 12 'read' 'add_ln54_read' <Predicate = true> <Delay = 0.00>
ST_1 : Operation 13 [1/1] (1.58ns)   --->   "%store_ln0 = store i11 0, i11 %indvar_flatten"   --->   Operation 13 'store' 'store_ln0' <Predicate = true> <Delay = 1.58>
ST_1 : Operation 14 [1/1] (1.58ns)   --->   "%store_ln0 = store i5 0, i5 %j"   --->   Operation 14 'store' 'store_ln0' <Predicate = true> <Delay = 1.58>
ST_1 : Operation 15 [1/1] (1.58ns)   --->   "%store_ln0 = store i7 0, i7 %d"   --->   Operation 15 'store' 'store_ln0' <Predicate = true> <Delay = 1.58>
ST_1 : Operation 16 [1/1] (0.00ns)   --->   "%br_ln0 = br void %for.inc35"   --->   Operation 16 'br' 'br_ln0' <Predicate = true> <Delay = 0.00>
ST_1 : Operation 17 [1/1] (0.00ns)   --->   "%indvar_flatten_load = load i11 %indvar_flatten" [attention_tile.cpp:58]   --->   Operation 17 'load' 'indvar_flatten_load' <Predicate = true> <Delay = 0.00>
ST_1 : Operation 18 [1/1] (0.00ns)   --->   "%specbitsmap_ln0 = specbitsmap void @_ssdm_op_SpecBitsMap, i8 %gmem2"   --->   Operation 18 'specbitsmap' 'specbitsmap_ln0' <Predicate = true> <Delay = 0.00>
ST_1 : Operation 19 [1/1] (0.00ns)   --->   "%specbitsmap_ln0 = specbitsmap void @_ssdm_op_SpecBitsMap, i8 %gmem1"   --->   Operation 19 'specbitsmap' 'specbitsmap_ln0' <Predicate = true> <Delay = 0.00>
ST_1 : Operation 20 [1/1] (0.00ns)   --->   "%gmem2_addr = getelementptr i8 %gmem2, i64 %add_ln54_read" [attention_tile.cpp:58]   --->   Operation 20 'getelementptr' 'gmem2_addr' <Predicate = true> <Delay = 0.00>
ST_1 : Operation 21 [1/1] (0.00ns)   --->   "%gmem1_addr = getelementptr i8 %gmem1, i64 %add_ln54_1_read" [attention_tile.cpp:58]   --->   Operation 21 'getelementptr' 'gmem1_addr' <Predicate = true> <Delay = 0.00>
ST_1 : Operation 22 [1/1] (1.88ns)   --->   "%icmp_ln58 = icmp_eq  i11 %indvar_flatten_load, i11 1024" [attention_tile.cpp:58]   --->   Operation 22 'icmp' 'icmp_ln58' <Predicate = true> <Delay = 1.88> <CoreInst = "Cmp">   --->   Core 9 'Cmp' <Latency = 0> <II = 1> <Delay = 1.88> <FuncUnit> <Opcode : 'icmp'> <InPorts = 2> <OutPorts = 1>
ST_1 : Operation 23 [1/1] (1.63ns)   --->   "%add_ln58 = add i11 %indvar_flatten_load, i11 1" [attention_tile.cpp:58]   --->   Operation 23 'add' 'add_ln58' <Predicate = true> <Delay = 1.63> <CoreInst = "Adder">   --->   Core 1 'Adder' <Latency = 0> <II = 1> <Delay = 1.63> <FuncUnit> <Opcode : 'add' 'sub'> <InPorts = 2> <OutPorts = 1>
ST_1 : Operation 24 [1/1] (0.00ns)   --->   "%br_ln58 = br i1 %icmp_ln58, void %for.inc38, void %for.inc72.preheader.exitStub" [attention_tile.cpp:58]   --->   Operation 24 'br' 'br_ln58' <Predicate = true> <Delay = 0.00>
ST_1 : Operation 25 [1/1] (1.58ns)   --->   "%store_ln59 = store i11 %add_ln58, i11 %indvar_flatten" [attention_tile.cpp:59]   --->   Operation 25 'store' 'store_ln59' <Predicate = (!icmp_ln58)> <Delay = 1.58>

State 2 <SV = 1> <Delay = 7.30>
ST_2 : Operation 26 [1/1] (7.30ns)   --->   "%gmem1_addr_read = read i8 @_ssdm_op_Read.m_axi.p1i8, i8 %gmem1_addr" [attention_tile.cpp:61]   --->   Operation 26 'read' 'gmem1_addr_read' <Predicate = true> <Delay = 7.30> <CoreInst = "m_axi">   --->   Core 113 'm_axi' <Latency = 0> <II = 1> <Delay = 1.00> <Adapter> <Opcode : 'read' 'write' 'readreq' 'writereq' 'writeresp'>
ST_2 : Operation 27 [1/1] (7.30ns)   --->   "%gmem2_addr_read = read i8 @_ssdm_op_Read.m_axi.p1i8, i8 %gmem2_addr" [attention_tile.cpp:62]   --->   Operation 27 'read' 'gmem2_addr_read' <Predicate = true> <Delay = 7.30> <CoreInst = "m_axi">   --->   Core 113 'm_axi' <Latency = 0> <II = 1> <Delay = 1.00> <Adapter> <Opcode : 'read' 'write' 'readreq' 'writereq' 'writeresp'>
ST_2 : Operation 125 [1/1] (0.00ns)   --->   "%ret_ln0 = ret"   --->   Operation 125 'ret' 'ret_ln0' <Predicate = (icmp_ln58)> <Delay = 0.00>

State 3 <SV = 2> <Delay = 5.93>
ST_3 : Operation 28 [1/1] (0.00ns)   --->   "%d_load = load i7 %d" [attention_tile.cpp:59]   --->   Operation 28 'load' 'd_load' <Predicate = true> <Delay = 0.00>
ST_3 : Operation 29 [1/1] (0.00ns)   --->   "%j_load = load i5 %j" [attention_tile.cpp:58]   --->   Operation 29 'load' 'j_load' <Predicate = true> <Delay = 0.00>
ST_3 : Operation 30 [1/1] (0.00ns)   --->   "%specloopname_ln0 = specloopname void @_ssdm_op_SpecLoopName, void @LOAD_TILE_VITIS_LOOP_59_1_str"   --->   Operation 30 'specloopname' 'specloopname_ln0' <Predicate = true> <Delay = 0.00>
ST_3 : Operation 31 [1/1] (0.00ns)   --->   "%empty = speclooptripcount i32 @_ssdm_op_SpecLoopTripCount, i64 1024, i64 1024, i64 1024"   --->   Operation 31 'speclooptripcount' 'empty' <Predicate = true> <Delay = 0.00>
ST_3 : Operation 32 [1/1] (1.48ns)   --->   "%icmp_ln59 = icmp_eq  i7 %d_load, i7 64" [attention_tile.cpp:59]   --->   Operation 32 'icmp' 'icmp_ln59' <Predicate = true> <Delay = 1.48> <CoreInst = "Cmp">   --->   Core 9 'Cmp' <Latency = 0> <II = 1> <Delay = 1.48> <FuncUnit> <Opcode : 'icmp'> <InPorts = 2> <OutPorts = 1>
ST_3 : Operation 33 [1/1] (0.99ns)   --->   "%select_ln58 = select i1 %icmp_ln59, i7 0, i7 %d_load" [attention_tile.cpp:58]   --->   Operation 33 'select' 'select_ln58' <Predicate = true> <Delay = 0.99> <CoreInst = "Sel">   --->   Core 73 'Sel' <Latency = 0> <II = 1> <Delay = 0.99> <FuncUnit> <Opcode : 'select'> <InPorts = 3> <OutPorts = 1>
ST_3 : Operation 34 [1/1] (1.78ns)   --->   "%add_ln58_1 = add i5 %j_load, i5 1" [attention_tile.cpp:58]   --->   Operation 34 'add' 'add_ln58_1' <Predicate = true> <Delay = 1.78> <CoreInst = "Adder">   --->   Core 1 'Adder' <Latency = 0> <II = 1> <Delay = 1.78> <FuncUnit> <Opcode : 'add' 'sub'> <InPorts = 2> <OutPorts = 1>
ST_3 : Operation 35 [1/1] (1.21ns)   --->   "%select_ln58_1 = select i1 %icmp_ln59, i5 %add_ln58_1, i5 %j_load" [attention_tile.cpp:58]   --->   Operation 35 'select' 'select_ln58_1' <Predicate = true> <Delay = 1.21> <CoreInst = "Sel">   --->   Core 73 'Sel' <Latency = 0> <II = 1> <Delay = 1.21> <FuncUnit> <Opcode : 'select'> <InPorts = 3> <OutPorts = 1>
ST_3 : Operation 36 [1/1] (0.00ns)   --->   "%trunc_ln58 = trunc i5 %select_ln58_1" [attention_tile.cpp:58]   --->   Operation 36 'trunc' 'trunc_ln58' <Predicate = true> <Delay = 0.00>
ST_3 : Operation 37 [1/1] (0.00ns)   --->   "%zext_ln59 = zext i7 %select_ln58" [attention_tile.cpp:59]   --->   Operation 37 'zext' 'zext_ln59' <Predicate = true> <Delay = 0.00>
ST_3 : Operation 38 [1/1] (0.00ns)   --->   "%specpipeline_ln60 = specpipeline void @_ssdm_op_SpecPipeline, i32 1, i32 0, i32 0, i32 0, void @empty_3" [attention_tile.cpp:60]   --->   Operation 38 'specpipeline' 'specpipeline_ln60' <Predicate = true> <Delay = 0.00>
ST_3 : Operation 39 [1/1] (0.00ns)   --->   "%specloopname_ln59 = specloopname void @_ssdm_op_SpecLoopName, void @empty_16" [attention_tile.cpp:59]   --->   Operation 39 'specloopname' 'specloopname_ln59' <Predicate = true> <Delay = 0.00>
ST_3 : Operation 40 [1/1] (0.00ns)   --->   "%kt_addr = getelementptr i8 %kt, i64 0, i64 %zext_ln59" [attention_tile.cpp:61]   --->   Operation 40 'getelementptr' 'kt_addr' <Predicate = true> <Delay = 0.00>
ST_3 : Operation 41 [1/1] (0.00ns)   --->   "%kt_1_addr = getelementptr i8 %kt_1, i64 0, i64 %zext_ln59" [attention_tile.cpp:61]   --->   Operation 41 'getelementptr' 'kt_1_addr' <Predicate = true> <Delay = 0.00>
ST_3 : Operation 42 [1/1] (0.00ns)   --->   "%kt_2_addr = getelementptr i8 %kt_2, i64 0, i64 %zext_ln59" [attention_tile.cpp:61]   --->   Operation 42 'getelementptr' 'kt_2_addr' <Predicate = true> <Delay = 0.00>
ST_3 : Operation 43 [1/1] (0.00ns)   --->   "%kt_3_addr = getelementptr i8 %kt_3, i64 0, i64 %zext_ln59" [attention_tile.cpp:61]   --->   Operation 43 'getelementptr' 'kt_3_addr' <Predicate = true> <Delay = 0.00>
ST_3 : Operation 44 [1/1] (0.00ns)   --->   "%kt_4_addr = getelementptr i8 %kt_4, i64 0, i64 %zext_ln59" [attention_tile.cpp:61]   --->   Operation 44 'getelementptr' 'kt_4_addr' <Predicate = true> <Delay = 0.00>
ST_3 : Operation 45 [1/1] (0.00ns)   --->   "%kt_5_addr = getelementptr i8 %kt_5, i64 0, i64 %zext_ln59" [attention_tile.cpp:61]   --->   Operation 45 'getelementptr' 'kt_5_addr' <Predicate = true> <Delay = 0.00>
ST_3 : Operation 46 [1/1] (0.00ns)   --->   "%kt_6_addr = getelementptr i8 %kt_6, i64 0, i64 %zext_ln59" [attention_tile.cpp:61]   --->   Operation 46 'getelementptr' 'kt_6_addr' <Predicate = true> <Delay = 0.00>
ST_3 : Operation 47 [1/1] (0.00ns)   --->   "%kt_7_addr = getelementptr i8 %kt_7, i64 0, i64 %zext_ln59" [attention_tile.cpp:61]   --->   Operation 47 'getelementptr' 'kt_7_addr' <Predicate = true> <Delay = 0.00>
ST_3 : Operation 48 [1/1] (0.00ns)   --->   "%kt_8_addr = getelementptr i8 %kt_8, i64 0, i64 %zext_ln59" [attention_tile.cpp:61]   --->   Operation 48 'getelementptr' 'kt_8_addr' <Predicate = true> <Delay = 0.00>
ST_3 : Operation 49 [1/1] (0.00ns)   --->   "%kt_9_addr = getelementptr i8 %kt_9, i64 0, i64 %zext_ln59" [attention_tile.cpp:61]   --->   Operation 49 'getelementptr' 'kt_9_addr' <Predicate = true> <Delay = 0.00>
ST_3 : Operation 50 [1/1] (0.00ns)   --->   "%kt_10_addr = getelementptr i8 %kt_10, i64 0, i64 %zext_ln59" [attention_tile.cpp:61]   --->   Operation 50 'getelementptr' 'kt_10_addr' <Predicate = true> <Delay = 0.00>
ST_3 : Operation 51 [1/1] (0.00ns)   --->   "%kt_11_addr = getelementptr i8 %kt_11, i64 0, i64 %zext_ln59" [attention_tile.cpp:61]   --->   Operation 51 'getelementptr' 'kt_11_addr' <Predicate = true> <Delay = 0.00>
ST_3 : Operation 52 [1/1] (0.00ns)   --->   "%kt_12_addr = getelementptr i8 %kt_12, i64 0, i64 %zext_ln59" [attention_tile.cpp:61]   --->   Operation 52 'getelementptr' 'kt_12_addr' <Predicate = true> <Delay = 0.00>
ST_3 : Operation 53 [1/1] (0.00ns)   --->   "%kt_13_addr = getelementptr i8 %kt_13, i64 0, i64 %zext_ln59" [attention_tile.cpp:61]   --->   Operation 53 'getelementptr' 'kt_13_addr' <Predicate = true> <Delay = 0.00>
ST_3 : Operation 54 [1/1] (0.00ns)   --->   "%kt_14_addr = getelementptr i8 %kt_14, i64 0, i64 %zext_ln59" [attention_tile.cpp:61]   --->   Operation 54 'getelementptr' 'kt_14_addr' <Predicate = true> <Delay = 0.00>
ST_3 : Operation 55 [1/1] (0.00ns)   --->   "%kt_15_addr = getelementptr i8 %kt_15, i64 0, i64 %zext_ln59" [attention_tile.cpp:61]   --->   Operation 55 'getelementptr' 'kt_15_addr' <Predicate = true> <Delay = 0.00>
ST_3 : Operation 56 [1/1] (0.95ns)   --->   "%switch_ln61 = switch i4 %trunc_ln58, void %arrayidx344.case.15, i4 0, void %arrayidx344.case.0, i4 1, void %arrayidx344.case.1, i4 2, void %arrayidx344.case.2, i4 3, void %arrayidx344.case.3, i4 4, void %arrayidx344.case.4, i4 5, void %arrayidx344.case.5, i4 6, void %arrayidx344.case.6, i4 7, void %arrayidx344.case.7, i4 8, void %arrayidx344.case.8, i4 9, void %arrayidx344.case.9, i4 10, void %arrayidx344.case.10, i4 11, void %arrayidx344.case.11, i4 12, void %arrayidx344.case.12, i4 13, void %arrayidx344.case.13, i4 14, void %arrayidx344.case.14" [attention_tile.cpp:61]   --->   Operation 56 'switch' 'switch_ln61' <Predicate = true> <Delay = 0.95>
ST_3 : Operation 57 [1/1] (2.32ns)   --->   "%store_ln61 = store i8 %gmem1_addr_read, i6 %kt_14_addr" [attention_tile.cpp:61]   --->   Operation 57 'store' 'store_ln61' <Predicate = (trunc_ln58 == 14)> <Delay = 2.32> <CoreInst = "RAM">   --->   Core 82 'RAM' <Latency = 1> <II = 1> <Delay = 2.32> <Storage> <Opcode : 'load' 'store'> <Ports = 2> <Width = 8> <Depth = 64> <RAM>
ST_3 : Operation 58 [1/1] (0.00ns)   --->   "%vt_14_addr = getelementptr i8 %vt_14, i64 0, i64 %zext_ln59" [attention_tile.cpp:62]   --->   Operation 58 'getelementptr' 'vt_14_addr' <Predicate = (trunc_ln58 == 14)> <Delay = 0.00>
ST_3 : Operation 59 [1/1] (2.32ns)   --->   "%store_ln62 = store i8 %gmem2_addr_read, i6 %vt_14_addr" [attention_tile.cpp:62]   --->   Operation 59 'store' 'store_ln62' <Predicate = (trunc_ln58 == 14)> <Delay = 2.32> <CoreInst = "RAM">   --->   Core 82 'RAM' <Latency = 1> <II = 1> <Delay = 2.32> <Storage> <Opcode : 'load' 'store'> <Ports = 2> <Width = 8> <Depth = 64> <RAM>
ST_3 : Operation 60 [1/1] (0.00ns)   --->   "%br_ln62 = br void %arrayidx344.exit" [attention_tile.cpp:62]   --->   Operation 60 'br' 'br_ln62' <Predicate = (trunc_ln58 == 14)> <Delay = 0.00>
ST_3 : Operation 61 [1/1] (2.32ns)   --->   "%store_ln61 = store i8 %gmem1_addr_read, i6 %kt_13_addr" [attention_tile.cpp:61]   --->   Operation 61 'store' 'store_ln61' <Predicate = (trunc_ln58 == 13)> <Delay = 2.32> <CoreInst = "RAM">   --->   Core 82 'RAM' <Latency = 1> <II = 1> <Delay = 2.32> <Storage> <Opcode : 'load' 'store'> <Ports = 2> <Width = 8> <Depth = 64> <RAM>
ST_3 : Operation 62 [1/1] (0.00ns)   --->   "%vt_13_addr = getelementptr i8 %vt_13, i64 0, i64 %zext_ln59" [attention_tile.cpp:62]   --->   Operation 62 'getelementptr' 'vt_13_addr' <Predicate = (trunc_ln58 == 13)> <Delay = 0.00>
ST_3 : Operation 63 [1/1] (2.32ns)   --->   "%store_ln62 = store i8 %gmem2_addr_read, i6 %vt_13_addr" [attention_tile.cpp:62]   --->   Operation 63 'store' 'store_ln62' <Predicate = (trunc_ln58 == 13)> <Delay = 2.32> <CoreInst = "RAM">   --->   Core 82 'RAM' <Latency = 1> <II = 1> <Delay = 2.32> <Storage> <Opcode : 'load' 'store'> <Ports = 2> <Width = 8> <Depth = 64> <RAM>
ST_3 : Operation 64 [1/1] (0.00ns)   --->   "%br_ln62 = br void %arrayidx344.exit" [attention_tile.cpp:62]   --->   Operation 64 'br' 'br_ln62' <Predicate = (trunc_ln58 == 13)> <Delay = 0.00>
ST_3 : Operation 65 [1/1] (2.32ns)   --->   "%store_ln61 = store i8 %gmem1_addr_read, i6 %kt_12_addr" [attention_tile.cpp:61]   --->   Operation 65 'store' 'store_ln61' <Predicate = (trunc_ln58 == 12)> <Delay = 2.32> <CoreInst = "RAM">   --->   Core 82 'RAM' <Latency = 1> <II = 1> <Delay = 2.32> <Storage> <Opcode : 'load' 'store'> <Ports = 2> <Width = 8> <Depth = 64> <RAM>
ST_3 : Operation 66 [1/1] (0.00ns)   --->   "%vt_12_addr = getelementptr i8 %vt_12, i64 0, i64 %zext_ln59" [attention_tile.cpp:62]   --->   Operation 66 'getelementptr' 'vt_12_addr' <Predicate = (trunc_ln58 == 12)> <Delay = 0.00>
ST_3 : Operation 67 [1/1] (2.32ns)   --->   "%store_ln62 = store i8 %gmem2_addr_read, i6 %vt_12_addr" [attention_tile.cpp:62]   --->   Operation 67 'store' 'store_ln62' <Predicate = (trunc_ln58 == 12)> <Delay = 2.32> <CoreInst = "RAM">   --->   Core 82 'RAM' <Latency = 1> <II = 1> <Delay = 2.32> <Storage> <Opcode : 'load' 'store'> <Ports = 2> <Width = 8> <Depth = 64> <RAM>
ST_3 : Operation 68 [1/1] (0.00ns)   --->   "%br_ln62 = br void %arrayidx344.exit" [attention_tile.cpp:62]   --->   Operation 68 'br' 'br_ln62' <Predicate = (trunc_ln58 == 12)> <Delay = 0.00>
ST_3 : Operation 69 [1/1] (2.32ns)   --->   "%store_ln61 = store i8 %gmem1_addr_read, i6 %kt_11_addr" [attention_tile.cpp:61]   --->   Operation 69 'store' 'store_ln61' <Predicate = (trunc_ln58 == 11)> <Delay = 2.32> <CoreInst = "RAM">   --->   Core 82 'RAM' <Latency = 1> <II = 1> <Delay = 2.32> <Storage> <Opcode : 'load' 'store'> <Ports = 2> <Width = 8> <Depth = 64> <RAM>
ST_3 : Operation 70 [1/1] (0.00ns)   --->   "%vt_11_addr = getelementptr i8 %vt_11, i64 0, i64 %zext_ln59" [attention_tile.cpp:62]   --->   Operation 70 'getelementptr' 'vt_11_addr' <Predicate = (trunc_ln58 == 11)> <Delay = 0.00>
ST_3 : Operation 71 [1/1] (2.32ns)   --->   "%store_ln62 = store i8 %gmem2_addr_read, i6 %vt_11_addr" [attention_tile.cpp:62]   --->   Operation 71 'store' 'store_ln62' <Predicate = (trunc_ln58 == 11)> <Delay = 2.32> <CoreInst = "RAM">   --->   Core 82 'RAM' <Latency = 1> <II = 1> <Delay = 2.32> <Storage> <Opcode : 'load' 'store'> <Ports = 2> <Width = 8> <Depth = 64> <RAM>
ST_3 : Operation 72 [1/1] (0.00ns)   --->   "%br_ln62 = br void %arrayidx344.exit" [attention_tile.cpp:62]   --->   Operation 72 'br' 'br_ln62' <Predicate = (trunc_ln58 == 11)> <Delay = 0.00>
ST_3 : Operation 73 [1/1] (2.32ns)   --->   "%store_ln61 = store i8 %gmem1_addr_read, i6 %kt_10_addr" [attention_tile.cpp:61]   --->   Operation 73 'store' 'store_ln61' <Predicate = (trunc_ln58 == 10)> <Delay = 2.32> <CoreInst = "RAM">   --->   Core 82 'RAM' <Latency = 1> <II = 1> <Delay = 2.32> <Storage> <Opcode : 'load' 'store'> <Ports = 2> <Width = 8> <Depth = 64> <RAM>
ST_3 : Operation 74 [1/1] (0.00ns)   --->   "%vt_10_addr = getelementptr i8 %vt_10, i64 0, i64 %zext_ln59" [attention_tile.cpp:62]   --->   Operation 74 'getelementptr' 'vt_10_addr' <Predicate = (trunc_ln58 == 10)> <Delay = 0.00>
ST_3 : Operation 75 [1/1] (2.32ns)   --->   "%store_ln62 = store i8 %gmem2_addr_read, i6 %vt_10_addr" [attention_tile.cpp:62]   --->   Operation 75 'store' 'store_ln62' <Predicate = (trunc_ln58 == 10)> <Delay = 2.32> <CoreInst = "RAM">   --->   Core 82 'RAM' <Latency = 1> <II = 1> <Delay = 2.32> <Storage> <Opcode : 'load' 'store'> <Ports = 2> <Width = 8> <Depth = 64> <RAM>
ST_3 : Operation 76 [1/1] (0.00ns)   --->   "%br_ln62 = br void %arrayidx344.exit" [attention_tile.cpp:62]   --->   Operation 76 'br' 'br_ln62' <Predicate = (trunc_ln58 == 10)> <Delay = 0.00>
ST_3 : Operation 77 [1/1] (2.32ns)   --->   "%store_ln61 = store i8 %gmem1_addr_read, i6 %kt_9_addr" [attention_tile.cpp:61]   --->   Operation 77 'store' 'store_ln61' <Predicate = (trunc_ln58 == 9)> <Delay = 2.32> <CoreInst = "RAM">   --->   Core 82 'RAM' <Latency = 1> <II = 1> <Delay = 2.32> <Storage> <Opcode : 'load' 'store'> <Ports = 2> <Width = 8> <Depth = 64> <RAM>
ST_3 : Operation 78 [1/1] (0.00ns)   --->   "%vt_9_addr = getelementptr i8 %vt_9, i64 0, i64 %zext_ln59" [attention_tile.cpp:62]   --->   Operation 78 'getelementptr' 'vt_9_addr' <Predicate = (trunc_ln58 == 9)> <Delay = 0.00>
ST_3 : Operation 79 [1/1] (2.32ns)   --->   "%store_ln62 = store i8 %gmem2_addr_read, i6 %vt_9_addr" [attention_tile.cpp:62]   --->   Operation 79 'store' 'store_ln62' <Predicate = (trunc_ln58 == 9)> <Delay = 2.32> <CoreInst = "RAM">   --->   Core 82 'RAM' <Latency = 1> <II = 1> <Delay = 2.32> <Storage> <Opcode : 'load' 'store'> <Ports = 2> <Width = 8> <Depth = 64> <RAM>
ST_3 : Operation 80 [1/1] (0.00ns)   --->   "%br_ln62 = br void %arrayidx344.exit" [attention_tile.cpp:62]   --->   Operation 80 'br' 'br_ln62' <Predicate = (trunc_ln58 == 9)> <Delay = 0.00>
ST_3 : Operation 81 [1/1] (2.32ns)   --->   "%store_ln61 = store i8 %gmem1_addr_read, i6 %kt_8_addr" [attention_tile.cpp:61]   --->   Operation 81 'store' 'store_ln61' <Predicate = (trunc_ln58 == 8)> <Delay = 2.32> <CoreInst = "RAM">   --->   Core 82 'RAM' <Latency = 1> <II = 1> <Delay = 2.32> <Storage> <Opcode : 'load' 'store'> <Ports = 2> <Width = 8> <Depth = 64> <RAM>
ST_3 : Operation 82 [1/1] (0.00ns)   --->   "%vt_8_addr = getelementptr i8 %vt_8, i64 0, i64 %zext_ln59" [attention_tile.cpp:62]   --->   Operation 82 'getelementptr' 'vt_8_addr' <Predicate = (trunc_ln58 == 8)> <Delay = 0.00>
ST_3 : Operation 83 [1/1] (2.32ns)   --->   "%store_ln62 = store i8 %gmem2_addr_read, i6 %vt_8_addr" [attention_tile.cpp:62]   --->   Operation 83 'store' 'store_ln62' <Predicate = (trunc_ln58 == 8)> <Delay = 2.32> <CoreInst = "RAM">   --->   Core 82 'RAM' <Latency = 1> <II = 1> <Delay = 2.32> <Storage> <Opcode : 'load' 'store'> <Ports = 2> <Width = 8> <Depth = 64> <RAM>
ST_3 : Operation 84 [1/1] (0.00ns)   --->   "%br_ln62 = br void %arrayidx344.exit" [attention_tile.cpp:62]   --->   Operation 84 'br' 'br_ln62' <Predicate = (trunc_ln58 == 8)> <Delay = 0.00>
ST_3 : Operation 85 [1/1] (2.32ns)   --->   "%store_ln61 = store i8 %gmem1_addr_read, i6 %kt_7_addr" [attention_tile.cpp:61]   --->   Operation 85 'store' 'store_ln61' <Predicate = (trunc_ln58 == 7)> <Delay = 2.32> <CoreInst = "RAM">   --->   Core 82 'RAM' <Latency = 1> <II = 1> <Delay = 2.32> <Storage> <Opcode : 'load' 'store'> <Ports = 2> <Width = 8> <Depth = 64> <RAM>
ST_3 : Operation 86 [1/1] (0.00ns)   --->   "%vt_7_addr = getelementptr i8 %vt_7, i64 0, i64 %zext_ln59" [attention_tile.cpp:62]   --->   Operation 86 'getelementptr' 'vt_7_addr' <Predicate = (trunc_ln58 == 7)> <Delay = 0.00>
ST_3 : Operation 87 [1/1] (2.32ns)   --->   "%store_ln62 = store i8 %gmem2_addr_read, i6 %vt_7_addr" [attention_tile.cpp:62]   --->   Operation 87 'store' 'store_ln62' <Predicate = (trunc_ln58 == 7)> <Delay = 2.32> <CoreInst = "RAM">   --->   Core 82 'RAM' <Latency = 1> <II = 1> <Delay = 2.32> <Storage> <Opcode : 'load' 'store'> <Ports = 2> <Width = 8> <Depth = 64> <RAM>
ST_3 : Operation 88 [1/1] (0.00ns)   --->   "%br_ln62 = br void %arrayidx344.exit" [attention_tile.cpp:62]   --->   Operation 88 'br' 'br_ln62' <Predicate = (trunc_ln58 == 7)> <Delay = 0.00>
ST_3 : Operation 89 [1/1] (2.32ns)   --->   "%store_ln61 = store i8 %gmem1_addr_read, i6 %kt_6_addr" [attention_tile.cpp:61]   --->   Operation 89 'store' 'store_ln61' <Predicate = (trunc_ln58 == 6)> <Delay = 2.32> <CoreInst = "RAM">   --->   Core 82 'RAM' <Latency = 1> <II = 1> <Delay = 2.32> <Storage> <Opcode : 'load' 'store'> <Ports = 2> <Width = 8> <Depth = 64> <RAM>
ST_3 : Operation 90 [1/1] (0.00ns)   --->   "%vt_6_addr = getelementptr i8 %vt_6, i64 0, i64 %zext_ln59" [attention_tile.cpp:62]   --->   Operation 90 'getelementptr' 'vt_6_addr' <Predicate = (trunc_ln58 == 6)> <Delay = 0.00>
ST_3 : Operation 91 [1/1] (2.32ns)   --->   "%store_ln62 = store i8 %gmem2_addr_read, i6 %vt_6_addr" [attention_tile.cpp:62]   --->   Operation 91 'store' 'store_ln62' <Predicate = (trunc_ln58 == 6)> <Delay = 2.32> <CoreInst = "RAM">   --->   Core 82 'RAM' <Latency = 1> <II = 1> <Delay = 2.32> <Storage> <Opcode : 'load' 'store'> <Ports = 2> <Width = 8> <Depth = 64> <RAM>
ST_3 : Operation 92 [1/1] (0.00ns)   --->   "%br_ln62 = br void %arrayidx344.exit" [attention_tile.cpp:62]   --->   Operation 92 'br' 'br_ln62' <Predicate = (trunc_ln58 == 6)> <Delay = 0.00>
ST_3 : Operation 93 [1/1] (2.32ns)   --->   "%store_ln61 = store i8 %gmem1_addr_read, i6 %kt_5_addr" [attention_tile.cpp:61]   --->   Operation 93 'store' 'store_ln61' <Predicate = (trunc_ln58 == 5)> <Delay = 2.32> <CoreInst = "RAM">   --->   Core 82 'RAM' <Latency = 1> <II = 1> <Delay = 2.32> <Storage> <Opcode : 'load' 'store'> <Ports = 2> <Width = 8> <Depth = 64> <RAM>
ST_3 : Operation 94 [1/1] (0.00ns)   --->   "%vt_5_addr = getelementptr i8 %vt_5, i64 0, i64 %zext_ln59" [attention_tile.cpp:62]   --->   Operation 94 'getelementptr' 'vt_5_addr' <Predicate = (trunc_ln58 == 5)> <Delay = 0.00>
ST_3 : Operation 95 [1/1] (2.32ns)   --->   "%store_ln62 = store i8 %gmem2_addr_read, i6 %vt_5_addr" [attention_tile.cpp:62]   --->   Operation 95 'store' 'store_ln62' <Predicate = (trunc_ln58 == 5)> <Delay = 2.32> <CoreInst = "RAM">   --->   Core 82 'RAM' <Latency = 1> <II = 1> <Delay = 2.32> <Storage> <Opcode : 'load' 'store'> <Ports = 2> <Width = 8> <Depth = 64> <RAM>
ST_3 : Operation 96 [1/1] (0.00ns)   --->   "%br_ln62 = br void %arrayidx344.exit" [attention_tile.cpp:62]   --->   Operation 96 'br' 'br_ln62' <Predicate = (trunc_ln58 == 5)> <Delay = 0.00>
ST_3 : Operation 97 [1/1] (2.32ns)   --->   "%store_ln61 = store i8 %gmem1_addr_read, i6 %kt_4_addr" [attention_tile.cpp:61]   --->   Operation 97 'store' 'store_ln61' <Predicate = (trunc_ln58 == 4)> <Delay = 2.32> <CoreInst = "RAM">   --->   Core 82 'RAM' <Latency = 1> <II = 1> <Delay = 2.32> <Storage> <Opcode : 'load' 'store'> <Ports = 2> <Width = 8> <Depth = 64> <RAM>
ST_3 : Operation 98 [1/1] (0.00ns)   --->   "%vt_4_addr = getelementptr i8 %vt_4, i64 0, i64 %zext_ln59" [attention_tile.cpp:62]   --->   Operation 98 'getelementptr' 'vt_4_addr' <Predicate = (trunc_ln58 == 4)> <Delay = 0.00>
ST_3 : Operation 99 [1/1] (2.32ns)   --->   "%store_ln62 = store i8 %gmem2_addr_read, i6 %vt_4_addr" [attention_tile.cpp:62]   --->   Operation 99 'store' 'store_ln62' <Predicate = (trunc_ln58 == 4)> <Delay = 2.32> <CoreInst = "RAM">   --->   Core 82 'RAM' <Latency = 1> <II = 1> <Delay = 2.32> <Storage> <Opcode : 'load' 'store'> <Ports = 2> <Width = 8> <Depth = 64> <RAM>
ST_3 : Operation 100 [1/1] (0.00ns)   --->   "%br_ln62 = br void %arrayidx344.exit" [attention_tile.cpp:62]   --->   Operation 100 'br' 'br_ln62' <Predicate = (trunc_ln58 == 4)> <Delay = 0.00>
ST_3 : Operation 101 [1/1] (2.32ns)   --->   "%store_ln61 = store i8 %gmem1_addr_read, i6 %kt_3_addr" [attention_tile.cpp:61]   --->   Operation 101 'store' 'store_ln61' <Predicate = (trunc_ln58 == 3)> <Delay = 2.32> <CoreInst = "RAM">   --->   Core 82 'RAM' <Latency = 1> <II = 1> <Delay = 2.32> <Storage> <Opcode : 'load' 'store'> <Ports = 2> <Width = 8> <Depth = 64> <RAM>
ST_3 : Operation 102 [1/1] (0.00ns)   --->   "%vt_3_addr = getelementptr i8 %vt_3, i64 0, i64 %zext_ln59" [attention_tile.cpp:62]   --->   Operation 102 'getelementptr' 'vt_3_addr' <Predicate = (trunc_ln58 == 3)> <Delay = 0.00>
ST_3 : Operation 103 [1/1] (2.32ns)   --->   "%store_ln62 = store i8 %gmem2_addr_read, i6 %vt_3_addr" [attention_tile.cpp:62]   --->   Operation 103 'store' 'store_ln62' <Predicate = (trunc_ln58 == 3)> <Delay = 2.32> <CoreInst = "RAM">   --->   Core 82 'RAM' <Latency = 1> <II = 1> <Delay = 2.32> <Storage> <Opcode : 'load' 'store'> <Ports = 2> <Width = 8> <Depth = 64> <RAM>
ST_3 : Operation 104 [1/1] (0.00ns)   --->   "%br_ln62 = br void %arrayidx344.exit" [attention_tile.cpp:62]   --->   Operation 104 'br' 'br_ln62' <Predicate = (trunc_ln58 == 3)> <Delay = 0.00>
ST_3 : Operation 105 [1/1] (2.32ns)   --->   "%store_ln61 = store i8 %gmem1_addr_read, i6 %kt_2_addr" [attention_tile.cpp:61]   --->   Operation 105 'store' 'store_ln61' <Predicate = (trunc_ln58 == 2)> <Delay = 2.32> <CoreInst = "RAM">   --->   Core 82 'RAM' <Latency = 1> <II = 1> <Delay = 2.32> <Storage> <Opcode : 'load' 'store'> <Ports = 2> <Width = 8> <Depth = 64> <RAM>
ST_3 : Operation 106 [1/1] (0.00ns)   --->   "%vt_2_addr = getelementptr i8 %vt_2, i64 0, i64 %zext_ln59" [attention_tile.cpp:62]   --->   Operation 106 'getelementptr' 'vt_2_addr' <Predicate = (trunc_ln58 == 2)> <Delay = 0.00>
ST_3 : Operation 107 [1/1] (2.32ns)   --->   "%store_ln62 = store i8 %gmem2_addr_read, i6 %vt_2_addr" [attention_tile.cpp:62]   --->   Operation 107 'store' 'store_ln62' <Predicate = (trunc_ln58 == 2)> <Delay = 2.32> <CoreInst = "RAM">   --->   Core 82 'RAM' <Latency = 1> <II = 1> <Delay = 2.32> <Storage> <Opcode : 'load' 'store'> <Ports = 2> <Width = 8> <Depth = 64> <RAM>
ST_3 : Operation 108 [1/1] (0.00ns)   --->   "%br_ln62 = br void %arrayidx344.exit" [attention_tile.cpp:62]   --->   Operation 108 'br' 'br_ln62' <Predicate = (trunc_ln58 == 2)> <Delay = 0.00>
ST_3 : Operation 109 [1/1] (2.32ns)   --->   "%store_ln61 = store i8 %gmem1_addr_read, i6 %kt_1_addr" [attention_tile.cpp:61]   --->   Operation 109 'store' 'store_ln61' <Predicate = (trunc_ln58 == 1)> <Delay = 2.32> <CoreInst = "RAM">   --->   Core 82 'RAM' <Latency = 1> <II = 1> <Delay = 2.32> <Storage> <Opcode : 'load' 'store'> <Ports = 2> <Width = 8> <Depth = 64> <RAM>
ST_3 : Operation 110 [1/1] (0.00ns)   --->   "%vt_1_addr = getelementptr i8 %vt_1, i64 0, i64 %zext_ln59" [attention_tile.cpp:62]   --->   Operation 110 'getelementptr' 'vt_1_addr' <Predicate = (trunc_ln58 == 1)> <Delay = 0.00>
ST_3 : Operation 111 [1/1] (2.32ns)   --->   "%store_ln62 = store i8 %gmem2_addr_read, i6 %vt_1_addr" [attention_tile.cpp:62]   --->   Operation 111 'store' 'store_ln62' <Predicate = (trunc_ln58 == 1)> <Delay = 2.32> <CoreInst = "RAM">   --->   Core 82 'RAM' <Latency = 1> <II = 1> <Delay = 2.32> <Storage> <Opcode : 'load' 'store'> <Ports = 2> <Width = 8> <Depth = 64> <RAM>
ST_3 : Operation 112 [1/1] (0.00ns)   --->   "%br_ln62 = br void %arrayidx344.exit" [attention_tile.cpp:62]   --->   Operation 112 'br' 'br_ln62' <Predicate = (trunc_ln58 == 1)> <Delay = 0.00>
ST_3 : Operation 113 [1/1] (2.32ns)   --->   "%store_ln61 = store i8 %gmem1_addr_read, i6 %kt_addr" [attention_tile.cpp:61]   --->   Operation 113 'store' 'store_ln61' <Predicate = (trunc_ln58 == 0)> <Delay = 2.32> <CoreInst = "RAM">   --->   Core 82 'RAM' <Latency = 1> <II = 1> <Delay = 2.32> <Storage> <Opcode : 'load' 'store'> <Ports = 2> <Width = 8> <Depth = 64> <RAM>
ST_3 : Operation 114 [1/1] (0.00ns)   --->   "%vt_addr = getelementptr i8 %vt, i64 0, i64 %zext_ln59" [attention_tile.cpp:62]   --->   Operation 114 'getelementptr' 'vt_addr' <Predicate = (trunc_ln58 == 0)> <Delay = 0.00>
ST_3 : Operation 115 [1/1] (2.32ns)   --->   "%store_ln62 = store i8 %gmem2_addr_read, i6 %vt_addr" [attention_tile.cpp:62]   --->   Operation 115 'store' 'store_ln62' <Predicate = (trunc_ln58 == 0)> <Delay = 2.32> <CoreInst = "RAM">   --->   Core 82 'RAM' <Latency = 1> <II = 1> <Delay = 2.32> <Storage> <Opcode : 'load' 'store'> <Ports = 2> <Width = 8> <Depth = 64> <RAM>
ST_3 : Operation 116 [1/1] (0.00ns)   --->   "%br_ln62 = br void %arrayidx344.exit" [attention_tile.cpp:62]   --->   Operation 116 'br' 'br_ln62' <Predicate = (trunc_ln58 == 0)> <Delay = 0.00>
ST_3 : Operation 117 [1/1] (2.32ns)   --->   "%store_ln61 = store i8 %gmem1_addr_read, i6 %kt_15_addr" [attention_tile.cpp:61]   --->   Operation 117 'store' 'store_ln61' <Predicate = (trunc_ln58 == 15)> <Delay = 2.32> <CoreInst = "RAM">   --->   Core 82 'RAM' <Latency = 1> <II = 1> <Delay = 2.32> <Storage> <Opcode : 'load' 'store'> <Ports = 2> <Width = 8> <Depth = 64> <RAM>
ST_3 : Operation 118 [1/1] (0.00ns)   --->   "%vt_15_addr = getelementptr i8 %vt_15, i64 0, i64 %zext_ln59" [attention_tile.cpp:62]   --->   Operation 118 'getelementptr' 'vt_15_addr' <Predicate = (trunc_ln58 == 15)> <Delay = 0.00>
ST_3 : Operation 119 [1/1] (2.32ns)   --->   "%store_ln62 = store i8 %gmem2_addr_read, i6 %vt_15_addr" [attention_tile.cpp:62]   --->   Operation 119 'store' 'store_ln62' <Predicate = (trunc_ln58 == 15)> <Delay = 2.32> <CoreInst = "RAM">   --->   Core 82 'RAM' <Latency = 1> <II = 1> <Delay = 2.32> <Storage> <Opcode : 'load' 'store'> <Ports = 2> <Width = 8> <Depth = 64> <RAM>
ST_3 : Operation 120 [1/1] (0.00ns)   --->   "%br_ln62 = br void %arrayidx344.exit" [attention_tile.cpp:62]   --->   Operation 120 'br' 'br_ln62' <Predicate = (trunc_ln58 == 15)> <Delay = 0.00>
ST_3 : Operation 121 [1/1] (1.87ns)   --->   "%add_ln59 = add i7 %select_ln58, i7 1" [attention_tile.cpp:59]   --->   Operation 121 'add' 'add_ln59' <Predicate = true> <Delay = 1.87> <CoreInst = "Adder">   --->   Core 1 'Adder' <Latency = 0> <II = 1> <Delay = 1.87> <FuncUnit> <Opcode : 'add' 'sub'> <InPorts = 2> <OutPorts = 1>
ST_3 : Operation 122 [1/1] (1.58ns)   --->   "%store_ln59 = store i5 %select_ln58_1, i5 %j" [attention_tile.cpp:59]   --->   Operation 122 'store' 'store_ln59' <Predicate = true> <Delay = 1.58>
ST_3 : Operation 123 [1/1] (1.58ns)   --->   "%store_ln59 = store i7 %add_ln59, i7 %d" [attention_tile.cpp:59]   --->   Operation 123 'store' 'store_ln59' <Predicate = true> <Delay = 1.58>
ST_3 : Operation 124 [1/1] (0.00ns)   --->   "%br_ln59 = br void %for.inc35" [attention_tile.cpp:59]   --->   Operation 124 'br' 'br_ln59' <Predicate = true> <Delay = 0.00>


============================================================
+ Verbose Summary: Timing violations
============================================================
Target clock period: 10ns, clock uncertainty: 2.7ns.

 <State 1>: 3.47ns
The critical path consists of the following:
	'alloca' operation ('indvar_flatten') [39]  (0 ns)
	'load' operation ('indvar_flatten_load', attention_tile.cpp:58) on local variable 'indvar_flatten' [49]  (0 ns)
	'add' operation ('add_ln58', attention_tile.cpp:58) [55]  (1.64 ns)
	'store' operation ('store_ln59', attention_tile.cpp:59) of variable 'add_ln58', attention_tile.cpp:58 on local variable 'indvar_flatten' [171]  (1.59 ns)
	blocking operation 0.241 ns on control path)

 <State 2>: 7.3ns
The critical path consists of the following:
	bus read operation ('gmem1_addr_read', attention_tile.cpp:61) on port 'gmem1' (attention_tile.cpp:61) [70]  (7.3 ns)

 <State 3>: 5.94ns
The critical path consists of the following:
	'load' operation ('d_load', attention_tile.cpp:59) on local variable 'd' [58]  (0 ns)
	'icmp' operation ('icmp_ln59', attention_tile.cpp:59) [62]  (1.49 ns)
	'select' operation ('select_ln58', attention_tile.cpp:58) [63]  (0.993 ns)
	'add' operation ('add_ln59', attention_tile.cpp:59) [170]  (1.87 ns)
	'store' operation ('store_ln59', attention_tile.cpp:59) of variable 'add_ln59', attention_tile.cpp:59 on local variable 'd' [173]  (1.59 ns)


============================================================
+ Verbose Summary: Binding
============================================================
N/A
* FSMD analyzer results:
  - Output states:
 - Input state : 
  - Chain level:
	State 1
	State 2
	State 3


============================================================
+ Verbose Summary: Datapath Resource usage 
============================================================
N/A
