

================================================================
== Vitis HLS Report for 'streaming_attention_Pipeline_WRITE_O'
================================================================
* Date:           Sat Jun 20 05:22:12 2026

* Version:        2022.1 (Build 3526262 on Mon Apr 18 15:47:01 MDT 2022)
* Project:        stream_attn_hls
* Solution:       sol1 (Vivado IP Flow Target)
* Product family: zynq
* Target device:  xc7z020-clg400-1


================================================================
== Performance Estimates
================================================================
+ Timing: 
    * Summary: 
    +--------+----------+----------+------------+
    |  Clock |  Target  | Estimated| Uncertainty|
    +--------+----------+----------+------------+
    |ap_clk  |  10.00 ns|  7.300 ns|     2.70 ns|
    +--------+----------+----------+------------+

+ Latency: 
    * Summary: 
    +---------+---------+----------+----------+-----+-----+---------+
    |  Latency (cycles) |  Latency (absolute) |  Interval | Pipeline|
    |   min   |   max   |    min   |    max   | min | max |   Type  |
    +---------+---------+----------+----------+-----+-----+---------+
    |       82|       82|  0.820 us|  0.820 us|   82|   82|       no|
    +---------+---------+----------+----------+-----+-----+---------+

    + Detail: 
        * Instance: 
        N/A

        * Loop: 
        +-----------+---------+---------+----------+-----------+-----------+------+----------+
        |           |  Latency (cycles) | Iteration|  Initiation Interval  | Trip |          |
        | Loop Name |   min   |   max   |  Latency |  achieved |   target  | Count| Pipelined|
        +-----------+---------+---------+----------+-----------+-----------+------+----------+
        |- WRITE_O  |       80|       80|        18|          1|          1|    64|       yes|
        +-----------+---------+---------+----------+-----------+-----------+------+----------+

============================================================
+ Verbose Summary: Synthesis Manager
============================================================
InlineROM: 1
ExposeGlobal: 0
============================================================
+ Verbose Summary: CDFG Model
============================================================
IsTopModel: 0
ResetActiveHigh: 1
IsCombinational: 0
IsDatapathOnly: 0
HasWiredReturn: 1
HasMFsm: 2
HasVarLatency: 1
IsPipeline: 0
IsRtlPipelined: 0
IsInstanceOverlapped: 0
IsDontTouch: 0
HasImplIP: 0
IsGatedGlobalClock: 0

+ Individual pipeline summary: 
  * Pipeline-0: initiation interval (II) = 1, depth = 18


============================================================
+ Verbose Summary: Schedule
============================================================
* Number of FSM states : 18
* Pipeline : 1
  Pipeline-0 : II = 1, D = 18, States = { 1 2 3 4 5 6 7 8 9 10 11 12 13 14 15 16 17 18 }
* Dataflow Pipeline: 0

* FSM state transitions: 
1 --> 2 
2 --> 3 
3 --> 4 
4 --> 5 
5 --> 6 
6 --> 7 
7 --> 8 
8 --> 9 
9 --> 10 
10 --> 11 
11 --> 12 
12 --> 13 
13 --> 14 
14 --> 15 
15 --> 16 
16 --> 17 
17 --> 18 
18 --> 

* FSM state operations: 

State 1 <SV = 0> <Delay = 3.45>
ST_1 : Operation 21 [1/1] (0.00ns)   --->   "%d = alloca i32 1"   --->   Operation 21 'alloca' 'd' <Predicate = true> <Delay = 0.00>
ST_1 : Operation 22 [1/1] (0.00ns)   --->   "%l_read = read i32 @_ssdm_op_Read.ap_auto.float, i32 %l"   --->   Operation 22 'read' 'l_read' <Predicate = true> <Delay = 0.00>
ST_1 : Operation 23 [1/1] (0.00ns)   --->   "%acc_127_read = read i32 @_ssdm_op_Read.ap_auto.float, i32 %acc_127"   --->   Operation 23 'read' 'acc_127_read' <Predicate = true> <Delay = 0.00>
ST_1 : Operation 24 [1/1] (0.00ns)   --->   "%acc_126_read = read i32 @_ssdm_op_Read.ap_auto.float, i32 %acc_126"   --->   Operation 24 'read' 'acc_126_read' <Predicate = true> <Delay = 0.00>
ST_1 : Operation 25 [1/1] (0.00ns)   --->   "%acc_125_read = read i32 @_ssdm_op_Read.ap_auto.float, i32 %acc_125"   --->   Operation 25 'read' 'acc_125_read' <Predicate = true> <Delay = 0.00>
ST_1 : Operation 26 [1/1] (0.00ns)   --->   "%acc_124_read = read i32 @_ssdm_op_Read.ap_auto.float, i32 %acc_124"   --->   Operation 26 'read' 'acc_124_read' <Predicate = true> <Delay = 0.00>
ST_1 : Operation 27 [1/1] (0.00ns)   --->   "%acc_123_read = read i32 @_ssdm_op_Read.ap_auto.float, i32 %acc_123"   --->   Operation 27 'read' 'acc_123_read' <Predicate = true> <Delay = 0.00>
ST_1 : Operation 28 [1/1] (0.00ns)   --->   "%acc_122_read = read i32 @_ssdm_op_Read.ap_auto.float, i32 %acc_122"   --->   Operation 28 'read' 'acc_122_read' <Predicate = true> <Delay = 0.00>
ST_1 : Operation 29 [1/1] (0.00ns)   --->   "%acc_121_read = read i32 @_ssdm_op_Read.ap_auto.float, i32 %acc_121"   --->   Operation 29 'read' 'acc_121_read' <Predicate = true> <Delay = 0.00>
ST_1 : Operation 30 [1/1] (0.00ns)   --->   "%acc_120_read = read i32 @_ssdm_op_Read.ap_auto.float, i32 %acc_120"   --->   Operation 30 'read' 'acc_120_read' <Predicate = true> <Delay = 0.00>
ST_1 : Operation 31 [1/1] (0.00ns)   --->   "%acc_119_read = read i32 @_ssdm_op_Read.ap_auto.float, i32 %acc_119"   --->   Operation 31 'read' 'acc_119_read' <Predicate = true> <Delay = 0.00>
ST_1 : Operation 32 [1/1] (0.00ns)   --->   "%acc_118_read = read i32 @_ssdm_op_Read.ap_auto.float, i32 %acc_118"   --->   Operation 32 'read' 'acc_118_read' <Predicate = true> <Delay = 0.00>
ST_1 : Operation 33 [1/1] (0.00ns)   --->   "%acc_117_read = read i32 @_ssdm_op_Read.ap_auto.float, i32 %acc_117"   --->   Operation 33 'read' 'acc_117_read' <Predicate = true> <Delay = 0.00>
ST_1 : Operation 34 [1/1] (0.00ns)   --->   "%acc_116_read = read i32 @_ssdm_op_Read.ap_auto.float, i32 %acc_116"   --->   Operation 34 'read' 'acc_116_read' <Predicate = true> <Delay = 0.00>
ST_1 : Operation 35 [1/1] (0.00ns)   --->   "%acc_115_read = read i32 @_ssdm_op_Read.ap_auto.float, i32 %acc_115"   --->   Operation 35 'read' 'acc_115_read' <Predicate = true> <Delay = 0.00>
ST_1 : Operation 36 [1/1] (0.00ns)   --->   "%acc_114_read = read i32 @_ssdm_op_Read.ap_auto.float, i32 %acc_114"   --->   Operation 36 'read' 'acc_114_read' <Predicate = true> <Delay = 0.00>
ST_1 : Operation 37 [1/1] (0.00ns)   --->   "%acc_113_read = read i32 @_ssdm_op_Read.ap_auto.float, i32 %acc_113"   --->   Operation 37 'read' 'acc_113_read' <Predicate = true> <Delay = 0.00>
ST_1 : Operation 38 [1/1] (0.00ns)   --->   "%acc_112_read = read i32 @_ssdm_op_Read.ap_auto.float, i32 %acc_112"   --->   Operation 38 'read' 'acc_112_read' <Predicate = true> <Delay = 0.00>
ST_1 : Operation 39 [1/1] (0.00ns)   --->   "%acc_111_read = read i32 @_ssdm_op_Read.ap_auto.float, i32 %acc_111"   --->   Operation 39 'read' 'acc_111_read' <Predicate = true> <Delay = 0.00>
ST_1 : Operation 40 [1/1] (0.00ns)   --->   "%acc_110_read = read i32 @_ssdm_op_Read.ap_auto.float, i32 %acc_110"   --->   Operation 40 'read' 'acc_110_read' <Predicate = true> <Delay = 0.00>
ST_1 : Operation 41 [1/1] (0.00ns)   --->   "%acc_109_read = read i32 @_ssdm_op_Read.ap_auto.float, i32 %acc_109"   --->   Operation 41 'read' 'acc_109_read' <Predicate = true> <Delay = 0.00>
ST_1 : Operation 42 [1/1] (0.00ns)   --->   "%acc_108_read = read i32 @_ssdm_op_Read.ap_auto.float, i32 %acc_108"   --->   Operation 42 'read' 'acc_108_read' <Predicate = true> <Delay = 0.00>
ST_1 : Operation 43 [1/1] (0.00ns)   --->   "%acc_107_read = read i32 @_ssdm_op_Read.ap_auto.float, i32 %acc_107"   --->   Operation 43 'read' 'acc_107_read' <Predicate = true> <Delay = 0.00>
ST_1 : Operation 44 [1/1] (0.00ns)   --->   "%acc_106_read = read i32 @_ssdm_op_Read.ap_auto.float, i32 %acc_106"   --->   Operation 44 'read' 'acc_106_read' <Predicate = true> <Delay = 0.00>
ST_1 : Operation 45 [1/1] (0.00ns)   --->   "%acc_105_read = read i32 @_ssdm_op_Read.ap_auto.float, i32 %acc_105"   --->   Operation 45 'read' 'acc_105_read' <Predicate = true> <Delay = 0.00>
ST_1 : Operation 46 [1/1] (0.00ns)   --->   "%acc_104_read = read i32 @_ssdm_op_Read.ap_auto.float, i32 %acc_104"   --->   Operation 46 'read' 'acc_104_read' <Predicate = true> <Delay = 0.00>
ST_1 : Operation 47 [1/1] (0.00ns)   --->   "%acc_103_read = read i32 @_ssdm_op_Read.ap_auto.float, i32 %acc_103"   --->   Operation 47 'read' 'acc_103_read' <Predicate = true> <Delay = 0.00>
ST_1 : Operation 48 [1/1] (0.00ns)   --->   "%acc_102_read = read i32 @_ssdm_op_Read.ap_auto.float, i32 %acc_102"   --->   Operation 48 'read' 'acc_102_read' <Predicate = true> <Delay = 0.00>
ST_1 : Operation 49 [1/1] (0.00ns)   --->   "%acc_101_read = read i32 @_ssdm_op_Read.ap_auto.float, i32 %acc_101"   --->   Operation 49 'read' 'acc_101_read' <Predicate = true> <Delay = 0.00>
ST_1 : Operation 50 [1/1] (0.00ns)   --->   "%acc_100_read = read i32 @_ssdm_op_Read.ap_auto.float, i32 %acc_100"   --->   Operation 50 'read' 'acc_100_read' <Predicate = true> <Delay = 0.00>
ST_1 : Operation 51 [1/1] (0.00ns)   --->   "%acc_99_read = read i32 @_ssdm_op_Read.ap_auto.float, i32 %acc_99"   --->   Operation 51 'read' 'acc_99_read' <Predicate = true> <Delay = 0.00>
ST_1 : Operation 52 [1/1] (0.00ns)   --->   "%acc_98_read = read i32 @_ssdm_op_Read.ap_auto.float, i32 %acc_98"   --->   Operation 52 'read' 'acc_98_read' <Predicate = true> <Delay = 0.00>
ST_1 : Operation 53 [1/1] (0.00ns)   --->   "%acc_97_read = read i32 @_ssdm_op_Read.ap_auto.float, i32 %acc_97"   --->   Operation 53 'read' 'acc_97_read' <Predicate = true> <Delay = 0.00>
ST_1 : Operation 54 [1/1] (0.00ns)   --->   "%acc_96_read = read i32 @_ssdm_op_Read.ap_auto.float, i32 %acc_96"   --->   Operation 54 'read' 'acc_96_read' <Predicate = true> <Delay = 0.00>
ST_1 : Operation 55 [1/1] (0.00ns)   --->   "%acc_95_read = read i32 @_ssdm_op_Read.ap_auto.float, i32 %acc_95"   --->   Operation 55 'read' 'acc_95_read' <Predicate = true> <Delay = 0.00>
ST_1 : Operation 56 [1/1] (0.00ns)   --->   "%acc_94_read = read i32 @_ssdm_op_Read.ap_auto.float, i32 %acc_94"   --->   Operation 56 'read' 'acc_94_read' <Predicate = true> <Delay = 0.00>
ST_1 : Operation 57 [1/1] (0.00ns)   --->   "%acc_93_read = read i32 @_ssdm_op_Read.ap_auto.float, i32 %acc_93"   --->   Operation 57 'read' 'acc_93_read' <Predicate = true> <Delay = 0.00>
ST_1 : Operation 58 [1/1] (0.00ns)   --->   "%acc_92_read = read i32 @_ssdm_op_Read.ap_auto.float, i32 %acc_92"   --->   Operation 58 'read' 'acc_92_read' <Predicate = true> <Delay = 0.00>
ST_1 : Operation 59 [1/1] (0.00ns)   --->   "%acc_91_read = read i32 @_ssdm_op_Read.ap_auto.float, i32 %acc_91"   --->   Operation 59 'read' 'acc_91_read' <Predicate = true> <Delay = 0.00>
ST_1 : Operation 60 [1/1] (0.00ns)   --->   "%acc_90_read = read i32 @_ssdm_op_Read.ap_auto.float, i32 %acc_90"   --->   Operation 60 'read' 'acc_90_read' <Predicate = true> <Delay = 0.00>
ST_1 : Operation 61 [1/1] (0.00ns)   --->   "%acc_89_read = read i32 @_ssdm_op_Read.ap_auto.float, i32 %acc_89"   --->   Operation 61 'read' 'acc_89_read' <Predicate = true> <Delay = 0.00>
ST_1 : Operation 62 [1/1] (0.00ns)   --->   "%acc_88_read = read i32 @_ssdm_op_Read.ap_auto.float, i32 %acc_88"   --->   Operation 62 'read' 'acc_88_read' <Predicate = true> <Delay = 0.00>
ST_1 : Operation 63 [1/1] (0.00ns)   --->   "%acc_87_read = read i32 @_ssdm_op_Read.ap_auto.float, i32 %acc_87"   --->   Operation 63 'read' 'acc_87_read' <Predicate = true> <Delay = 0.00>
ST_1 : Operation 64 [1/1] (0.00ns)   --->   "%acc_86_read = read i32 @_ssdm_op_Read.ap_auto.float, i32 %acc_86"   --->   Operation 64 'read' 'acc_86_read' <Predicate = true> <Delay = 0.00>
ST_1 : Operation 65 [1/1] (0.00ns)   --->   "%acc_85_read = read i32 @_ssdm_op_Read.ap_auto.float, i32 %acc_85"   --->   Operation 65 'read' 'acc_85_read' <Predicate = true> <Delay = 0.00>
ST_1 : Operation 66 [1/1] (0.00ns)   --->   "%acc_84_read = read i32 @_ssdm_op_Read.ap_auto.float, i32 %acc_84"   --->   Operation 66 'read' 'acc_84_read' <Predicate = true> <Delay = 0.00>
ST_1 : Operation 67 [1/1] (0.00ns)   --->   "%acc_83_read = read i32 @_ssdm_op_Read.ap_auto.float, i32 %acc_83"   --->   Operation 67 'read' 'acc_83_read' <Predicate = true> <Delay = 0.00>
ST_1 : Operation 68 [1/1] (0.00ns)   --->   "%acc_82_read = read i32 @_ssdm_op_Read.ap_auto.float, i32 %acc_82"   --->   Operation 68 'read' 'acc_82_read' <Predicate = true> <Delay = 0.00>
ST_1 : Operation 69 [1/1] (0.00ns)   --->   "%acc_81_read = read i32 @_ssdm_op_Read.ap_auto.float, i32 %acc_81"   --->   Operation 69 'read' 'acc_81_read' <Predicate = true> <Delay = 0.00>
ST_1 : Operation 70 [1/1] (0.00ns)   --->   "%acc_80_read = read i32 @_ssdm_op_Read.ap_auto.float, i32 %acc_80"   --->   Operation 70 'read' 'acc_80_read' <Predicate = true> <Delay = 0.00>
ST_1 : Operation 71 [1/1] (0.00ns)   --->   "%acc_79_read = read i32 @_ssdm_op_Read.ap_auto.float, i32 %acc_79"   --->   Operation 71 'read' 'acc_79_read' <Predicate = true> <Delay = 0.00>
ST_1 : Operation 72 [1/1] (0.00ns)   --->   "%acc_78_read = read i32 @_ssdm_op_Read.ap_auto.float, i32 %acc_78"   --->   Operation 72 'read' 'acc_78_read' <Predicate = true> <Delay = 0.00>
ST_1 : Operation 73 [1/1] (0.00ns)   --->   "%acc_77_read = read i32 @_ssdm_op_Read.ap_auto.float, i32 %acc_77"   --->   Operation 73 'read' 'acc_77_read' <Predicate = true> <Delay = 0.00>
ST_1 : Operation 74 [1/1] (0.00ns)   --->   "%acc_76_read = read i32 @_ssdm_op_Read.ap_auto.float, i32 %acc_76"   --->   Operation 74 'read' 'acc_76_read' <Predicate = true> <Delay = 0.00>
ST_1 : Operation 75 [1/1] (0.00ns)   --->   "%acc_75_read = read i32 @_ssdm_op_Read.ap_auto.float, i32 %acc_75"   --->   Operation 75 'read' 'acc_75_read' <Predicate = true> <Delay = 0.00>
ST_1 : Operation 76 [1/1] (0.00ns)   --->   "%acc_74_read = read i32 @_ssdm_op_Read.ap_auto.float, i32 %acc_74"   --->   Operation 76 'read' 'acc_74_read' <Predicate = true> <Delay = 0.00>
ST_1 : Operation 77 [1/1] (0.00ns)   --->   "%acc_73_read = read i32 @_ssdm_op_Read.ap_auto.float, i32 %acc_73"   --->   Operation 77 'read' 'acc_73_read' <Predicate = true> <Delay = 0.00>
ST_1 : Operation 78 [1/1] (0.00ns)   --->   "%acc_72_read = read i32 @_ssdm_op_Read.ap_auto.float, i32 %acc_72"   --->   Operation 78 'read' 'acc_72_read' <Predicate = true> <Delay = 0.00>
ST_1 : Operation 79 [1/1] (0.00ns)   --->   "%acc_71_read = read i32 @_ssdm_op_Read.ap_auto.float, i32 %acc_71"   --->   Operation 79 'read' 'acc_71_read' <Predicate = true> <Delay = 0.00>
ST_1 : Operation 80 [1/1] (0.00ns)   --->   "%acc_70_read = read i32 @_ssdm_op_Read.ap_auto.float, i32 %acc_70"   --->   Operation 80 'read' 'acc_70_read' <Predicate = true> <Delay = 0.00>
ST_1 : Operation 81 [1/1] (0.00ns)   --->   "%acc_69_read = read i32 @_ssdm_op_Read.ap_auto.float, i32 %acc_69"   --->   Operation 81 'read' 'acc_69_read' <Predicate = true> <Delay = 0.00>
ST_1 : Operation 82 [1/1] (0.00ns)   --->   "%acc_68_read = read i32 @_ssdm_op_Read.ap_auto.float, i32 %acc_68"   --->   Operation 82 'read' 'acc_68_read' <Predicate = true> <Delay = 0.00>
ST_1 : Operation 83 [1/1] (0.00ns)   --->   "%acc_67_read = read i32 @_ssdm_op_Read.ap_auto.float, i32 %acc_67"   --->   Operation 83 'read' 'acc_67_read' <Predicate = true> <Delay = 0.00>
ST_1 : Operation 84 [1/1] (0.00ns)   --->   "%acc_66_read = read i32 @_ssdm_op_Read.ap_auto.float, i32 %acc_66"   --->   Operation 84 'read' 'acc_66_read' <Predicate = true> <Delay = 0.00>
ST_1 : Operation 85 [1/1] (0.00ns)   --->   "%acc_65_read = read i32 @_ssdm_op_Read.ap_auto.float, i32 %acc_65"   --->   Operation 85 'read' 'acc_65_read' <Predicate = true> <Delay = 0.00>
ST_1 : Operation 86 [1/1] (0.00ns)   --->   "%acc_64_read = read i32 @_ssdm_op_Read.ap_auto.float, i32 %acc_64"   --->   Operation 86 'read' 'acc_64_read' <Predicate = true> <Delay = 0.00>
ST_1 : Operation 87 [1/1] (0.00ns)   --->   "%sext_ln125_read = read i62 @_ssdm_op_Read.ap_auto.i62, i62 %sext_ln125"   --->   Operation 87 'read' 'sext_ln125_read' <Predicate = true> <Delay = 0.00>
ST_1 : Operation 88 [1/1] (0.00ns)   --->   "%sext_ln125_cast = sext i62 %sext_ln125_read"   --->   Operation 88 'sext' 'sext_ln125_cast' <Predicate = true> <Delay = 0.00>
ST_1 : Operation 89 [1/1] (0.00ns)   --->   "%specinterface_ln0 = specinterface void @_ssdm_op_SpecInterface, i32 %gmem3, void @empty_2, i32 0, i32 0, void @empty_3, i32 0, i32 64, void @empty_7, void @empty_13, void @empty_3, i32 16, i32 16, i32 16, i32 16, void @empty_3, void @empty_3, i32 4294967295, i32 0"   --->   Operation 89 'specinterface' 'specinterface_ln0' <Predicate = true> <Delay = 0.00>
ST_1 : Operation 90 [1/1] (1.58ns)   --->   "%store_ln0 = store i7 0, i7 %d"   --->   Operation 90 'store' 'store_ln0' <Predicate = true> <Delay = 1.58>
ST_1 : Operation 91 [1/1] (0.00ns)   --->   "%br_ln0 = br void %for.inc158"   --->   Operation 91 'br' 'br_ln0' <Predicate = true> <Delay = 0.00>
ST_1 : Operation 92 [1/1] (0.00ns)   --->   "%d_1 = load i7 %d" [attention_tile.cpp:125]   --->   Operation 92 'load' 'd_1' <Predicate = true> <Delay = 0.00>
ST_1 : Operation 93 [1/1] (1.48ns)   --->   "%icmp_ln125 = icmp_eq  i7 %d_1, i7 64" [attention_tile.cpp:125]   --->   Operation 93 'icmp' 'icmp_ln125' <Predicate = true> <Delay = 1.48> <CoreInst = "Cmp">   --->   Core 9 'Cmp' <Latency = 0> <II = 1> <Delay = 1.48> <FuncUnit> <Opcode : 'icmp'> <InPorts = 2> <OutPorts = 1>
ST_1 : Operation 94 [1/1] (1.87ns)   --->   "%add_ln125 = add i7 %d_1, i7 1" [attention_tile.cpp:125]   --->   Operation 94 'add' 'add_ln125' <Predicate = true> <Delay = 1.87> <CoreInst = "Adder">   --->   Core 1 'Adder' <Latency = 0> <II = 1> <Delay = 1.87> <FuncUnit> <Opcode : 'add' 'sub'> <InPorts = 2> <OutPorts = 1>
ST_1 : Operation 95 [1/1] (0.00ns)   --->   "%br_ln125 = br i1 %icmp_ln125, void %for.inc158.split, void %for.end160.exitStub" [attention_tile.cpp:125]   --->   Operation 95 'br' 'br_ln125' <Predicate = true> <Delay = 0.00>
ST_1 : Operation 96 [1/1] (3.13ns)   --->   "%tmp = mux i32 @_ssdm_op_Mux.ap_auto.64float.i7, i32 %acc_64_read, i32 %acc_65_read, i32 %acc_66_read, i32 %acc_67_read, i32 %acc_68_read, i32 %acc_69_read, i32 %acc_70_read, i32 %acc_71_read, i32 %acc_72_read, i32 %acc_73_read, i32 %acc_74_read, i32 %acc_75_read, i32 %acc_76_read, i32 %acc_77_read, i32 %acc_78_read, i32 %acc_79_read, i32 %acc_80_read, i32 %acc_81_read, i32 %acc_82_read, i32 %acc_83_read, i32 %acc_84_read, i32 %acc_85_read, i32 %acc_86_read, i32 %acc_87_read, i32 %acc_88_read, i32 %acc_89_read, i32 %acc_90_read, i32 %acc_91_read, i32 %acc_92_read, i32 %acc_93_read, i32 %acc_94_read, i32 %acc_95_read, i32 %acc_96_read, i32 %acc_97_read, i32 %acc_98_read, i32 %acc_99_read, i32 %acc_100_read, i32 %acc_101_read, i32 %acc_102_read, i32 %acc_103_read, i32 %acc_104_read, i32 %acc_105_read, i32 %acc_106_read, i32 %acc_107_read, i32 %acc_108_read, i32 %acc_109_read, i32 %acc_110_read, i32 %acc_111_read, i32 %acc_112_read, i32 %acc_113_read, i32 %acc_114_read, i32 %acc_115_read, i32 %acc_116_read, i32 %acc_117_read, i32 %acc_118_read, i32 %acc_119_read, i32 %acc_120_read, i32 %acc_121_read, i32 %acc_122_read, i32 %acc_123_read, i32 %acc_124_read, i32 %acc_125_read, i32 %acc_126_read, i32 %acc_127_read, i7 %d_1" [attention_tile.cpp:127]   --->   Operation 96 'mux' 'tmp' <Predicate = (!icmp_ln125)> <Delay = 3.13> <CoreInst = "Multiplexer">   --->   Core 76 'Multiplexer' <Latency = 0> <II = 1> <Delay = 3.13> <FuncUnit> <Opcode : 'mux'> <InPorts = 2> <OutPorts = 1>
ST_1 : Operation 97 [1/1] (1.58ns)   --->   "%store_ln125 = store i7 %add_ln125, i7 %d" [attention_tile.cpp:125]   --->   Operation 97 'store' 'store_ln125' <Predicate = (!icmp_ln125)> <Delay = 1.58>

State 2 <SV = 1> <Delay = 6.07>
ST_2 : Operation 98 [16/16] (6.07ns)   --->   "%div = fdiv i32 %tmp, i32 %l_read" [attention_tile.cpp:127]   --->   Operation 98 'fdiv' 'div' <Predicate = (!icmp_ln125)> <Delay = 6.07> <CoreInst = "FDiv">   --->   Core 20 'FDiv' <Latency = 15> <II = 1> <Delay = 6.07> <FuncUnit> <Opcode : 'fdiv' 'frem'> <InPorts = 2> <OutPorts = 1>

State 3 <SV = 2> <Delay = 6.07>
ST_3 : Operation 99 [15/16] (6.07ns)   --->   "%div = fdiv i32 %tmp, i32 %l_read" [attention_tile.cpp:127]   --->   Operation 99 'fdiv' 'div' <Predicate = (!icmp_ln125)> <Delay = 6.07> <CoreInst = "FDiv">   --->   Core 20 'FDiv' <Latency = 15> <II = 1> <Delay = 6.07> <FuncUnit> <Opcode : 'fdiv' 'frem'> <InPorts = 2> <OutPorts = 1>

State 4 <SV = 3> <Delay = 6.07>
ST_4 : Operation 100 [14/16] (6.07ns)   --->   "%div = fdiv i32 %tmp, i32 %l_read" [attention_tile.cpp:127]   --->   Operation 100 'fdiv' 'div' <Predicate = (!icmp_ln125)> <Delay = 6.07> <CoreInst = "FDiv">   --->   Core 20 'FDiv' <Latency = 15> <II = 1> <Delay = 6.07> <FuncUnit> <Opcode : 'fdiv' 'frem'> <InPorts = 2> <OutPorts = 1>

State 5 <SV = 4> <Delay = 6.07>
ST_5 : Operation 101 [13/16] (6.07ns)   --->   "%div = fdiv i32 %tmp, i32 %l_read" [attention_tile.cpp:127]   --->   Operation 101 'fdiv' 'div' <Predicate = (!icmp_ln125)> <Delay = 6.07> <CoreInst = "FDiv">   --->   Core 20 'FDiv' <Latency = 15> <II = 1> <Delay = 6.07> <FuncUnit> <Opcode : 'fdiv' 'frem'> <InPorts = 2> <OutPorts = 1>

State 6 <SV = 5> <Delay = 6.07>
ST_6 : Operation 102 [12/16] (6.07ns)   --->   "%div = fdiv i32 %tmp, i32 %l_read" [attention_tile.cpp:127]   --->   Operation 102 'fdiv' 'div' <Predicate = (!icmp_ln125)> <Delay = 6.07> <CoreInst = "FDiv">   --->   Core 20 'FDiv' <Latency = 15> <II = 1> <Delay = 6.07> <FuncUnit> <Opcode : 'fdiv' 'frem'> <InPorts = 2> <OutPorts = 1>

State 7 <SV = 6> <Delay = 6.07>
ST_7 : Operation 103 [11/16] (6.07ns)   --->   "%div = fdiv i32 %tmp, i32 %l_read" [attention_tile.cpp:127]   --->   Operation 103 'fdiv' 'div' <Predicate = (!icmp_ln125)> <Delay = 6.07> <CoreInst = "FDiv">   --->   Core 20 'FDiv' <Latency = 15> <II = 1> <Delay = 6.07> <FuncUnit> <Opcode : 'fdiv' 'frem'> <InPorts = 2> <OutPorts = 1>

State 8 <SV = 7> <Delay = 6.07>
ST_8 : Operation 104 [10/16] (6.07ns)   --->   "%div = fdiv i32 %tmp, i32 %l_read" [attention_tile.cpp:127]   --->   Operation 104 'fdiv' 'div' <Predicate = (!icmp_ln125)> <Delay = 6.07> <CoreInst = "FDiv">   --->   Core 20 'FDiv' <Latency = 15> <II = 1> <Delay = 6.07> <FuncUnit> <Opcode : 'fdiv' 'frem'> <InPorts = 2> <OutPorts = 1>

State 9 <SV = 8> <Delay = 6.07>
ST_9 : Operation 105 [9/16] (6.07ns)   --->   "%div = fdiv i32 %tmp, i32 %l_read" [attention_tile.cpp:127]   --->   Operation 105 'fdiv' 'div' <Predicate = (!icmp_ln125)> <Delay = 6.07> <CoreInst = "FDiv">   --->   Core 20 'FDiv' <Latency = 15> <II = 1> <Delay = 6.07> <FuncUnit> <Opcode : 'fdiv' 'frem'> <InPorts = 2> <OutPorts = 1>

State 10 <SV = 9> <Delay = 6.07>
ST_10 : Operation 106 [8/16] (6.07ns)   --->   "%div = fdiv i32 %tmp, i32 %l_read" [attention_tile.cpp:127]   --->   Operation 106 'fdiv' 'div' <Predicate = (!icmp_ln125)> <Delay = 6.07> <CoreInst = "FDiv">   --->   Core 20 'FDiv' <Latency = 15> <II = 1> <Delay = 6.07> <FuncUnit> <Opcode : 'fdiv' 'frem'> <InPorts = 2> <OutPorts = 1>

State 11 <SV = 10> <Delay = 6.07>
ST_11 : Operation 107 [7/16] (6.07ns)   --->   "%div = fdiv i32 %tmp, i32 %l_read" [attention_tile.cpp:127]   --->   Operation 107 'fdiv' 'div' <Predicate = (!icmp_ln125)> <Delay = 6.07> <CoreInst = "FDiv">   --->   Core 20 'FDiv' <Latency = 15> <II = 1> <Delay = 6.07> <FuncUnit> <Opcode : 'fdiv' 'frem'> <InPorts = 2> <OutPorts = 1>

State 12 <SV = 11> <Delay = 6.07>
ST_12 : Operation 108 [6/16] (6.07ns)   --->   "%div = fdiv i32 %tmp, i32 %l_read" [attention_tile.cpp:127]   --->   Operation 108 'fdiv' 'div' <Predicate = (!icmp_ln125)> <Delay = 6.07> <CoreInst = "FDiv">   --->   Core 20 'FDiv' <Latency = 15> <II = 1> <Delay = 6.07> <FuncUnit> <Opcode : 'fdiv' 'frem'> <InPorts = 2> <OutPorts = 1>

State 13 <SV = 12> <Delay = 6.07>
ST_13 : Operation 109 [5/16] (6.07ns)   --->   "%div = fdiv i32 %tmp, i32 %l_read" [attention_tile.cpp:127]   --->   Operation 109 'fdiv' 'div' <Predicate = (!icmp_ln125)> <Delay = 6.07> <CoreInst = "FDiv">   --->   Core 20 'FDiv' <Latency = 15> <II = 1> <Delay = 6.07> <FuncUnit> <Opcode : 'fdiv' 'frem'> <InPorts = 2> <OutPorts = 1>

State 14 <SV = 13> <Delay = 6.07>
ST_14 : Operation 110 [4/16] (6.07ns)   --->   "%div = fdiv i32 %tmp, i32 %l_read" [attention_tile.cpp:127]   --->   Operation 110 'fdiv' 'div' <Predicate = (!icmp_ln125)> <Delay = 6.07> <CoreInst = "FDiv">   --->   Core 20 'FDiv' <Latency = 15> <II = 1> <Delay = 6.07> <FuncUnit> <Opcode : 'fdiv' 'frem'> <InPorts = 2> <OutPorts = 1>

State 15 <SV = 14> <Delay = 6.07>
ST_15 : Operation 111 [3/16] (6.07ns)   --->   "%div = fdiv i32 %tmp, i32 %l_read" [attention_tile.cpp:127]   --->   Operation 111 'fdiv' 'div' <Predicate = (!icmp_ln125)> <Delay = 6.07> <CoreInst = "FDiv">   --->   Core 20 'FDiv' <Latency = 15> <II = 1> <Delay = 6.07> <FuncUnit> <Opcode : 'fdiv' 'frem'> <InPorts = 2> <OutPorts = 1>

State 16 <SV = 15> <Delay = 6.07>
ST_16 : Operation 112 [2/16] (6.07ns)   --->   "%div = fdiv i32 %tmp, i32 %l_read" [attention_tile.cpp:127]   --->   Operation 112 'fdiv' 'div' <Predicate = (!icmp_ln125)> <Delay = 6.07> <CoreInst = "FDiv">   --->   Core 20 'FDiv' <Latency = 15> <II = 1> <Delay = 6.07> <FuncUnit> <Opcode : 'fdiv' 'frem'> <InPorts = 2> <OutPorts = 1>

State 17 <SV = 16> <Delay = 6.07>
ST_17 : Operation 113 [1/1] (0.00ns)   --->   "%specbitsmap_ln0 = specbitsmap void @_ssdm_op_SpecBitsMap, i32 %gmem3"   --->   Operation 113 'specbitsmap' 'specbitsmap_ln0' <Predicate = true> <Delay = 0.00>
ST_17 : Operation 114 [1/1] (0.00ns)   --->   "%gmem3_addr = getelementptr i32 %gmem3, i64 %sext_ln125_cast" [attention_tile.cpp:125]   --->   Operation 114 'getelementptr' 'gmem3_addr' <Predicate = true> <Delay = 0.00>
ST_17 : Operation 115 [1/1] (0.00ns)   --->   "%empty = speclooptripcount i32 @_ssdm_op_SpecLoopTripCount, i64 64, i64 64, i64 64"   --->   Operation 115 'speclooptripcount' 'empty' <Predicate = true> <Delay = 0.00>
ST_17 : Operation 116 [1/16] (6.07ns)   --->   "%div = fdiv i32 %tmp, i32 %l_read" [attention_tile.cpp:127]   --->   Operation 116 'fdiv' 'div' <Predicate = (!icmp_ln125)> <Delay = 6.07> <CoreInst = "FDiv">   --->   Core 20 'FDiv' <Latency = 15> <II = 1> <Delay = 6.07> <FuncUnit> <Opcode : 'fdiv' 'frem'> <InPorts = 2> <OutPorts = 1>
ST_17 : Operation 122 [1/1] (0.00ns)   --->   "%ret_ln0 = ret"   --->   Operation 122 'ret' 'ret_ln0' <Predicate = (icmp_ln125)> <Delay = 0.00>

State 18 <SV = 17> <Delay = 7.30>
ST_18 : Operation 117 [1/1] (0.00ns)   --->   "%specpipeline_ln126 = specpipeline void @_ssdm_op_SpecPipeline, i32 1, i32 0, i32 0, i32 0, void @empty_3" [attention_tile.cpp:126]   --->   Operation 117 'specpipeline' 'specpipeline_ln126' <Predicate = true> <Delay = 0.00>
ST_18 : Operation 118 [1/1] (0.00ns)   --->   "%specloopname_ln125 = specloopname void @_ssdm_op_SpecLoopName, void @empty_14" [attention_tile.cpp:125]   --->   Operation 118 'specloopname' 'specloopname_ln125' <Predicate = true> <Delay = 0.00>
ST_18 : Operation 119 [1/1] (0.00ns)   --->   "%bitcast_ln127 = bitcast i32 %div" [attention_tile.cpp:127]   --->   Operation 119 'bitcast' 'bitcast_ln127' <Predicate = true> <Delay = 0.00>
ST_18 : Operation 120 [1/1] (7.30ns)   --->   "%write_ln127 = write void @_ssdm_op_Write.m_axi.p1i32, i32 %gmem3_addr, i32 %bitcast_ln127, i4 15" [attention_tile.cpp:127]   --->   Operation 120 'write' 'write_ln127' <Predicate = true> <Delay = 7.30> <CoreInst = "m_axi">   --->   Core 113 'm_axi' <Latency = 0> <II = 1> <Delay = 1.00> <Adapter> <Opcode : 'read' 'write' 'readreq' 'writereq' 'writeresp'>
ST_18 : Operation 121 [1/1] (0.00ns)   --->   "%br_ln125 = br void %for.inc158" [attention_tile.cpp:125]   --->   Operation 121 'br' 'br_ln125' <Predicate = true> <Delay = 0.00>


============================================================
+ Verbose Summary: Timing violations
============================================================
Target clock period: 10ns, clock uncertainty: 2.7ns.

 <State 1>: 3.46ns
The critical path consists of the following:
	'alloca' operation ('d') [68]  (0 ns)
	'load' operation ('d', attention_tile.cpp:125) on local variable 'd' [140]  (0 ns)
	'add' operation ('add_ln125', attention_tile.cpp:125) [145]  (1.87 ns)
	'store' operation ('store_ln125', attention_tile.cpp:125) of variable 'add_ln125', attention_tile.cpp:125 on local variable 'd' [154]  (1.59 ns)

 <State 2>: 6.08ns
The critical path consists of the following:
	'fdiv' operation ('div', attention_tile.cpp:127) [151]  (6.08 ns)

 <State 3>: 6.08ns
The critical path consists of the following:
	'fdiv' operation ('div', attention_tile.cpp:127) [151]  (6.08 ns)

 <State 4>: 6.08ns
The critical path consists of the following:
	'fdiv' operation ('div', attention_tile.cpp:127) [151]  (6.08 ns)

 <State 5>: 6.08ns
The critical path consists of the following:
	'fdiv' operation ('div', attention_tile.cpp:127) [151]  (6.08 ns)

 <State 6>: 6.08ns
The critical path consists of the following:
	'fdiv' operation ('div', attention_tile.cpp:127) [151]  (6.08 ns)

 <State 7>: 6.08ns
The critical path consists of the following:
	'fdiv' operation ('div', attention_tile.cpp:127) [151]  (6.08 ns)

 <State 8>: 6.08ns
The critical path consists of the following:
	'fdiv' operation ('div', attention_tile.cpp:127) [151]  (6.08 ns)

 <State 9>: 6.08ns
The critical path consists of the following:
	'fdiv' operation ('div', attention_tile.cpp:127) [151]  (6.08 ns)

 <State 10>: 6.08ns
The critical path consists of the following:
	'fdiv' operation ('div', attention_tile.cpp:127) [151]  (6.08 ns)

 <State 11>: 6.08ns
The critical path consists of the following:
	'fdiv' operation ('div', attention_tile.cpp:127) [151]  (6.08 ns)

 <State 12>: 6.08ns
The critical path consists of the following:
	'fdiv' operation ('div', attention_tile.cpp:127) [151]  (6.08 ns)

 <State 13>: 6.08ns
The critical path consists of the following:
	'fdiv' operation ('div', attention_tile.cpp:127) [151]  (6.08 ns)

 <State 14>: 6.08ns
The critical path consists of the following:
	'fdiv' operation ('div', attention_tile.cpp:127) [151]  (6.08 ns)

 <State 15>: 6.08ns
The critical path consists of the following:
	'fdiv' operation ('div', attention_tile.cpp:127) [151]  (6.08 ns)

 <State 16>: 6.08ns
The critical path consists of the following:
	'fdiv' operation ('div', attention_tile.cpp:127) [151]  (6.08 ns)

 <State 17>: 6.08ns
The critical path consists of the following:
	'fdiv' operation ('div', attention_tile.cpp:127) [151]  (6.08 ns)

 <State 18>: 7.3ns
The critical path consists of the following:
	bus write operation ('write_ln127', attention_tile.cpp:127) on port 'gmem3' (attention_tile.cpp:127) [153]  (7.3 ns)


============================================================
+ Verbose Summary: Binding
============================================================
N/A
* FSMD analyzer results:
  - Output states:
 - Input state : 
  - Chain level:
	State 1
	State 2
	State 3
	State 4
	State 5
	State 6
	State 7
	State 8
	State 9
	State 10
	State 11
	State 12
	State 13
	State 14
	State 15
	State 16
	State 17
	State 18


============================================================
+ Verbose Summary: Datapath Resource usage 
============================================================
N/A
