

================================================================
== Vitis HLS Report for 'streaming_attention_Pipeline_BETA'
================================================================
* Date:           Sat Jun 20 05:22:10 2026

* Version:        2022.1 (Build 3526262 on Mon Apr 18 15:47:01 MDT 2022)
* Project:        stream_attn_hls
* Solution:       sol1 (Vivado IP Flow Target)
* Product family: zynq
* Target device:  xc7z020-clg400-1


================================================================
== Performance Estimates
================================================================
+ Timing: 
    * Summary: 
    +--------+----------+----------+------------+
    |  Clock |  Target  | Estimated| Uncertainty|
    +--------+----------+----------+------------+
    |ap_clk  |  10.00 ns|  8.844 ns|     2.70 ns|
    +--------+----------+----------+------------+

+ Latency: 
    * Summary: 
    +---------+---------+----------+----------+-----+-----+---------+
    |  Latency (cycles) |  Latency (absolute) |  Interval | Pipeline|
    |   min   |   max   |    min   |    max   | min | max |   Type  |
    +---------+---------+----------+----------+-----+-----+---------+
    |       82|       82|  0.820 us|  0.820 us|   82|   82|       no|
    +---------+---------+----------+----------+-----+-----+---------+

    + Detail: 
        * Instance: 
        N/A

        * Loop: 
        +----------+---------+---------+----------+-----------+-----------+------+----------+
        |          |  Latency (cycles) | Iteration|  Initiation Interval  | Trip |          |
        | Loop Name|   min   |   max   |  Latency |  achieved |   target  | Count| Pipelined|
        +----------+---------+---------+----------+-----------+-----------+------+----------+
        |- BETA    |       80|       80|        21|          4|          1|    16|       yes|
        +----------+---------+---------+----------+-----------+-----------+------+----------+

============================================================
+ Verbose Summary: Synthesis Manager
============================================================
InlineROM: 1
ExposeGlobal: 0
============================================================
+ Verbose Summary: CDFG Model
============================================================
IsTopModel: 0
ResetActiveHigh: 1
IsCombinational: 0
IsDatapathOnly: 0
HasWiredReturn: 1
HasMFsm: 2
HasVarLatency: 1
IsPipeline: 0
IsRtlPipelined: 0
IsInstanceOverlapped: 0
IsDontTouch: 0
HasImplIP: 0
IsGatedGlobalClock: 0

+ Individual pipeline summary: 
  * Pipeline-0: initiation interval (II) = 4, depth = 21


============================================================
+ Verbose Summary: Schedule
============================================================
* Number of FSM states : 21
* Pipeline : 1
  Pipeline-0 : II = 4, D = 21, States = { 1 2 3 4 5 6 7 8 9 10 11 12 13 14 15 16 17 18 19 20 21 }
* Dataflow Pipeline: 0

* FSM state transitions: 
1 --> 2 
2 --> 3 
3 --> 4 
4 --> 5 
5 --> 6 
6 --> 7 
7 --> 8 
8 --> 9 
9 --> 10 
10 --> 11 
11 --> 12 
12 --> 13 
13 --> 14 
14 --> 15 
15 --> 16 
16 --> 17 
17 --> 18 
18 --> 19 
19 --> 20 
20 --> 21 
21 --> 

* FSM state operations: 

State 1 <SV = 0> <Delay = 2.06>
ST_1 : Operation 24 [1/1] (0.00ns)   --->   "%l_tile = alloca i32 1"   --->   Operation 24 'alloca' 'l_tile' <Predicate = true> <Delay = 0.00>
ST_1 : Operation 25 [1/1] (0.00ns)   --->   "%j = alloca i32 1"   --->   Operation 25 'alloca' 'j' <Predicate = true> <Delay = 0.00>
ST_1 : Operation 26 [1/1] (0.00ns)   --->   "%beta = alloca i32 1"   --->   Operation 26 'alloca' 'beta' <Predicate = true> <Delay = 0.00>
ST_1 : Operation 27 [1/1] (0.00ns)   --->   "%beta_1 = alloca i32 1"   --->   Operation 27 'alloca' 'beta_1' <Predicate = true> <Delay = 0.00>
ST_1 : Operation 28 [1/1] (0.00ns)   --->   "%beta_2 = alloca i32 1"   --->   Operation 28 'alloca' 'beta_2' <Predicate = true> <Delay = 0.00>
ST_1 : Operation 29 [1/1] (0.00ns)   --->   "%beta_3 = alloca i32 1"   --->   Operation 29 'alloca' 'beta_3' <Predicate = true> <Delay = 0.00>
ST_1 : Operation 30 [1/1] (0.00ns)   --->   "%beta_4 = alloca i32 1"   --->   Operation 30 'alloca' 'beta_4' <Predicate = true> <Delay = 0.00>
ST_1 : Operation 31 [1/1] (0.00ns)   --->   "%beta_5 = alloca i32 1"   --->   Operation 31 'alloca' 'beta_5' <Predicate = true> <Delay = 0.00>
ST_1 : Operation 32 [1/1] (0.00ns)   --->   "%beta_6 = alloca i32 1"   --->   Operation 32 'alloca' 'beta_6' <Predicate = true> <Delay = 0.00>
ST_1 : Operation 33 [1/1] (0.00ns)   --->   "%beta_7 = alloca i32 1"   --->   Operation 33 'alloca' 'beta_7' <Predicate = true> <Delay = 0.00>
ST_1 : Operation 34 [1/1] (0.00ns)   --->   "%beta_8 = alloca i32 1"   --->   Operation 34 'alloca' 'beta_8' <Predicate = true> <Delay = 0.00>
ST_1 : Operation 35 [1/1] (0.00ns)   --->   "%beta_9 = alloca i32 1"   --->   Operation 35 'alloca' 'beta_9' <Predicate = true> <Delay = 0.00>
ST_1 : Operation 36 [1/1] (0.00ns)   --->   "%beta_10 = alloca i32 1"   --->   Operation 36 'alloca' 'beta_10' <Predicate = true> <Delay = 0.00>
ST_1 : Operation 37 [1/1] (0.00ns)   --->   "%beta_11 = alloca i32 1"   --->   Operation 37 'alloca' 'beta_11' <Predicate = true> <Delay = 0.00>
ST_1 : Operation 38 [1/1] (0.00ns)   --->   "%beta_12 = alloca i32 1"   --->   Operation 38 'alloca' 'beta_12' <Predicate = true> <Delay = 0.00>
ST_1 : Operation 39 [1/1] (0.00ns)   --->   "%beta_13 = alloca i32 1"   --->   Operation 39 'alloca' 'beta_13' <Predicate = true> <Delay = 0.00>
ST_1 : Operation 40 [1/1] (0.00ns)   --->   "%beta_14 = alloca i32 1"   --->   Operation 40 'alloca' 'beta_14' <Predicate = true> <Delay = 0.00>
ST_1 : Operation 41 [1/1] (0.00ns)   --->   "%beta_15 = alloca i32 1"   --->   Operation 41 'alloca' 'beta_15' <Predicate = true> <Delay = 0.00>
ST_1 : Operation 42 [1/1] (0.00ns)   --->   "%tile_max_reload_read = read i32 @_ssdm_op_Read.ap_auto.float, i32 %tile_max_reload"   --->   Operation 42 'read' 'tile_max_reload_read' <Predicate = true> <Delay = 0.00>
ST_1 : Operation 43 [1/1] (0.00ns)   --->   "%score_15_reload_read = read i32 @_ssdm_op_Read.ap_auto.float, i32 %score_15_reload"   --->   Operation 43 'read' 'score_15_reload_read' <Predicate = true> <Delay = 0.00>
ST_1 : Operation 44 [1/1] (0.00ns)   --->   "%score_14_reload_read = read i32 @_ssdm_op_Read.ap_auto.float, i32 %score_14_reload"   --->   Operation 44 'read' 'score_14_reload_read' <Predicate = true> <Delay = 0.00>
ST_1 : Operation 45 [1/1] (0.00ns)   --->   "%score_13_reload_read = read i32 @_ssdm_op_Read.ap_auto.float, i32 %score_13_reload"   --->   Operation 45 'read' 'score_13_reload_read' <Predicate = true> <Delay = 0.00>
ST_1 : Operation 46 [1/1] (0.00ns)   --->   "%score_12_reload_read = read i32 @_ssdm_op_Read.ap_auto.float, i32 %score_12_reload"   --->   Operation 46 'read' 'score_12_reload_read' <Predicate = true> <Delay = 0.00>
ST_1 : Operation 47 [1/1] (0.00ns)   --->   "%score_11_reload_read = read i32 @_ssdm_op_Read.ap_auto.float, i32 %score_11_reload"   --->   Operation 47 'read' 'score_11_reload_read' <Predicate = true> <Delay = 0.00>
ST_1 : Operation 48 [1/1] (0.00ns)   --->   "%score_10_reload_read = read i32 @_ssdm_op_Read.ap_auto.float, i32 %score_10_reload"   --->   Operation 48 'read' 'score_10_reload_read' <Predicate = true> <Delay = 0.00>
ST_1 : Operation 49 [1/1] (0.00ns)   --->   "%score_9_reload_read = read i32 @_ssdm_op_Read.ap_auto.float, i32 %score_9_reload"   --->   Operation 49 'read' 'score_9_reload_read' <Predicate = true> <Delay = 0.00>
ST_1 : Operation 50 [1/1] (0.00ns)   --->   "%score_8_reload_read = read i32 @_ssdm_op_Read.ap_auto.float, i32 %score_8_reload"   --->   Operation 50 'read' 'score_8_reload_read' <Predicate = true> <Delay = 0.00>
ST_1 : Operation 51 [1/1] (0.00ns)   --->   "%score_7_reload_read = read i32 @_ssdm_op_Read.ap_auto.float, i32 %score_7_reload"   --->   Operation 51 'read' 'score_7_reload_read' <Predicate = true> <Delay = 0.00>
ST_1 : Operation 52 [1/1] (0.00ns)   --->   "%score_6_reload_read = read i32 @_ssdm_op_Read.ap_auto.float, i32 %score_6_reload"   --->   Operation 52 'read' 'score_6_reload_read' <Predicate = true> <Delay = 0.00>
ST_1 : Operation 53 [1/1] (0.00ns)   --->   "%score_5_reload_read = read i32 @_ssdm_op_Read.ap_auto.float, i32 %score_5_reload"   --->   Operation 53 'read' 'score_5_reload_read' <Predicate = true> <Delay = 0.00>
ST_1 : Operation 54 [1/1] (0.00ns)   --->   "%score_4_reload_read = read i32 @_ssdm_op_Read.ap_auto.float, i32 %score_4_reload"   --->   Operation 54 'read' 'score_4_reload_read' <Predicate = true> <Delay = 0.00>
ST_1 : Operation 55 [1/1] (0.00ns)   --->   "%score_3_reload_read = read i32 @_ssdm_op_Read.ap_auto.float, i32 %score_3_reload"   --->   Operation 55 'read' 'score_3_reload_read' <Predicate = true> <Delay = 0.00>
ST_1 : Operation 56 [1/1] (0.00ns)   --->   "%score_2_reload_read = read i32 @_ssdm_op_Read.ap_auto.float, i32 %score_2_reload"   --->   Operation 56 'read' 'score_2_reload_read' <Predicate = true> <Delay = 0.00>
ST_1 : Operation 57 [1/1] (0.00ns)   --->   "%score_1_reload_read = read i32 @_ssdm_op_Read.ap_auto.float, i32 %score_1_reload"   --->   Operation 57 'read' 'score_1_reload_read' <Predicate = true> <Delay = 0.00>
ST_1 : Operation 58 [1/1] (0.00ns)   --->   "%score_reload_read = read i32 @_ssdm_op_Read.ap_auto.float, i32 %score_reload"   --->   Operation 58 'read' 'score_reload_read' <Predicate = true> <Delay = 0.00>
ST_1 : Operation 59 [1/1] (1.58ns)   --->   "%store_ln0 = store i5 0, i5 %j"   --->   Operation 59 'store' 'store_ln0' <Predicate = true> <Delay = 1.58>
ST_1 : Operation 60 [1/1] (1.58ns)   --->   "%store_ln0 = store i32 0, i32 %l_tile"   --->   Operation 60 'store' 'store_ln0' <Predicate = true> <Delay = 1.58>
ST_1 : Operation 61 [1/1] (0.00ns)   --->   "%br_ln0 = br void %for.inc111"   --->   Operation 61 'br' 'br_ln0' <Predicate = true> <Delay = 0.00>
ST_1 : Operation 62 [1/1] (0.00ns)   --->   "%j_2 = load i5 %j" [attention_tile.cpp:103]   --->   Operation 62 'load' 'j_2' <Predicate = true> <Delay = 0.00>
ST_1 : Operation 63 [1/1] (1.36ns)   --->   "%icmp_ln101 = icmp_eq  i5 %j_2, i5 16" [attention_tile.cpp:101]   --->   Operation 63 'icmp' 'icmp_ln101' <Predicate = true> <Delay = 1.36> <CoreInst = "Cmp">   --->   Core 9 'Cmp' <Latency = 0> <II = 1> <Delay = 1.36> <FuncUnit> <Opcode : 'icmp'> <InPorts = 2> <OutPorts = 1>
ST_1 : Operation 64 [1/1] (0.00ns)   --->   "%empty = speclooptripcount i32 @_ssdm_op_SpecLoopTripCount, i64 16, i64 16, i64 16"   --->   Operation 64 'speclooptripcount' 'empty' <Predicate = true> <Delay = 0.00>
ST_1 : Operation 65 [1/1] (1.78ns)   --->   "%add_ln101 = add i5 %j_2, i5 1" [attention_tile.cpp:101]   --->   Operation 65 'add' 'add_ln101' <Predicate = true> <Delay = 1.78> <CoreInst = "Adder">   --->   Core 1 'Adder' <Latency = 0> <II = 1> <Delay = 1.78> <FuncUnit> <Opcode : 'add' 'sub'> <InPorts = 2> <OutPorts = 1>
ST_1 : Operation 66 [1/1] (0.00ns)   --->   "%br_ln101 = br i1 %icmp_ln101, void %for.inc111.split, void %AV.exitStub" [attention_tile.cpp:101]   --->   Operation 66 'br' 'br_ln101' <Predicate = true> <Delay = 0.00>
ST_1 : Operation 67 [1/1] (2.06ns)   --->   "%tmp_4 = mux i32 @_ssdm_op_Mux.ap_auto.16float.i5, i32 %score_reload_read, i32 %score_1_reload_read, i32 %score_2_reload_read, i32 %score_3_reload_read, i32 %score_4_reload_read, i32 %score_5_reload_read, i32 %score_6_reload_read, i32 %score_7_reload_read, i32 %score_8_reload_read, i32 %score_9_reload_read, i32 %score_10_reload_read, i32 %score_11_reload_read, i32 %score_12_reload_read, i32 %score_13_reload_read, i32 %score_14_reload_read, i32 %score_15_reload_read, i5 %j_2" [attention_tile.cpp:103]   --->   Operation 67 'mux' 'tmp_4' <Predicate = (!icmp_ln101)> <Delay = 2.06> <CoreInst = "Multiplexer">   --->   Core 76 'Multiplexer' <Latency = 0> <II = 1> <Delay = 2.06> <FuncUnit> <Opcode : 'mux'> <InPorts = 2> <OutPorts = 1>
ST_1 : Operation 68 [1/1] (0.00ns)   --->   "%trunc_ln103 = trunc i5 %j_2" [attention_tile.cpp:103]   --->   Operation 68 'trunc' 'trunc_ln103' <Predicate = (!icmp_ln101)> <Delay = 0.00>
ST_1 : Operation 69 [1/1] (0.95ns)   --->   "%switch_ln103 = switch i4 %trunc_ln103, void %arrayidx107.case.15, i4 0, void %for.inc111.split.arrayidx107.exit_crit_edge, i4 1, void %for.inc111.split.arrayidx107.exit_crit_edge18, i4 2, void %arrayidx107.case.2, i4 3, void %arrayidx107.case.3, i4 4, void %arrayidx107.case.4, i4 5, void %arrayidx107.case.5, i4 6, void %arrayidx107.case.6, i4 7, void %arrayidx107.case.7, i4 8, void %arrayidx107.case.8, i4 9, void %arrayidx107.case.9, i4 10, void %arrayidx107.case.10, i4 11, void %arrayidx107.case.11, i4 12, void %arrayidx107.case.12, i4 13, void %arrayidx107.case.13, i4 14, void %arrayidx107.case.14" [attention_tile.cpp:103]   --->   Operation 69 'switch' 'switch_ln103' <Predicate = (!icmp_ln101)> <Delay = 0.95>
ST_1 : Operation 70 [1/1] (0.00ns)   --->   "%br_ln103 = br void %arrayidx107.exit" [attention_tile.cpp:103]   --->   Operation 70 'br' 'br_ln103' <Predicate = (!icmp_ln101 & trunc_ln103 == 14)> <Delay = 0.00>
ST_1 : Operation 71 [1/1] (0.00ns)   --->   "%br_ln103 = br void %arrayidx107.exit" [attention_tile.cpp:103]   --->   Operation 71 'br' 'br_ln103' <Predicate = (!icmp_ln101 & trunc_ln103 == 13)> <Delay = 0.00>
ST_1 : Operation 72 [1/1] (0.00ns)   --->   "%br_ln103 = br void %arrayidx107.exit" [attention_tile.cpp:103]   --->   Operation 72 'br' 'br_ln103' <Predicate = (!icmp_ln101 & trunc_ln103 == 12)> <Delay = 0.00>
ST_1 : Operation 73 [1/1] (0.00ns)   --->   "%br_ln103 = br void %arrayidx107.exit" [attention_tile.cpp:103]   --->   Operation 73 'br' 'br_ln103' <Predicate = (!icmp_ln101 & trunc_ln103 == 11)> <Delay = 0.00>
ST_1 : Operation 74 [1/1] (0.00ns)   --->   "%br_ln103 = br void %arrayidx107.exit" [attention_tile.cpp:103]   --->   Operation 74 'br' 'br_ln103' <Predicate = (!icmp_ln101 & trunc_ln103 == 10)> <Delay = 0.00>
ST_1 : Operation 75 [1/1] (0.00ns)   --->   "%br_ln103 = br void %arrayidx107.exit" [attention_tile.cpp:103]   --->   Operation 75 'br' 'br_ln103' <Predicate = (!icmp_ln101 & trunc_ln103 == 9)> <Delay = 0.00>
ST_1 : Operation 76 [1/1] (0.00ns)   --->   "%br_ln103 = br void %arrayidx107.exit" [attention_tile.cpp:103]   --->   Operation 76 'br' 'br_ln103' <Predicate = (!icmp_ln101 & trunc_ln103 == 8)> <Delay = 0.00>
ST_1 : Operation 77 [1/1] (0.00ns)   --->   "%br_ln103 = br void %arrayidx107.exit" [attention_tile.cpp:103]   --->   Operation 77 'br' 'br_ln103' <Predicate = (!icmp_ln101 & trunc_ln103 == 7)> <Delay = 0.00>
ST_1 : Operation 78 [1/1] (0.00ns)   --->   "%br_ln103 = br void %arrayidx107.exit" [attention_tile.cpp:103]   --->   Operation 78 'br' 'br_ln103' <Predicate = (!icmp_ln101 & trunc_ln103 == 6)> <Delay = 0.00>
ST_1 : Operation 79 [1/1] (0.00ns)   --->   "%br_ln103 = br void %arrayidx107.exit" [attention_tile.cpp:103]   --->   Operation 79 'br' 'br_ln103' <Predicate = (!icmp_ln101 & trunc_ln103 == 5)> <Delay = 0.00>
ST_1 : Operation 80 [1/1] (0.00ns)   --->   "%br_ln103 = br void %arrayidx107.exit" [attention_tile.cpp:103]   --->   Operation 80 'br' 'br_ln103' <Predicate = (!icmp_ln101 & trunc_ln103 == 4)> <Delay = 0.00>
ST_1 : Operation 81 [1/1] (0.00ns)   --->   "%br_ln103 = br void %arrayidx107.exit" [attention_tile.cpp:103]   --->   Operation 81 'br' 'br_ln103' <Predicate = (!icmp_ln101 & trunc_ln103 == 3)> <Delay = 0.00>
ST_1 : Operation 82 [1/1] (0.00ns)   --->   "%br_ln103 = br void %arrayidx107.exit" [attention_tile.cpp:103]   --->   Operation 82 'br' 'br_ln103' <Predicate = (!icmp_ln101 & trunc_ln103 == 2)> <Delay = 0.00>
ST_1 : Operation 83 [1/1] (0.00ns)   --->   "%br_ln103 = br void %arrayidx107.exit" [attention_tile.cpp:103]   --->   Operation 83 'br' 'br_ln103' <Predicate = (!icmp_ln101 & trunc_ln103 == 1)> <Delay = 0.00>
ST_1 : Operation 84 [1/1] (0.00ns)   --->   "%br_ln103 = br void %arrayidx107.exit" [attention_tile.cpp:103]   --->   Operation 84 'br' 'br_ln103' <Predicate = (!icmp_ln101 & trunc_ln103 == 0)> <Delay = 0.00>
ST_1 : Operation 85 [1/1] (0.00ns)   --->   "%br_ln103 = br void %arrayidx107.exit" [attention_tile.cpp:103]   --->   Operation 85 'br' 'br_ln103' <Predicate = (!icmp_ln101 & trunc_ln103 == 15)> <Delay = 0.00>

State 2 <SV = 1> <Delay = 7.25>
ST_2 : Operation 86 [5/5] (7.25ns)   --->   "%x_assign_1 = fsub i32 %tmp_4, i32 %tile_max_reload_read" [attention_tile.cpp:103]   --->   Operation 86 'fsub' 'x_assign_1' <Predicate = (!icmp_ln101)> <Delay = 7.25> <CoreInst = "FAddSub_fulldsp">   --->   Core 18 'FAddSub_fulldsp' <Latency = 4> <II = 1> <Delay = 7.25> <FuncUnit> <Opcode : 'fadd' 'fsub'> <InPorts = 2> <OutPorts = 1>
ST_2 : Operation 87 [1/1] (1.58ns)   --->   "%store_ln101 = store i5 %add_ln101, i5 %j" [attention_tile.cpp:101]   --->   Operation 87 'store' 'store_ln101' <Predicate = (!icmp_ln101)> <Delay = 1.58>

State 3 <SV = 2> <Delay = 7.25>
ST_3 : Operation 88 [4/5] (7.25ns)   --->   "%x_assign_1 = fsub i32 %tmp_4, i32 %tile_max_reload_read" [attention_tile.cpp:103]   --->   Operation 88 'fsub' 'x_assign_1' <Predicate = (!icmp_ln101)> <Delay = 7.25> <CoreInst = "FAddSub_fulldsp">   --->   Core 18 'FAddSub_fulldsp' <Latency = 4> <II = 1> <Delay = 7.25> <FuncUnit> <Opcode : 'fadd' 'fsub'> <InPorts = 2> <OutPorts = 1>

State 4 <SV = 3> <Delay = 7.25>
ST_4 : Operation 89 [3/5] (7.25ns)   --->   "%x_assign_1 = fsub i32 %tmp_4, i32 %tile_max_reload_read" [attention_tile.cpp:103]   --->   Operation 89 'fsub' 'x_assign_1' <Predicate = (!icmp_ln101)> <Delay = 7.25> <CoreInst = "FAddSub_fulldsp">   --->   Core 18 'FAddSub_fulldsp' <Latency = 4> <II = 1> <Delay = 7.25> <FuncUnit> <Opcode : 'fadd' 'fsub'> <InPorts = 2> <OutPorts = 1>

State 5 <SV = 4> <Delay = 7.25>
ST_5 : Operation 90 [2/5] (7.25ns)   --->   "%x_assign_1 = fsub i32 %tmp_4, i32 %tile_max_reload_read" [attention_tile.cpp:103]   --->   Operation 90 'fsub' 'x_assign_1' <Predicate = true> <Delay = 7.25> <CoreInst = "FAddSub_fulldsp">   --->   Core 18 'FAddSub_fulldsp' <Latency = 4> <II = 1> <Delay = 7.25> <FuncUnit> <Opcode : 'fadd' 'fsub'> <InPorts = 2> <OutPorts = 1>

State 6 <SV = 5> <Delay = 7.25>
ST_6 : Operation 91 [1/5] (7.25ns)   --->   "%x_assign_1 = fsub i32 %tmp_4, i32 %tile_max_reload_read" [attention_tile.cpp:103]   --->   Operation 91 'fsub' 'x_assign_1' <Predicate = true> <Delay = 7.25> <CoreInst = "FAddSub_fulldsp">   --->   Core 18 'FAddSub_fulldsp' <Latency = 4> <II = 1> <Delay = 7.25> <FuncUnit> <Opcode : 'fadd' 'fsub'> <InPorts = 2> <OutPorts = 1>

State 7 <SV = 6> <Delay = 7.14>
ST_7 : Operation 92 [10/10] (7.14ns)   --->   "%beta_16 = fexp i32 @llvm.exp.f32, i32 %x_assign_1" [/wrk/ci/prod/2022.1/rdi_builds/continuous/2022_04_18_3526262/src/shared/hls/clib/hlsmath/src/common/hls_exp_float.cpp:17]   --->   Operation 92 'fexp' 'beta_16' <Predicate = true> <Delay = 7.14> <CoreInst = "FExp_fulldsp">   --->   Core 23 'FExp_fulldsp' <Latency = 9> <II = 1> <Delay = 7.14> <FuncUnit> <Opcode : 'fexp'> <InPorts = 1> <OutPorts = 1>

State 8 <SV = 7> <Delay = 7.14>
ST_8 : Operation 93 [9/10] (7.14ns)   --->   "%beta_16 = fexp i32 @llvm.exp.f32, i32 %x_assign_1" [/wrk/ci/prod/2022.1/rdi_builds/continuous/2022_04_18_3526262/src/shared/hls/clib/hlsmath/src/common/hls_exp_float.cpp:17]   --->   Operation 93 'fexp' 'beta_16' <Predicate = true> <Delay = 7.14> <CoreInst = "FExp_fulldsp">   --->   Core 23 'FExp_fulldsp' <Latency = 9> <II = 1> <Delay = 7.14> <FuncUnit> <Opcode : 'fexp'> <InPorts = 1> <OutPorts = 1>

State 9 <SV = 8> <Delay = 7.14>
ST_9 : Operation 94 [8/10] (7.14ns)   --->   "%beta_16 = fexp i32 @llvm.exp.f32, i32 %x_assign_1" [/wrk/ci/prod/2022.1/rdi_builds/continuous/2022_04_18_3526262/src/shared/hls/clib/hlsmath/src/common/hls_exp_float.cpp:17]   --->   Operation 94 'fexp' 'beta_16' <Predicate = true> <Delay = 7.14> <CoreInst = "FExp_fulldsp">   --->   Core 23 'FExp_fulldsp' <Latency = 9> <II = 1> <Delay = 7.14> <FuncUnit> <Opcode : 'fexp'> <InPorts = 1> <OutPorts = 1>

State 10 <SV = 9> <Delay = 7.14>
ST_10 : Operation 95 [7/10] (7.14ns)   --->   "%beta_16 = fexp i32 @llvm.exp.f32, i32 %x_assign_1" [/wrk/ci/prod/2022.1/rdi_builds/continuous/2022_04_18_3526262/src/shared/hls/clib/hlsmath/src/common/hls_exp_float.cpp:17]   --->   Operation 95 'fexp' 'beta_16' <Predicate = true> <Delay = 7.14> <CoreInst = "FExp_fulldsp">   --->   Core 23 'FExp_fulldsp' <Latency = 9> <II = 1> <Delay = 7.14> <FuncUnit> <Opcode : 'fexp'> <InPorts = 1> <OutPorts = 1>

State 11 <SV = 10> <Delay = 7.14>
ST_11 : Operation 96 [6/10] (7.14ns)   --->   "%beta_16 = fexp i32 @llvm.exp.f32, i32 %x_assign_1" [/wrk/ci/prod/2022.1/rdi_builds/continuous/2022_04_18_3526262/src/shared/hls/clib/hlsmath/src/common/hls_exp_float.cpp:17]   --->   Operation 96 'fexp' 'beta_16' <Predicate = true> <Delay = 7.14> <CoreInst = "FExp_fulldsp">   --->   Core 23 'FExp_fulldsp' <Latency = 9> <II = 1> <Delay = 7.14> <FuncUnit> <Opcode : 'fexp'> <InPorts = 1> <OutPorts = 1>

State 12 <SV = 11> <Delay = 7.14>
ST_12 : Operation 97 [5/10] (7.14ns)   --->   "%beta_16 = fexp i32 @llvm.exp.f32, i32 %x_assign_1" [/wrk/ci/prod/2022.1/rdi_builds/continuous/2022_04_18_3526262/src/shared/hls/clib/hlsmath/src/common/hls_exp_float.cpp:17]   --->   Operation 97 'fexp' 'beta_16' <Predicate = true> <Delay = 7.14> <CoreInst = "FExp_fulldsp">   --->   Core 23 'FExp_fulldsp' <Latency = 9> <II = 1> <Delay = 7.14> <FuncUnit> <Opcode : 'fexp'> <InPorts = 1> <OutPorts = 1>

State 13 <SV = 12> <Delay = 7.14>
ST_13 : Operation 98 [4/10] (7.14ns)   --->   "%beta_16 = fexp i32 @llvm.exp.f32, i32 %x_assign_1" [/wrk/ci/prod/2022.1/rdi_builds/continuous/2022_04_18_3526262/src/shared/hls/clib/hlsmath/src/common/hls_exp_float.cpp:17]   --->   Operation 98 'fexp' 'beta_16' <Predicate = true> <Delay = 7.14> <CoreInst = "FExp_fulldsp">   --->   Core 23 'FExp_fulldsp' <Latency = 9> <II = 1> <Delay = 7.14> <FuncUnit> <Opcode : 'fexp'> <InPorts = 1> <OutPorts = 1>

State 14 <SV = 13> <Delay = 7.14>
ST_14 : Operation 99 [3/10] (7.14ns)   --->   "%beta_16 = fexp i32 @llvm.exp.f32, i32 %x_assign_1" [/wrk/ci/prod/2022.1/rdi_builds/continuous/2022_04_18_3526262/src/shared/hls/clib/hlsmath/src/common/hls_exp_float.cpp:17]   --->   Operation 99 'fexp' 'beta_16' <Predicate = true> <Delay = 7.14> <CoreInst = "FExp_fulldsp">   --->   Core 23 'FExp_fulldsp' <Latency = 9> <II = 1> <Delay = 7.14> <FuncUnit> <Opcode : 'fexp'> <InPorts = 1> <OutPorts = 1>

State 15 <SV = 14> <Delay = 7.14>
ST_15 : Operation 100 [2/10] (7.14ns)   --->   "%beta_16 = fexp i32 @llvm.exp.f32, i32 %x_assign_1" [/wrk/ci/prod/2022.1/rdi_builds/continuous/2022_04_18_3526262/src/shared/hls/clib/hlsmath/src/common/hls_exp_float.cpp:17]   --->   Operation 100 'fexp' 'beta_16' <Predicate = true> <Delay = 7.14> <CoreInst = "FExp_fulldsp">   --->   Core 23 'FExp_fulldsp' <Latency = 9> <II = 1> <Delay = 7.14> <FuncUnit> <Opcode : 'fexp'> <InPorts = 1> <OutPorts = 1>

State 16 <SV = 15> <Delay = 7.14>
ST_16 : Operation 101 [1/1] (0.00ns)   --->   "%specpipeline_ln102 = specpipeline void @_ssdm_op_SpecPipeline, i32 1, i32 0, i32 0, i32 0, void @empty_3" [attention_tile.cpp:102]   --->   Operation 101 'specpipeline' 'specpipeline_ln102' <Predicate = true> <Delay = 0.00>
ST_16 : Operation 102 [1/1] (0.00ns)   --->   "%specloopname_ln97 = specloopname void @_ssdm_op_SpecLoopName, void @empty_9" [attention_tile.cpp:97]   --->   Operation 102 'specloopname' 'specloopname_ln97' <Predicate = true> <Delay = 0.00>
ST_16 : Operation 103 [1/10] (7.14ns)   --->   "%beta_16 = fexp i32 @llvm.exp.f32, i32 %x_assign_1" [/wrk/ci/prod/2022.1/rdi_builds/continuous/2022_04_18_3526262/src/shared/hls/clib/hlsmath/src/common/hls_exp_float.cpp:17]   --->   Operation 103 'fexp' 'beta_16' <Predicate = true> <Delay = 7.14> <CoreInst = "FExp_fulldsp">   --->   Core 23 'FExp_fulldsp' <Latency = 9> <II = 1> <Delay = 7.14> <FuncUnit> <Opcode : 'fexp'> <InPorts = 1> <OutPorts = 1>
ST_16 : Operation 104 [1/1] (0.00ns)   --->   "%store_ln103 = store i32 %beta_16, i32 %beta_14" [attention_tile.cpp:103]   --->   Operation 104 'store' 'store_ln103' <Predicate = (trunc_ln103 == 14)> <Delay = 0.00>
ST_16 : Operation 105 [1/1] (0.00ns)   --->   "%store_ln103 = store i32 %beta_16, i32 %beta_13" [attention_tile.cpp:103]   --->   Operation 105 'store' 'store_ln103' <Predicate = (trunc_ln103 == 13)> <Delay = 0.00>
ST_16 : Operation 106 [1/1] (0.00ns)   --->   "%store_ln103 = store i32 %beta_16, i32 %beta_12" [attention_tile.cpp:103]   --->   Operation 106 'store' 'store_ln103' <Predicate = (trunc_ln103 == 12)> <Delay = 0.00>
ST_16 : Operation 107 [1/1] (0.00ns)   --->   "%store_ln103 = store i32 %beta_16, i32 %beta_11" [attention_tile.cpp:103]   --->   Operation 107 'store' 'store_ln103' <Predicate = (trunc_ln103 == 11)> <Delay = 0.00>
ST_16 : Operation 108 [1/1] (0.00ns)   --->   "%store_ln103 = store i32 %beta_16, i32 %beta_10" [attention_tile.cpp:103]   --->   Operation 108 'store' 'store_ln103' <Predicate = (trunc_ln103 == 10)> <Delay = 0.00>
ST_16 : Operation 109 [1/1] (0.00ns)   --->   "%store_ln103 = store i32 %beta_16, i32 %beta_9" [attention_tile.cpp:103]   --->   Operation 109 'store' 'store_ln103' <Predicate = (trunc_ln103 == 9)> <Delay = 0.00>
ST_16 : Operation 110 [1/1] (0.00ns)   --->   "%store_ln103 = store i32 %beta_16, i32 %beta_8" [attention_tile.cpp:103]   --->   Operation 110 'store' 'store_ln103' <Predicate = (trunc_ln103 == 8)> <Delay = 0.00>
ST_16 : Operation 111 [1/1] (0.00ns)   --->   "%store_ln103 = store i32 %beta_16, i32 %beta_7" [attention_tile.cpp:103]   --->   Operation 111 'store' 'store_ln103' <Predicate = (trunc_ln103 == 7)> <Delay = 0.00>
ST_16 : Operation 112 [1/1] (0.00ns)   --->   "%store_ln103 = store i32 %beta_16, i32 %beta_6" [attention_tile.cpp:103]   --->   Operation 112 'store' 'store_ln103' <Predicate = (trunc_ln103 == 6)> <Delay = 0.00>
ST_16 : Operation 113 [1/1] (0.00ns)   --->   "%store_ln103 = store i32 %beta_16, i32 %beta_5" [attention_tile.cpp:103]   --->   Operation 113 'store' 'store_ln103' <Predicate = (trunc_ln103 == 5)> <Delay = 0.00>
ST_16 : Operation 114 [1/1] (0.00ns)   --->   "%store_ln103 = store i32 %beta_16, i32 %beta_4" [attention_tile.cpp:103]   --->   Operation 114 'store' 'store_ln103' <Predicate = (trunc_ln103 == 4)> <Delay = 0.00>
ST_16 : Operation 115 [1/1] (0.00ns)   --->   "%store_ln103 = store i32 %beta_16, i32 %beta_3" [attention_tile.cpp:103]   --->   Operation 115 'store' 'store_ln103' <Predicate = (trunc_ln103 == 3)> <Delay = 0.00>
ST_16 : Operation 116 [1/1] (0.00ns)   --->   "%store_ln103 = store i32 %beta_16, i32 %beta_2" [attention_tile.cpp:103]   --->   Operation 116 'store' 'store_ln103' <Predicate = (trunc_ln103 == 2)> <Delay = 0.00>
ST_16 : Operation 117 [1/1] (0.00ns)   --->   "%store_ln103 = store i32 %beta_16, i32 %beta_1" [attention_tile.cpp:103]   --->   Operation 117 'store' 'store_ln103' <Predicate = (trunc_ln103 == 1)> <Delay = 0.00>
ST_16 : Operation 118 [1/1] (0.00ns)   --->   "%store_ln103 = store i32 %beta_16, i32 %beta" [attention_tile.cpp:103]   --->   Operation 118 'store' 'store_ln103' <Predicate = (trunc_ln103 == 0)> <Delay = 0.00>
ST_16 : Operation 119 [1/1] (0.00ns)   --->   "%store_ln103 = store i32 %beta_16, i32 %beta_15" [attention_tile.cpp:103]   --->   Operation 119 'store' 'store_ln103' <Predicate = (trunc_ln103 == 15)> <Delay = 0.00>

State 17 <SV = 16> <Delay = 7.25>
ST_17 : Operation 120 [1/1] (0.00ns)   --->   "%l_tile_load = load i32 %l_tile" [attention_tile.cpp:104]   --->   Operation 120 'load' 'l_tile_load' <Predicate = true> <Delay = 0.00>
ST_17 : Operation 121 [5/5] (7.25ns)   --->   "%l_tile_1 = fadd i32 %l_tile_load, i32 %beta_16" [attention_tile.cpp:104]   --->   Operation 121 'fadd' 'l_tile_1' <Predicate = true> <Delay = 7.25> <CoreInst = "FAddSub_fulldsp">   --->   Core 18 'FAddSub_fulldsp' <Latency = 4> <II = 1> <Delay = 7.25> <FuncUnit> <Opcode : 'fadd' 'fsub'> <InPorts = 2> <OutPorts = 1>
ST_17 : Operation 128 [1/1] (0.00ns)   --->   "%l_tile_load_1 = load i32 %l_tile"   --->   Operation 128 'load' 'l_tile_load_1' <Predicate = (icmp_ln101)> <Delay = 0.00>
ST_17 : Operation 129 [1/1] (0.00ns)   --->   "%beta_load = load i32 %beta"   --->   Operation 129 'load' 'beta_load' <Predicate = (icmp_ln101)> <Delay = 0.00>
ST_17 : Operation 130 [1/1] (0.00ns)   --->   "%beta_1_load = load i32 %beta_1"   --->   Operation 130 'load' 'beta_1_load' <Predicate = (icmp_ln101)> <Delay = 0.00>
ST_17 : Operation 131 [1/1] (0.00ns)   --->   "%beta_2_load = load i32 %beta_2"   --->   Operation 131 'load' 'beta_2_load' <Predicate = (icmp_ln101)> <Delay = 0.00>
ST_17 : Operation 132 [1/1] (0.00ns)   --->   "%beta_3_load = load i32 %beta_3"   --->   Operation 132 'load' 'beta_3_load' <Predicate = (icmp_ln101)> <Delay = 0.00>
ST_17 : Operation 133 [1/1] (0.00ns)   --->   "%beta_4_load = load i32 %beta_4"   --->   Operation 133 'load' 'beta_4_load' <Predicate = (icmp_ln101)> <Delay = 0.00>
ST_17 : Operation 134 [1/1] (0.00ns)   --->   "%beta_5_load = load i32 %beta_5"   --->   Operation 134 'load' 'beta_5_load' <Predicate = (icmp_ln101)> <Delay = 0.00>
ST_17 : Operation 135 [1/1] (0.00ns)   --->   "%beta_6_load = load i32 %beta_6"   --->   Operation 135 'load' 'beta_6_load' <Predicate = (icmp_ln101)> <Delay = 0.00>
ST_17 : Operation 136 [1/1] (0.00ns)   --->   "%beta_7_load = load i32 %beta_7"   --->   Operation 136 'load' 'beta_7_load' <Predicate = (icmp_ln101)> <Delay = 0.00>
ST_17 : Operation 137 [1/1] (0.00ns)   --->   "%beta_8_load = load i32 %beta_8"   --->   Operation 137 'load' 'beta_8_load' <Predicate = (icmp_ln101)> <Delay = 0.00>
ST_17 : Operation 138 [1/1] (0.00ns)   --->   "%beta_9_load = load i32 %beta_9"   --->   Operation 138 'load' 'beta_9_load' <Predicate = (icmp_ln101)> <Delay = 0.00>
ST_17 : Operation 139 [1/1] (0.00ns)   --->   "%beta_10_load = load i32 %beta_10"   --->   Operation 139 'load' 'beta_10_load' <Predicate = (icmp_ln101)> <Delay = 0.00>
ST_17 : Operation 140 [1/1] (0.00ns)   --->   "%beta_11_load = load i32 %beta_11"   --->   Operation 140 'load' 'beta_11_load' <Predicate = (icmp_ln101)> <Delay = 0.00>
ST_17 : Operation 141 [1/1] (0.00ns)   --->   "%beta_12_load = load i32 %beta_12"   --->   Operation 141 'load' 'beta_12_load' <Predicate = (icmp_ln101)> <Delay = 0.00>
ST_17 : Operation 142 [1/1] (0.00ns)   --->   "%beta_13_load = load i32 %beta_13"   --->   Operation 142 'load' 'beta_13_load' <Predicate = (icmp_ln101)> <Delay = 0.00>
ST_17 : Operation 143 [1/1] (0.00ns)   --->   "%beta_14_load = load i32 %beta_14"   --->   Operation 143 'load' 'beta_14_load' <Predicate = (icmp_ln101)> <Delay = 0.00>
ST_17 : Operation 144 [1/1] (0.00ns)   --->   "%beta_15_load = load i32 %beta_15"   --->   Operation 144 'load' 'beta_15_load' <Predicate = (icmp_ln101)> <Delay = 0.00>
ST_17 : Operation 145 [1/1] (0.00ns)   --->   "%write_ln0 = write void @_ssdm_op_Write.ap_auto.floatP0A, i32 %beta_15_out, i32 %beta_15_load"   --->   Operation 145 'write' 'write_ln0' <Predicate = (icmp_ln101)> <Delay = 0.00>
ST_17 : Operation 146 [1/1] (0.00ns)   --->   "%write_ln0 = write void @_ssdm_op_Write.ap_auto.floatP0A, i32 %beta_14_out, i32 %beta_14_load"   --->   Operation 146 'write' 'write_ln0' <Predicate = (icmp_ln101)> <Delay = 0.00>
ST_17 : Operation 147 [1/1] (0.00ns)   --->   "%write_ln0 = write void @_ssdm_op_Write.ap_auto.floatP0A, i32 %beta_13_out, i32 %beta_13_load"   --->   Operation 147 'write' 'write_ln0' <Predicate = (icmp_ln101)> <Delay = 0.00>
ST_17 : Operation 148 [1/1] (0.00ns)   --->   "%write_ln0 = write void @_ssdm_op_Write.ap_auto.floatP0A, i32 %beta_12_out, i32 %beta_12_load"   --->   Operation 148 'write' 'write_ln0' <Predicate = (icmp_ln101)> <Delay = 0.00>
ST_17 : Operation 149 [1/1] (0.00ns)   --->   "%write_ln0 = write void @_ssdm_op_Write.ap_auto.floatP0A, i32 %beta_11_out, i32 %beta_11_load"   --->   Operation 149 'write' 'write_ln0' <Predicate = (icmp_ln101)> <Delay = 0.00>
ST_17 : Operation 150 [1/1] (0.00ns)   --->   "%write_ln0 = write void @_ssdm_op_Write.ap_auto.floatP0A, i32 %beta_10_out, i32 %beta_10_load"   --->   Operation 150 'write' 'write_ln0' <Predicate = (icmp_ln101)> <Delay = 0.00>
ST_17 : Operation 151 [1/1] (0.00ns)   --->   "%write_ln0 = write void @_ssdm_op_Write.ap_auto.floatP0A, i32 %beta_9_out, i32 %beta_9_load"   --->   Operation 151 'write' 'write_ln0' <Predicate = (icmp_ln101)> <Delay = 0.00>
ST_17 : Operation 152 [1/1] (0.00ns)   --->   "%write_ln0 = write void @_ssdm_op_Write.ap_auto.floatP0A, i32 %beta_8_out, i32 %beta_8_load"   --->   Operation 152 'write' 'write_ln0' <Predicate = (icmp_ln101)> <Delay = 0.00>
ST_17 : Operation 153 [1/1] (0.00ns)   --->   "%write_ln0 = write void @_ssdm_op_Write.ap_auto.floatP0A, i32 %beta_7_out, i32 %beta_7_load"   --->   Operation 153 'write' 'write_ln0' <Predicate = (icmp_ln101)> <Delay = 0.00>
ST_17 : Operation 154 [1/1] (0.00ns)   --->   "%write_ln0 = write void @_ssdm_op_Write.ap_auto.floatP0A, i32 %beta_6_out, i32 %beta_6_load"   --->   Operation 154 'write' 'write_ln0' <Predicate = (icmp_ln101)> <Delay = 0.00>
ST_17 : Operation 155 [1/1] (0.00ns)   --->   "%write_ln0 = write void @_ssdm_op_Write.ap_auto.floatP0A, i32 %beta_5_out, i32 %beta_5_load"   --->   Operation 155 'write' 'write_ln0' <Predicate = (icmp_ln101)> <Delay = 0.00>
ST_17 : Operation 156 [1/1] (0.00ns)   --->   "%write_ln0 = write void @_ssdm_op_Write.ap_auto.floatP0A, i32 %beta_4_out, i32 %beta_4_load"   --->   Operation 156 'write' 'write_ln0' <Predicate = (icmp_ln101)> <Delay = 0.00>
ST_17 : Operation 157 [1/1] (0.00ns)   --->   "%write_ln0 = write void @_ssdm_op_Write.ap_auto.floatP0A, i32 %beta_3_out, i32 %beta_3_load"   --->   Operation 157 'write' 'write_ln0' <Predicate = (icmp_ln101)> <Delay = 0.00>
ST_17 : Operation 158 [1/1] (0.00ns)   --->   "%write_ln0 = write void @_ssdm_op_Write.ap_auto.floatP0A, i32 %beta_2_out, i32 %beta_2_load"   --->   Operation 158 'write' 'write_ln0' <Predicate = (icmp_ln101)> <Delay = 0.00>
ST_17 : Operation 159 [1/1] (0.00ns)   --->   "%write_ln0 = write void @_ssdm_op_Write.ap_auto.floatP0A, i32 %beta_1_out, i32 %beta_1_load"   --->   Operation 159 'write' 'write_ln0' <Predicate = (icmp_ln101)> <Delay = 0.00>
ST_17 : Operation 160 [1/1] (0.00ns)   --->   "%write_ln0 = write void @_ssdm_op_Write.ap_auto.floatP0A, i32 %beta_out, i32 %beta_load"   --->   Operation 160 'write' 'write_ln0' <Predicate = (icmp_ln101)> <Delay = 0.00>
ST_17 : Operation 161 [1/1] (0.00ns)   --->   "%write_ln0 = write void @_ssdm_op_Write.ap_auto.floatP0A, i32 %l_tile_out, i32 %l_tile_load_1"   --->   Operation 161 'write' 'write_ln0' <Predicate = (icmp_ln101)> <Delay = 0.00>
ST_17 : Operation 162 [1/1] (0.00ns)   --->   "%ret_ln0 = ret"   --->   Operation 162 'ret' 'ret_ln0' <Predicate = (icmp_ln101)> <Delay = 0.00>

State 18 <SV = 17> <Delay = 7.25>
ST_18 : Operation 122 [4/5] (7.25ns)   --->   "%l_tile_1 = fadd i32 %l_tile_load, i32 %beta_16" [attention_tile.cpp:104]   --->   Operation 122 'fadd' 'l_tile_1' <Predicate = true> <Delay = 7.25> <CoreInst = "FAddSub_fulldsp">   --->   Core 18 'FAddSub_fulldsp' <Latency = 4> <II = 1> <Delay = 7.25> <FuncUnit> <Opcode : 'fadd' 'fsub'> <InPorts = 2> <OutPorts = 1>

State 19 <SV = 18> <Delay = 7.25>
ST_19 : Operation 123 [3/5] (7.25ns)   --->   "%l_tile_1 = fadd i32 %l_tile_load, i32 %beta_16" [attention_tile.cpp:104]   --->   Operation 123 'fadd' 'l_tile_1' <Predicate = true> <Delay = 7.25> <CoreInst = "FAddSub_fulldsp">   --->   Core 18 'FAddSub_fulldsp' <Latency = 4> <II = 1> <Delay = 7.25> <FuncUnit> <Opcode : 'fadd' 'fsub'> <InPorts = 2> <OutPorts = 1>

State 20 <SV = 19> <Delay = 7.25>
ST_20 : Operation 124 [2/5] (7.25ns)   --->   "%l_tile_1 = fadd i32 %l_tile_load, i32 %beta_16" [attention_tile.cpp:104]   --->   Operation 124 'fadd' 'l_tile_1' <Predicate = true> <Delay = 7.25> <CoreInst = "FAddSub_fulldsp">   --->   Core 18 'FAddSub_fulldsp' <Latency = 4> <II = 1> <Delay = 7.25> <FuncUnit> <Opcode : 'fadd' 'fsub'> <InPorts = 2> <OutPorts = 1>

State 21 <SV = 20> <Delay = 8.84>
ST_21 : Operation 125 [1/5] (7.25ns)   --->   "%l_tile_1 = fadd i32 %l_tile_load, i32 %beta_16" [attention_tile.cpp:104]   --->   Operation 125 'fadd' 'l_tile_1' <Predicate = true> <Delay = 7.25> <CoreInst = "FAddSub_fulldsp">   --->   Core 18 'FAddSub_fulldsp' <Latency = 4> <II = 1> <Delay = 7.25> <FuncUnit> <Opcode : 'fadd' 'fsub'> <InPorts = 2> <OutPorts = 1>
ST_21 : Operation 126 [1/1] (1.58ns)   --->   "%store_ln101 = store i32 %l_tile_1, i32 %l_tile" [attention_tile.cpp:101]   --->   Operation 126 'store' 'store_ln101' <Predicate = true> <Delay = 1.58>
ST_21 : Operation 127 [1/1] (0.00ns)   --->   "%br_ln101 = br void %for.inc111" [attention_tile.cpp:101]   --->   Operation 127 'br' 'br_ln101' <Predicate = true> <Delay = 0.00>


============================================================
+ Verbose Summary: Timing violations
============================================================
Target clock period: 10ns, clock uncertainty: 2.7ns.

 <State 1>: 2.06ns
The critical path consists of the following:
	'alloca' operation ('j') [36]  (0 ns)
	'load' operation ('j', attention_tile.cpp:103) on local variable 'j' [74]  (0 ns)
	'mux' operation ('tmp_4', attention_tile.cpp:103) [82]  (2.06 ns)

 <State 2>: 7.26ns
The critical path consists of the following:
	'fsub' operation ('x', attention_tile.cpp:103) [83]  (7.26 ns)

 <State 3>: 7.26ns
The critical path consists of the following:
	'fsub' operation ('x', attention_tile.cpp:103) [83]  (7.26 ns)

 <State 4>: 7.26ns
The critical path consists of the following:
	'fsub' operation ('x', attention_tile.cpp:103) [83]  (7.26 ns)

 <State 5>: 7.26ns
The critical path consists of the following:
	'fsub' operation ('x', attention_tile.cpp:103) [83]  (7.26 ns)

 <State 6>: 7.26ns
The critical path consists of the following:
	'fsub' operation ('x', attention_tile.cpp:103) [83]  (7.26 ns)

 <State 7>: 7.14ns
The critical path consists of the following:
	'fexp' operation ('beta', /wrk/ci/prod/2022.1/rdi_builds/continuous/2022_04_18_3526262/src/shared/hls/clib/hlsmath/src/common/hls_exp_float.cpp:17) [84]  (7.14 ns)

 <State 8>: 7.14ns
The critical path consists of the following:
	'fexp' operation ('beta', /wrk/ci/prod/2022.1/rdi_builds/continuous/2022_04_18_3526262/src/shared/hls/clib/hlsmath/src/common/hls_exp_float.cpp:17) [84]  (7.14 ns)

 <State 9>: 7.14ns
The critical path consists of the following:
	'fexp' operation ('beta', /wrk/ci/prod/2022.1/rdi_builds/continuous/2022_04_18_3526262/src/shared/hls/clib/hlsmath/src/common/hls_exp_float.cpp:17) [84]  (7.14 ns)

 <State 10>: 7.14ns
The critical path consists of the following:
	'fexp' operation ('beta', /wrk/ci/prod/2022.1/rdi_builds/continuous/2022_04_18_3526262/src/shared/hls/clib/hlsmath/src/common/hls_exp_float.cpp:17) [84]  (7.14 ns)

 <State 11>: 7.14ns
The critical path consists of the following:
	'fexp' operation ('beta', /wrk/ci/prod/2022.1/rdi_builds/continuous/2022_04_18_3526262/src/shared/hls/clib/hlsmath/src/common/hls_exp_float.cpp:17) [84]  (7.14 ns)

 <State 12>: 7.14ns
The critical path consists of the following:
	'fexp' operation ('beta', /wrk/ci/prod/2022.1/rdi_builds/continuous/2022_04_18_3526262/src/shared/hls/clib/hlsmath/src/common/hls_exp_float.cpp:17) [84]  (7.14 ns)

 <State 13>: 7.14ns
The critical path consists of the following:
	'fexp' operation ('beta', /wrk/ci/prod/2022.1/rdi_builds/continuous/2022_04_18_3526262/src/shared/hls/clib/hlsmath/src/common/hls_exp_float.cpp:17) [84]  (7.14 ns)

 <State 14>: 7.14ns
The critical path consists of the following:
	'fexp' operation ('beta', /wrk/ci/prod/2022.1/rdi_builds/continuous/2022_04_18_3526262/src/shared/hls/clib/hlsmath/src/common/hls_exp_float.cpp:17) [84]  (7.14 ns)

 <State 15>: 7.14ns
The critical path consists of the following:
	'fexp' operation ('beta', /wrk/ci/prod/2022.1/rdi_builds/continuous/2022_04_18_3526262/src/shared/hls/clib/hlsmath/src/common/hls_exp_float.cpp:17) [84]  (7.14 ns)

 <State 16>: 7.14ns
The critical path consists of the following:
	'fexp' operation ('beta', /wrk/ci/prod/2022.1/rdi_builds/continuous/2022_04_18_3526262/src/shared/hls/clib/hlsmath/src/common/hls_exp_float.cpp:17) [84]  (7.14 ns)
	'store' operation ('store_ln103', attention_tile.cpp:103) of variable 'beta', /wrk/ci/prod/2022.1/rdi_builds/continuous/2022_04_18_3526262/src/shared/hls/clib/hlsmath/src/common/hls_exp_float.cpp:17 on local variable 'beta' [88]  (0 ns)

 <State 17>: 7.26ns
The critical path consists of the following:
	'load' operation ('l_tile_load', attention_tile.cpp:104) on local variable 'l_tile' [136]  (0 ns)
	'fadd' operation ('l_tile', attention_tile.cpp:104) [137]  (7.26 ns)

 <State 18>: 7.26ns
The critical path consists of the following:
	'fadd' operation ('l_tile', attention_tile.cpp:104) [137]  (7.26 ns)

 <State 19>: 7.26ns
The critical path consists of the following:
	'fadd' operation ('l_tile', attention_tile.cpp:104) [137]  (7.26 ns)

 <State 20>: 7.26ns
The critical path consists of the following:
	'fadd' operation ('l_tile', attention_tile.cpp:104) [137]  (7.26 ns)

 <State 21>: 8.84ns
The critical path consists of the following:
	'fadd' operation ('l_tile', attention_tile.cpp:104) [137]  (7.26 ns)
	'store' operation ('store_ln101', attention_tile.cpp:101) of variable 'l_tile', attention_tile.cpp:104 on local variable 'l_tile' [139]  (1.59 ns)


============================================================
+ Verbose Summary: Binding
============================================================
N/A
* FSMD analyzer results:
  - Output states:
 - Input state : 
  - Chain level:
	State 1
	State 2
	State 3
	State 4
	State 5
	State 6
	State 7
	State 8
	State 9
	State 10
	State 11
	State 12
	State 13
	State 14
	State 15
	State 16
	State 17
	State 18
	State 19
	State 20
	State 21


============================================================
+ Verbose Summary: Datapath Resource usage 
============================================================
N/A
