

================================================================
== Vitis HLS Report for 'streaming_attention_Pipeline_LOAD_Q'
================================================================
* Date:           Sat Jun 20 05:29:31 2026

* Version:        2022.1 (Build 3526262 on Mon Apr 18 15:47:01 MDT 2022)
* Project:        stream_attn_hls
* Solution:       sol1 (Vivado IP Flow Target)
* Product family: zynq
* Target device:  xc7z020-clg400-1


================================================================
== Performance Estimates
================================================================
+ Timing: 
    * Summary: 
    +--------+----------+----------+------------+
    |  Clock |  Target  | Estimated| Uncertainty|
    +--------+----------+----------+------------+
    |ap_clk  |  10.00 ns|  7.300 ns|     2.70 ns|
    +--------+----------+----------+------------+

+ Latency: 
    * Summary: 
    +---------+---------+----------+----------+-----+-----+---------+
    |  Latency (cycles) |  Latency (absolute) |  Interval | Pipeline|
    |   min   |   max   |    min   |    max   | min | max |   Type  |
    +---------+---------+----------+----------+-----+-----+---------+
    |       66|       66|  0.660 us|  0.660 us|   66|   66|       no|
    +---------+---------+----------+----------+-----+-----+---------+

    + Detail: 
        * Instance: 
        N/A

        * Loop: 
        +----------+---------+---------+----------+-----------+-----------+------+----------+
        |          |  Latency (cycles) | Iteration|  Initiation Interval  | Trip |          |
        | Loop Name|   min   |   max   |  Latency |  achieved |   target  | Count| Pipelined|
        +----------+---------+---------+----------+-----------+-----------+------+----------+
        |- LOAD_Q  |       64|       64|         2|          1|          1|    64|       yes|
        +----------+---------+---------+----------+-----------+-----------+------+----------+

============================================================
+ Verbose Summary: Synthesis Manager
============================================================
InlineROM: 1
ExposeGlobal: 0
============================================================
+ Verbose Summary: CDFG Model
============================================================
IsTopModel: 0
ResetActiveHigh: 1
IsCombinational: 0
IsDatapathOnly: 0
HasWiredReturn: 1
HasMFsm: 2
HasVarLatency: 1
IsPipeline: 0
IsRtlPipelined: 0
IsInstanceOverlapped: 0
IsDontTouch: 0
HasImplIP: 0
IsGatedGlobalClock: 0

+ Individual pipeline summary: 
  * Pipeline-0: initiation interval (II) = 1, depth = 2


============================================================
+ Verbose Summary: Schedule
============================================================
* Number of FSM states : 2
* Pipeline : 1
  Pipeline-0 : II = 1, D = 2, States = { 1 2 }
* Dataflow Pipeline: 0

* FSM state transitions: 
1 --> 2 
2 --> 

* FSM state operations: 

State 1 <SV = 0> <Delay = 3.45>
ST_1 : Operation 5 [1/1] (0.00ns)   --->   "%d = alloca i32 1"   --->   Operation 5 'alloca' 'd' <Predicate = true> <Delay = 0.00>
ST_1 : Operation 6 [1/1] (0.00ns)   --->   "%q = alloca i32 1"   --->   Operation 6 'alloca' 'q' <Predicate = true> <Delay = 0.00>
ST_1 : Operation 7 [1/1] (0.00ns)   --->   "%q_1 = alloca i32 1"   --->   Operation 7 'alloca' 'q_1' <Predicate = true> <Delay = 0.00>
ST_1 : Operation 8 [1/1] (0.00ns)   --->   "%q_2 = alloca i32 1"   --->   Operation 8 'alloca' 'q_2' <Predicate = true> <Delay = 0.00>
ST_1 : Operation 9 [1/1] (0.00ns)   --->   "%q_3 = alloca i32 1"   --->   Operation 9 'alloca' 'q_3' <Predicate = true> <Delay = 0.00>
ST_1 : Operation 10 [1/1] (0.00ns)   --->   "%q_4 = alloca i32 1"   --->   Operation 10 'alloca' 'q_4' <Predicate = true> <Delay = 0.00>
ST_1 : Operation 11 [1/1] (0.00ns)   --->   "%q_5 = alloca i32 1"   --->   Operation 11 'alloca' 'q_5' <Predicate = true> <Delay = 0.00>
ST_1 : Operation 12 [1/1] (0.00ns)   --->   "%q_6 = alloca i32 1"   --->   Operation 12 'alloca' 'q_6' <Predicate = true> <Delay = 0.00>
ST_1 : Operation 13 [1/1] (0.00ns)   --->   "%q_7 = alloca i32 1"   --->   Operation 13 'alloca' 'q_7' <Predicate = true> <Delay = 0.00>
ST_1 : Operation 14 [1/1] (0.00ns)   --->   "%q_8 = alloca i32 1"   --->   Operation 14 'alloca' 'q_8' <Predicate = true> <Delay = 0.00>
ST_1 : Operation 15 [1/1] (0.00ns)   --->   "%q_9 = alloca i32 1"   --->   Operation 15 'alloca' 'q_9' <Predicate = true> <Delay = 0.00>
ST_1 : Operation 16 [1/1] (0.00ns)   --->   "%q_10 = alloca i32 1"   --->   Operation 16 'alloca' 'q_10' <Predicate = true> <Delay = 0.00>
ST_1 : Operation 17 [1/1] (0.00ns)   --->   "%q_11 = alloca i32 1"   --->   Operation 17 'alloca' 'q_11' <Predicate = true> <Delay = 0.00>
ST_1 : Operation 18 [1/1] (0.00ns)   --->   "%q_12 = alloca i32 1"   --->   Operation 18 'alloca' 'q_12' <Predicate = true> <Delay = 0.00>
ST_1 : Operation 19 [1/1] (0.00ns)   --->   "%q_13 = alloca i32 1"   --->   Operation 19 'alloca' 'q_13' <Predicate = true> <Delay = 0.00>
ST_1 : Operation 20 [1/1] (0.00ns)   --->   "%q_14 = alloca i32 1"   --->   Operation 20 'alloca' 'q_14' <Predicate = true> <Delay = 0.00>
ST_1 : Operation 21 [1/1] (0.00ns)   --->   "%q_15 = alloca i32 1"   --->   Operation 21 'alloca' 'q_15' <Predicate = true> <Delay = 0.00>
ST_1 : Operation 22 [1/1] (0.00ns)   --->   "%q_16 = alloca i32 1"   --->   Operation 22 'alloca' 'q_16' <Predicate = true> <Delay = 0.00>
ST_1 : Operation 23 [1/1] (0.00ns)   --->   "%q_17 = alloca i32 1"   --->   Operation 23 'alloca' 'q_17' <Predicate = true> <Delay = 0.00>
ST_1 : Operation 24 [1/1] (0.00ns)   --->   "%q_18 = alloca i32 1"   --->   Operation 24 'alloca' 'q_18' <Predicate = true> <Delay = 0.00>
ST_1 : Operation 25 [1/1] (0.00ns)   --->   "%q_19 = alloca i32 1"   --->   Operation 25 'alloca' 'q_19' <Predicate = true> <Delay = 0.00>
ST_1 : Operation 26 [1/1] (0.00ns)   --->   "%q_20 = alloca i32 1"   --->   Operation 26 'alloca' 'q_20' <Predicate = true> <Delay = 0.00>
ST_1 : Operation 27 [1/1] (0.00ns)   --->   "%q_21 = alloca i32 1"   --->   Operation 27 'alloca' 'q_21' <Predicate = true> <Delay = 0.00>
ST_1 : Operation 28 [1/1] (0.00ns)   --->   "%q_22 = alloca i32 1"   --->   Operation 28 'alloca' 'q_22' <Predicate = true> <Delay = 0.00>
ST_1 : Operation 29 [1/1] (0.00ns)   --->   "%q_23 = alloca i32 1"   --->   Operation 29 'alloca' 'q_23' <Predicate = true> <Delay = 0.00>
ST_1 : Operation 30 [1/1] (0.00ns)   --->   "%q_24 = alloca i32 1"   --->   Operation 30 'alloca' 'q_24' <Predicate = true> <Delay = 0.00>
ST_1 : Operation 31 [1/1] (0.00ns)   --->   "%q_25 = alloca i32 1"   --->   Operation 31 'alloca' 'q_25' <Predicate = true> <Delay = 0.00>
ST_1 : Operation 32 [1/1] (0.00ns)   --->   "%q_26 = alloca i32 1"   --->   Operation 32 'alloca' 'q_26' <Predicate = true> <Delay = 0.00>
ST_1 : Operation 33 [1/1] (0.00ns)   --->   "%q_27 = alloca i32 1"   --->   Operation 33 'alloca' 'q_27' <Predicate = true> <Delay = 0.00>
ST_1 : Operation 34 [1/1] (0.00ns)   --->   "%q_28 = alloca i32 1"   --->   Operation 34 'alloca' 'q_28' <Predicate = true> <Delay = 0.00>
ST_1 : Operation 35 [1/1] (0.00ns)   --->   "%q_29 = alloca i32 1"   --->   Operation 35 'alloca' 'q_29' <Predicate = true> <Delay = 0.00>
ST_1 : Operation 36 [1/1] (0.00ns)   --->   "%q_30 = alloca i32 1"   --->   Operation 36 'alloca' 'q_30' <Predicate = true> <Delay = 0.00>
ST_1 : Operation 37 [1/1] (0.00ns)   --->   "%q_31 = alloca i32 1"   --->   Operation 37 'alloca' 'q_31' <Predicate = true> <Delay = 0.00>
ST_1 : Operation 38 [1/1] (0.00ns)   --->   "%q_32 = alloca i32 1"   --->   Operation 38 'alloca' 'q_32' <Predicate = true> <Delay = 0.00>
ST_1 : Operation 39 [1/1] (0.00ns)   --->   "%q_33 = alloca i32 1"   --->   Operation 39 'alloca' 'q_33' <Predicate = true> <Delay = 0.00>
ST_1 : Operation 40 [1/1] (0.00ns)   --->   "%q_34 = alloca i32 1"   --->   Operation 40 'alloca' 'q_34' <Predicate = true> <Delay = 0.00>
ST_1 : Operation 41 [1/1] (0.00ns)   --->   "%q_35 = alloca i32 1"   --->   Operation 41 'alloca' 'q_35' <Predicate = true> <Delay = 0.00>
ST_1 : Operation 42 [1/1] (0.00ns)   --->   "%q_36 = alloca i32 1"   --->   Operation 42 'alloca' 'q_36' <Predicate = true> <Delay = 0.00>
ST_1 : Operation 43 [1/1] (0.00ns)   --->   "%q_37 = alloca i32 1"   --->   Operation 43 'alloca' 'q_37' <Predicate = true> <Delay = 0.00>
ST_1 : Operation 44 [1/1] (0.00ns)   --->   "%q_38 = alloca i32 1"   --->   Operation 44 'alloca' 'q_38' <Predicate = true> <Delay = 0.00>
ST_1 : Operation 45 [1/1] (0.00ns)   --->   "%q_39 = alloca i32 1"   --->   Operation 45 'alloca' 'q_39' <Predicate = true> <Delay = 0.00>
ST_1 : Operation 46 [1/1] (0.00ns)   --->   "%q_40 = alloca i32 1"   --->   Operation 46 'alloca' 'q_40' <Predicate = true> <Delay = 0.00>
ST_1 : Operation 47 [1/1] (0.00ns)   --->   "%q_41 = alloca i32 1"   --->   Operation 47 'alloca' 'q_41' <Predicate = true> <Delay = 0.00>
ST_1 : Operation 48 [1/1] (0.00ns)   --->   "%q_42 = alloca i32 1"   --->   Operation 48 'alloca' 'q_42' <Predicate = true> <Delay = 0.00>
ST_1 : Operation 49 [1/1] (0.00ns)   --->   "%q_43 = alloca i32 1"   --->   Operation 49 'alloca' 'q_43' <Predicate = true> <Delay = 0.00>
ST_1 : Operation 50 [1/1] (0.00ns)   --->   "%q_44 = alloca i32 1"   --->   Operation 50 'alloca' 'q_44' <Predicate = true> <Delay = 0.00>
ST_1 : Operation 51 [1/1] (0.00ns)   --->   "%q_45 = alloca i32 1"   --->   Operation 51 'alloca' 'q_45' <Predicate = true> <Delay = 0.00>
ST_1 : Operation 52 [1/1] (0.00ns)   --->   "%q_46 = alloca i32 1"   --->   Operation 52 'alloca' 'q_46' <Predicate = true> <Delay = 0.00>
ST_1 : Operation 53 [1/1] (0.00ns)   --->   "%q_47 = alloca i32 1"   --->   Operation 53 'alloca' 'q_47' <Predicate = true> <Delay = 0.00>
ST_1 : Operation 54 [1/1] (0.00ns)   --->   "%q_48 = alloca i32 1"   --->   Operation 54 'alloca' 'q_48' <Predicate = true> <Delay = 0.00>
ST_1 : Operation 55 [1/1] (0.00ns)   --->   "%q_49 = alloca i32 1"   --->   Operation 55 'alloca' 'q_49' <Predicate = true> <Delay = 0.00>
ST_1 : Operation 56 [1/1] (0.00ns)   --->   "%q_50 = alloca i32 1"   --->   Operation 56 'alloca' 'q_50' <Predicate = true> <Delay = 0.00>
ST_1 : Operation 57 [1/1] (0.00ns)   --->   "%q_51 = alloca i32 1"   --->   Operation 57 'alloca' 'q_51' <Predicate = true> <Delay = 0.00>
ST_1 : Operation 58 [1/1] (0.00ns)   --->   "%q_52 = alloca i32 1"   --->   Operation 58 'alloca' 'q_52' <Predicate = true> <Delay = 0.00>
ST_1 : Operation 59 [1/1] (0.00ns)   --->   "%q_53 = alloca i32 1"   --->   Operation 59 'alloca' 'q_53' <Predicate = true> <Delay = 0.00>
ST_1 : Operation 60 [1/1] (0.00ns)   --->   "%q_54 = alloca i32 1"   --->   Operation 60 'alloca' 'q_54' <Predicate = true> <Delay = 0.00>
ST_1 : Operation 61 [1/1] (0.00ns)   --->   "%q_55 = alloca i32 1"   --->   Operation 61 'alloca' 'q_55' <Predicate = true> <Delay = 0.00>
ST_1 : Operation 62 [1/1] (0.00ns)   --->   "%q_56 = alloca i32 1"   --->   Operation 62 'alloca' 'q_56' <Predicate = true> <Delay = 0.00>
ST_1 : Operation 63 [1/1] (0.00ns)   --->   "%q_57 = alloca i32 1"   --->   Operation 63 'alloca' 'q_57' <Predicate = true> <Delay = 0.00>
ST_1 : Operation 64 [1/1] (0.00ns)   --->   "%q_58 = alloca i32 1"   --->   Operation 64 'alloca' 'q_58' <Predicate = true> <Delay = 0.00>
ST_1 : Operation 65 [1/1] (0.00ns)   --->   "%q_59 = alloca i32 1"   --->   Operation 65 'alloca' 'q_59' <Predicate = true> <Delay = 0.00>
ST_1 : Operation 66 [1/1] (0.00ns)   --->   "%q_60 = alloca i32 1"   --->   Operation 66 'alloca' 'q_60' <Predicate = true> <Delay = 0.00>
ST_1 : Operation 67 [1/1] (0.00ns)   --->   "%q_61 = alloca i32 1"   --->   Operation 67 'alloca' 'q_61' <Predicate = true> <Delay = 0.00>
ST_1 : Operation 68 [1/1] (0.00ns)   --->   "%q_62 = alloca i32 1"   --->   Operation 68 'alloca' 'q_62' <Predicate = true> <Delay = 0.00>
ST_1 : Operation 69 [1/1] (0.00ns)   --->   "%q_63 = alloca i32 1"   --->   Operation 69 'alloca' 'q_63' <Predicate = true> <Delay = 0.00>
ST_1 : Operation 70 [1/1] (0.00ns)   --->   "%specinterface_ln0 = specinterface void @_ssdm_op_SpecInterface, i8 %gmem0, void @empty_2, i32 0, i32 0, void @empty_3, i32 0, i32 64, void @empty_4, void @empty_13, void @empty_3, i32 16, i32 16, i32 16, i32 16, void @empty_3, void @empty_3, i32 4294967295, i32 0"   --->   Operation 70 'specinterface' 'specinterface_ln0' <Predicate = true> <Delay = 0.00>
ST_1 : Operation 71 [1/1] (0.00ns)   --->   "%Q_read = read i64 @_ssdm_op_Read.ap_auto.i64, i64 %Q"   --->   Operation 71 'read' 'Q_read' <Predicate = true> <Delay = 0.00>
ST_1 : Operation 72 [1/1] (1.58ns)   --->   "%store_ln0 = store i32 <undef>, i32 %acc_63_out"   --->   Operation 72 'store' 'store_ln0' <Predicate = true> <Delay = 1.58>
ST_1 : Operation 73 [1/1] (1.58ns)   --->   "%store_ln0 = store i32 <undef>, i32 %acc_62_out"   --->   Operation 73 'store' 'store_ln0' <Predicate = true> <Delay = 1.58>
ST_1 : Operation 74 [1/1] (1.58ns)   --->   "%store_ln0 = store i32 <undef>, i32 %acc_61_out"   --->   Operation 74 'store' 'store_ln0' <Predicate = true> <Delay = 1.58>
ST_1 : Operation 75 [1/1] (1.58ns)   --->   "%store_ln0 = store i32 <undef>, i32 %acc_60_out"   --->   Operation 75 'store' 'store_ln0' <Predicate = true> <Delay = 1.58>
ST_1 : Operation 76 [1/1] (1.58ns)   --->   "%store_ln0 = store i32 <undef>, i32 %acc_59_out"   --->   Operation 76 'store' 'store_ln0' <Predicate = true> <Delay = 1.58>
ST_1 : Operation 77 [1/1] (1.58ns)   --->   "%store_ln0 = store i32 <undef>, i32 %acc_58_out"   --->   Operation 77 'store' 'store_ln0' <Predicate = true> <Delay = 1.58>
ST_1 : Operation 78 [1/1] (1.58ns)   --->   "%store_ln0 = store i32 <undef>, i32 %acc_57_out"   --->   Operation 78 'store' 'store_ln0' <Predicate = true> <Delay = 1.58>
ST_1 : Operation 79 [1/1] (1.58ns)   --->   "%store_ln0 = store i32 <undef>, i32 %acc_56_out"   --->   Operation 79 'store' 'store_ln0' <Predicate = true> <Delay = 1.58>
ST_1 : Operation 80 [1/1] (1.58ns)   --->   "%store_ln0 = store i32 <undef>, i32 %acc_55_out"   --->   Operation 80 'store' 'store_ln0' <Predicate = true> <Delay = 1.58>
ST_1 : Operation 81 [1/1] (1.58ns)   --->   "%store_ln0 = store i32 <undef>, i32 %acc_54_out"   --->   Operation 81 'store' 'store_ln0' <Predicate = true> <Delay = 1.58>
ST_1 : Operation 82 [1/1] (1.58ns)   --->   "%store_ln0 = store i32 <undef>, i32 %acc_53_out"   --->   Operation 82 'store' 'store_ln0' <Predicate = true> <Delay = 1.58>
ST_1 : Operation 83 [1/1] (1.58ns)   --->   "%store_ln0 = store i32 <undef>, i32 %acc_52_out"   --->   Operation 83 'store' 'store_ln0' <Predicate = true> <Delay = 1.58>
ST_1 : Operation 84 [1/1] (1.58ns)   --->   "%store_ln0 = store i32 <undef>, i32 %acc_51_out"   --->   Operation 84 'store' 'store_ln0' <Predicate = true> <Delay = 1.58>
ST_1 : Operation 85 [1/1] (1.58ns)   --->   "%store_ln0 = store i32 <undef>, i32 %acc_50_out"   --->   Operation 85 'store' 'store_ln0' <Predicate = true> <Delay = 1.58>
ST_1 : Operation 86 [1/1] (1.58ns)   --->   "%store_ln0 = store i32 <undef>, i32 %acc_49_out"   --->   Operation 86 'store' 'store_ln0' <Predicate = true> <Delay = 1.58>
ST_1 : Operation 87 [1/1] (1.58ns)   --->   "%store_ln0 = store i32 <undef>, i32 %acc_48_out"   --->   Operation 87 'store' 'store_ln0' <Predicate = true> <Delay = 1.58>
ST_1 : Operation 88 [1/1] (1.58ns)   --->   "%store_ln0 = store i32 <undef>, i32 %acc_47_out"   --->   Operation 88 'store' 'store_ln0' <Predicate = true> <Delay = 1.58>
ST_1 : Operation 89 [1/1] (1.58ns)   --->   "%store_ln0 = store i32 <undef>, i32 %acc_46_out"   --->   Operation 89 'store' 'store_ln0' <Predicate = true> <Delay = 1.58>
ST_1 : Operation 90 [1/1] (1.58ns)   --->   "%store_ln0 = store i32 <undef>, i32 %acc_45_out"   --->   Operation 90 'store' 'store_ln0' <Predicate = true> <Delay = 1.58>
ST_1 : Operation 91 [1/1] (1.58ns)   --->   "%store_ln0 = store i32 <undef>, i32 %acc_44_out"   --->   Operation 91 'store' 'store_ln0' <Predicate = true> <Delay = 1.58>
ST_1 : Operation 92 [1/1] (1.58ns)   --->   "%store_ln0 = store i32 <undef>, i32 %acc_43_out"   --->   Operation 92 'store' 'store_ln0' <Predicate = true> <Delay = 1.58>
ST_1 : Operation 93 [1/1] (1.58ns)   --->   "%store_ln0 = store i32 <undef>, i32 %acc_42_out"   --->   Operation 93 'store' 'store_ln0' <Predicate = true> <Delay = 1.58>
ST_1 : Operation 94 [1/1] (1.58ns)   --->   "%store_ln0 = store i32 <undef>, i32 %acc_41_out"   --->   Operation 94 'store' 'store_ln0' <Predicate = true> <Delay = 1.58>
ST_1 : Operation 95 [1/1] (1.58ns)   --->   "%store_ln0 = store i32 <undef>, i32 %acc_40_out"   --->   Operation 95 'store' 'store_ln0' <Predicate = true> <Delay = 1.58>
ST_1 : Operation 96 [1/1] (1.58ns)   --->   "%store_ln0 = store i32 <undef>, i32 %acc_39_out"   --->   Operation 96 'store' 'store_ln0' <Predicate = true> <Delay = 1.58>
ST_1 : Operation 97 [1/1] (1.58ns)   --->   "%store_ln0 = store i32 <undef>, i32 %acc_38_out"   --->   Operation 97 'store' 'store_ln0' <Predicate = true> <Delay = 1.58>
ST_1 : Operation 98 [1/1] (1.58ns)   --->   "%store_ln0 = store i32 <undef>, i32 %acc_37_out"   --->   Operation 98 'store' 'store_ln0' <Predicate = true> <Delay = 1.58>
ST_1 : Operation 99 [1/1] (1.58ns)   --->   "%store_ln0 = store i32 <undef>, i32 %acc_36_out"   --->   Operation 99 'store' 'store_ln0' <Predicate = true> <Delay = 1.58>
ST_1 : Operation 100 [1/1] (1.58ns)   --->   "%store_ln0 = store i32 <undef>, i32 %acc_35_out"   --->   Operation 100 'store' 'store_ln0' <Predicate = true> <Delay = 1.58>
ST_1 : Operation 101 [1/1] (1.58ns)   --->   "%store_ln0 = store i32 <undef>, i32 %acc_34_out"   --->   Operation 101 'store' 'store_ln0' <Predicate = true> <Delay = 1.58>
ST_1 : Operation 102 [1/1] (1.58ns)   --->   "%store_ln0 = store i32 <undef>, i32 %acc_33_out"   --->   Operation 102 'store' 'store_ln0' <Predicate = true> <Delay = 1.58>
ST_1 : Operation 103 [1/1] (1.58ns)   --->   "%store_ln0 = store i32 <undef>, i32 %acc_32_out"   --->   Operation 103 'store' 'store_ln0' <Predicate = true> <Delay = 1.58>
ST_1 : Operation 104 [1/1] (1.58ns)   --->   "%store_ln0 = store i32 <undef>, i32 %acc_31_out"   --->   Operation 104 'store' 'store_ln0' <Predicate = true> <Delay = 1.58>
ST_1 : Operation 105 [1/1] (1.58ns)   --->   "%store_ln0 = store i32 <undef>, i32 %acc_30_out"   --->   Operation 105 'store' 'store_ln0' <Predicate = true> <Delay = 1.58>
ST_1 : Operation 106 [1/1] (1.58ns)   --->   "%store_ln0 = store i32 <undef>, i32 %acc_29_out"   --->   Operation 106 'store' 'store_ln0' <Predicate = true> <Delay = 1.58>
ST_1 : Operation 107 [1/1] (1.58ns)   --->   "%store_ln0 = store i32 <undef>, i32 %acc_28_out"   --->   Operation 107 'store' 'store_ln0' <Predicate = true> <Delay = 1.58>
ST_1 : Operation 108 [1/1] (1.58ns)   --->   "%store_ln0 = store i32 <undef>, i32 %acc_27_out"   --->   Operation 108 'store' 'store_ln0' <Predicate = true> <Delay = 1.58>
ST_1 : Operation 109 [1/1] (1.58ns)   --->   "%store_ln0 = store i32 <undef>, i32 %acc_26_out"   --->   Operation 109 'store' 'store_ln0' <Predicate = true> <Delay = 1.58>
ST_1 : Operation 110 [1/1] (1.58ns)   --->   "%store_ln0 = store i32 <undef>, i32 %acc_25_out"   --->   Operation 110 'store' 'store_ln0' <Predicate = true> <Delay = 1.58>
ST_1 : Operation 111 [1/1] (1.58ns)   --->   "%store_ln0 = store i32 <undef>, i32 %acc_24_out"   --->   Operation 111 'store' 'store_ln0' <Predicate = true> <Delay = 1.58>
ST_1 : Operation 112 [1/1] (1.58ns)   --->   "%store_ln0 = store i32 <undef>, i32 %acc_23_out"   --->   Operation 112 'store' 'store_ln0' <Predicate = true> <Delay = 1.58>
ST_1 : Operation 113 [1/1] (1.58ns)   --->   "%store_ln0 = store i32 <undef>, i32 %acc_22_out"   --->   Operation 113 'store' 'store_ln0' <Predicate = true> <Delay = 1.58>
ST_1 : Operation 114 [1/1] (1.58ns)   --->   "%store_ln0 = store i32 <undef>, i32 %acc_21_out"   --->   Operation 114 'store' 'store_ln0' <Predicate = true> <Delay = 1.58>
ST_1 : Operation 115 [1/1] (1.58ns)   --->   "%store_ln0 = store i32 <undef>, i32 %acc_20_out"   --->   Operation 115 'store' 'store_ln0' <Predicate = true> <Delay = 1.58>
ST_1 : Operation 116 [1/1] (1.58ns)   --->   "%store_ln0 = store i32 <undef>, i32 %acc_19_out"   --->   Operation 116 'store' 'store_ln0' <Predicate = true> <Delay = 1.58>
ST_1 : Operation 117 [1/1] (1.58ns)   --->   "%store_ln0 = store i32 <undef>, i32 %acc_18_out"   --->   Operation 117 'store' 'store_ln0' <Predicate = true> <Delay = 1.58>
ST_1 : Operation 118 [1/1] (1.58ns)   --->   "%store_ln0 = store i32 <undef>, i32 %acc_17_out"   --->   Operation 118 'store' 'store_ln0' <Predicate = true> <Delay = 1.58>
ST_1 : Operation 119 [1/1] (1.58ns)   --->   "%store_ln0 = store i32 <undef>, i32 %acc_16_out"   --->   Operation 119 'store' 'store_ln0' <Predicate = true> <Delay = 1.58>
ST_1 : Operation 120 [1/1] (1.58ns)   --->   "%store_ln0 = store i32 <undef>, i32 %acc_15_out"   --->   Operation 120 'store' 'store_ln0' <Predicate = true> <Delay = 1.58>
ST_1 : Operation 121 [1/1] (1.58ns)   --->   "%store_ln0 = store i32 <undef>, i32 %acc_14_out"   --->   Operation 121 'store' 'store_ln0' <Predicate = true> <Delay = 1.58>
ST_1 : Operation 122 [1/1] (1.58ns)   --->   "%store_ln0 = store i32 <undef>, i32 %acc_13_out"   --->   Operation 122 'store' 'store_ln0' <Predicate = true> <Delay = 1.58>
ST_1 : Operation 123 [1/1] (1.58ns)   --->   "%store_ln0 = store i32 <undef>, i32 %acc_12_out"   --->   Operation 123 'store' 'store_ln0' <Predicate = true> <Delay = 1.58>
ST_1 : Operation 124 [1/1] (1.58ns)   --->   "%store_ln0 = store i32 <undef>, i32 %acc_11_out"   --->   Operation 124 'store' 'store_ln0' <Predicate = true> <Delay = 1.58>
ST_1 : Operation 125 [1/1] (1.58ns)   --->   "%store_ln0 = store i32 <undef>, i32 %acc_10_out"   --->   Operation 125 'store' 'store_ln0' <Predicate = true> <Delay = 1.58>
ST_1 : Operation 126 [1/1] (1.58ns)   --->   "%store_ln0 = store i32 <undef>, i32 %acc_9_out"   --->   Operation 126 'store' 'store_ln0' <Predicate = true> <Delay = 1.58>
ST_1 : Operation 127 [1/1] (1.58ns)   --->   "%store_ln0 = store i32 <undef>, i32 %acc_8_out"   --->   Operation 127 'store' 'store_ln0' <Predicate = true> <Delay = 1.58>
ST_1 : Operation 128 [1/1] (1.58ns)   --->   "%store_ln0 = store i32 <undef>, i32 %acc_7_out"   --->   Operation 128 'store' 'store_ln0' <Predicate = true> <Delay = 1.58>
ST_1 : Operation 129 [1/1] (1.58ns)   --->   "%store_ln0 = store i32 <undef>, i32 %acc_6_out"   --->   Operation 129 'store' 'store_ln0' <Predicate = true> <Delay = 1.58>
ST_1 : Operation 130 [1/1] (1.58ns)   --->   "%store_ln0 = store i32 <undef>, i32 %acc_5_out"   --->   Operation 130 'store' 'store_ln0' <Predicate = true> <Delay = 1.58>
ST_1 : Operation 131 [1/1] (1.58ns)   --->   "%store_ln0 = store i32 <undef>, i32 %acc_4_out"   --->   Operation 131 'store' 'store_ln0' <Predicate = true> <Delay = 1.58>
ST_1 : Operation 132 [1/1] (1.58ns)   --->   "%store_ln0 = store i32 <undef>, i32 %acc_3_out"   --->   Operation 132 'store' 'store_ln0' <Predicate = true> <Delay = 1.58>
ST_1 : Operation 133 [1/1] (1.58ns)   --->   "%store_ln0 = store i32 <undef>, i32 %acc_2_out"   --->   Operation 133 'store' 'store_ln0' <Predicate = true> <Delay = 1.58>
ST_1 : Operation 134 [1/1] (1.58ns)   --->   "%store_ln0 = store i32 <undef>, i32 %acc_1_out"   --->   Operation 134 'store' 'store_ln0' <Predicate = true> <Delay = 1.58>
ST_1 : Operation 135 [1/1] (1.58ns)   --->   "%store_ln0 = store i32 <undef>, i32 %acc_out"   --->   Operation 135 'store' 'store_ln0' <Predicate = true> <Delay = 1.58>
ST_1 : Operation 136 [1/1] (1.58ns)   --->   "%store_ln0 = store i7 0, i7 %d"   --->   Operation 136 'store' 'store_ln0' <Predicate = true> <Delay = 1.58>
ST_1 : Operation 137 [1/1] (0.00ns)   --->   "%br_ln0 = br void %for.inc"   --->   Operation 137 'br' 'br_ln0' <Predicate = true> <Delay = 0.00>
ST_1 : Operation 138 [1/1] (0.00ns)   --->   "%d_3 = load i7 %d" [attention_tile.cpp:39]   --->   Operation 138 'load' 'd_3' <Predicate = true> <Delay = 0.00>
ST_1 : Operation 139 [1/1] (0.00ns)   --->   "%specbitsmap_ln0 = specbitsmap void @_ssdm_op_SpecBitsMap, i8 %gmem0"   --->   Operation 139 'specbitsmap' 'specbitsmap_ln0' <Predicate = true> <Delay = 0.00>
ST_1 : Operation 140 [1/1] (0.00ns)   --->   "%gmem0_addr = getelementptr i8 %gmem0, i64 %Q_read" [attention_tile.cpp:37]   --->   Operation 140 'getelementptr' 'gmem0_addr' <Predicate = true> <Delay = 0.00>
ST_1 : Operation 141 [1/1] (1.48ns)   --->   "%icmp_ln37 = icmp_eq  i7 %d_3, i7 64" [attention_tile.cpp:37]   --->   Operation 141 'icmp' 'icmp_ln37' <Predicate = true> <Delay = 1.48> <CoreInst = "Cmp">   --->   Core 9 'Cmp' <Latency = 0> <II = 1> <Delay = 1.48> <FuncUnit> <Opcode : 'icmp'> <InPorts = 2> <OutPorts = 1>
ST_1 : Operation 142 [1/1] (0.00ns)   --->   "%empty = speclooptripcount i32 @_ssdm_op_SpecLoopTripCount, i64 64, i64 64, i64 64"   --->   Operation 142 'speclooptripcount' 'empty' <Predicate = true> <Delay = 0.00>
ST_1 : Operation 143 [1/1] (1.87ns)   --->   "%add_ln37 = add i7 %d_3, i7 1" [attention_tile.cpp:37]   --->   Operation 143 'add' 'add_ln37' <Predicate = true> <Delay = 1.87> <CoreInst = "Adder">   --->   Core 1 'Adder' <Latency = 0> <II = 1> <Delay = 1.87> <FuncUnit> <Opcode : 'add' 'sub'> <InPorts = 2> <OutPorts = 1>
ST_1 : Operation 144 [1/1] (0.00ns)   --->   "%br_ln37 = br i1 %icmp_ln37, void %for.inc.split, void %LOAD_TILE.preheader.exitStub" [attention_tile.cpp:37]   --->   Operation 144 'br' 'br_ln37' <Predicate = true> <Delay = 0.00>
ST_1 : Operation 145 [1/1] (0.00ns)   --->   "%trunc_ln39 = trunc i7 %d_3" [attention_tile.cpp:39]   --->   Operation 145 'trunc' 'trunc_ln39' <Predicate = (!icmp_ln37)> <Delay = 0.00>
ST_1 : Operation 146 [1/1] (0.95ns)   --->   "%switch_ln39 = switch i6 %trunc_ln39, void %arrayidx4.case.63, i6 0, void %for.inc.split.arrayidx4.exit_crit_edge, i6 1, void %for.inc.split.arrayidx4.exit_crit_edge2, i6 2, void %arrayidx4.case.2, i6 3, void %arrayidx4.case.3, i6 4, void %arrayidx4.case.4, i6 5, void %arrayidx4.case.5, i6 6, void %arrayidx4.case.6, i6 7, void %arrayidx4.case.7, i6 8, void %arrayidx4.case.8, i6 9, void %arrayidx4.case.9, i6 10, void %arrayidx4.case.10, i6 11, void %arrayidx4.case.11, i6 12, void %arrayidx4.case.12, i6 13, void %arrayidx4.case.13, i6 14, void %arrayidx4.case.14, i6 15, void %arrayidx4.case.15, i6 16, void %arrayidx4.case.16, i6 17, void %arrayidx4.case.17, i6 18, void %arrayidx4.case.18, i6 19, void %arrayidx4.case.19, i6 20, void %arrayidx4.case.20, i6 21, void %arrayidx4.case.21, i6 22, void %arrayidx4.case.22, i6 23, void %arrayidx4.case.23, i6 24, void %arrayidx4.case.24, i6 25, void %arrayidx4.case.25, i6 26, void %arrayidx4.case.26, i6 27, void %arrayidx4.case.27, i6 28, void %arrayidx4.case.28, i6 29, void %arrayidx4.case.29, i6 30, void %arrayidx4.case.30, i6 31, void %arrayidx4.case.31, i6 32, void %arrayidx4.case.32, i6 33, void %arrayidx4.case.33, i6 34, void %arrayidx4.case.34, i6 35, void %arrayidx4.case.35, i6 36, void %arrayidx4.case.36, i6 37, void %arrayidx4.case.37, i6 38, void %arrayidx4.case.38, i6 39, void %arrayidx4.case.39, i6 40, void %arrayidx4.case.40, i6 41, void %arrayidx4.case.41, i6 42, void %arrayidx4.case.42, i6 43, void %arrayidx4.case.43, i6 44, void %arrayidx4.case.44, i6 45, void %arrayidx4.case.45, i6 46, void %arrayidx4.case.46, i6 47, void %arrayidx4.case.47, i6 48, void %arrayidx4.case.48, i6 49, void %arrayidx4.case.49, i6 50, void %arrayidx4.case.50, i6 51, void %arrayidx4.case.51, i6 52, void %arrayidx4.case.52, i6 53, void %arrayidx4.case.53, i6 54, void %arrayidx4.case.54, i6 55, void %arrayidx4.case.55, i6 56, void %arrayidx4.case.56, i6 57, void %arrayidx4.case.57, i6 58, void %arrayidx4.case.58, i6 59, void %arrayidx4.case.59, i6 60, void %arrayidx4.case.60, i6 61, void %arrayidx4.case.61, i6 62, void %arrayidx4.case.62" [attention_tile.cpp:39]   --->   Operation 146 'switch' 'switch_ln39' <Predicate = (!icmp_ln37)> <Delay = 0.95>
ST_1 : Operation 147 [1/1] (1.58ns)   --->   "%store_ln37 = store i7 %add_ln37, i7 %d" [attention_tile.cpp:37]   --->   Operation 147 'store' 'store_ln37' <Predicate = (!icmp_ln37)> <Delay = 1.58>
ST_1 : Operation 148 [1/1] (0.00ns)   --->   "%br_ln37 = br void %for.inc" [attention_tile.cpp:37]   --->   Operation 148 'br' 'br_ln37' <Predicate = (!icmp_ln37)> <Delay = 0.00>
ST_1 : Operation 344 [1/1] (0.00ns)   --->   "%q_load = load i8 %q"   --->   Operation 344 'load' 'q_load' <Predicate = (icmp_ln37)> <Delay = 0.00>
ST_1 : Operation 345 [1/1] (0.00ns)   --->   "%q_1_load = load i8 %q_1"   --->   Operation 345 'load' 'q_1_load' <Predicate = (icmp_ln37)> <Delay = 0.00>
ST_1 : Operation 346 [1/1] (0.00ns)   --->   "%q_2_load = load i8 %q_2"   --->   Operation 346 'load' 'q_2_load' <Predicate = (icmp_ln37)> <Delay = 0.00>
ST_1 : Operation 347 [1/1] (0.00ns)   --->   "%q_3_load = load i8 %q_3"   --->   Operation 347 'load' 'q_3_load' <Predicate = (icmp_ln37)> <Delay = 0.00>
ST_1 : Operation 348 [1/1] (0.00ns)   --->   "%q_4_load = load i8 %q_4"   --->   Operation 348 'load' 'q_4_load' <Predicate = (icmp_ln37)> <Delay = 0.00>
ST_1 : Operation 349 [1/1] (0.00ns)   --->   "%q_5_load = load i8 %q_5"   --->   Operation 349 'load' 'q_5_load' <Predicate = (icmp_ln37)> <Delay = 0.00>
ST_1 : Operation 350 [1/1] (0.00ns)   --->   "%q_6_load = load i8 %q_6"   --->   Operation 350 'load' 'q_6_load' <Predicate = (icmp_ln37)> <Delay = 0.00>
ST_1 : Operation 351 [1/1] (0.00ns)   --->   "%q_7_load = load i8 %q_7"   --->   Operation 351 'load' 'q_7_load' <Predicate = (icmp_ln37)> <Delay = 0.00>
ST_1 : Operation 352 [1/1] (0.00ns)   --->   "%q_8_load = load i8 %q_8"   --->   Operation 352 'load' 'q_8_load' <Predicate = (icmp_ln37)> <Delay = 0.00>
ST_1 : Operation 353 [1/1] (0.00ns)   --->   "%q_9_load = load i8 %q_9"   --->   Operation 353 'load' 'q_9_load' <Predicate = (icmp_ln37)> <Delay = 0.00>
ST_1 : Operation 354 [1/1] (0.00ns)   --->   "%q_10_load = load i8 %q_10"   --->   Operation 354 'load' 'q_10_load' <Predicate = (icmp_ln37)> <Delay = 0.00>
ST_1 : Operation 355 [1/1] (0.00ns)   --->   "%q_11_load = load i8 %q_11"   --->   Operation 355 'load' 'q_11_load' <Predicate = (icmp_ln37)> <Delay = 0.00>
ST_1 : Operation 356 [1/1] (0.00ns)   --->   "%q_12_load = load i8 %q_12"   --->   Operation 356 'load' 'q_12_load' <Predicate = (icmp_ln37)> <Delay = 0.00>
ST_1 : Operation 357 [1/1] (0.00ns)   --->   "%q_13_load = load i8 %q_13"   --->   Operation 357 'load' 'q_13_load' <Predicate = (icmp_ln37)> <Delay = 0.00>
ST_1 : Operation 358 [1/1] (0.00ns)   --->   "%q_14_load = load i8 %q_14"   --->   Operation 358 'load' 'q_14_load' <Predicate = (icmp_ln37)> <Delay = 0.00>
ST_1 : Operation 359 [1/1] (0.00ns)   --->   "%q_15_load = load i8 %q_15"   --->   Operation 359 'load' 'q_15_load' <Predicate = (icmp_ln37)> <Delay = 0.00>
ST_1 : Operation 360 [1/1] (0.00ns)   --->   "%q_16_load = load i8 %q_16"   --->   Operation 360 'load' 'q_16_load' <Predicate = (icmp_ln37)> <Delay = 0.00>
ST_1 : Operation 361 [1/1] (0.00ns)   --->   "%q_17_load = load i8 %q_17"   --->   Operation 361 'load' 'q_17_load' <Predicate = (icmp_ln37)> <Delay = 0.00>
ST_1 : Operation 362 [1/1] (0.00ns)   --->   "%q_18_load = load i8 %q_18"   --->   Operation 362 'load' 'q_18_load' <Predicate = (icmp_ln37)> <Delay = 0.00>
ST_1 : Operation 363 [1/1] (0.00ns)   --->   "%q_19_load = load i8 %q_19"   --->   Operation 363 'load' 'q_19_load' <Predicate = (icmp_ln37)> <Delay = 0.00>
ST_1 : Operation 364 [1/1] (0.00ns)   --->   "%q_20_load = load i8 %q_20"   --->   Operation 364 'load' 'q_20_load' <Predicate = (icmp_ln37)> <Delay = 0.00>
ST_1 : Operation 365 [1/1] (0.00ns)   --->   "%q_21_load = load i8 %q_21"   --->   Operation 365 'load' 'q_21_load' <Predicate = (icmp_ln37)> <Delay = 0.00>
ST_1 : Operation 366 [1/1] (0.00ns)   --->   "%q_22_load = load i8 %q_22"   --->   Operation 366 'load' 'q_22_load' <Predicate = (icmp_ln37)> <Delay = 0.00>
ST_1 : Operation 367 [1/1] (0.00ns)   --->   "%q_23_load = load i8 %q_23"   --->   Operation 367 'load' 'q_23_load' <Predicate = (icmp_ln37)> <Delay = 0.00>
ST_1 : Operation 368 [1/1] (0.00ns)   --->   "%q_24_load = load i8 %q_24"   --->   Operation 368 'load' 'q_24_load' <Predicate = (icmp_ln37)> <Delay = 0.00>
ST_1 : Operation 369 [1/1] (0.00ns)   --->   "%q_25_load = load i8 %q_25"   --->   Operation 369 'load' 'q_25_load' <Predicate = (icmp_ln37)> <Delay = 0.00>
ST_1 : Operation 370 [1/1] (0.00ns)   --->   "%q_26_load = load i8 %q_26"   --->   Operation 370 'load' 'q_26_load' <Predicate = (icmp_ln37)> <Delay = 0.00>
ST_1 : Operation 371 [1/1] (0.00ns)   --->   "%q_27_load = load i8 %q_27"   --->   Operation 371 'load' 'q_27_load' <Predicate = (icmp_ln37)> <Delay = 0.00>
ST_1 : Operation 372 [1/1] (0.00ns)   --->   "%q_28_load = load i8 %q_28"   --->   Operation 372 'load' 'q_28_load' <Predicate = (icmp_ln37)> <Delay = 0.00>
ST_1 : Operation 373 [1/1] (0.00ns)   --->   "%q_29_load = load i8 %q_29"   --->   Operation 373 'load' 'q_29_load' <Predicate = (icmp_ln37)> <Delay = 0.00>
ST_1 : Operation 374 [1/1] (0.00ns)   --->   "%q_30_load = load i8 %q_30"   --->   Operation 374 'load' 'q_30_load' <Predicate = (icmp_ln37)> <Delay = 0.00>
ST_1 : Operation 375 [1/1] (0.00ns)   --->   "%q_31_load = load i8 %q_31"   --->   Operation 375 'load' 'q_31_load' <Predicate = (icmp_ln37)> <Delay = 0.00>
ST_1 : Operation 376 [1/1] (0.00ns)   --->   "%q_32_load = load i8 %q_32"   --->   Operation 376 'load' 'q_32_load' <Predicate = (icmp_ln37)> <Delay = 0.00>
ST_1 : Operation 377 [1/1] (0.00ns)   --->   "%q_33_load = load i8 %q_33"   --->   Operation 377 'load' 'q_33_load' <Predicate = (icmp_ln37)> <Delay = 0.00>
ST_1 : Operation 378 [1/1] (0.00ns)   --->   "%q_34_load = load i8 %q_34"   --->   Operation 378 'load' 'q_34_load' <Predicate = (icmp_ln37)> <Delay = 0.00>
ST_1 : Operation 379 [1/1] (0.00ns)   --->   "%q_35_load = load i8 %q_35"   --->   Operation 379 'load' 'q_35_load' <Predicate = (icmp_ln37)> <Delay = 0.00>
ST_1 : Operation 380 [1/1] (0.00ns)   --->   "%q_36_load = load i8 %q_36"   --->   Operation 380 'load' 'q_36_load' <Predicate = (icmp_ln37)> <Delay = 0.00>
ST_1 : Operation 381 [1/1] (0.00ns)   --->   "%q_37_load = load i8 %q_37"   --->   Operation 381 'load' 'q_37_load' <Predicate = (icmp_ln37)> <Delay = 0.00>
ST_1 : Operation 382 [1/1] (0.00ns)   --->   "%q_38_load = load i8 %q_38"   --->   Operation 382 'load' 'q_38_load' <Predicate = (icmp_ln37)> <Delay = 0.00>
ST_1 : Operation 383 [1/1] (0.00ns)   --->   "%q_39_load = load i8 %q_39"   --->   Operation 383 'load' 'q_39_load' <Predicate = (icmp_ln37)> <Delay = 0.00>
ST_1 : Operation 384 [1/1] (0.00ns)   --->   "%q_40_load = load i8 %q_40"   --->   Operation 384 'load' 'q_40_load' <Predicate = (icmp_ln37)> <Delay = 0.00>
ST_1 : Operation 385 [1/1] (0.00ns)   --->   "%q_41_load = load i8 %q_41"   --->   Operation 385 'load' 'q_41_load' <Predicate = (icmp_ln37)> <Delay = 0.00>
ST_1 : Operation 386 [1/1] (0.00ns)   --->   "%q_42_load = load i8 %q_42"   --->   Operation 386 'load' 'q_42_load' <Predicate = (icmp_ln37)> <Delay = 0.00>
ST_1 : Operation 387 [1/1] (0.00ns)   --->   "%q_43_load = load i8 %q_43"   --->   Operation 387 'load' 'q_43_load' <Predicate = (icmp_ln37)> <Delay = 0.00>
ST_1 : Operation 388 [1/1] (0.00ns)   --->   "%q_44_load = load i8 %q_44"   --->   Operation 388 'load' 'q_44_load' <Predicate = (icmp_ln37)> <Delay = 0.00>
ST_1 : Operation 389 [1/1] (0.00ns)   --->   "%q_45_load = load i8 %q_45"   --->   Operation 389 'load' 'q_45_load' <Predicate = (icmp_ln37)> <Delay = 0.00>
ST_1 : Operation 390 [1/1] (0.00ns)   --->   "%q_46_load = load i8 %q_46"   --->   Operation 390 'load' 'q_46_load' <Predicate = (icmp_ln37)> <Delay = 0.00>
ST_1 : Operation 391 [1/1] (0.00ns)   --->   "%q_47_load = load i8 %q_47"   --->   Operation 391 'load' 'q_47_load' <Predicate = (icmp_ln37)> <Delay = 0.00>
ST_1 : Operation 392 [1/1] (0.00ns)   --->   "%q_48_load = load i8 %q_48"   --->   Operation 392 'load' 'q_48_load' <Predicate = (icmp_ln37)> <Delay = 0.00>
ST_1 : Operation 393 [1/1] (0.00ns)   --->   "%q_49_load = load i8 %q_49"   --->   Operation 393 'load' 'q_49_load' <Predicate = (icmp_ln37)> <Delay = 0.00>
ST_1 : Operation 394 [1/1] (0.00ns)   --->   "%q_50_load = load i8 %q_50"   --->   Operation 394 'load' 'q_50_load' <Predicate = (icmp_ln37)> <Delay = 0.00>
ST_1 : Operation 395 [1/1] (0.00ns)   --->   "%q_51_load = load i8 %q_51"   --->   Operation 395 'load' 'q_51_load' <Predicate = (icmp_ln37)> <Delay = 0.00>
ST_1 : Operation 396 [1/1] (0.00ns)   --->   "%q_52_load = load i8 %q_52"   --->   Operation 396 'load' 'q_52_load' <Predicate = (icmp_ln37)> <Delay = 0.00>
ST_1 : Operation 397 [1/1] (0.00ns)   --->   "%q_53_load = load i8 %q_53"   --->   Operation 397 'load' 'q_53_load' <Predicate = (icmp_ln37)> <Delay = 0.00>
ST_1 : Operation 398 [1/1] (0.00ns)   --->   "%q_54_load = load i8 %q_54"   --->   Operation 398 'load' 'q_54_load' <Predicate = (icmp_ln37)> <Delay = 0.00>
ST_1 : Operation 399 [1/1] (0.00ns)   --->   "%q_55_load = load i8 %q_55"   --->   Operation 399 'load' 'q_55_load' <Predicate = (icmp_ln37)> <Delay = 0.00>
ST_1 : Operation 400 [1/1] (0.00ns)   --->   "%q_56_load = load i8 %q_56"   --->   Operation 400 'load' 'q_56_load' <Predicate = (icmp_ln37)> <Delay = 0.00>
ST_1 : Operation 401 [1/1] (0.00ns)   --->   "%q_57_load = load i8 %q_57"   --->   Operation 401 'load' 'q_57_load' <Predicate = (icmp_ln37)> <Delay = 0.00>
ST_1 : Operation 402 [1/1] (0.00ns)   --->   "%q_58_load = load i8 %q_58"   --->   Operation 402 'load' 'q_58_load' <Predicate = (icmp_ln37)> <Delay = 0.00>
ST_1 : Operation 403 [1/1] (0.00ns)   --->   "%q_59_load = load i8 %q_59"   --->   Operation 403 'load' 'q_59_load' <Predicate = (icmp_ln37)> <Delay = 0.00>
ST_1 : Operation 404 [1/1] (0.00ns)   --->   "%q_60_load = load i8 %q_60"   --->   Operation 404 'load' 'q_60_load' <Predicate = (icmp_ln37)> <Delay = 0.00>
ST_1 : Operation 405 [1/1] (0.00ns)   --->   "%q_61_load = load i8 %q_61"   --->   Operation 405 'load' 'q_61_load' <Predicate = (icmp_ln37)> <Delay = 0.00>
ST_1 : Operation 406 [1/1] (0.00ns)   --->   "%q_62_load = load i8 %q_62"   --->   Operation 406 'load' 'q_62_load' <Predicate = (icmp_ln37)> <Delay = 0.00>
ST_1 : Operation 407 [1/1] (0.00ns)   --->   "%q_63_load = load i8 %q_63"   --->   Operation 407 'load' 'q_63_load' <Predicate = (icmp_ln37)> <Delay = 0.00>
ST_1 : Operation 408 [1/1] (0.00ns)   --->   "%write_ln0 = write void @_ssdm_op_Write.ap_auto.i8P0A, i8 %q_63_out, i8 %q_63_load"   --->   Operation 408 'write' 'write_ln0' <Predicate = (icmp_ln37)> <Delay = 0.00>
ST_1 : Operation 409 [1/1] (0.00ns)   --->   "%write_ln0 = write void @_ssdm_op_Write.ap_auto.i8P0A, i8 %q_62_out, i8 %q_62_load"   --->   Operation 409 'write' 'write_ln0' <Predicate = (icmp_ln37)> <Delay = 0.00>
ST_1 : Operation 410 [1/1] (0.00ns)   --->   "%write_ln0 = write void @_ssdm_op_Write.ap_auto.i8P0A, i8 %q_61_out, i8 %q_61_load"   --->   Operation 410 'write' 'write_ln0' <Predicate = (icmp_ln37)> <Delay = 0.00>
ST_1 : Operation 411 [1/1] (0.00ns)   --->   "%write_ln0 = write void @_ssdm_op_Write.ap_auto.i8P0A, i8 %q_60_out, i8 %q_60_load"   --->   Operation 411 'write' 'write_ln0' <Predicate = (icmp_ln37)> <Delay = 0.00>
ST_1 : Operation 412 [1/1] (0.00ns)   --->   "%write_ln0 = write void @_ssdm_op_Write.ap_auto.i8P0A, i8 %q_59_out, i8 %q_59_load"   --->   Operation 412 'write' 'write_ln0' <Predicate = (icmp_ln37)> <Delay = 0.00>
ST_1 : Operation 413 [1/1] (0.00ns)   --->   "%write_ln0 = write void @_ssdm_op_Write.ap_auto.i8P0A, i8 %q_58_out, i8 %q_58_load"   --->   Operation 413 'write' 'write_ln0' <Predicate = (icmp_ln37)> <Delay = 0.00>
ST_1 : Operation 414 [1/1] (0.00ns)   --->   "%write_ln0 = write void @_ssdm_op_Write.ap_auto.i8P0A, i8 %q_57_out, i8 %q_57_load"   --->   Operation 414 'write' 'write_ln0' <Predicate = (icmp_ln37)> <Delay = 0.00>
ST_1 : Operation 415 [1/1] (0.00ns)   --->   "%write_ln0 = write void @_ssdm_op_Write.ap_auto.i8P0A, i8 %q_56_out, i8 %q_56_load"   --->   Operation 415 'write' 'write_ln0' <Predicate = (icmp_ln37)> <Delay = 0.00>
ST_1 : Operation 416 [1/1] (0.00ns)   --->   "%write_ln0 = write void @_ssdm_op_Write.ap_auto.i8P0A, i8 %q_55_out, i8 %q_55_load"   --->   Operation 416 'write' 'write_ln0' <Predicate = (icmp_ln37)> <Delay = 0.00>
ST_1 : Operation 417 [1/1] (0.00ns)   --->   "%write_ln0 = write void @_ssdm_op_Write.ap_auto.i8P0A, i8 %q_54_out, i8 %q_54_load"   --->   Operation 417 'write' 'write_ln0' <Predicate = (icmp_ln37)> <Delay = 0.00>
ST_1 : Operation 418 [1/1] (0.00ns)   --->   "%write_ln0 = write void @_ssdm_op_Write.ap_auto.i8P0A, i8 %q_53_out, i8 %q_53_load"   --->   Operation 418 'write' 'write_ln0' <Predicate = (icmp_ln37)> <Delay = 0.00>
ST_1 : Operation 419 [1/1] (0.00ns)   --->   "%write_ln0 = write void @_ssdm_op_Write.ap_auto.i8P0A, i8 %q_52_out, i8 %q_52_load"   --->   Operation 419 'write' 'write_ln0' <Predicate = (icmp_ln37)> <Delay = 0.00>
ST_1 : Operation 420 [1/1] (0.00ns)   --->   "%write_ln0 = write void @_ssdm_op_Write.ap_auto.i8P0A, i8 %q_51_out, i8 %q_51_load"   --->   Operation 420 'write' 'write_ln0' <Predicate = (icmp_ln37)> <Delay = 0.00>
ST_1 : Operation 421 [1/1] (0.00ns)   --->   "%write_ln0 = write void @_ssdm_op_Write.ap_auto.i8P0A, i8 %q_50_out, i8 %q_50_load"   --->   Operation 421 'write' 'write_ln0' <Predicate = (icmp_ln37)> <Delay = 0.00>
ST_1 : Operation 422 [1/1] (0.00ns)   --->   "%write_ln0 = write void @_ssdm_op_Write.ap_auto.i8P0A, i8 %q_49_out, i8 %q_49_load"   --->   Operation 422 'write' 'write_ln0' <Predicate = (icmp_ln37)> <Delay = 0.00>
ST_1 : Operation 423 [1/1] (0.00ns)   --->   "%write_ln0 = write void @_ssdm_op_Write.ap_auto.i8P0A, i8 %q_48_out, i8 %q_48_load"   --->   Operation 423 'write' 'write_ln0' <Predicate = (icmp_ln37)> <Delay = 0.00>
ST_1 : Operation 424 [1/1] (0.00ns)   --->   "%write_ln0 = write void @_ssdm_op_Write.ap_auto.i8P0A, i8 %q_47_out, i8 %q_47_load"   --->   Operation 424 'write' 'write_ln0' <Predicate = (icmp_ln37)> <Delay = 0.00>
ST_1 : Operation 425 [1/1] (0.00ns)   --->   "%write_ln0 = write void @_ssdm_op_Write.ap_auto.i8P0A, i8 %q_46_out, i8 %q_46_load"   --->   Operation 425 'write' 'write_ln0' <Predicate = (icmp_ln37)> <Delay = 0.00>
ST_1 : Operation 426 [1/1] (0.00ns)   --->   "%write_ln0 = write void @_ssdm_op_Write.ap_auto.i8P0A, i8 %q_45_out, i8 %q_45_load"   --->   Operation 426 'write' 'write_ln0' <Predicate = (icmp_ln37)> <Delay = 0.00>
ST_1 : Operation 427 [1/1] (0.00ns)   --->   "%write_ln0 = write void @_ssdm_op_Write.ap_auto.i8P0A, i8 %q_44_out, i8 %q_44_load"   --->   Operation 427 'write' 'write_ln0' <Predicate = (icmp_ln37)> <Delay = 0.00>
ST_1 : Operation 428 [1/1] (0.00ns)   --->   "%write_ln0 = write void @_ssdm_op_Write.ap_auto.i8P0A, i8 %q_43_out, i8 %q_43_load"   --->   Operation 428 'write' 'write_ln0' <Predicate = (icmp_ln37)> <Delay = 0.00>
ST_1 : Operation 429 [1/1] (0.00ns)   --->   "%write_ln0 = write void @_ssdm_op_Write.ap_auto.i8P0A, i8 %q_42_out, i8 %q_42_load"   --->   Operation 429 'write' 'write_ln0' <Predicate = (icmp_ln37)> <Delay = 0.00>
ST_1 : Operation 430 [1/1] (0.00ns)   --->   "%write_ln0 = write void @_ssdm_op_Write.ap_auto.i8P0A, i8 %q_41_out, i8 %q_41_load"   --->   Operation 430 'write' 'write_ln0' <Predicate = (icmp_ln37)> <Delay = 0.00>
ST_1 : Operation 431 [1/1] (0.00ns)   --->   "%write_ln0 = write void @_ssdm_op_Write.ap_auto.i8P0A, i8 %q_40_out, i8 %q_40_load"   --->   Operation 431 'write' 'write_ln0' <Predicate = (icmp_ln37)> <Delay = 0.00>
ST_1 : Operation 432 [1/1] (0.00ns)   --->   "%write_ln0 = write void @_ssdm_op_Write.ap_auto.i8P0A, i8 %q_39_out, i8 %q_39_load"   --->   Operation 432 'write' 'write_ln0' <Predicate = (icmp_ln37)> <Delay = 0.00>
ST_1 : Operation 433 [1/1] (0.00ns)   --->   "%write_ln0 = write void @_ssdm_op_Write.ap_auto.i8P0A, i8 %q_38_out, i8 %q_38_load"   --->   Operation 433 'write' 'write_ln0' <Predicate = (icmp_ln37)> <Delay = 0.00>
ST_1 : Operation 434 [1/1] (0.00ns)   --->   "%write_ln0 = write void @_ssdm_op_Write.ap_auto.i8P0A, i8 %q_37_out, i8 %q_37_load"   --->   Operation 434 'write' 'write_ln0' <Predicate = (icmp_ln37)> <Delay = 0.00>
ST_1 : Operation 435 [1/1] (0.00ns)   --->   "%write_ln0 = write void @_ssdm_op_Write.ap_auto.i8P0A, i8 %q_36_out, i8 %q_36_load"   --->   Operation 435 'write' 'write_ln0' <Predicate = (icmp_ln37)> <Delay = 0.00>
ST_1 : Operation 436 [1/1] (0.00ns)   --->   "%write_ln0 = write void @_ssdm_op_Write.ap_auto.i8P0A, i8 %q_35_out, i8 %q_35_load"   --->   Operation 436 'write' 'write_ln0' <Predicate = (icmp_ln37)> <Delay = 0.00>
ST_1 : Operation 437 [1/1] (0.00ns)   --->   "%write_ln0 = write void @_ssdm_op_Write.ap_auto.i8P0A, i8 %q_34_out, i8 %q_34_load"   --->   Operation 437 'write' 'write_ln0' <Predicate = (icmp_ln37)> <Delay = 0.00>
ST_1 : Operation 438 [1/1] (0.00ns)   --->   "%write_ln0 = write void @_ssdm_op_Write.ap_auto.i8P0A, i8 %q_33_out, i8 %q_33_load"   --->   Operation 438 'write' 'write_ln0' <Predicate = (icmp_ln37)> <Delay = 0.00>
ST_1 : Operation 439 [1/1] (0.00ns)   --->   "%write_ln0 = write void @_ssdm_op_Write.ap_auto.i8P0A, i8 %q_32_out, i8 %q_32_load"   --->   Operation 439 'write' 'write_ln0' <Predicate = (icmp_ln37)> <Delay = 0.00>
ST_1 : Operation 440 [1/1] (0.00ns)   --->   "%write_ln0 = write void @_ssdm_op_Write.ap_auto.i8P0A, i8 %q_31_out, i8 %q_31_load"   --->   Operation 440 'write' 'write_ln0' <Predicate = (icmp_ln37)> <Delay = 0.00>
ST_1 : Operation 441 [1/1] (0.00ns)   --->   "%write_ln0 = write void @_ssdm_op_Write.ap_auto.i8P0A, i8 %q_30_out, i8 %q_30_load"   --->   Operation 441 'write' 'write_ln0' <Predicate = (icmp_ln37)> <Delay = 0.00>
ST_1 : Operation 442 [1/1] (0.00ns)   --->   "%write_ln0 = write void @_ssdm_op_Write.ap_auto.i8P0A, i8 %q_29_out, i8 %q_29_load"   --->   Operation 442 'write' 'write_ln0' <Predicate = (icmp_ln37)> <Delay = 0.00>
ST_1 : Operation 443 [1/1] (0.00ns)   --->   "%write_ln0 = write void @_ssdm_op_Write.ap_auto.i8P0A, i8 %q_28_out, i8 %q_28_load"   --->   Operation 443 'write' 'write_ln0' <Predicate = (icmp_ln37)> <Delay = 0.00>
ST_1 : Operation 444 [1/1] (0.00ns)   --->   "%write_ln0 = write void @_ssdm_op_Write.ap_auto.i8P0A, i8 %q_27_out, i8 %q_27_load"   --->   Operation 444 'write' 'write_ln0' <Predicate = (icmp_ln37)> <Delay = 0.00>
ST_1 : Operation 445 [1/1] (0.00ns)   --->   "%write_ln0 = write void @_ssdm_op_Write.ap_auto.i8P0A, i8 %q_26_out, i8 %q_26_load"   --->   Operation 445 'write' 'write_ln0' <Predicate = (icmp_ln37)> <Delay = 0.00>
ST_1 : Operation 446 [1/1] (0.00ns)   --->   "%write_ln0 = write void @_ssdm_op_Write.ap_auto.i8P0A, i8 %q_25_out, i8 %q_25_load"   --->   Operation 446 'write' 'write_ln0' <Predicate = (icmp_ln37)> <Delay = 0.00>
ST_1 : Operation 447 [1/1] (0.00ns)   --->   "%write_ln0 = write void @_ssdm_op_Write.ap_auto.i8P0A, i8 %q_24_out, i8 %q_24_load"   --->   Operation 447 'write' 'write_ln0' <Predicate = (icmp_ln37)> <Delay = 0.00>
ST_1 : Operation 448 [1/1] (0.00ns)   --->   "%write_ln0 = write void @_ssdm_op_Write.ap_auto.i8P0A, i8 %q_23_out, i8 %q_23_load"   --->   Operation 448 'write' 'write_ln0' <Predicate = (icmp_ln37)> <Delay = 0.00>
ST_1 : Operation 449 [1/1] (0.00ns)   --->   "%write_ln0 = write void @_ssdm_op_Write.ap_auto.i8P0A, i8 %q_22_out, i8 %q_22_load"   --->   Operation 449 'write' 'write_ln0' <Predicate = (icmp_ln37)> <Delay = 0.00>
ST_1 : Operation 450 [1/1] (0.00ns)   --->   "%write_ln0 = write void @_ssdm_op_Write.ap_auto.i8P0A, i8 %q_21_out, i8 %q_21_load"   --->   Operation 450 'write' 'write_ln0' <Predicate = (icmp_ln37)> <Delay = 0.00>
ST_1 : Operation 451 [1/1] (0.00ns)   --->   "%write_ln0 = write void @_ssdm_op_Write.ap_auto.i8P0A, i8 %q_20_out, i8 %q_20_load"   --->   Operation 451 'write' 'write_ln0' <Predicate = (icmp_ln37)> <Delay = 0.00>
ST_1 : Operation 452 [1/1] (0.00ns)   --->   "%write_ln0 = write void @_ssdm_op_Write.ap_auto.i8P0A, i8 %q_19_out, i8 %q_19_load"   --->   Operation 452 'write' 'write_ln0' <Predicate = (icmp_ln37)> <Delay = 0.00>
ST_1 : Operation 453 [1/1] (0.00ns)   --->   "%write_ln0 = write void @_ssdm_op_Write.ap_auto.i8P0A, i8 %q_18_out, i8 %q_18_load"   --->   Operation 453 'write' 'write_ln0' <Predicate = (icmp_ln37)> <Delay = 0.00>
ST_1 : Operation 454 [1/1] (0.00ns)   --->   "%write_ln0 = write void @_ssdm_op_Write.ap_auto.i8P0A, i8 %q_17_out, i8 %q_17_load"   --->   Operation 454 'write' 'write_ln0' <Predicate = (icmp_ln37)> <Delay = 0.00>
ST_1 : Operation 455 [1/1] (0.00ns)   --->   "%write_ln0 = write void @_ssdm_op_Write.ap_auto.i8P0A, i8 %q_16_out, i8 %q_16_load"   --->   Operation 455 'write' 'write_ln0' <Predicate = (icmp_ln37)> <Delay = 0.00>
ST_1 : Operation 456 [1/1] (0.00ns)   --->   "%write_ln0 = write void @_ssdm_op_Write.ap_auto.i8P0A, i8 %q_15_out, i8 %q_15_load"   --->   Operation 456 'write' 'write_ln0' <Predicate = (icmp_ln37)> <Delay = 0.00>
ST_1 : Operation 457 [1/1] (0.00ns)   --->   "%write_ln0 = write void @_ssdm_op_Write.ap_auto.i8P0A, i8 %q_14_out, i8 %q_14_load"   --->   Operation 457 'write' 'write_ln0' <Predicate = (icmp_ln37)> <Delay = 0.00>
ST_1 : Operation 458 [1/1] (0.00ns)   --->   "%write_ln0 = write void @_ssdm_op_Write.ap_auto.i8P0A, i8 %q_13_out, i8 %q_13_load"   --->   Operation 458 'write' 'write_ln0' <Predicate = (icmp_ln37)> <Delay = 0.00>
ST_1 : Operation 459 [1/1] (0.00ns)   --->   "%write_ln0 = write void @_ssdm_op_Write.ap_auto.i8P0A, i8 %q_12_out, i8 %q_12_load"   --->   Operation 459 'write' 'write_ln0' <Predicate = (icmp_ln37)> <Delay = 0.00>
ST_1 : Operation 460 [1/1] (0.00ns)   --->   "%write_ln0 = write void @_ssdm_op_Write.ap_auto.i8P0A, i8 %q_11_out, i8 %q_11_load"   --->   Operation 460 'write' 'write_ln0' <Predicate = (icmp_ln37)> <Delay = 0.00>
ST_1 : Operation 461 [1/1] (0.00ns)   --->   "%write_ln0 = write void @_ssdm_op_Write.ap_auto.i8P0A, i8 %q_10_out, i8 %q_10_load"   --->   Operation 461 'write' 'write_ln0' <Predicate = (icmp_ln37)> <Delay = 0.00>
ST_1 : Operation 462 [1/1] (0.00ns)   --->   "%write_ln0 = write void @_ssdm_op_Write.ap_auto.i8P0A, i8 %q_9_out, i8 %q_9_load"   --->   Operation 462 'write' 'write_ln0' <Predicate = (icmp_ln37)> <Delay = 0.00>
ST_1 : Operation 463 [1/1] (0.00ns)   --->   "%write_ln0 = write void @_ssdm_op_Write.ap_auto.i8P0A, i8 %q_8_out, i8 %q_8_load"   --->   Operation 463 'write' 'write_ln0' <Predicate = (icmp_ln37)> <Delay = 0.00>
ST_1 : Operation 464 [1/1] (0.00ns)   --->   "%write_ln0 = write void @_ssdm_op_Write.ap_auto.i8P0A, i8 %q_7_out, i8 %q_7_load"   --->   Operation 464 'write' 'write_ln0' <Predicate = (icmp_ln37)> <Delay = 0.00>
ST_1 : Operation 465 [1/1] (0.00ns)   --->   "%write_ln0 = write void @_ssdm_op_Write.ap_auto.i8P0A, i8 %q_6_out, i8 %q_6_load"   --->   Operation 465 'write' 'write_ln0' <Predicate = (icmp_ln37)> <Delay = 0.00>
ST_1 : Operation 466 [1/1] (0.00ns)   --->   "%write_ln0 = write void @_ssdm_op_Write.ap_auto.i8P0A, i8 %q_5_out, i8 %q_5_load"   --->   Operation 466 'write' 'write_ln0' <Predicate = (icmp_ln37)> <Delay = 0.00>
ST_1 : Operation 467 [1/1] (0.00ns)   --->   "%write_ln0 = write void @_ssdm_op_Write.ap_auto.i8P0A, i8 %q_4_out, i8 %q_4_load"   --->   Operation 467 'write' 'write_ln0' <Predicate = (icmp_ln37)> <Delay = 0.00>
ST_1 : Operation 468 [1/1] (0.00ns)   --->   "%write_ln0 = write void @_ssdm_op_Write.ap_auto.i8P0A, i8 %q_3_out, i8 %q_3_load"   --->   Operation 468 'write' 'write_ln0' <Predicate = (icmp_ln37)> <Delay = 0.00>
ST_1 : Operation 469 [1/1] (0.00ns)   --->   "%write_ln0 = write void @_ssdm_op_Write.ap_auto.i8P0A, i8 %q_2_out, i8 %q_2_load"   --->   Operation 469 'write' 'write_ln0' <Predicate = (icmp_ln37)> <Delay = 0.00>
ST_1 : Operation 470 [1/1] (0.00ns)   --->   "%write_ln0 = write void @_ssdm_op_Write.ap_auto.i8P0A, i8 %q_1_out, i8 %q_1_load"   --->   Operation 470 'write' 'write_ln0' <Predicate = (icmp_ln37)> <Delay = 0.00>
ST_1 : Operation 471 [1/1] (0.00ns)   --->   "%write_ln0 = write void @_ssdm_op_Write.ap_auto.i8P0A, i8 %q_out, i8 %q_load"   --->   Operation 471 'write' 'write_ln0' <Predicate = (icmp_ln37)> <Delay = 0.00>
ST_1 : Operation 472 [1/1] (0.00ns)   --->   "%ret_ln0 = ret"   --->   Operation 472 'ret' 'ret_ln0' <Predicate = (icmp_ln37)> <Delay = 0.00>

State 2 <SV = 1> <Delay = 7.30>
ST_2 : Operation 149 [1/1] (0.00ns)   --->   "%specpipeline_ln38 = specpipeline void @_ssdm_op_SpecPipeline, i32 1, i32 0, i32 0, i32 0, void @empty_3" [attention_tile.cpp:38]   --->   Operation 149 'specpipeline' 'specpipeline_ln38' <Predicate = true> <Delay = 0.00>
ST_2 : Operation 150 [1/1] (0.00ns)   --->   "%specloopname_ln31 = specloopname void @_ssdm_op_SpecLoopName, void @empty_22" [attention_tile.cpp:31]   --->   Operation 150 'specloopname' 'specloopname_ln31' <Predicate = true> <Delay = 0.00>
ST_2 : Operation 151 [1/1] (7.30ns)   --->   "%q_64 = read i8 @_ssdm_op_Read.m_axi.p1i8, i8 %gmem0_addr" [attention_tile.cpp:39]   --->   Operation 151 'read' 'q_64' <Predicate = true> <Delay = 7.30> <CoreInst = "m_axi">   --->   Core 113 'm_axi' <Latency = 0> <II = 1> <Delay = 1.00> <Adapter> <Opcode : 'read' 'write' 'readreq' 'writereq' 'writeresp'>
ST_2 : Operation 152 [1/1] (1.58ns)   --->   "%store_ln40 = store i32 0, i32 %acc_62_out" [attention_tile.cpp:40]   --->   Operation 152 'store' 'store_ln40' <Predicate = (trunc_ln39 == 62)> <Delay = 1.58>
ST_2 : Operation 153 [1/1] (0.00ns)   --->   "%store_ln40 = store i8 %q_64, i8 %q_62" [attention_tile.cpp:40]   --->   Operation 153 'store' 'store_ln40' <Predicate = (trunc_ln39 == 62)> <Delay = 0.00>
ST_2 : Operation 154 [1/1] (0.00ns)   --->   "%br_ln40 = br void %arrayidx4.exit" [attention_tile.cpp:40]   --->   Operation 154 'br' 'br_ln40' <Predicate = (trunc_ln39 == 62)> <Delay = 0.00>
ST_2 : Operation 155 [1/1] (1.58ns)   --->   "%store_ln40 = store i32 0, i32 %acc_61_out" [attention_tile.cpp:40]   --->   Operation 155 'store' 'store_ln40' <Predicate = (trunc_ln39 == 61)> <Delay = 1.58>
ST_2 : Operation 156 [1/1] (0.00ns)   --->   "%store_ln40 = store i8 %q_64, i8 %q_61" [attention_tile.cpp:40]   --->   Operation 156 'store' 'store_ln40' <Predicate = (trunc_ln39 == 61)> <Delay = 0.00>
ST_2 : Operation 157 [1/1] (0.00ns)   --->   "%br_ln40 = br void %arrayidx4.exit" [attention_tile.cpp:40]   --->   Operation 157 'br' 'br_ln40' <Predicate = (trunc_ln39 == 61)> <Delay = 0.00>
ST_2 : Operation 158 [1/1] (1.58ns)   --->   "%store_ln40 = store i32 0, i32 %acc_60_out" [attention_tile.cpp:40]   --->   Operation 158 'store' 'store_ln40' <Predicate = (trunc_ln39 == 60)> <Delay = 1.58>
ST_2 : Operation 159 [1/1] (0.00ns)   --->   "%store_ln40 = store i8 %q_64, i8 %q_60" [attention_tile.cpp:40]   --->   Operation 159 'store' 'store_ln40' <Predicate = (trunc_ln39 == 60)> <Delay = 0.00>
ST_2 : Operation 160 [1/1] (0.00ns)   --->   "%br_ln40 = br void %arrayidx4.exit" [attention_tile.cpp:40]   --->   Operation 160 'br' 'br_ln40' <Predicate = (trunc_ln39 == 60)> <Delay = 0.00>
ST_2 : Operation 161 [1/1] (1.58ns)   --->   "%store_ln40 = store i32 0, i32 %acc_59_out" [attention_tile.cpp:40]   --->   Operation 161 'store' 'store_ln40' <Predicate = (trunc_ln39 == 59)> <Delay = 1.58>
ST_2 : Operation 162 [1/1] (0.00ns)   --->   "%store_ln40 = store i8 %q_64, i8 %q_59" [attention_tile.cpp:40]   --->   Operation 162 'store' 'store_ln40' <Predicate = (trunc_ln39 == 59)> <Delay = 0.00>
ST_2 : Operation 163 [1/1] (0.00ns)   --->   "%br_ln40 = br void %arrayidx4.exit" [attention_tile.cpp:40]   --->   Operation 163 'br' 'br_ln40' <Predicate = (trunc_ln39 == 59)> <Delay = 0.00>
ST_2 : Operation 164 [1/1] (1.58ns)   --->   "%store_ln40 = store i32 0, i32 %acc_58_out" [attention_tile.cpp:40]   --->   Operation 164 'store' 'store_ln40' <Predicate = (trunc_ln39 == 58)> <Delay = 1.58>
ST_2 : Operation 165 [1/1] (0.00ns)   --->   "%store_ln40 = store i8 %q_64, i8 %q_58" [attention_tile.cpp:40]   --->   Operation 165 'store' 'store_ln40' <Predicate = (trunc_ln39 == 58)> <Delay = 0.00>
ST_2 : Operation 166 [1/1] (0.00ns)   --->   "%br_ln40 = br void %arrayidx4.exit" [attention_tile.cpp:40]   --->   Operation 166 'br' 'br_ln40' <Predicate = (trunc_ln39 == 58)> <Delay = 0.00>
ST_2 : Operation 167 [1/1] (1.58ns)   --->   "%store_ln40 = store i32 0, i32 %acc_57_out" [attention_tile.cpp:40]   --->   Operation 167 'store' 'store_ln40' <Predicate = (trunc_ln39 == 57)> <Delay = 1.58>
ST_2 : Operation 168 [1/1] (0.00ns)   --->   "%store_ln40 = store i8 %q_64, i8 %q_57" [attention_tile.cpp:40]   --->   Operation 168 'store' 'store_ln40' <Predicate = (trunc_ln39 == 57)> <Delay = 0.00>
ST_2 : Operation 169 [1/1] (0.00ns)   --->   "%br_ln40 = br void %arrayidx4.exit" [attention_tile.cpp:40]   --->   Operation 169 'br' 'br_ln40' <Predicate = (trunc_ln39 == 57)> <Delay = 0.00>
ST_2 : Operation 170 [1/1] (1.58ns)   --->   "%store_ln40 = store i32 0, i32 %acc_56_out" [attention_tile.cpp:40]   --->   Operation 170 'store' 'store_ln40' <Predicate = (trunc_ln39 == 56)> <Delay = 1.58>
ST_2 : Operation 171 [1/1] (0.00ns)   --->   "%store_ln40 = store i8 %q_64, i8 %q_56" [attention_tile.cpp:40]   --->   Operation 171 'store' 'store_ln40' <Predicate = (trunc_ln39 == 56)> <Delay = 0.00>
ST_2 : Operation 172 [1/1] (0.00ns)   --->   "%br_ln40 = br void %arrayidx4.exit" [attention_tile.cpp:40]   --->   Operation 172 'br' 'br_ln40' <Predicate = (trunc_ln39 == 56)> <Delay = 0.00>
ST_2 : Operation 173 [1/1] (1.58ns)   --->   "%store_ln40 = store i32 0, i32 %acc_55_out" [attention_tile.cpp:40]   --->   Operation 173 'store' 'store_ln40' <Predicate = (trunc_ln39 == 55)> <Delay = 1.58>
ST_2 : Operation 174 [1/1] (0.00ns)   --->   "%store_ln40 = store i8 %q_64, i8 %q_55" [attention_tile.cpp:40]   --->   Operation 174 'store' 'store_ln40' <Predicate = (trunc_ln39 == 55)> <Delay = 0.00>
ST_2 : Operation 175 [1/1] (0.00ns)   --->   "%br_ln40 = br void %arrayidx4.exit" [attention_tile.cpp:40]   --->   Operation 175 'br' 'br_ln40' <Predicate = (trunc_ln39 == 55)> <Delay = 0.00>
ST_2 : Operation 176 [1/1] (1.58ns)   --->   "%store_ln40 = store i32 0, i32 %acc_54_out" [attention_tile.cpp:40]   --->   Operation 176 'store' 'store_ln40' <Predicate = (trunc_ln39 == 54)> <Delay = 1.58>
ST_2 : Operation 177 [1/1] (0.00ns)   --->   "%store_ln40 = store i8 %q_64, i8 %q_54" [attention_tile.cpp:40]   --->   Operation 177 'store' 'store_ln40' <Predicate = (trunc_ln39 == 54)> <Delay = 0.00>
ST_2 : Operation 178 [1/1] (0.00ns)   --->   "%br_ln40 = br void %arrayidx4.exit" [attention_tile.cpp:40]   --->   Operation 178 'br' 'br_ln40' <Predicate = (trunc_ln39 == 54)> <Delay = 0.00>
ST_2 : Operation 179 [1/1] (1.58ns)   --->   "%store_ln40 = store i32 0, i32 %acc_53_out" [attention_tile.cpp:40]   --->   Operation 179 'store' 'store_ln40' <Predicate = (trunc_ln39 == 53)> <Delay = 1.58>
ST_2 : Operation 180 [1/1] (0.00ns)   --->   "%store_ln40 = store i8 %q_64, i8 %q_53" [attention_tile.cpp:40]   --->   Operation 180 'store' 'store_ln40' <Predicate = (trunc_ln39 == 53)> <Delay = 0.00>
ST_2 : Operation 181 [1/1] (0.00ns)   --->   "%br_ln40 = br void %arrayidx4.exit" [attention_tile.cpp:40]   --->   Operation 181 'br' 'br_ln40' <Predicate = (trunc_ln39 == 53)> <Delay = 0.00>
ST_2 : Operation 182 [1/1] (1.58ns)   --->   "%store_ln40 = store i32 0, i32 %acc_52_out" [attention_tile.cpp:40]   --->   Operation 182 'store' 'store_ln40' <Predicate = (trunc_ln39 == 52)> <Delay = 1.58>
ST_2 : Operation 183 [1/1] (0.00ns)   --->   "%store_ln40 = store i8 %q_64, i8 %q_52" [attention_tile.cpp:40]   --->   Operation 183 'store' 'store_ln40' <Predicate = (trunc_ln39 == 52)> <Delay = 0.00>
ST_2 : Operation 184 [1/1] (0.00ns)   --->   "%br_ln40 = br void %arrayidx4.exit" [attention_tile.cpp:40]   --->   Operation 184 'br' 'br_ln40' <Predicate = (trunc_ln39 == 52)> <Delay = 0.00>
ST_2 : Operation 185 [1/1] (1.58ns)   --->   "%store_ln40 = store i32 0, i32 %acc_51_out" [attention_tile.cpp:40]   --->   Operation 185 'store' 'store_ln40' <Predicate = (trunc_ln39 == 51)> <Delay = 1.58>
ST_2 : Operation 186 [1/1] (0.00ns)   --->   "%store_ln40 = store i8 %q_64, i8 %q_51" [attention_tile.cpp:40]   --->   Operation 186 'store' 'store_ln40' <Predicate = (trunc_ln39 == 51)> <Delay = 0.00>
ST_2 : Operation 187 [1/1] (0.00ns)   --->   "%br_ln40 = br void %arrayidx4.exit" [attention_tile.cpp:40]   --->   Operation 187 'br' 'br_ln40' <Predicate = (trunc_ln39 == 51)> <Delay = 0.00>
ST_2 : Operation 188 [1/1] (1.58ns)   --->   "%store_ln40 = store i32 0, i32 %acc_50_out" [attention_tile.cpp:40]   --->   Operation 188 'store' 'store_ln40' <Predicate = (trunc_ln39 == 50)> <Delay = 1.58>
ST_2 : Operation 189 [1/1] (0.00ns)   --->   "%store_ln40 = store i8 %q_64, i8 %q_50" [attention_tile.cpp:40]   --->   Operation 189 'store' 'store_ln40' <Predicate = (trunc_ln39 == 50)> <Delay = 0.00>
ST_2 : Operation 190 [1/1] (0.00ns)   --->   "%br_ln40 = br void %arrayidx4.exit" [attention_tile.cpp:40]   --->   Operation 190 'br' 'br_ln40' <Predicate = (trunc_ln39 == 50)> <Delay = 0.00>
ST_2 : Operation 191 [1/1] (1.58ns)   --->   "%store_ln40 = store i32 0, i32 %acc_49_out" [attention_tile.cpp:40]   --->   Operation 191 'store' 'store_ln40' <Predicate = (trunc_ln39 == 49)> <Delay = 1.58>
ST_2 : Operation 192 [1/1] (0.00ns)   --->   "%store_ln40 = store i8 %q_64, i8 %q_49" [attention_tile.cpp:40]   --->   Operation 192 'store' 'store_ln40' <Predicate = (trunc_ln39 == 49)> <Delay = 0.00>
ST_2 : Operation 193 [1/1] (0.00ns)   --->   "%br_ln40 = br void %arrayidx4.exit" [attention_tile.cpp:40]   --->   Operation 193 'br' 'br_ln40' <Predicate = (trunc_ln39 == 49)> <Delay = 0.00>
ST_2 : Operation 194 [1/1] (1.58ns)   --->   "%store_ln40 = store i32 0, i32 %acc_48_out" [attention_tile.cpp:40]   --->   Operation 194 'store' 'store_ln40' <Predicate = (trunc_ln39 == 48)> <Delay = 1.58>
ST_2 : Operation 195 [1/1] (0.00ns)   --->   "%store_ln40 = store i8 %q_64, i8 %q_48" [attention_tile.cpp:40]   --->   Operation 195 'store' 'store_ln40' <Predicate = (trunc_ln39 == 48)> <Delay = 0.00>
ST_2 : Operation 196 [1/1] (0.00ns)   --->   "%br_ln40 = br void %arrayidx4.exit" [attention_tile.cpp:40]   --->   Operation 196 'br' 'br_ln40' <Predicate = (trunc_ln39 == 48)> <Delay = 0.00>
ST_2 : Operation 197 [1/1] (1.58ns)   --->   "%store_ln40 = store i32 0, i32 %acc_47_out" [attention_tile.cpp:40]   --->   Operation 197 'store' 'store_ln40' <Predicate = (trunc_ln39 == 47)> <Delay = 1.58>
ST_2 : Operation 198 [1/1] (0.00ns)   --->   "%store_ln40 = store i8 %q_64, i8 %q_47" [attention_tile.cpp:40]   --->   Operation 198 'store' 'store_ln40' <Predicate = (trunc_ln39 == 47)> <Delay = 0.00>
ST_2 : Operation 199 [1/1] (0.00ns)   --->   "%br_ln40 = br void %arrayidx4.exit" [attention_tile.cpp:40]   --->   Operation 199 'br' 'br_ln40' <Predicate = (trunc_ln39 == 47)> <Delay = 0.00>
ST_2 : Operation 200 [1/1] (1.58ns)   --->   "%store_ln40 = store i32 0, i32 %acc_46_out" [attention_tile.cpp:40]   --->   Operation 200 'store' 'store_ln40' <Predicate = (trunc_ln39 == 46)> <Delay = 1.58>
ST_2 : Operation 201 [1/1] (0.00ns)   --->   "%store_ln40 = store i8 %q_64, i8 %q_46" [attention_tile.cpp:40]   --->   Operation 201 'store' 'store_ln40' <Predicate = (trunc_ln39 == 46)> <Delay = 0.00>
ST_2 : Operation 202 [1/1] (0.00ns)   --->   "%br_ln40 = br void %arrayidx4.exit" [attention_tile.cpp:40]   --->   Operation 202 'br' 'br_ln40' <Predicate = (trunc_ln39 == 46)> <Delay = 0.00>
ST_2 : Operation 203 [1/1] (1.58ns)   --->   "%store_ln40 = store i32 0, i32 %acc_45_out" [attention_tile.cpp:40]   --->   Operation 203 'store' 'store_ln40' <Predicate = (trunc_ln39 == 45)> <Delay = 1.58>
ST_2 : Operation 204 [1/1] (0.00ns)   --->   "%store_ln40 = store i8 %q_64, i8 %q_45" [attention_tile.cpp:40]   --->   Operation 204 'store' 'store_ln40' <Predicate = (trunc_ln39 == 45)> <Delay = 0.00>
ST_2 : Operation 205 [1/1] (0.00ns)   --->   "%br_ln40 = br void %arrayidx4.exit" [attention_tile.cpp:40]   --->   Operation 205 'br' 'br_ln40' <Predicate = (trunc_ln39 == 45)> <Delay = 0.00>
ST_2 : Operation 206 [1/1] (1.58ns)   --->   "%store_ln40 = store i32 0, i32 %acc_44_out" [attention_tile.cpp:40]   --->   Operation 206 'store' 'store_ln40' <Predicate = (trunc_ln39 == 44)> <Delay = 1.58>
ST_2 : Operation 207 [1/1] (0.00ns)   --->   "%store_ln40 = store i8 %q_64, i8 %q_44" [attention_tile.cpp:40]   --->   Operation 207 'store' 'store_ln40' <Predicate = (trunc_ln39 == 44)> <Delay = 0.00>
ST_2 : Operation 208 [1/1] (0.00ns)   --->   "%br_ln40 = br void %arrayidx4.exit" [attention_tile.cpp:40]   --->   Operation 208 'br' 'br_ln40' <Predicate = (trunc_ln39 == 44)> <Delay = 0.00>
ST_2 : Operation 209 [1/1] (1.58ns)   --->   "%store_ln40 = store i32 0, i32 %acc_43_out" [attention_tile.cpp:40]   --->   Operation 209 'store' 'store_ln40' <Predicate = (trunc_ln39 == 43)> <Delay = 1.58>
ST_2 : Operation 210 [1/1] (0.00ns)   --->   "%store_ln40 = store i8 %q_64, i8 %q_43" [attention_tile.cpp:40]   --->   Operation 210 'store' 'store_ln40' <Predicate = (trunc_ln39 == 43)> <Delay = 0.00>
ST_2 : Operation 211 [1/1] (0.00ns)   --->   "%br_ln40 = br void %arrayidx4.exit" [attention_tile.cpp:40]   --->   Operation 211 'br' 'br_ln40' <Predicate = (trunc_ln39 == 43)> <Delay = 0.00>
ST_2 : Operation 212 [1/1] (1.58ns)   --->   "%store_ln40 = store i32 0, i32 %acc_42_out" [attention_tile.cpp:40]   --->   Operation 212 'store' 'store_ln40' <Predicate = (trunc_ln39 == 42)> <Delay = 1.58>
ST_2 : Operation 213 [1/1] (0.00ns)   --->   "%store_ln40 = store i8 %q_64, i8 %q_42" [attention_tile.cpp:40]   --->   Operation 213 'store' 'store_ln40' <Predicate = (trunc_ln39 == 42)> <Delay = 0.00>
ST_2 : Operation 214 [1/1] (0.00ns)   --->   "%br_ln40 = br void %arrayidx4.exit" [attention_tile.cpp:40]   --->   Operation 214 'br' 'br_ln40' <Predicate = (trunc_ln39 == 42)> <Delay = 0.00>
ST_2 : Operation 215 [1/1] (1.58ns)   --->   "%store_ln40 = store i32 0, i32 %acc_41_out" [attention_tile.cpp:40]   --->   Operation 215 'store' 'store_ln40' <Predicate = (trunc_ln39 == 41)> <Delay = 1.58>
ST_2 : Operation 216 [1/1] (0.00ns)   --->   "%store_ln40 = store i8 %q_64, i8 %q_41" [attention_tile.cpp:40]   --->   Operation 216 'store' 'store_ln40' <Predicate = (trunc_ln39 == 41)> <Delay = 0.00>
ST_2 : Operation 217 [1/1] (0.00ns)   --->   "%br_ln40 = br void %arrayidx4.exit" [attention_tile.cpp:40]   --->   Operation 217 'br' 'br_ln40' <Predicate = (trunc_ln39 == 41)> <Delay = 0.00>
ST_2 : Operation 218 [1/1] (1.58ns)   --->   "%store_ln40 = store i32 0, i32 %acc_40_out" [attention_tile.cpp:40]   --->   Operation 218 'store' 'store_ln40' <Predicate = (trunc_ln39 == 40)> <Delay = 1.58>
ST_2 : Operation 219 [1/1] (0.00ns)   --->   "%store_ln40 = store i8 %q_64, i8 %q_40" [attention_tile.cpp:40]   --->   Operation 219 'store' 'store_ln40' <Predicate = (trunc_ln39 == 40)> <Delay = 0.00>
ST_2 : Operation 220 [1/1] (0.00ns)   --->   "%br_ln40 = br void %arrayidx4.exit" [attention_tile.cpp:40]   --->   Operation 220 'br' 'br_ln40' <Predicate = (trunc_ln39 == 40)> <Delay = 0.00>
ST_2 : Operation 221 [1/1] (1.58ns)   --->   "%store_ln40 = store i32 0, i32 %acc_39_out" [attention_tile.cpp:40]   --->   Operation 221 'store' 'store_ln40' <Predicate = (trunc_ln39 == 39)> <Delay = 1.58>
ST_2 : Operation 222 [1/1] (0.00ns)   --->   "%store_ln40 = store i8 %q_64, i8 %q_39" [attention_tile.cpp:40]   --->   Operation 222 'store' 'store_ln40' <Predicate = (trunc_ln39 == 39)> <Delay = 0.00>
ST_2 : Operation 223 [1/1] (0.00ns)   --->   "%br_ln40 = br void %arrayidx4.exit" [attention_tile.cpp:40]   --->   Operation 223 'br' 'br_ln40' <Predicate = (trunc_ln39 == 39)> <Delay = 0.00>
ST_2 : Operation 224 [1/1] (1.58ns)   --->   "%store_ln40 = store i32 0, i32 %acc_38_out" [attention_tile.cpp:40]   --->   Operation 224 'store' 'store_ln40' <Predicate = (trunc_ln39 == 38)> <Delay = 1.58>
ST_2 : Operation 225 [1/1] (0.00ns)   --->   "%store_ln40 = store i8 %q_64, i8 %q_38" [attention_tile.cpp:40]   --->   Operation 225 'store' 'store_ln40' <Predicate = (trunc_ln39 == 38)> <Delay = 0.00>
ST_2 : Operation 226 [1/1] (0.00ns)   --->   "%br_ln40 = br void %arrayidx4.exit" [attention_tile.cpp:40]   --->   Operation 226 'br' 'br_ln40' <Predicate = (trunc_ln39 == 38)> <Delay = 0.00>
ST_2 : Operation 227 [1/1] (1.58ns)   --->   "%store_ln40 = store i32 0, i32 %acc_37_out" [attention_tile.cpp:40]   --->   Operation 227 'store' 'store_ln40' <Predicate = (trunc_ln39 == 37)> <Delay = 1.58>
ST_2 : Operation 228 [1/1] (0.00ns)   --->   "%store_ln40 = store i8 %q_64, i8 %q_37" [attention_tile.cpp:40]   --->   Operation 228 'store' 'store_ln40' <Predicate = (trunc_ln39 == 37)> <Delay = 0.00>
ST_2 : Operation 229 [1/1] (0.00ns)   --->   "%br_ln40 = br void %arrayidx4.exit" [attention_tile.cpp:40]   --->   Operation 229 'br' 'br_ln40' <Predicate = (trunc_ln39 == 37)> <Delay = 0.00>
ST_2 : Operation 230 [1/1] (1.58ns)   --->   "%store_ln40 = store i32 0, i32 %acc_36_out" [attention_tile.cpp:40]   --->   Operation 230 'store' 'store_ln40' <Predicate = (trunc_ln39 == 36)> <Delay = 1.58>
ST_2 : Operation 231 [1/1] (0.00ns)   --->   "%store_ln40 = store i8 %q_64, i8 %q_36" [attention_tile.cpp:40]   --->   Operation 231 'store' 'store_ln40' <Predicate = (trunc_ln39 == 36)> <Delay = 0.00>
ST_2 : Operation 232 [1/1] (0.00ns)   --->   "%br_ln40 = br void %arrayidx4.exit" [attention_tile.cpp:40]   --->   Operation 232 'br' 'br_ln40' <Predicate = (trunc_ln39 == 36)> <Delay = 0.00>
ST_2 : Operation 233 [1/1] (1.58ns)   --->   "%store_ln40 = store i32 0, i32 %acc_35_out" [attention_tile.cpp:40]   --->   Operation 233 'store' 'store_ln40' <Predicate = (trunc_ln39 == 35)> <Delay = 1.58>
ST_2 : Operation 234 [1/1] (0.00ns)   --->   "%store_ln40 = store i8 %q_64, i8 %q_35" [attention_tile.cpp:40]   --->   Operation 234 'store' 'store_ln40' <Predicate = (trunc_ln39 == 35)> <Delay = 0.00>
ST_2 : Operation 235 [1/1] (0.00ns)   --->   "%br_ln40 = br void %arrayidx4.exit" [attention_tile.cpp:40]   --->   Operation 235 'br' 'br_ln40' <Predicate = (trunc_ln39 == 35)> <Delay = 0.00>
ST_2 : Operation 236 [1/1] (1.58ns)   --->   "%store_ln40 = store i32 0, i32 %acc_34_out" [attention_tile.cpp:40]   --->   Operation 236 'store' 'store_ln40' <Predicate = (trunc_ln39 == 34)> <Delay = 1.58>
ST_2 : Operation 237 [1/1] (0.00ns)   --->   "%store_ln40 = store i8 %q_64, i8 %q_34" [attention_tile.cpp:40]   --->   Operation 237 'store' 'store_ln40' <Predicate = (trunc_ln39 == 34)> <Delay = 0.00>
ST_2 : Operation 238 [1/1] (0.00ns)   --->   "%br_ln40 = br void %arrayidx4.exit" [attention_tile.cpp:40]   --->   Operation 238 'br' 'br_ln40' <Predicate = (trunc_ln39 == 34)> <Delay = 0.00>
ST_2 : Operation 239 [1/1] (1.58ns)   --->   "%store_ln40 = store i32 0, i32 %acc_33_out" [attention_tile.cpp:40]   --->   Operation 239 'store' 'store_ln40' <Predicate = (trunc_ln39 == 33)> <Delay = 1.58>
ST_2 : Operation 240 [1/1] (0.00ns)   --->   "%store_ln40 = store i8 %q_64, i8 %q_33" [attention_tile.cpp:40]   --->   Operation 240 'store' 'store_ln40' <Predicate = (trunc_ln39 == 33)> <Delay = 0.00>
ST_2 : Operation 241 [1/1] (0.00ns)   --->   "%br_ln40 = br void %arrayidx4.exit" [attention_tile.cpp:40]   --->   Operation 241 'br' 'br_ln40' <Predicate = (trunc_ln39 == 33)> <Delay = 0.00>
ST_2 : Operation 242 [1/1] (1.58ns)   --->   "%store_ln40 = store i32 0, i32 %acc_32_out" [attention_tile.cpp:40]   --->   Operation 242 'store' 'store_ln40' <Predicate = (trunc_ln39 == 32)> <Delay = 1.58>
ST_2 : Operation 243 [1/1] (0.00ns)   --->   "%store_ln40 = store i8 %q_64, i8 %q_32" [attention_tile.cpp:40]   --->   Operation 243 'store' 'store_ln40' <Predicate = (trunc_ln39 == 32)> <Delay = 0.00>
ST_2 : Operation 244 [1/1] (0.00ns)   --->   "%br_ln40 = br void %arrayidx4.exit" [attention_tile.cpp:40]   --->   Operation 244 'br' 'br_ln40' <Predicate = (trunc_ln39 == 32)> <Delay = 0.00>
ST_2 : Operation 245 [1/1] (1.58ns)   --->   "%store_ln40 = store i32 0, i32 %acc_31_out" [attention_tile.cpp:40]   --->   Operation 245 'store' 'store_ln40' <Predicate = (trunc_ln39 == 31)> <Delay = 1.58>
ST_2 : Operation 246 [1/1] (0.00ns)   --->   "%store_ln40 = store i8 %q_64, i8 %q_31" [attention_tile.cpp:40]   --->   Operation 246 'store' 'store_ln40' <Predicate = (trunc_ln39 == 31)> <Delay = 0.00>
ST_2 : Operation 247 [1/1] (0.00ns)   --->   "%br_ln40 = br void %arrayidx4.exit" [attention_tile.cpp:40]   --->   Operation 247 'br' 'br_ln40' <Predicate = (trunc_ln39 == 31)> <Delay = 0.00>
ST_2 : Operation 248 [1/1] (1.58ns)   --->   "%store_ln40 = store i32 0, i32 %acc_30_out" [attention_tile.cpp:40]   --->   Operation 248 'store' 'store_ln40' <Predicate = (trunc_ln39 == 30)> <Delay = 1.58>
ST_2 : Operation 249 [1/1] (0.00ns)   --->   "%store_ln40 = store i8 %q_64, i8 %q_30" [attention_tile.cpp:40]   --->   Operation 249 'store' 'store_ln40' <Predicate = (trunc_ln39 == 30)> <Delay = 0.00>
ST_2 : Operation 250 [1/1] (0.00ns)   --->   "%br_ln40 = br void %arrayidx4.exit" [attention_tile.cpp:40]   --->   Operation 250 'br' 'br_ln40' <Predicate = (trunc_ln39 == 30)> <Delay = 0.00>
ST_2 : Operation 251 [1/1] (1.58ns)   --->   "%store_ln40 = store i32 0, i32 %acc_29_out" [attention_tile.cpp:40]   --->   Operation 251 'store' 'store_ln40' <Predicate = (trunc_ln39 == 29)> <Delay = 1.58>
ST_2 : Operation 252 [1/1] (0.00ns)   --->   "%store_ln40 = store i8 %q_64, i8 %q_29" [attention_tile.cpp:40]   --->   Operation 252 'store' 'store_ln40' <Predicate = (trunc_ln39 == 29)> <Delay = 0.00>
ST_2 : Operation 253 [1/1] (0.00ns)   --->   "%br_ln40 = br void %arrayidx4.exit" [attention_tile.cpp:40]   --->   Operation 253 'br' 'br_ln40' <Predicate = (trunc_ln39 == 29)> <Delay = 0.00>
ST_2 : Operation 254 [1/1] (1.58ns)   --->   "%store_ln40 = store i32 0, i32 %acc_28_out" [attention_tile.cpp:40]   --->   Operation 254 'store' 'store_ln40' <Predicate = (trunc_ln39 == 28)> <Delay = 1.58>
ST_2 : Operation 255 [1/1] (0.00ns)   --->   "%store_ln40 = store i8 %q_64, i8 %q_28" [attention_tile.cpp:40]   --->   Operation 255 'store' 'store_ln40' <Predicate = (trunc_ln39 == 28)> <Delay = 0.00>
ST_2 : Operation 256 [1/1] (0.00ns)   --->   "%br_ln40 = br void %arrayidx4.exit" [attention_tile.cpp:40]   --->   Operation 256 'br' 'br_ln40' <Predicate = (trunc_ln39 == 28)> <Delay = 0.00>
ST_2 : Operation 257 [1/1] (1.58ns)   --->   "%store_ln40 = store i32 0, i32 %acc_27_out" [attention_tile.cpp:40]   --->   Operation 257 'store' 'store_ln40' <Predicate = (trunc_ln39 == 27)> <Delay = 1.58>
ST_2 : Operation 258 [1/1] (0.00ns)   --->   "%store_ln40 = store i8 %q_64, i8 %q_27" [attention_tile.cpp:40]   --->   Operation 258 'store' 'store_ln40' <Predicate = (trunc_ln39 == 27)> <Delay = 0.00>
ST_2 : Operation 259 [1/1] (0.00ns)   --->   "%br_ln40 = br void %arrayidx4.exit" [attention_tile.cpp:40]   --->   Operation 259 'br' 'br_ln40' <Predicate = (trunc_ln39 == 27)> <Delay = 0.00>
ST_2 : Operation 260 [1/1] (1.58ns)   --->   "%store_ln40 = store i32 0, i32 %acc_26_out" [attention_tile.cpp:40]   --->   Operation 260 'store' 'store_ln40' <Predicate = (trunc_ln39 == 26)> <Delay = 1.58>
ST_2 : Operation 261 [1/1] (0.00ns)   --->   "%store_ln40 = store i8 %q_64, i8 %q_26" [attention_tile.cpp:40]   --->   Operation 261 'store' 'store_ln40' <Predicate = (trunc_ln39 == 26)> <Delay = 0.00>
ST_2 : Operation 262 [1/1] (0.00ns)   --->   "%br_ln40 = br void %arrayidx4.exit" [attention_tile.cpp:40]   --->   Operation 262 'br' 'br_ln40' <Predicate = (trunc_ln39 == 26)> <Delay = 0.00>
ST_2 : Operation 263 [1/1] (1.58ns)   --->   "%store_ln40 = store i32 0, i32 %acc_25_out" [attention_tile.cpp:40]   --->   Operation 263 'store' 'store_ln40' <Predicate = (trunc_ln39 == 25)> <Delay = 1.58>
ST_2 : Operation 264 [1/1] (0.00ns)   --->   "%store_ln40 = store i8 %q_64, i8 %q_25" [attention_tile.cpp:40]   --->   Operation 264 'store' 'store_ln40' <Predicate = (trunc_ln39 == 25)> <Delay = 0.00>
ST_2 : Operation 265 [1/1] (0.00ns)   --->   "%br_ln40 = br void %arrayidx4.exit" [attention_tile.cpp:40]   --->   Operation 265 'br' 'br_ln40' <Predicate = (trunc_ln39 == 25)> <Delay = 0.00>
ST_2 : Operation 266 [1/1] (1.58ns)   --->   "%store_ln40 = store i32 0, i32 %acc_24_out" [attention_tile.cpp:40]   --->   Operation 266 'store' 'store_ln40' <Predicate = (trunc_ln39 == 24)> <Delay = 1.58>
ST_2 : Operation 267 [1/1] (0.00ns)   --->   "%store_ln40 = store i8 %q_64, i8 %q_24" [attention_tile.cpp:40]   --->   Operation 267 'store' 'store_ln40' <Predicate = (trunc_ln39 == 24)> <Delay = 0.00>
ST_2 : Operation 268 [1/1] (0.00ns)   --->   "%br_ln40 = br void %arrayidx4.exit" [attention_tile.cpp:40]   --->   Operation 268 'br' 'br_ln40' <Predicate = (trunc_ln39 == 24)> <Delay = 0.00>
ST_2 : Operation 269 [1/1] (1.58ns)   --->   "%store_ln40 = store i32 0, i32 %acc_23_out" [attention_tile.cpp:40]   --->   Operation 269 'store' 'store_ln40' <Predicate = (trunc_ln39 == 23)> <Delay = 1.58>
ST_2 : Operation 270 [1/1] (0.00ns)   --->   "%store_ln40 = store i8 %q_64, i8 %q_23" [attention_tile.cpp:40]   --->   Operation 270 'store' 'store_ln40' <Predicate = (trunc_ln39 == 23)> <Delay = 0.00>
ST_2 : Operation 271 [1/1] (0.00ns)   --->   "%br_ln40 = br void %arrayidx4.exit" [attention_tile.cpp:40]   --->   Operation 271 'br' 'br_ln40' <Predicate = (trunc_ln39 == 23)> <Delay = 0.00>
ST_2 : Operation 272 [1/1] (1.58ns)   --->   "%store_ln40 = store i32 0, i32 %acc_22_out" [attention_tile.cpp:40]   --->   Operation 272 'store' 'store_ln40' <Predicate = (trunc_ln39 == 22)> <Delay = 1.58>
ST_2 : Operation 273 [1/1] (0.00ns)   --->   "%store_ln40 = store i8 %q_64, i8 %q_22" [attention_tile.cpp:40]   --->   Operation 273 'store' 'store_ln40' <Predicate = (trunc_ln39 == 22)> <Delay = 0.00>
ST_2 : Operation 274 [1/1] (0.00ns)   --->   "%br_ln40 = br void %arrayidx4.exit" [attention_tile.cpp:40]   --->   Operation 274 'br' 'br_ln40' <Predicate = (trunc_ln39 == 22)> <Delay = 0.00>
ST_2 : Operation 275 [1/1] (1.58ns)   --->   "%store_ln40 = store i32 0, i32 %acc_21_out" [attention_tile.cpp:40]   --->   Operation 275 'store' 'store_ln40' <Predicate = (trunc_ln39 == 21)> <Delay = 1.58>
ST_2 : Operation 276 [1/1] (0.00ns)   --->   "%store_ln40 = store i8 %q_64, i8 %q_21" [attention_tile.cpp:40]   --->   Operation 276 'store' 'store_ln40' <Predicate = (trunc_ln39 == 21)> <Delay = 0.00>
ST_2 : Operation 277 [1/1] (0.00ns)   --->   "%br_ln40 = br void %arrayidx4.exit" [attention_tile.cpp:40]   --->   Operation 277 'br' 'br_ln40' <Predicate = (trunc_ln39 == 21)> <Delay = 0.00>
ST_2 : Operation 278 [1/1] (1.58ns)   --->   "%store_ln40 = store i32 0, i32 %acc_20_out" [attention_tile.cpp:40]   --->   Operation 278 'store' 'store_ln40' <Predicate = (trunc_ln39 == 20)> <Delay = 1.58>
ST_2 : Operation 279 [1/1] (0.00ns)   --->   "%store_ln40 = store i8 %q_64, i8 %q_20" [attention_tile.cpp:40]   --->   Operation 279 'store' 'store_ln40' <Predicate = (trunc_ln39 == 20)> <Delay = 0.00>
ST_2 : Operation 280 [1/1] (0.00ns)   --->   "%br_ln40 = br void %arrayidx4.exit" [attention_tile.cpp:40]   --->   Operation 280 'br' 'br_ln40' <Predicate = (trunc_ln39 == 20)> <Delay = 0.00>
ST_2 : Operation 281 [1/1] (1.58ns)   --->   "%store_ln40 = store i32 0, i32 %acc_19_out" [attention_tile.cpp:40]   --->   Operation 281 'store' 'store_ln40' <Predicate = (trunc_ln39 == 19)> <Delay = 1.58>
ST_2 : Operation 282 [1/1] (0.00ns)   --->   "%store_ln40 = store i8 %q_64, i8 %q_19" [attention_tile.cpp:40]   --->   Operation 282 'store' 'store_ln40' <Predicate = (trunc_ln39 == 19)> <Delay = 0.00>
ST_2 : Operation 283 [1/1] (0.00ns)   --->   "%br_ln40 = br void %arrayidx4.exit" [attention_tile.cpp:40]   --->   Operation 283 'br' 'br_ln40' <Predicate = (trunc_ln39 == 19)> <Delay = 0.00>
ST_2 : Operation 284 [1/1] (1.58ns)   --->   "%store_ln40 = store i32 0, i32 %acc_18_out" [attention_tile.cpp:40]   --->   Operation 284 'store' 'store_ln40' <Predicate = (trunc_ln39 == 18)> <Delay = 1.58>
ST_2 : Operation 285 [1/1] (0.00ns)   --->   "%store_ln40 = store i8 %q_64, i8 %q_18" [attention_tile.cpp:40]   --->   Operation 285 'store' 'store_ln40' <Predicate = (trunc_ln39 == 18)> <Delay = 0.00>
ST_2 : Operation 286 [1/1] (0.00ns)   --->   "%br_ln40 = br void %arrayidx4.exit" [attention_tile.cpp:40]   --->   Operation 286 'br' 'br_ln40' <Predicate = (trunc_ln39 == 18)> <Delay = 0.00>
ST_2 : Operation 287 [1/1] (1.58ns)   --->   "%store_ln40 = store i32 0, i32 %acc_17_out" [attention_tile.cpp:40]   --->   Operation 287 'store' 'store_ln40' <Predicate = (trunc_ln39 == 17)> <Delay = 1.58>
ST_2 : Operation 288 [1/1] (0.00ns)   --->   "%store_ln40 = store i8 %q_64, i8 %q_17" [attention_tile.cpp:40]   --->   Operation 288 'store' 'store_ln40' <Predicate = (trunc_ln39 == 17)> <Delay = 0.00>
ST_2 : Operation 289 [1/1] (0.00ns)   --->   "%br_ln40 = br void %arrayidx4.exit" [attention_tile.cpp:40]   --->   Operation 289 'br' 'br_ln40' <Predicate = (trunc_ln39 == 17)> <Delay = 0.00>
ST_2 : Operation 290 [1/1] (1.58ns)   --->   "%store_ln40 = store i32 0, i32 %acc_16_out" [attention_tile.cpp:40]   --->   Operation 290 'store' 'store_ln40' <Predicate = (trunc_ln39 == 16)> <Delay = 1.58>
ST_2 : Operation 291 [1/1] (0.00ns)   --->   "%store_ln40 = store i8 %q_64, i8 %q_16" [attention_tile.cpp:40]   --->   Operation 291 'store' 'store_ln40' <Predicate = (trunc_ln39 == 16)> <Delay = 0.00>
ST_2 : Operation 292 [1/1] (0.00ns)   --->   "%br_ln40 = br void %arrayidx4.exit" [attention_tile.cpp:40]   --->   Operation 292 'br' 'br_ln40' <Predicate = (trunc_ln39 == 16)> <Delay = 0.00>
ST_2 : Operation 293 [1/1] (1.58ns)   --->   "%store_ln40 = store i32 0, i32 %acc_15_out" [attention_tile.cpp:40]   --->   Operation 293 'store' 'store_ln40' <Predicate = (trunc_ln39 == 15)> <Delay = 1.58>
ST_2 : Operation 294 [1/1] (0.00ns)   --->   "%store_ln40 = store i8 %q_64, i8 %q_15" [attention_tile.cpp:40]   --->   Operation 294 'store' 'store_ln40' <Predicate = (trunc_ln39 == 15)> <Delay = 0.00>
ST_2 : Operation 295 [1/1] (0.00ns)   --->   "%br_ln40 = br void %arrayidx4.exit" [attention_tile.cpp:40]   --->   Operation 295 'br' 'br_ln40' <Predicate = (trunc_ln39 == 15)> <Delay = 0.00>
ST_2 : Operation 296 [1/1] (1.58ns)   --->   "%store_ln40 = store i32 0, i32 %acc_14_out" [attention_tile.cpp:40]   --->   Operation 296 'store' 'store_ln40' <Predicate = (trunc_ln39 == 14)> <Delay = 1.58>
ST_2 : Operation 297 [1/1] (0.00ns)   --->   "%store_ln40 = store i8 %q_64, i8 %q_14" [attention_tile.cpp:40]   --->   Operation 297 'store' 'store_ln40' <Predicate = (trunc_ln39 == 14)> <Delay = 0.00>
ST_2 : Operation 298 [1/1] (0.00ns)   --->   "%br_ln40 = br void %arrayidx4.exit" [attention_tile.cpp:40]   --->   Operation 298 'br' 'br_ln40' <Predicate = (trunc_ln39 == 14)> <Delay = 0.00>
ST_2 : Operation 299 [1/1] (1.58ns)   --->   "%store_ln40 = store i32 0, i32 %acc_13_out" [attention_tile.cpp:40]   --->   Operation 299 'store' 'store_ln40' <Predicate = (trunc_ln39 == 13)> <Delay = 1.58>
ST_2 : Operation 300 [1/1] (0.00ns)   --->   "%store_ln40 = store i8 %q_64, i8 %q_13" [attention_tile.cpp:40]   --->   Operation 300 'store' 'store_ln40' <Predicate = (trunc_ln39 == 13)> <Delay = 0.00>
ST_2 : Operation 301 [1/1] (0.00ns)   --->   "%br_ln40 = br void %arrayidx4.exit" [attention_tile.cpp:40]   --->   Operation 301 'br' 'br_ln40' <Predicate = (trunc_ln39 == 13)> <Delay = 0.00>
ST_2 : Operation 302 [1/1] (1.58ns)   --->   "%store_ln40 = store i32 0, i32 %acc_12_out" [attention_tile.cpp:40]   --->   Operation 302 'store' 'store_ln40' <Predicate = (trunc_ln39 == 12)> <Delay = 1.58>
ST_2 : Operation 303 [1/1] (0.00ns)   --->   "%store_ln40 = store i8 %q_64, i8 %q_12" [attention_tile.cpp:40]   --->   Operation 303 'store' 'store_ln40' <Predicate = (trunc_ln39 == 12)> <Delay = 0.00>
ST_2 : Operation 304 [1/1] (0.00ns)   --->   "%br_ln40 = br void %arrayidx4.exit" [attention_tile.cpp:40]   --->   Operation 304 'br' 'br_ln40' <Predicate = (trunc_ln39 == 12)> <Delay = 0.00>
ST_2 : Operation 305 [1/1] (1.58ns)   --->   "%store_ln40 = store i32 0, i32 %acc_11_out" [attention_tile.cpp:40]   --->   Operation 305 'store' 'store_ln40' <Predicate = (trunc_ln39 == 11)> <Delay = 1.58>
ST_2 : Operation 306 [1/1] (0.00ns)   --->   "%store_ln40 = store i8 %q_64, i8 %q_11" [attention_tile.cpp:40]   --->   Operation 306 'store' 'store_ln40' <Predicate = (trunc_ln39 == 11)> <Delay = 0.00>
ST_2 : Operation 307 [1/1] (0.00ns)   --->   "%br_ln40 = br void %arrayidx4.exit" [attention_tile.cpp:40]   --->   Operation 307 'br' 'br_ln40' <Predicate = (trunc_ln39 == 11)> <Delay = 0.00>
ST_2 : Operation 308 [1/1] (1.58ns)   --->   "%store_ln40 = store i32 0, i32 %acc_10_out" [attention_tile.cpp:40]   --->   Operation 308 'store' 'store_ln40' <Predicate = (trunc_ln39 == 10)> <Delay = 1.58>
ST_2 : Operation 309 [1/1] (0.00ns)   --->   "%store_ln40 = store i8 %q_64, i8 %q_10" [attention_tile.cpp:40]   --->   Operation 309 'store' 'store_ln40' <Predicate = (trunc_ln39 == 10)> <Delay = 0.00>
ST_2 : Operation 310 [1/1] (0.00ns)   --->   "%br_ln40 = br void %arrayidx4.exit" [attention_tile.cpp:40]   --->   Operation 310 'br' 'br_ln40' <Predicate = (trunc_ln39 == 10)> <Delay = 0.00>
ST_2 : Operation 311 [1/1] (1.58ns)   --->   "%store_ln40 = store i32 0, i32 %acc_9_out" [attention_tile.cpp:40]   --->   Operation 311 'store' 'store_ln40' <Predicate = (trunc_ln39 == 9)> <Delay = 1.58>
ST_2 : Operation 312 [1/1] (0.00ns)   --->   "%store_ln40 = store i8 %q_64, i8 %q_9" [attention_tile.cpp:40]   --->   Operation 312 'store' 'store_ln40' <Predicate = (trunc_ln39 == 9)> <Delay = 0.00>
ST_2 : Operation 313 [1/1] (0.00ns)   --->   "%br_ln40 = br void %arrayidx4.exit" [attention_tile.cpp:40]   --->   Operation 313 'br' 'br_ln40' <Predicate = (trunc_ln39 == 9)> <Delay = 0.00>
ST_2 : Operation 314 [1/1] (1.58ns)   --->   "%store_ln40 = store i32 0, i32 %acc_8_out" [attention_tile.cpp:40]   --->   Operation 314 'store' 'store_ln40' <Predicate = (trunc_ln39 == 8)> <Delay = 1.58>
ST_2 : Operation 315 [1/1] (0.00ns)   --->   "%store_ln40 = store i8 %q_64, i8 %q_8" [attention_tile.cpp:40]   --->   Operation 315 'store' 'store_ln40' <Predicate = (trunc_ln39 == 8)> <Delay = 0.00>
ST_2 : Operation 316 [1/1] (0.00ns)   --->   "%br_ln40 = br void %arrayidx4.exit" [attention_tile.cpp:40]   --->   Operation 316 'br' 'br_ln40' <Predicate = (trunc_ln39 == 8)> <Delay = 0.00>
ST_2 : Operation 317 [1/1] (1.58ns)   --->   "%store_ln40 = store i32 0, i32 %acc_7_out" [attention_tile.cpp:40]   --->   Operation 317 'store' 'store_ln40' <Predicate = (trunc_ln39 == 7)> <Delay = 1.58>
ST_2 : Operation 318 [1/1] (0.00ns)   --->   "%store_ln40 = store i8 %q_64, i8 %q_7" [attention_tile.cpp:40]   --->   Operation 318 'store' 'store_ln40' <Predicate = (trunc_ln39 == 7)> <Delay = 0.00>
ST_2 : Operation 319 [1/1] (0.00ns)   --->   "%br_ln40 = br void %arrayidx4.exit" [attention_tile.cpp:40]   --->   Operation 319 'br' 'br_ln40' <Predicate = (trunc_ln39 == 7)> <Delay = 0.00>
ST_2 : Operation 320 [1/1] (1.58ns)   --->   "%store_ln40 = store i32 0, i32 %acc_6_out" [attention_tile.cpp:40]   --->   Operation 320 'store' 'store_ln40' <Predicate = (trunc_ln39 == 6)> <Delay = 1.58>
ST_2 : Operation 321 [1/1] (0.00ns)   --->   "%store_ln40 = store i8 %q_64, i8 %q_6" [attention_tile.cpp:40]   --->   Operation 321 'store' 'store_ln40' <Predicate = (trunc_ln39 == 6)> <Delay = 0.00>
ST_2 : Operation 322 [1/1] (0.00ns)   --->   "%br_ln40 = br void %arrayidx4.exit" [attention_tile.cpp:40]   --->   Operation 322 'br' 'br_ln40' <Predicate = (trunc_ln39 == 6)> <Delay = 0.00>
ST_2 : Operation 323 [1/1] (1.58ns)   --->   "%store_ln40 = store i32 0, i32 %acc_5_out" [attention_tile.cpp:40]   --->   Operation 323 'store' 'store_ln40' <Predicate = (trunc_ln39 == 5)> <Delay = 1.58>
ST_2 : Operation 324 [1/1] (0.00ns)   --->   "%store_ln40 = store i8 %q_64, i8 %q_5" [attention_tile.cpp:40]   --->   Operation 324 'store' 'store_ln40' <Predicate = (trunc_ln39 == 5)> <Delay = 0.00>
ST_2 : Operation 325 [1/1] (0.00ns)   --->   "%br_ln40 = br void %arrayidx4.exit" [attention_tile.cpp:40]   --->   Operation 325 'br' 'br_ln40' <Predicate = (trunc_ln39 == 5)> <Delay = 0.00>
ST_2 : Operation 326 [1/1] (1.58ns)   --->   "%store_ln40 = store i32 0, i32 %acc_4_out" [attention_tile.cpp:40]   --->   Operation 326 'store' 'store_ln40' <Predicate = (trunc_ln39 == 4)> <Delay = 1.58>
ST_2 : Operation 327 [1/1] (0.00ns)   --->   "%store_ln40 = store i8 %q_64, i8 %q_4" [attention_tile.cpp:40]   --->   Operation 327 'store' 'store_ln40' <Predicate = (trunc_ln39 == 4)> <Delay = 0.00>
ST_2 : Operation 328 [1/1] (0.00ns)   --->   "%br_ln40 = br void %arrayidx4.exit" [attention_tile.cpp:40]   --->   Operation 328 'br' 'br_ln40' <Predicate = (trunc_ln39 == 4)> <Delay = 0.00>
ST_2 : Operation 329 [1/1] (1.58ns)   --->   "%store_ln40 = store i32 0, i32 %acc_3_out" [attention_tile.cpp:40]   --->   Operation 329 'store' 'store_ln40' <Predicate = (trunc_ln39 == 3)> <Delay = 1.58>
ST_2 : Operation 330 [1/1] (0.00ns)   --->   "%store_ln40 = store i8 %q_64, i8 %q_3" [attention_tile.cpp:40]   --->   Operation 330 'store' 'store_ln40' <Predicate = (trunc_ln39 == 3)> <Delay = 0.00>
ST_2 : Operation 331 [1/1] (0.00ns)   --->   "%br_ln40 = br void %arrayidx4.exit" [attention_tile.cpp:40]   --->   Operation 331 'br' 'br_ln40' <Predicate = (trunc_ln39 == 3)> <Delay = 0.00>
ST_2 : Operation 332 [1/1] (1.58ns)   --->   "%store_ln40 = store i32 0, i32 %acc_2_out" [attention_tile.cpp:40]   --->   Operation 332 'store' 'store_ln40' <Predicate = (trunc_ln39 == 2)> <Delay = 1.58>
ST_2 : Operation 333 [1/1] (0.00ns)   --->   "%store_ln40 = store i8 %q_64, i8 %q_2" [attention_tile.cpp:40]   --->   Operation 333 'store' 'store_ln40' <Predicate = (trunc_ln39 == 2)> <Delay = 0.00>
ST_2 : Operation 334 [1/1] (0.00ns)   --->   "%br_ln40 = br void %arrayidx4.exit" [attention_tile.cpp:40]   --->   Operation 334 'br' 'br_ln40' <Predicate = (trunc_ln39 == 2)> <Delay = 0.00>
ST_2 : Operation 335 [1/1] (1.58ns)   --->   "%store_ln39 = store i32 0, i32 %acc_1_out" [attention_tile.cpp:39]   --->   Operation 335 'store' 'store_ln39' <Predicate = (trunc_ln39 == 1)> <Delay = 1.58>
ST_2 : Operation 336 [1/1] (0.00ns)   --->   "%store_ln39 = store i8 %q_64, i8 %q_1" [attention_tile.cpp:39]   --->   Operation 336 'store' 'store_ln39' <Predicate = (trunc_ln39 == 1)> <Delay = 0.00>
ST_2 : Operation 337 [1/1] (0.00ns)   --->   "%br_ln39 = br void %arrayidx4.exit" [attention_tile.cpp:39]   --->   Operation 337 'br' 'br_ln39' <Predicate = (trunc_ln39 == 1)> <Delay = 0.00>
ST_2 : Operation 338 [1/1] (1.58ns)   --->   "%store_ln39 = store i32 0, i32 %acc_out" [attention_tile.cpp:39]   --->   Operation 338 'store' 'store_ln39' <Predicate = (trunc_ln39 == 0)> <Delay = 1.58>
ST_2 : Operation 339 [1/1] (0.00ns)   --->   "%store_ln39 = store i8 %q_64, i8 %q" [attention_tile.cpp:39]   --->   Operation 339 'store' 'store_ln39' <Predicate = (trunc_ln39 == 0)> <Delay = 0.00>
ST_2 : Operation 340 [1/1] (0.00ns)   --->   "%br_ln39 = br void %arrayidx4.exit" [attention_tile.cpp:39]   --->   Operation 340 'br' 'br_ln39' <Predicate = (trunc_ln39 == 0)> <Delay = 0.00>
ST_2 : Operation 341 [1/1] (1.58ns)   --->   "%store_ln40 = store i32 0, i32 %acc_63_out" [attention_tile.cpp:40]   --->   Operation 341 'store' 'store_ln40' <Predicate = (trunc_ln39 == 63)> <Delay = 1.58>
ST_2 : Operation 342 [1/1] (0.00ns)   --->   "%store_ln40 = store i8 %q_64, i8 %q_63" [attention_tile.cpp:40]   --->   Operation 342 'store' 'store_ln40' <Predicate = (trunc_ln39 == 63)> <Delay = 0.00>
ST_2 : Operation 343 [1/1] (0.00ns)   --->   "%br_ln40 = br void %arrayidx4.exit" [attention_tile.cpp:40]   --->   Operation 343 'br' 'br_ln40' <Predicate = (trunc_ln39 == 63)> <Delay = 0.00>


============================================================
+ Verbose Summary: Timing violations
============================================================
Target clock period: 10ns, clock uncertainty: 2.7ns.

 <State 1>: 3.46ns
The critical path consists of the following:
	'alloca' operation ('d') [131]  (0 ns)
	'load' operation ('d', attention_tile.cpp:39) on local variable 'd' [265]  (0 ns)
	'add' operation ('add_ln37', attention_tile.cpp:37) [270]  (1.87 ns)
	'store' operation ('store_ln37', attention_tile.cpp:37) of variable 'add_ln37', attention_tile.cpp:37 on local variable 'd' [535]  (1.59 ns)

 <State 2>: 7.3ns
The critical path consists of the following:
	bus read operation ('q', attention_tile.cpp:39) on port 'gmem0' (attention_tile.cpp:39) [275]  (7.3 ns)
	'store' operation ('store_ln40', attention_tile.cpp:40) of variable 'q', attention_tile.cpp:39 on local variable 'q' [368]  (0 ns)


============================================================
+ Verbose Summary: Binding
============================================================
N/A
* FSMD analyzer results:
  - Output states:
 - Input state : 
  - Chain level:
	State 1
	State 2


============================================================
+ Verbose Summary: Datapath Resource usage 
============================================================
N/A
