

================================================================
== Vitis HLS Report for 'streaming_attention_Pipeline_SCORE'
================================================================
* Date:           Sat Jun 20 05:22:09 2026

* Version:        2022.1 (Build 3526262 on Mon Apr 18 15:47:01 MDT 2022)
* Project:        stream_attn_hls
* Solution:       sol1 (Vivado IP Flow Target)
* Product family: zynq
* Target device:  xc7z020-clg400-1


================================================================
== Performance Estimates
================================================================
+ Timing: 
    * Summary: 
    +--------+----------+----------+------------+
    |  Clock |  Target  | Estimated| Uncertainty|
    +--------+----------+----------+------------+
    |ap_clk  |  10.00 ns|  8.695 ns|     2.70 ns|
    +--------+----------+----------+------------+

+ Latency: 
    * Summary: 
    +---------+---------+----------+----------+-----+-----+---------+
    |  Latency (cycles) |  Latency (absolute) |  Interval | Pipeline|
    |   min   |   max   |    min   |    max   | min | max |   Type  |
    +---------+---------+----------+----------+-----+-----+---------+
    |       28|       28|  0.280 us|  0.280 us|   28|   28|       no|
    +---------+---------+----------+----------+-----+-----+---------+

    + Detail: 
        * Instance: 
        N/A

        * Loop: 
        +----------+---------+---------+----------+-----------+-----------+------+----------+
        |          |  Latency (cycles) | Iteration|  Initiation Interval  | Trip |          |
        | Loop Name|   min   |   max   |  Latency |  achieved |   target  | Count| Pipelined|
        +----------+---------+---------+----------+-----------+-----------+------+----------+
        |- SCORE   |       26|       26|        12|          1|          1|    16|       yes|
        +----------+---------+---------+----------+-----------+-----------+------+----------+

============================================================
+ Verbose Summary: Synthesis Manager
============================================================
InlineROM: 1
ExposeGlobal: 0
============================================================
+ Verbose Summary: CDFG Model
============================================================
IsTopModel: 0
ResetActiveHigh: 1
IsCombinational: 0
IsDatapathOnly: 0
HasWiredReturn: 1
HasMFsm: 2
HasVarLatency: 1
IsPipeline: 0
IsRtlPipelined: 0
IsInstanceOverlapped: 0
IsDontTouch: 0
HasImplIP: 0
IsGatedGlobalClock: 0

+ Individual pipeline summary: 
  * Pipeline-0: initiation interval (II) = 1, depth = 12


============================================================
+ Verbose Summary: Schedule
============================================================
* Number of FSM states : 12
* Pipeline : 1
  Pipeline-0 : II = 1, D = 12, States = { 1 2 3 4 5 6 7 8 9 10 11 12 }
* Dataflow Pipeline: 0

* FSM state transitions: 
1 --> 2 
2 --> 3 
3 --> 4 
4 --> 5 
5 --> 6 
6 --> 7 
7 --> 8 
8 --> 9 
9 --> 10 
10 --> 11 
11 --> 12 
12 --> 

* FSM state operations: 

State 1 <SV = 0> <Delay = 8.47>
ST_1 : Operation 15 [1/1] (0.00ns)   --->   "%tile_max = alloca i32 1"   --->   Operation 15 'alloca' 'tile_max' <Predicate = true> <Delay = 0.00>
ST_1 : Operation 16 [1/1] (0.00ns)   --->   "%j = alloca i32 1"   --->   Operation 16 'alloca' 'j' <Predicate = true> <Delay = 0.00>
ST_1 : Operation 17 [1/1] (0.00ns)   --->   "%score = alloca i32 1"   --->   Operation 17 'alloca' 'score' <Predicate = true> <Delay = 0.00>
ST_1 : Operation 18 [1/1] (0.00ns)   --->   "%score_1 = alloca i32 1"   --->   Operation 18 'alloca' 'score_1' <Predicate = true> <Delay = 0.00>
ST_1 : Operation 19 [1/1] (0.00ns)   --->   "%score_2 = alloca i32 1"   --->   Operation 19 'alloca' 'score_2' <Predicate = true> <Delay = 0.00>
ST_1 : Operation 20 [1/1] (0.00ns)   --->   "%score_3 = alloca i32 1"   --->   Operation 20 'alloca' 'score_3' <Predicate = true> <Delay = 0.00>
ST_1 : Operation 21 [1/1] (0.00ns)   --->   "%score_4 = alloca i32 1"   --->   Operation 21 'alloca' 'score_4' <Predicate = true> <Delay = 0.00>
ST_1 : Operation 22 [1/1] (0.00ns)   --->   "%score_5 = alloca i32 1"   --->   Operation 22 'alloca' 'score_5' <Predicate = true> <Delay = 0.00>
ST_1 : Operation 23 [1/1] (0.00ns)   --->   "%score_6 = alloca i32 1"   --->   Operation 23 'alloca' 'score_6' <Predicate = true> <Delay = 0.00>
ST_1 : Operation 24 [1/1] (0.00ns)   --->   "%score_7 = alloca i32 1"   --->   Operation 24 'alloca' 'score_7' <Predicate = true> <Delay = 0.00>
ST_1 : Operation 25 [1/1] (0.00ns)   --->   "%score_8 = alloca i32 1"   --->   Operation 25 'alloca' 'score_8' <Predicate = true> <Delay = 0.00>
ST_1 : Operation 26 [1/1] (0.00ns)   --->   "%score_9 = alloca i32 1"   --->   Operation 26 'alloca' 'score_9' <Predicate = true> <Delay = 0.00>
ST_1 : Operation 27 [1/1] (0.00ns)   --->   "%score_10 = alloca i32 1"   --->   Operation 27 'alloca' 'score_10' <Predicate = true> <Delay = 0.00>
ST_1 : Operation 28 [1/1] (0.00ns)   --->   "%score_11 = alloca i32 1"   --->   Operation 28 'alloca' 'score_11' <Predicate = true> <Delay = 0.00>
ST_1 : Operation 29 [1/1] (0.00ns)   --->   "%score_12 = alloca i32 1"   --->   Operation 29 'alloca' 'score_12' <Predicate = true> <Delay = 0.00>
ST_1 : Operation 30 [1/1] (0.00ns)   --->   "%score_13 = alloca i32 1"   --->   Operation 30 'alloca' 'score_13' <Predicate = true> <Delay = 0.00>
ST_1 : Operation 31 [1/1] (0.00ns)   --->   "%score_14 = alloca i32 1"   --->   Operation 31 'alloca' 'score_14' <Predicate = true> <Delay = 0.00>
ST_1 : Operation 32 [1/1] (0.00ns)   --->   "%score_15 = alloca i32 1"   --->   Operation 32 'alloca' 'score_15' <Predicate = true> <Delay = 0.00>
ST_1 : Operation 33 [1/1] (0.00ns)   --->   "%sext_ln75_15_read = read i22 @_ssdm_op_Read.ap_auto.i22, i22 %sext_ln75_15"   --->   Operation 33 'read' 'sext_ln75_15_read' <Predicate = true> <Delay = 0.00>
ST_1 : Operation 34 [1/1] (0.00ns)   --->   "%sext_ln75_14_read = read i22 @_ssdm_op_Read.ap_auto.i22, i22 %sext_ln75_14"   --->   Operation 34 'read' 'sext_ln75_14_read' <Predicate = true> <Delay = 0.00>
ST_1 : Operation 35 [1/1] (0.00ns)   --->   "%sext_ln75_13_read = read i22 @_ssdm_op_Read.ap_auto.i22, i22 %sext_ln75_13"   --->   Operation 35 'read' 'sext_ln75_13_read' <Predicate = true> <Delay = 0.00>
ST_1 : Operation 36 [1/1] (0.00ns)   --->   "%sext_ln75_12_read = read i22 @_ssdm_op_Read.ap_auto.i22, i22 %sext_ln75_12"   --->   Operation 36 'read' 'sext_ln75_12_read' <Predicate = true> <Delay = 0.00>
ST_1 : Operation 37 [1/1] (0.00ns)   --->   "%sext_ln75_11_read = read i22 @_ssdm_op_Read.ap_auto.i22, i22 %sext_ln75_11"   --->   Operation 37 'read' 'sext_ln75_11_read' <Predicate = true> <Delay = 0.00>
ST_1 : Operation 38 [1/1] (0.00ns)   --->   "%sext_ln75_10_read = read i22 @_ssdm_op_Read.ap_auto.i22, i22 %sext_ln75_10"   --->   Operation 38 'read' 'sext_ln75_10_read' <Predicate = true> <Delay = 0.00>
ST_1 : Operation 39 [1/1] (0.00ns)   --->   "%sext_ln75_9_read = read i22 @_ssdm_op_Read.ap_auto.i22, i22 %sext_ln75_9"   --->   Operation 39 'read' 'sext_ln75_9_read' <Predicate = true> <Delay = 0.00>
ST_1 : Operation 40 [1/1] (0.00ns)   --->   "%sext_ln75_8_read = read i22 @_ssdm_op_Read.ap_auto.i22, i22 %sext_ln75_8"   --->   Operation 40 'read' 'sext_ln75_8_read' <Predicate = true> <Delay = 0.00>
ST_1 : Operation 41 [1/1] (0.00ns)   --->   "%sext_ln75_7_read = read i22 @_ssdm_op_Read.ap_auto.i22, i22 %sext_ln75_7"   --->   Operation 41 'read' 'sext_ln75_7_read' <Predicate = true> <Delay = 0.00>
ST_1 : Operation 42 [1/1] (0.00ns)   --->   "%sext_ln75_6_read = read i22 @_ssdm_op_Read.ap_auto.i22, i22 %sext_ln75_6"   --->   Operation 42 'read' 'sext_ln75_6_read' <Predicate = true> <Delay = 0.00>
ST_1 : Operation 43 [1/1] (0.00ns)   --->   "%sext_ln75_5_read = read i22 @_ssdm_op_Read.ap_auto.i22, i22 %sext_ln75_5"   --->   Operation 43 'read' 'sext_ln75_5_read' <Predicate = true> <Delay = 0.00>
ST_1 : Operation 44 [1/1] (0.00ns)   --->   "%sext_ln75_4_read = read i22 @_ssdm_op_Read.ap_auto.i22, i22 %sext_ln75_4"   --->   Operation 44 'read' 'sext_ln75_4_read' <Predicate = true> <Delay = 0.00>
ST_1 : Operation 45 [1/1] (0.00ns)   --->   "%sext_ln75_3_read = read i22 @_ssdm_op_Read.ap_auto.i22, i22 %sext_ln75_3"   --->   Operation 45 'read' 'sext_ln75_3_read' <Predicate = true> <Delay = 0.00>
ST_1 : Operation 46 [1/1] (0.00ns)   --->   "%sext_ln75_2_read = read i22 @_ssdm_op_Read.ap_auto.i22, i22 %sext_ln75_2"   --->   Operation 46 'read' 'sext_ln75_2_read' <Predicate = true> <Delay = 0.00>
ST_1 : Operation 47 [1/1] (0.00ns)   --->   "%sext_ln75_1_read = read i22 @_ssdm_op_Read.ap_auto.i22, i22 %sext_ln75_1"   --->   Operation 47 'read' 'sext_ln75_1_read' <Predicate = true> <Delay = 0.00>
ST_1 : Operation 48 [1/1] (0.00ns)   --->   "%sext_ln75_read = read i22 @_ssdm_op_Read.ap_auto.i22, i22 %sext_ln75"   --->   Operation 48 'read' 'sext_ln75_read' <Predicate = true> <Delay = 0.00>
ST_1 : Operation 49 [1/1] (0.00ns)   --->   "%tile_max_4_read = read i32 @_ssdm_op_Read.ap_auto.float, i32 %tile_max_4"   --->   Operation 49 'read' 'tile_max_4_read' <Predicate = true> <Delay = 0.00>
ST_1 : Operation 50 [1/1] (0.00ns)   --->   "%sext_ln75_15_cast = sext i22 %sext_ln75_15_read"   --->   Operation 50 'sext' 'sext_ln75_15_cast' <Predicate = true> <Delay = 0.00>
ST_1 : Operation 51 [1/1] (0.00ns)   --->   "%sext_ln75_14_cast = sext i22 %sext_ln75_14_read"   --->   Operation 51 'sext' 'sext_ln75_14_cast' <Predicate = true> <Delay = 0.00>
ST_1 : Operation 52 [1/1] (0.00ns)   --->   "%sext_ln75_13_cast = sext i22 %sext_ln75_13_read"   --->   Operation 52 'sext' 'sext_ln75_13_cast' <Predicate = true> <Delay = 0.00>
ST_1 : Operation 53 [1/1] (0.00ns)   --->   "%sext_ln75_12_cast = sext i22 %sext_ln75_12_read"   --->   Operation 53 'sext' 'sext_ln75_12_cast' <Predicate = true> <Delay = 0.00>
ST_1 : Operation 54 [1/1] (0.00ns)   --->   "%sext_ln75_11_cast = sext i22 %sext_ln75_11_read"   --->   Operation 54 'sext' 'sext_ln75_11_cast' <Predicate = true> <Delay = 0.00>
ST_1 : Operation 55 [1/1] (0.00ns)   --->   "%sext_ln75_10_cast = sext i22 %sext_ln75_10_read"   --->   Operation 55 'sext' 'sext_ln75_10_cast' <Predicate = true> <Delay = 0.00>
ST_1 : Operation 56 [1/1] (0.00ns)   --->   "%sext_ln75_9_cast = sext i22 %sext_ln75_9_read"   --->   Operation 56 'sext' 'sext_ln75_9_cast' <Predicate = true> <Delay = 0.00>
ST_1 : Operation 57 [1/1] (0.00ns)   --->   "%sext_ln75_8_cast = sext i22 %sext_ln75_8_read"   --->   Operation 57 'sext' 'sext_ln75_8_cast' <Predicate = true> <Delay = 0.00>
ST_1 : Operation 58 [1/1] (0.00ns)   --->   "%sext_ln75_7_cast = sext i22 %sext_ln75_7_read"   --->   Operation 58 'sext' 'sext_ln75_7_cast' <Predicate = true> <Delay = 0.00>
ST_1 : Operation 59 [1/1] (0.00ns)   --->   "%sext_ln75_6_cast = sext i22 %sext_ln75_6_read"   --->   Operation 59 'sext' 'sext_ln75_6_cast' <Predicate = true> <Delay = 0.00>
ST_1 : Operation 60 [1/1] (0.00ns)   --->   "%sext_ln75_5_cast = sext i22 %sext_ln75_5_read"   --->   Operation 60 'sext' 'sext_ln75_5_cast' <Predicate = true> <Delay = 0.00>
ST_1 : Operation 61 [1/1] (0.00ns)   --->   "%sext_ln75_4_cast = sext i22 %sext_ln75_4_read"   --->   Operation 61 'sext' 'sext_ln75_4_cast' <Predicate = true> <Delay = 0.00>
ST_1 : Operation 62 [1/1] (0.00ns)   --->   "%sext_ln75_3_cast = sext i22 %sext_ln75_3_read"   --->   Operation 62 'sext' 'sext_ln75_3_cast' <Predicate = true> <Delay = 0.00>
ST_1 : Operation 63 [1/1] (0.00ns)   --->   "%sext_ln75_2_cast = sext i22 %sext_ln75_2_read"   --->   Operation 63 'sext' 'sext_ln75_2_cast' <Predicate = true> <Delay = 0.00>
ST_1 : Operation 64 [1/1] (0.00ns)   --->   "%sext_ln75_1_cast = sext i22 %sext_ln75_1_read"   --->   Operation 64 'sext' 'sext_ln75_1_cast' <Predicate = true> <Delay = 0.00>
ST_1 : Operation 65 [1/1] (0.00ns)   --->   "%sext_ln75_cast = sext i22 %sext_ln75_read"   --->   Operation 65 'sext' 'sext_ln75_cast' <Predicate = true> <Delay = 0.00>
ST_1 : Operation 66 [1/1] (1.58ns)   --->   "%store_ln0 = store i5 0, i5 %j"   --->   Operation 66 'store' 'store_ln0' <Predicate = true> <Delay = 1.58>
ST_1 : Operation 67 [1/1] (1.58ns)   --->   "%store_ln0 = store i32 %tile_max_4_read, i32 %tile_max"   --->   Operation 67 'store' 'store_ln0' <Predicate = true> <Delay = 1.58>
ST_1 : Operation 68 [1/1] (0.00ns)   --->   "%br_ln0 = br void %for.body82"   --->   Operation 68 'br' 'br_ln0' <Predicate = true> <Delay = 0.00>
ST_1 : Operation 69 [1/1] (0.00ns)   --->   "%j_1 = load i5 %j" [attention_tile.cpp:90]   --->   Operation 69 'load' 'j_1' <Predicate = true> <Delay = 0.00>
ST_1 : Operation 70 [1/1] (1.36ns)   --->   "%icmp_ln88 = icmp_eq  i5 %j_1, i5 16" [attention_tile.cpp:88]   --->   Operation 70 'icmp' 'icmp_ln88' <Predicate = true> <Delay = 1.36> <CoreInst = "Cmp">   --->   Core 9 'Cmp' <Latency = 0> <II = 1> <Delay = 1.36> <FuncUnit> <Opcode : 'icmp'> <InPorts = 2> <OutPorts = 1>
ST_1 : Operation 71 [1/1] (0.00ns)   --->   "%empty = speclooptripcount i32 @_ssdm_op_SpecLoopTripCount, i64 16, i64 16, i64 16"   --->   Operation 71 'speclooptripcount' 'empty' <Predicate = true> <Delay = 0.00>
ST_1 : Operation 72 [1/1] (1.78ns)   --->   "%add_ln88 = add i5 %j_1, i5 1" [attention_tile.cpp:88]   --->   Operation 72 'add' 'add_ln88' <Predicate = true> <Delay = 1.78> <CoreInst = "Adder">   --->   Core 1 'Adder' <Latency = 0> <II = 1> <Delay = 1.78> <FuncUnit> <Opcode : 'add' 'sub'> <InPorts = 2> <OutPorts = 1>
ST_1 : Operation 73 [1/1] (0.00ns)   --->   "%br_ln88 = br i1 %icmp_ln88, void %for.body82.split, void %for.inc111.preheader.exitStub" [attention_tile.cpp:88]   --->   Operation 73 'br' 'br_ln88' <Predicate = true> <Delay = 0.00>
ST_1 : Operation 74 [1/1] (2.06ns)   --->   "%tmp_2 = mux i32 @_ssdm_op_Mux.ap_auto.16i32.i5, i32 %sext_ln75_cast, i32 %sext_ln75_1_cast, i32 %sext_ln75_2_cast, i32 %sext_ln75_3_cast, i32 %sext_ln75_4_cast, i32 %sext_ln75_5_cast, i32 %sext_ln75_6_cast, i32 %sext_ln75_7_cast, i32 %sext_ln75_8_cast, i32 %sext_ln75_9_cast, i32 %sext_ln75_10_cast, i32 %sext_ln75_11_cast, i32 %sext_ln75_12_cast, i32 %sext_ln75_13_cast, i32 %sext_ln75_14_cast, i32 %sext_ln75_15_cast, i5 %j_1" [attention_tile.cpp:90]   --->   Operation 74 'mux' 'tmp_2' <Predicate = (!icmp_ln88)> <Delay = 2.06> <CoreInst = "Multiplexer">   --->   Core 76 'Multiplexer' <Latency = 0> <II = 1> <Delay = 2.06> <FuncUnit> <Opcode : 'mux'> <InPorts = 2> <OutPorts = 1>
ST_1 : Operation 75 [6/6] (6.41ns)   --->   "%conv = sitofp i32 %tmp_2" [attention_tile.cpp:90]   --->   Operation 75 'sitofp' 'conv' <Predicate = (!icmp_ln88)> <Delay = 6.41> <CoreInst = "Int2Float">   --->   Core 62 'Int2Float' <Latency = 5> <II = 1> <Delay = 6.41> <FuncUnit> <Opcode : 'sitofp' 'uitofp'> <InPorts = 1> <OutPorts = 1>
ST_1 : Operation 76 [1/1] (0.00ns)   --->   "%trunc_ln90 = trunc i5 %j_1" [attention_tile.cpp:90]   --->   Operation 76 'trunc' 'trunc_ln90' <Predicate = (!icmp_ln88)> <Delay = 0.00>
ST_1 : Operation 77 [1/1] (0.95ns)   --->   "%switch_ln90 = switch i4 %trunc_ln90, void %arrayidx88.case.15, i4 0, void %for.body82.split.arrayidx88.exit_crit_edge, i4 1, void %for.body82.split.arrayidx88.exit_crit_edge34, i4 2, void %arrayidx88.case.2, i4 3, void %arrayidx88.case.3, i4 4, void %arrayidx88.case.4, i4 5, void %arrayidx88.case.5, i4 6, void %arrayidx88.case.6, i4 7, void %arrayidx88.case.7, i4 8, void %arrayidx88.case.8, i4 9, void %arrayidx88.case.9, i4 10, void %arrayidx88.case.10, i4 11, void %arrayidx88.case.11, i4 12, void %arrayidx88.case.12, i4 13, void %arrayidx88.case.13, i4 14, void %arrayidx88.case.14" [attention_tile.cpp:90]   --->   Operation 77 'switch' 'switch_ln90' <Predicate = (!icmp_ln88)> <Delay = 0.95>
ST_1 : Operation 78 [1/1] (1.58ns)   --->   "%store_ln88 = store i5 %add_ln88, i5 %j" [attention_tile.cpp:88]   --->   Operation 78 'store' 'store_ln88' <Predicate = (!icmp_ln88)> <Delay = 1.58>

State 2 <SV = 1> <Delay = 6.41>
ST_2 : Operation 79 [5/6] (6.41ns)   --->   "%conv = sitofp i32 %tmp_2" [attention_tile.cpp:90]   --->   Operation 79 'sitofp' 'conv' <Predicate = true> <Delay = 6.41> <CoreInst = "Int2Float">   --->   Core 62 'Int2Float' <Latency = 5> <II = 1> <Delay = 6.41> <FuncUnit> <Opcode : 'sitofp' 'uitofp'> <InPorts = 1> <OutPorts = 1>

State 3 <SV = 2> <Delay = 6.41>
ST_3 : Operation 80 [4/6] (6.41ns)   --->   "%conv = sitofp i32 %tmp_2" [attention_tile.cpp:90]   --->   Operation 80 'sitofp' 'conv' <Predicate = true> <Delay = 6.41> <CoreInst = "Int2Float">   --->   Core 62 'Int2Float' <Latency = 5> <II = 1> <Delay = 6.41> <FuncUnit> <Opcode : 'sitofp' 'uitofp'> <InPorts = 1> <OutPorts = 1>

State 4 <SV = 3> <Delay = 6.41>
ST_4 : Operation 81 [3/6] (6.41ns)   --->   "%conv = sitofp i32 %tmp_2" [attention_tile.cpp:90]   --->   Operation 81 'sitofp' 'conv' <Predicate = true> <Delay = 6.41> <CoreInst = "Int2Float">   --->   Core 62 'Int2Float' <Latency = 5> <II = 1> <Delay = 6.41> <FuncUnit> <Opcode : 'sitofp' 'uitofp'> <InPorts = 1> <OutPorts = 1>

State 5 <SV = 4> <Delay = 6.41>
ST_5 : Operation 82 [2/6] (6.41ns)   --->   "%conv = sitofp i32 %tmp_2" [attention_tile.cpp:90]   --->   Operation 82 'sitofp' 'conv' <Predicate = true> <Delay = 6.41> <CoreInst = "Int2Float">   --->   Core 62 'Int2Float' <Latency = 5> <II = 1> <Delay = 6.41> <FuncUnit> <Opcode : 'sitofp' 'uitofp'> <InPorts = 1> <OutPorts = 1>

State 6 <SV = 5> <Delay = 6.41>
ST_6 : Operation 83 [1/6] (6.41ns)   --->   "%conv = sitofp i32 %tmp_2" [attention_tile.cpp:90]   --->   Operation 83 'sitofp' 'conv' <Predicate = true> <Delay = 6.41> <CoreInst = "Int2Float">   --->   Core 62 'Int2Float' <Latency = 5> <II = 1> <Delay = 6.41> <FuncUnit> <Opcode : 'sitofp' 'uitofp'> <InPorts = 1> <OutPorts = 1>

State 7 <SV = 6> <Delay = 5.70>
ST_7 : Operation 84 [4/4] (5.70ns)   --->   "%tile_max_1 = fmul i32 %conv, i32 0.000124" [attention_tile.cpp:90]   --->   Operation 84 'fmul' 'tile_max_1' <Predicate = true> <Delay = 5.70> <CoreInst = "FMul_maxdsp">   --->   Core 30 'FMul_maxdsp' <Latency = 3> <II = 1> <Delay = 5.70> <FuncUnit> <Opcode : 'fmul'> <InPorts = 2> <OutPorts = 1>

State 8 <SV = 7> <Delay = 5.70>
ST_8 : Operation 85 [3/4] (5.70ns)   --->   "%tile_max_1 = fmul i32 %conv, i32 0.000124" [attention_tile.cpp:90]   --->   Operation 85 'fmul' 'tile_max_1' <Predicate = true> <Delay = 5.70> <CoreInst = "FMul_maxdsp">   --->   Core 30 'FMul_maxdsp' <Latency = 3> <II = 1> <Delay = 5.70> <FuncUnit> <Opcode : 'fmul'> <InPorts = 2> <OutPorts = 1>

State 9 <SV = 8> <Delay = 5.70>
ST_9 : Operation 86 [2/4] (5.70ns)   --->   "%tile_max_1 = fmul i32 %conv, i32 0.000124" [attention_tile.cpp:90]   --->   Operation 86 'fmul' 'tile_max_1' <Predicate = true> <Delay = 5.70> <CoreInst = "FMul_maxdsp">   --->   Core 30 'FMul_maxdsp' <Latency = 3> <II = 1> <Delay = 5.70> <FuncUnit> <Opcode : 'fmul'> <InPorts = 2> <OutPorts = 1>

State 10 <SV = 9> <Delay = 5.70>
ST_10 : Operation 87 [1/1] (0.00ns)   --->   "%specpipeline_ln89 = specpipeline void @_ssdm_op_SpecPipeline, i32 1, i32 0, i32 0, i32 0, void @empty_3" [attention_tile.cpp:89]   --->   Operation 87 'specpipeline' 'specpipeline_ln89' <Predicate = true> <Delay = 0.00>
ST_10 : Operation 88 [1/1] (0.00ns)   --->   "%specloopname_ln84 = specloopname void @_ssdm_op_SpecLoopName, void @empty_18" [attention_tile.cpp:84]   --->   Operation 88 'specloopname' 'specloopname_ln84' <Predicate = true> <Delay = 0.00>
ST_10 : Operation 89 [1/4] (5.70ns)   --->   "%tile_max_1 = fmul i32 %conv, i32 0.000124" [attention_tile.cpp:90]   --->   Operation 89 'fmul' 'tile_max_1' <Predicate = true> <Delay = 5.70> <CoreInst = "FMul_maxdsp">   --->   Core 30 'FMul_maxdsp' <Latency = 3> <II = 1> <Delay = 5.70> <FuncUnit> <Opcode : 'fmul'> <InPorts = 2> <OutPorts = 1>
ST_10 : Operation 90 [1/1] (0.00ns)   --->   "%store_ln90 = store i32 %tile_max_1, i32 %score_14" [attention_tile.cpp:90]   --->   Operation 90 'store' 'store_ln90' <Predicate = (trunc_ln90 == 14)> <Delay = 0.00>
ST_10 : Operation 91 [1/1] (0.00ns)   --->   "%br_ln90 = br void %arrayidx88.exit" [attention_tile.cpp:90]   --->   Operation 91 'br' 'br_ln90' <Predicate = (trunc_ln90 == 14)> <Delay = 0.00>
ST_10 : Operation 92 [1/1] (0.00ns)   --->   "%store_ln90 = store i32 %tile_max_1, i32 %score_13" [attention_tile.cpp:90]   --->   Operation 92 'store' 'store_ln90' <Predicate = (trunc_ln90 == 13)> <Delay = 0.00>
ST_10 : Operation 93 [1/1] (0.00ns)   --->   "%br_ln90 = br void %arrayidx88.exit" [attention_tile.cpp:90]   --->   Operation 93 'br' 'br_ln90' <Predicate = (trunc_ln90 == 13)> <Delay = 0.00>
ST_10 : Operation 94 [1/1] (0.00ns)   --->   "%store_ln90 = store i32 %tile_max_1, i32 %score_12" [attention_tile.cpp:90]   --->   Operation 94 'store' 'store_ln90' <Predicate = (trunc_ln90 == 12)> <Delay = 0.00>
ST_10 : Operation 95 [1/1] (0.00ns)   --->   "%br_ln90 = br void %arrayidx88.exit" [attention_tile.cpp:90]   --->   Operation 95 'br' 'br_ln90' <Predicate = (trunc_ln90 == 12)> <Delay = 0.00>
ST_10 : Operation 96 [1/1] (0.00ns)   --->   "%store_ln90 = store i32 %tile_max_1, i32 %score_11" [attention_tile.cpp:90]   --->   Operation 96 'store' 'store_ln90' <Predicate = (trunc_ln90 == 11)> <Delay = 0.00>
ST_10 : Operation 97 [1/1] (0.00ns)   --->   "%br_ln90 = br void %arrayidx88.exit" [attention_tile.cpp:90]   --->   Operation 97 'br' 'br_ln90' <Predicate = (trunc_ln90 == 11)> <Delay = 0.00>
ST_10 : Operation 98 [1/1] (0.00ns)   --->   "%store_ln90 = store i32 %tile_max_1, i32 %score_10" [attention_tile.cpp:90]   --->   Operation 98 'store' 'store_ln90' <Predicate = (trunc_ln90 == 10)> <Delay = 0.00>
ST_10 : Operation 99 [1/1] (0.00ns)   --->   "%br_ln90 = br void %arrayidx88.exit" [attention_tile.cpp:90]   --->   Operation 99 'br' 'br_ln90' <Predicate = (trunc_ln90 == 10)> <Delay = 0.00>
ST_10 : Operation 100 [1/1] (0.00ns)   --->   "%store_ln90 = store i32 %tile_max_1, i32 %score_9" [attention_tile.cpp:90]   --->   Operation 100 'store' 'store_ln90' <Predicate = (trunc_ln90 == 9)> <Delay = 0.00>
ST_10 : Operation 101 [1/1] (0.00ns)   --->   "%br_ln90 = br void %arrayidx88.exit" [attention_tile.cpp:90]   --->   Operation 101 'br' 'br_ln90' <Predicate = (trunc_ln90 == 9)> <Delay = 0.00>
ST_10 : Operation 102 [1/1] (0.00ns)   --->   "%store_ln90 = store i32 %tile_max_1, i32 %score_8" [attention_tile.cpp:90]   --->   Operation 102 'store' 'store_ln90' <Predicate = (trunc_ln90 == 8)> <Delay = 0.00>
ST_10 : Operation 103 [1/1] (0.00ns)   --->   "%br_ln90 = br void %arrayidx88.exit" [attention_tile.cpp:90]   --->   Operation 103 'br' 'br_ln90' <Predicate = (trunc_ln90 == 8)> <Delay = 0.00>
ST_10 : Operation 104 [1/1] (0.00ns)   --->   "%store_ln90 = store i32 %tile_max_1, i32 %score_7" [attention_tile.cpp:90]   --->   Operation 104 'store' 'store_ln90' <Predicate = (trunc_ln90 == 7)> <Delay = 0.00>
ST_10 : Operation 105 [1/1] (0.00ns)   --->   "%br_ln90 = br void %arrayidx88.exit" [attention_tile.cpp:90]   --->   Operation 105 'br' 'br_ln90' <Predicate = (trunc_ln90 == 7)> <Delay = 0.00>
ST_10 : Operation 106 [1/1] (0.00ns)   --->   "%store_ln90 = store i32 %tile_max_1, i32 %score_6" [attention_tile.cpp:90]   --->   Operation 106 'store' 'store_ln90' <Predicate = (trunc_ln90 == 6)> <Delay = 0.00>
ST_10 : Operation 107 [1/1] (0.00ns)   --->   "%br_ln90 = br void %arrayidx88.exit" [attention_tile.cpp:90]   --->   Operation 107 'br' 'br_ln90' <Predicate = (trunc_ln90 == 6)> <Delay = 0.00>
ST_10 : Operation 108 [1/1] (0.00ns)   --->   "%store_ln90 = store i32 %tile_max_1, i32 %score_5" [attention_tile.cpp:90]   --->   Operation 108 'store' 'store_ln90' <Predicate = (trunc_ln90 == 5)> <Delay = 0.00>
ST_10 : Operation 109 [1/1] (0.00ns)   --->   "%br_ln90 = br void %arrayidx88.exit" [attention_tile.cpp:90]   --->   Operation 109 'br' 'br_ln90' <Predicate = (trunc_ln90 == 5)> <Delay = 0.00>
ST_10 : Operation 110 [1/1] (0.00ns)   --->   "%store_ln90 = store i32 %tile_max_1, i32 %score_4" [attention_tile.cpp:90]   --->   Operation 110 'store' 'store_ln90' <Predicate = (trunc_ln90 == 4)> <Delay = 0.00>
ST_10 : Operation 111 [1/1] (0.00ns)   --->   "%br_ln90 = br void %arrayidx88.exit" [attention_tile.cpp:90]   --->   Operation 111 'br' 'br_ln90' <Predicate = (trunc_ln90 == 4)> <Delay = 0.00>
ST_10 : Operation 112 [1/1] (0.00ns)   --->   "%store_ln90 = store i32 %tile_max_1, i32 %score_3" [attention_tile.cpp:90]   --->   Operation 112 'store' 'store_ln90' <Predicate = (trunc_ln90 == 3)> <Delay = 0.00>
ST_10 : Operation 113 [1/1] (0.00ns)   --->   "%br_ln90 = br void %arrayidx88.exit" [attention_tile.cpp:90]   --->   Operation 113 'br' 'br_ln90' <Predicate = (trunc_ln90 == 3)> <Delay = 0.00>
ST_10 : Operation 114 [1/1] (0.00ns)   --->   "%store_ln90 = store i32 %tile_max_1, i32 %score_2" [attention_tile.cpp:90]   --->   Operation 114 'store' 'store_ln90' <Predicate = (trunc_ln90 == 2)> <Delay = 0.00>
ST_10 : Operation 115 [1/1] (0.00ns)   --->   "%br_ln90 = br void %arrayidx88.exit" [attention_tile.cpp:90]   --->   Operation 115 'br' 'br_ln90' <Predicate = (trunc_ln90 == 2)> <Delay = 0.00>
ST_10 : Operation 116 [1/1] (0.00ns)   --->   "%store_ln90 = store i32 %tile_max_1, i32 %score_1" [attention_tile.cpp:90]   --->   Operation 116 'store' 'store_ln90' <Predicate = (trunc_ln90 == 1)> <Delay = 0.00>
ST_10 : Operation 117 [1/1] (0.00ns)   --->   "%br_ln90 = br void %arrayidx88.exit" [attention_tile.cpp:90]   --->   Operation 117 'br' 'br_ln90' <Predicate = (trunc_ln90 == 1)> <Delay = 0.00>
ST_10 : Operation 118 [1/1] (0.00ns)   --->   "%store_ln90 = store i32 %tile_max_1, i32 %score" [attention_tile.cpp:90]   --->   Operation 118 'store' 'store_ln90' <Predicate = (trunc_ln90 == 0)> <Delay = 0.00>
ST_10 : Operation 119 [1/1] (0.00ns)   --->   "%br_ln90 = br void %arrayidx88.exit" [attention_tile.cpp:90]   --->   Operation 119 'br' 'br_ln90' <Predicate = (trunc_ln90 == 0)> <Delay = 0.00>
ST_10 : Operation 120 [1/1] (0.00ns)   --->   "%store_ln90 = store i32 %tile_max_1, i32 %score_15" [attention_tile.cpp:90]   --->   Operation 120 'store' 'store_ln90' <Predicate = (trunc_ln90 == 15)> <Delay = 0.00>
ST_10 : Operation 121 [1/1] (0.00ns)   --->   "%br_ln90 = br void %arrayidx88.exit" [attention_tile.cpp:90]   --->   Operation 121 'br' 'br_ln90' <Predicate = (trunc_ln90 == 15)> <Delay = 0.00>

State 11 <SV = 10> <Delay = 5.43>
ST_11 : Operation 122 [1/1] (0.00ns)   --->   "%tile_max_load_1 = load i32 %tile_max" [attention_tile.cpp:91]   --->   Operation 122 'load' 'tile_max_load_1' <Predicate = true> <Delay = 0.00>
ST_11 : Operation 123 [1/1] (0.00ns)   --->   "%bitcast_ln91 = bitcast i32 %tile_max_1" [attention_tile.cpp:91]   --->   Operation 123 'bitcast' 'bitcast_ln91' <Predicate = true> <Delay = 0.00>
ST_11 : Operation 124 [1/1] (0.00ns)   --->   "%tmp_3 = partselect i8 @_ssdm_op_PartSelect.i8.i32.i32.i32, i32 %bitcast_ln91, i32 23, i32 30" [attention_tile.cpp:91]   --->   Operation 124 'partselect' 'tmp_3' <Predicate = true> <Delay = 0.00>
ST_11 : Operation 125 [1/1] (0.00ns)   --->   "%trunc_ln91 = trunc i32 %bitcast_ln91" [attention_tile.cpp:91]   --->   Operation 125 'trunc' 'trunc_ln91' <Predicate = true> <Delay = 0.00>
ST_11 : Operation 126 [1/1] (0.00ns)   --->   "%bitcast_ln91_1 = bitcast i32 %tile_max_load_1" [attention_tile.cpp:91]   --->   Operation 126 'bitcast' 'bitcast_ln91_1' <Predicate = true> <Delay = 0.00>
ST_11 : Operation 127 [1/1] (0.00ns)   --->   "%tmp_5 = partselect i8 @_ssdm_op_PartSelect.i8.i32.i32.i32, i32 %bitcast_ln91_1, i32 23, i32 30" [attention_tile.cpp:91]   --->   Operation 127 'partselect' 'tmp_5' <Predicate = true> <Delay = 0.00>
ST_11 : Operation 128 [1/1] (0.00ns)   --->   "%trunc_ln91_1 = trunc i32 %bitcast_ln91_1" [attention_tile.cpp:91]   --->   Operation 128 'trunc' 'trunc_ln91_1' <Predicate = true> <Delay = 0.00>
ST_11 : Operation 129 [1/1] (1.55ns)   --->   "%icmp_ln91 = icmp_ne  i8 %tmp_3, i8 255" [attention_tile.cpp:91]   --->   Operation 129 'icmp' 'icmp_ln91' <Predicate = true> <Delay = 1.55> <CoreInst = "Cmp">   --->   Core 9 'Cmp' <Latency = 0> <II = 1> <Delay = 1.55> <FuncUnit> <Opcode : 'icmp'> <InPorts = 2> <OutPorts = 1>
ST_11 : Operation 130 [1/1] (2.44ns)   --->   "%icmp_ln91_1 = icmp_eq  i23 %trunc_ln91, i23 0" [attention_tile.cpp:91]   --->   Operation 130 'icmp' 'icmp_ln91_1' <Predicate = true> <Delay = 2.44> <CoreInst = "Cmp">   --->   Core 9 'Cmp' <Latency = 0> <II = 1> <Delay = 2.44> <FuncUnit> <Opcode : 'icmp'> <InPorts = 2> <OutPorts = 1>
ST_11 : Operation 131 [1/1] (1.55ns)   --->   "%icmp_ln91_2 = icmp_ne  i8 %tmp_5, i8 255" [attention_tile.cpp:91]   --->   Operation 131 'icmp' 'icmp_ln91_2' <Predicate = true> <Delay = 1.55> <CoreInst = "Cmp">   --->   Core 9 'Cmp' <Latency = 0> <II = 1> <Delay = 1.55> <FuncUnit> <Opcode : 'icmp'> <InPorts = 2> <OutPorts = 1>
ST_11 : Operation 132 [1/1] (2.44ns)   --->   "%icmp_ln91_3 = icmp_eq  i23 %trunc_ln91_1, i23 0" [attention_tile.cpp:91]   --->   Operation 132 'icmp' 'icmp_ln91_3' <Predicate = true> <Delay = 2.44> <CoreInst = "Cmp">   --->   Core 9 'Cmp' <Latency = 0> <II = 1> <Delay = 2.44> <FuncUnit> <Opcode : 'icmp'> <InPorts = 2> <OutPorts = 1>
ST_11 : Operation 133 [2/2] (5.43ns)   --->   "%tmp_7 = fcmp_ogt  i32 %tile_max_1, i32 %tile_max_load_1" [attention_tile.cpp:91]   --->   Operation 133 'fcmp' 'tmp_7' <Predicate = true> <Delay = 5.43> <CoreInst = "FCompare">   --->   Core 19 'FCompare' <Latency = 1> <II = 1> <Delay = 5.43> <FuncUnit> <Opcode : 'fcmp'> <InPorts = 2> <OutPorts = 1>
ST_11 : Operation 142 [1/1] (0.00ns)   --->   "%tile_max_load = load i32 %tile_max"   --->   Operation 142 'load' 'tile_max_load' <Predicate = (icmp_ln88)> <Delay = 0.00>
ST_11 : Operation 143 [1/1] (0.00ns)   --->   "%score_load = load i32 %score"   --->   Operation 143 'load' 'score_load' <Predicate = (icmp_ln88)> <Delay = 0.00>
ST_11 : Operation 144 [1/1] (0.00ns)   --->   "%score_1_load = load i32 %score_1"   --->   Operation 144 'load' 'score_1_load' <Predicate = (icmp_ln88)> <Delay = 0.00>
ST_11 : Operation 145 [1/1] (0.00ns)   --->   "%score_2_load = load i32 %score_2"   --->   Operation 145 'load' 'score_2_load' <Predicate = (icmp_ln88)> <Delay = 0.00>
ST_11 : Operation 146 [1/1] (0.00ns)   --->   "%score_3_load = load i32 %score_3"   --->   Operation 146 'load' 'score_3_load' <Predicate = (icmp_ln88)> <Delay = 0.00>
ST_11 : Operation 147 [1/1] (0.00ns)   --->   "%score_4_load = load i32 %score_4"   --->   Operation 147 'load' 'score_4_load' <Predicate = (icmp_ln88)> <Delay = 0.00>
ST_11 : Operation 148 [1/1] (0.00ns)   --->   "%score_5_load = load i32 %score_5"   --->   Operation 148 'load' 'score_5_load' <Predicate = (icmp_ln88)> <Delay = 0.00>
ST_11 : Operation 149 [1/1] (0.00ns)   --->   "%score_6_load = load i32 %score_6"   --->   Operation 149 'load' 'score_6_load' <Predicate = (icmp_ln88)> <Delay = 0.00>
ST_11 : Operation 150 [1/1] (0.00ns)   --->   "%score_7_load = load i32 %score_7"   --->   Operation 150 'load' 'score_7_load' <Predicate = (icmp_ln88)> <Delay = 0.00>
ST_11 : Operation 151 [1/1] (0.00ns)   --->   "%score_8_load = load i32 %score_8"   --->   Operation 151 'load' 'score_8_load' <Predicate = (icmp_ln88)> <Delay = 0.00>
ST_11 : Operation 152 [1/1] (0.00ns)   --->   "%score_9_load = load i32 %score_9"   --->   Operation 152 'load' 'score_9_load' <Predicate = (icmp_ln88)> <Delay = 0.00>
ST_11 : Operation 153 [1/1] (0.00ns)   --->   "%score_10_load = load i32 %score_10"   --->   Operation 153 'load' 'score_10_load' <Predicate = (icmp_ln88)> <Delay = 0.00>
ST_11 : Operation 154 [1/1] (0.00ns)   --->   "%score_11_load = load i32 %score_11"   --->   Operation 154 'load' 'score_11_load' <Predicate = (icmp_ln88)> <Delay = 0.00>
ST_11 : Operation 155 [1/1] (0.00ns)   --->   "%score_12_load = load i32 %score_12"   --->   Operation 155 'load' 'score_12_load' <Predicate = (icmp_ln88)> <Delay = 0.00>
ST_11 : Operation 156 [1/1] (0.00ns)   --->   "%score_13_load = load i32 %score_13"   --->   Operation 156 'load' 'score_13_load' <Predicate = (icmp_ln88)> <Delay = 0.00>
ST_11 : Operation 157 [1/1] (0.00ns)   --->   "%score_14_load = load i32 %score_14"   --->   Operation 157 'load' 'score_14_load' <Predicate = (icmp_ln88)> <Delay = 0.00>
ST_11 : Operation 158 [1/1] (0.00ns)   --->   "%score_15_load = load i32 %score_15"   --->   Operation 158 'load' 'score_15_load' <Predicate = (icmp_ln88)> <Delay = 0.00>
ST_11 : Operation 159 [1/1] (0.00ns)   --->   "%write_ln0 = write void @_ssdm_op_Write.ap_auto.floatP0A, i32 %score_15_out, i32 %score_15_load"   --->   Operation 159 'write' 'write_ln0' <Predicate = (icmp_ln88)> <Delay = 0.00>
ST_11 : Operation 160 [1/1] (0.00ns)   --->   "%write_ln0 = write void @_ssdm_op_Write.ap_auto.floatP0A, i32 %score_14_out, i32 %score_14_load"   --->   Operation 160 'write' 'write_ln0' <Predicate = (icmp_ln88)> <Delay = 0.00>
ST_11 : Operation 161 [1/1] (0.00ns)   --->   "%write_ln0 = write void @_ssdm_op_Write.ap_auto.floatP0A, i32 %score_13_out, i32 %score_13_load"   --->   Operation 161 'write' 'write_ln0' <Predicate = (icmp_ln88)> <Delay = 0.00>
ST_11 : Operation 162 [1/1] (0.00ns)   --->   "%write_ln0 = write void @_ssdm_op_Write.ap_auto.floatP0A, i32 %score_12_out, i32 %score_12_load"   --->   Operation 162 'write' 'write_ln0' <Predicate = (icmp_ln88)> <Delay = 0.00>
ST_11 : Operation 163 [1/1] (0.00ns)   --->   "%write_ln0 = write void @_ssdm_op_Write.ap_auto.floatP0A, i32 %score_11_out, i32 %score_11_load"   --->   Operation 163 'write' 'write_ln0' <Predicate = (icmp_ln88)> <Delay = 0.00>
ST_11 : Operation 164 [1/1] (0.00ns)   --->   "%write_ln0 = write void @_ssdm_op_Write.ap_auto.floatP0A, i32 %score_10_out, i32 %score_10_load"   --->   Operation 164 'write' 'write_ln0' <Predicate = (icmp_ln88)> <Delay = 0.00>
ST_11 : Operation 165 [1/1] (0.00ns)   --->   "%write_ln0 = write void @_ssdm_op_Write.ap_auto.floatP0A, i32 %score_9_out, i32 %score_9_load"   --->   Operation 165 'write' 'write_ln0' <Predicate = (icmp_ln88)> <Delay = 0.00>
ST_11 : Operation 166 [1/1] (0.00ns)   --->   "%write_ln0 = write void @_ssdm_op_Write.ap_auto.floatP0A, i32 %score_8_out, i32 %score_8_load"   --->   Operation 166 'write' 'write_ln0' <Predicate = (icmp_ln88)> <Delay = 0.00>
ST_11 : Operation 167 [1/1] (0.00ns)   --->   "%write_ln0 = write void @_ssdm_op_Write.ap_auto.floatP0A, i32 %score_7_out, i32 %score_7_load"   --->   Operation 167 'write' 'write_ln0' <Predicate = (icmp_ln88)> <Delay = 0.00>
ST_11 : Operation 168 [1/1] (0.00ns)   --->   "%write_ln0 = write void @_ssdm_op_Write.ap_auto.floatP0A, i32 %score_6_out, i32 %score_6_load"   --->   Operation 168 'write' 'write_ln0' <Predicate = (icmp_ln88)> <Delay = 0.00>
ST_11 : Operation 169 [1/1] (0.00ns)   --->   "%write_ln0 = write void @_ssdm_op_Write.ap_auto.floatP0A, i32 %score_5_out, i32 %score_5_load"   --->   Operation 169 'write' 'write_ln0' <Predicate = (icmp_ln88)> <Delay = 0.00>
ST_11 : Operation 170 [1/1] (0.00ns)   --->   "%write_ln0 = write void @_ssdm_op_Write.ap_auto.floatP0A, i32 %score_4_out, i32 %score_4_load"   --->   Operation 170 'write' 'write_ln0' <Predicate = (icmp_ln88)> <Delay = 0.00>
ST_11 : Operation 171 [1/1] (0.00ns)   --->   "%write_ln0 = write void @_ssdm_op_Write.ap_auto.floatP0A, i32 %score_3_out, i32 %score_3_load"   --->   Operation 171 'write' 'write_ln0' <Predicate = (icmp_ln88)> <Delay = 0.00>
ST_11 : Operation 172 [1/1] (0.00ns)   --->   "%write_ln0 = write void @_ssdm_op_Write.ap_auto.floatP0A, i32 %score_2_out, i32 %score_2_load"   --->   Operation 172 'write' 'write_ln0' <Predicate = (icmp_ln88)> <Delay = 0.00>
ST_11 : Operation 173 [1/1] (0.00ns)   --->   "%write_ln0 = write void @_ssdm_op_Write.ap_auto.floatP0A, i32 %score_1_out, i32 %score_1_load"   --->   Operation 173 'write' 'write_ln0' <Predicate = (icmp_ln88)> <Delay = 0.00>
ST_11 : Operation 174 [1/1] (0.00ns)   --->   "%write_ln0 = write void @_ssdm_op_Write.ap_auto.floatP0A, i32 %score_out, i32 %score_load"   --->   Operation 174 'write' 'write_ln0' <Predicate = (icmp_ln88)> <Delay = 0.00>
ST_11 : Operation 175 [1/1] (0.00ns)   --->   "%write_ln0 = write void @_ssdm_op_Write.ap_auto.floatP0A, i32 %tile_max_out, i32 %tile_max_load"   --->   Operation 175 'write' 'write_ln0' <Predicate = (icmp_ln88)> <Delay = 0.00>
ST_11 : Operation 176 [1/1] (0.00ns)   --->   "%ret_ln0 = ret"   --->   Operation 176 'ret' 'ret_ln0' <Predicate = (icmp_ln88)> <Delay = 0.00>

State 12 <SV = 11> <Delay = 8.69>
ST_12 : Operation 134 [1/1] (0.00ns) (grouped into LUT with out node and_ln91_1)   --->   "%or_ln91 = or i1 %icmp_ln91_1, i1 %icmp_ln91" [attention_tile.cpp:91]   --->   Operation 134 'or' 'or_ln91' <Predicate = true> <Delay = 0.00> <CoreInst = "LogicGate">   --->   Core 74 'LogicGate' <Latency = 0> <II = 1> <Delay = 0.97> <FuncUnit> <Opcode : 'and' 'or' 'xor'> <InPorts = 2> <OutPorts = 1>
ST_12 : Operation 135 [1/1] (0.00ns) (grouped into LUT with out node and_ln91_1)   --->   "%or_ln91_1 = or i1 %icmp_ln91_3, i1 %icmp_ln91_2" [attention_tile.cpp:91]   --->   Operation 135 'or' 'or_ln91_1' <Predicate = true> <Delay = 0.00> <CoreInst = "LogicGate">   --->   Core 74 'LogicGate' <Latency = 0> <II = 1> <Delay = 0.97> <FuncUnit> <Opcode : 'and' 'or' 'xor'> <InPorts = 2> <OutPorts = 1>
ST_12 : Operation 136 [1/2] (5.43ns)   --->   "%tmp_7 = fcmp_ogt  i32 %tile_max_1, i32 %tile_max_load_1" [attention_tile.cpp:91]   --->   Operation 136 'fcmp' 'tmp_7' <Predicate = true> <Delay = 5.43> <CoreInst = "FCompare">   --->   Core 19 'FCompare' <Latency = 1> <II = 1> <Delay = 5.43> <FuncUnit> <Opcode : 'fcmp'> <InPorts = 2> <OutPorts = 1>
ST_12 : Operation 137 [1/1] (0.00ns) (grouped into LUT with out node and_ln91_1)   --->   "%and_ln91 = and i1 %or_ln91, i1 %or_ln91_1" [attention_tile.cpp:91]   --->   Operation 137 'and' 'and_ln91' <Predicate = true> <Delay = 0.00> <CoreInst = "LogicGate">   --->   Core 74 'LogicGate' <Latency = 0> <II = 1> <Delay = 0.97> <FuncUnit> <Opcode : 'and' 'or' 'xor'> <InPorts = 2> <OutPorts = 1>
ST_12 : Operation 138 [1/1] (0.97ns) (out node of the LUT)   --->   "%and_ln91_1 = and i1 %and_ln91, i1 %tmp_7" [attention_tile.cpp:91]   --->   Operation 138 'and' 'and_ln91_1' <Predicate = true> <Delay = 0.97> <CoreInst = "LogicGate">   --->   Core 74 'LogicGate' <Latency = 0> <II = 1> <Delay = 0.97> <FuncUnit> <Opcode : 'and' 'or' 'xor'> <InPorts = 2> <OutPorts = 1>
ST_12 : Operation 139 [1/1] (0.69ns) (out node of the LUT)   --->   "%tile_max_2 = select i1 %and_ln91_1, i32 %tile_max_1, i32 %tile_max_load_1" [attention_tile.cpp:91]   --->   Operation 139 'select' 'tile_max_2' <Predicate = true> <Delay = 0.69> <CoreInst = "Sel">   --->   Core 73 'Sel' <Latency = 0> <II = 1> <Delay = 0.69> <FuncUnit> <Opcode : 'select'> <InPorts = 3> <OutPorts = 1>
ST_12 : Operation 140 [1/1] (1.58ns)   --->   "%store_ln88 = store i32 %tile_max_2, i32 %tile_max" [attention_tile.cpp:88]   --->   Operation 140 'store' 'store_ln88' <Predicate = true> <Delay = 1.58>
ST_12 : Operation 141 [1/1] (0.00ns)   --->   "%br_ln88 = br void %for.body82" [attention_tile.cpp:88]   --->   Operation 141 'br' 'br_ln88' <Predicate = true> <Delay = 0.00>


============================================================
+ Verbose Summary: Timing violations
============================================================
Target clock period: 10ns, clock uncertainty: 2.7ns.

 <State 1>: 8.48ns
The critical path consists of the following:
	'alloca' operation ('j') [36]  (0 ns)
	'load' operation ('j', attention_tile.cpp:90) on local variable 'j' [90]  (0 ns)
	'mux' operation ('tmp_2', attention_tile.cpp:90) [98]  (2.06 ns)
	'sitofp' operation ('conv', attention_tile.cpp:90) [99]  (6.41 ns)

 <State 2>: 6.41ns
The critical path consists of the following:
	'sitofp' operation ('conv', attention_tile.cpp:90) [99]  (6.41 ns)

 <State 3>: 6.41ns
The critical path consists of the following:
	'sitofp' operation ('conv', attention_tile.cpp:90) [99]  (6.41 ns)

 <State 4>: 6.41ns
The critical path consists of the following:
	'sitofp' operation ('conv', attention_tile.cpp:90) [99]  (6.41 ns)

 <State 5>: 6.41ns
The critical path consists of the following:
	'sitofp' operation ('conv', attention_tile.cpp:90) [99]  (6.41 ns)

 <State 6>: 6.41ns
The critical path consists of the following:
	'sitofp' operation ('conv', attention_tile.cpp:90) [99]  (6.41 ns)

 <State 7>: 5.7ns
The critical path consists of the following:
	'fmul' operation ('score', attention_tile.cpp:90) [100]  (5.7 ns)

 <State 8>: 5.7ns
The critical path consists of the following:
	'fmul' operation ('score', attention_tile.cpp:90) [100]  (5.7 ns)

 <State 9>: 5.7ns
The critical path consists of the following:
	'fmul' operation ('score', attention_tile.cpp:90) [100]  (5.7 ns)

 <State 10>: 5.7ns
The critical path consists of the following:
	'fmul' operation ('score', attention_tile.cpp:90) [100]  (5.7 ns)
	'store' operation ('store_ln90', attention_tile.cpp:90) of variable 'score', attention_tile.cpp:90 on local variable 'score' [104]  (0 ns)

 <State 11>: 5.43ns
The critical path consists of the following:
	'load' operation ('tile_max_load_1', attention_tile.cpp:91) on local variable 'tile_max' [152]  (0 ns)
	'fcmp' operation ('tmp_7', attention_tile.cpp:91) [165]  (5.43 ns)

 <State 12>: 8.7ns
The critical path consists of the following:
	'fcmp' operation ('tmp_7', attention_tile.cpp:91) [165]  (5.43 ns)
	'and' operation ('and_ln91_1', attention_tile.cpp:91) [167]  (0.978 ns)
	'select' operation ('tile_max', attention_tile.cpp:91) [168]  (0.698 ns)
	'store' operation ('store_ln88', attention_tile.cpp:88) of variable 'tile_max', attention_tile.cpp:91 on local variable 'tile_max' [170]  (1.59 ns)


============================================================
+ Verbose Summary: Binding
============================================================
N/A
* FSMD analyzer results:
  - Output states:
 - Input state : 
  - Chain level:
	State 1
	State 2
	State 3
	State 4
	State 5
	State 6
	State 7
	State 8
	State 9
	State 10
	State 11
	State 12


============================================================
+ Verbose Summary: Datapath Resource usage 
============================================================
N/A
