
****** Vitis HLS - High-Level Synthesis from C, C++ and OpenCL v2022.1 (64-bit)
  **** SW Build 3526262 on Mon Apr 18 15:47:01 MDT 2022
  **** IP Build 3524634 on Mon Apr 18 20:55:01 MDT 2022
    ** Copyright 1986-2022 Xilinx, Inc. All Rights Reserved.

source /cad/xilinx/Vitis_HLS/2022.1/scripts/vitis_hls/hls.tcl -notrace
INFO: [HLS 200-10] Running '/cad/xilinx/Vitis_HLS/2022.1/bin/unwrapped/lnx64.o/vitis_hls'
INFO: [HLS 200-10] For user 'andgiuri' on host 'iron-12.farmshare.sunet' (Linux_x86_64 version 6.17.0-19-generic) on Sat Jun 20 05:28:49 PDT 2026
INFO: [HLS 200-10] On os "Rocky Linux release 8.10 (Green Obsidian)"
INFO: [HLS 200-10] In directory '/home/users/andgiuri/softmax-accelerator/stream_attn/hls'
Sourcing Tcl script 'run_hls.tcl'
INFO: [HLS 200-1510] Running: open_project stream_attn_hls 
INFO: [HLS 200-10] Opening project '/home/users/andgiuri/softmax-accelerator/stream_attn/hls/stream_attn_hls'.
INFO: [HLS 200-1510] Running: set_top streaming_attention 
INFO: [HLS 200-1510] Running: add_files attention_tile.cpp 
INFO: [HLS 200-10] Adding design file 'attention_tile.cpp' to the project
INFO: [HLS 200-1510] Running: add_files -tb testbench.cpp 
INFO: [HLS 200-10] Adding test bench file 'testbench.cpp' to the project
INFO: [HLS 200-1510] Running: open_solution sol1 -flow_target vivado 
INFO: [HLS 200-10] Opening solution '/home/users/andgiuri/softmax-accelerator/stream_attn/hls/stream_attn_hls/sol1'.
INFO: [SYN 201-201] Setting up clock 'default' with a period of 10ns.
INFO: [HLS 200-1611] Setting target device to 'xc7z020-clg400-1'
INFO: [HLS 200-1505] Using flow_target 'vivado'
Resolution: For help on HLS 200-1505 see www.xilinx.com/cgi-bin/docs/rdoc?v=2022.1;t=hls+guidance;d=200-1505.html
INFO: [HLS 200-1464] Running solution command: config_interface -m_axi_latency=0
INFO: [HLS 200-1464] Running solution command: config_export -format=ip_catalog
INFO: [HLS 200-1464] Running solution command: config_export -output=attention_tile_ip.zip
INFO: [HLS 200-1510] Running: set_part xc7z020clg400-1 
INFO: [HLS 200-1510] Running: create_clock -period 10 -name default 
INFO: [HLS 200-1510] Running: csim_design 
INFO: [SIM 211-2] *************** CSIM start ***************
INFO: [SIM 211-4] CSIM will launch GCC as the compiler.
   Compiling ../../../../attention_tile.cpp in debug mode
   Generating csim.exe
max_abs=0.000228882 mean_abs=6.85984e-05
PASS
INFO: [SIM 211-1] CSim done with 0 errors.
INFO: [SIM 211-3] *************** CSIM finish ***************
INFO: [HLS 200-111] Finished Command csim_design CPU user time: 5.69 seconds. CPU system time: 0.51 seconds. Elapsed time: 6.43 seconds; current allocated memory: 0.000 MB.
INFO: [HLS 200-1510] Running: csynth_design 
INFO: [HLS 200-111] Finished File checks and directory preparation: CPU user time: 0.01 seconds. CPU system time: 0 seconds. Elapsed time: 0.07 seconds; current allocated memory: 462.340 MB.
INFO: [HLS 200-10] Analyzing design file 'attention_tile.cpp' ... 
INFO: [HLS 200-111] Finished Source Code Analysis and Preprocessing: CPU user time: 22.98 seconds. CPU system time: 1.26 seconds. Elapsed time: 24.48 seconds; current allocated memory: 466.926 MB.
INFO: [HLS 200-777] Using interface defaults for 'Vivado' flow target.
INFO: [HLS 214-131] Inlining function 'exp_reduce_::exp(float)' into 'hls::expf(float)' (/wrk/ci/prod/2022.1/rdi_builds/continuous/2022_04_18_3526262/src/shared/hls/clib/hlsmath/src/c++/expfloat.cpp:22:9)
INFO: [HLS 214-131] Inlining function 'hls::expf(float)' into 'streaming_attention(signed char const*, signed char const*, signed char const*, float*)' (attention_tile.cpp:95:29)
INFO: [HLS 214-131] Inlining function 'hls::expf(float)' into 'streaming_attention(signed char const*, signed char const*, signed char const*, float*)' (attention_tile.cpp:102:12)
INFO: [HLS 214-291] Loop 'VITIS_LOOP_77_2' is marked as complete unroll implied by the pipeline pragma (attention_tile.cpp:77:19)
INFO: [HLS 214-291] Loop 'VITIS_LOOP_128_6' is marked as complete unroll implied by the pipeline pragma (attention_tile.cpp:128:20)
INFO: [HLS 214-291] Loop 'VITIS_LOOP_132_7' is marked as complete unroll implied by the pipeline pragma (attention_tile.cpp:132:31)
INFO: [HLS 214-291] Loop 'VITIS_LOOP_134_8' is marked as complete unroll implied by the pipeline pragma (attention_tile.cpp:134:20)
INFO: [HLS 214-186] Unrolling loop 'INIT_DOT' (attention_tile.cpp:70:9) in function 'streaming_attention' completely with a factor of 16 (attention_tile.cpp:19:0)
INFO: [HLS 214-186] Unrolling loop 'VITIS_LOOP_77_2' (attention_tile.cpp:77:19) in function 'streaming_attention' completely with a factor of 16 (attention_tile.cpp:19:0)
INFO: [HLS 214-186] Unrolling loop 'VITIS_LOOP_108_3' (attention_tile.cpp:108:20) in function 'streaming_attention' completely with a factor of 16 (attention_tile.cpp:19:0)
INFO: [HLS 214-186] Unrolling loop 'VITIS_LOOP_112_4' (attention_tile.cpp:112:27) in function 'streaming_attention' completely with a factor of 4 (attention_tile.cpp:19:0)
INFO: [HLS 214-186] Unrolling loop 'VITIS_LOOP_114_5' (attention_tile.cpp:114:20) in function 'streaming_attention' completely with a factor of 1 (attention_tile.cpp:19:0)
INFO: [HLS 214-186] Unrolling loop 'VITIS_LOOP_114_5' (attention_tile.cpp:114:20) in function 'streaming_attention' completely with a factor of 2 (attention_tile.cpp:19:0)
INFO: [HLS 214-186] Unrolling loop 'VITIS_LOOP_114_5' (attention_tile.cpp:114:20) in function 'streaming_attention' completely with a factor of 4 (attention_tile.cpp:19:0)
INFO: [HLS 214-186] Unrolling loop 'VITIS_LOOP_114_5' (attention_tile.cpp:114:20) in function 'streaming_attention' completely with a factor of 8 (attention_tile.cpp:19:0)
INFO: [HLS 214-186] Unrolling loop 'VITIS_LOOP_128_6' (attention_tile.cpp:128:20) in function 'streaming_attention' completely with a factor of 16 (attention_tile.cpp:19:0)
INFO: [HLS 214-186] Unrolling loop 'VITIS_LOOP_132_7' (attention_tile.cpp:132:31) in function 'streaming_attention' completely with a factor of 4 (attention_tile.cpp:19:0)
INFO: [HLS 214-186] Unrolling loop 'VITIS_LOOP_134_8' (attention_tile.cpp:134:20) in function 'streaming_attention' completely with a factor of 1 (attention_tile.cpp:19:0)
INFO: [HLS 214-186] Unrolling loop 'VITIS_LOOP_134_8' (attention_tile.cpp:134:20) in function 'streaming_attention' completely with a factor of 2 (attention_tile.cpp:19:0)
INFO: [HLS 214-186] Unrolling loop 'VITIS_LOOP_134_8' (attention_tile.cpp:134:20) in function 'streaming_attention' completely with a factor of 4 (attention_tile.cpp:19:0)
INFO: [HLS 214-186] Unrolling loop 'VITIS_LOOP_134_8' (attention_tile.cpp:134:20) in function 'streaming_attention' completely with a factor of 8 (attention_tile.cpp:19:0)
INFO: [HLS 214-248] Applying array_partition to 'q': Complete partitioning on dimension 1. (attention_tile.cpp:31:9)
INFO: [HLS 214-248] Applying array_partition to 'acc': Complete partitioning on dimension 1. (attention_tile.cpp:33:8)
INFO: [HLS 214-248] Applying array_partition to 'kt': Complete partitioning on dimension 1. (attention_tile.cpp:47:12)
INFO: [HLS 214-248] Applying array_partition to 'vt': Complete partitioning on dimension 1. (attention_tile.cpp:48:12)
INFO: [HLS 214-248] Applying array_partition to 'dot': Complete partitioning on dimension 1. (attention_tile.cpp:67:17)
INFO: [HLS 214-248] Applying array_partition to 'score': Complete partitioning on dimension 1. (attention_tile.cpp:84:15)
INFO: [HLS 214-248] Applying array_partition to 'beta': Complete partitioning on dimension 1. (attention_tile.cpp:97:15)
INFO: [HLS 214-115] Multiple burst reads of length 64 and bit width 8 in loop 'LOAD_Q'(attention_tile.cpp:37:5) has been inferred on bundle 'gmem0'. These burst requests might be further partitioned into multiple requests during RTL generation, based on max_read_burst_length or max_write_burst_length settings. (attention_tile.cpp:37:5)
INFO: [HLS 214-115] Multiple burst reads of length 1024 and bit width 8 in loop 'LOAD_TILE'(attention_tile.cpp:58:9) has been inferred on bundle 'gmem1'. These burst requests might be further partitioned into multiple requests during RTL generation, based on max_read_burst_length or max_write_burst_length settings. (attention_tile.cpp:58:9)
INFO: [HLS 214-115] Multiple burst reads of length 1024 and bit width 8 in loop 'LOAD_TILE'(attention_tile.cpp:58:9) has been inferred on bundle 'gmem2'. These burst requests might be further partitioned into multiple requests during RTL generation, based on max_read_burst_length or max_write_burst_length settings. (attention_tile.cpp:58:9)
INFO: [HLS 214-115] Multiple burst writes of length 64 and bit width 32 in loop 'WRITE_O'(attention_tile.cpp:147:5) has been inferred on bundle 'gmem3'. These burst requests might be further partitioned into multiple requests during RTL generation, based on max_read_burst_length or max_write_burst_length settings. (attention_tile.cpp:147:5)
INFO: [HLS 200-111] Finished Compiling Optimization and Transform: CPU user time: 4.09 seconds. CPU system time: 0.39 seconds. Elapsed time: 4.93 seconds; current allocated memory: 467.324 MB.
INFO: [HLS 200-111] Finished Checking Pragmas: CPU user time: 0 seconds. CPU system time: 0.01 seconds. Elapsed time: 0 seconds; current allocated memory: 467.324 MB.
INFO: [HLS 200-10] Starting code transformations ...
INFO: [HLS 200-111] Finished Standard Transforms: CPU user time: 0.29 seconds. CPU system time: 0.01 seconds. Elapsed time: 0.37 seconds; current allocated memory: 491.305 MB.
INFO: [HLS 200-10] Checking synthesizability ...
INFO: [HLS 200-111] Finished Checking Synthesizability: CPU user time: 0.32 seconds. CPU system time: 0.01 seconds. Elapsed time: 0.38 seconds; current allocated memory: 516.375 MB.
INFO: [HLS 200-111] Finished Loop, function and other optimizations: CPU user time: 1.06 seconds. CPU system time: 0.02 seconds. Elapsed time: 1.14 seconds; current allocated memory: 574.230 MB.
INFO: [XFORM 203-541] Flattening a loop nest 'LOAD_TILE' (attention_tile.cpp:58:18) in function 'streaming_attention'.
WARNING: [HLS 200-960] Cannot flatten loop 'TILES' (attention_tile.cpp:33:8) in function 'streaming_attention' more than one sub loop.
Resolution: For help on HLS 200-960 see www.xilinx.com/cgi-bin/docs/rdoc?v=2022.1;t=hls+guidance;d=200-960.html
INFO: [HLS 200-472] Inferring partial write operation for 'kt' (attention_tile.cpp:61:11)
INFO: [HLS 200-472] Inferring partial write operation for 'vt' (attention_tile.cpp:62:26)
INTERNAL-INFO: never seen llvm instruction 'fexp'(507)
INTERNAL-INFO: never seen llvm instruction 'fexp'(507)
INFO: [HLS 200-111] Finished Architecture Synthesis: CPU user time: 0.67 seconds. CPU system time: 0.04 seconds. Elapsed time: 0.75 seconds; current allocated memory: 644.734 MB.
INFO: [HLS 200-10] Starting hardware synthesis ...
INFO: [HLS 200-10] Synthesizing 'streaming_attention' ...
INFO: [HLS 200-10] ----------------------------------------------------------------
INFO: [HLS 200-42] -- Implementing module 'streaming_attention_Pipeline_LOAD_Q' 
INFO: [HLS 200-10] ----------------------------------------------------------------
INFO: [SCHED 204-11] Starting scheduling ...
INFO: [SCHED 204-61] Pipelining loop 'LOAD_Q'.
INFO: [HLS 200-1470] Pipelining result : Target II = 1, Final II = 1, Depth = 2, loop 'LOAD_Q'
INFO: [SCHED 204-11] Finished scheduling.
INFO: [HLS 200-111] Finished Scheduling: CPU user time: 0.29 seconds. CPU system time: 0.04 seconds. Elapsed time: 0.37 seconds; current allocated memory: 648.848 MB.
INFO: [BIND 205-100] Starting micro-architecture generation ...
INFO: [BIND 205-101] Performing variable lifetime analysis.
INFO: [BIND 205-101] Exploring resource sharing.
INFO: [BIND 205-101] Binding ...
INFO: [BIND 205-100] Finished micro-architecture generation.
INFO: [HLS 200-111] Finished Binding: CPU user time: 0.07 seconds. CPU system time: 0 seconds. Elapsed time: 0.11 seconds; current allocated memory: 648.848 MB.
INFO: [HLS 200-10] ----------------------------------------------------------------
INFO: [HLS 200-42] -- Implementing module 'streaming_attention_Pipeline_LOAD_TILE_VITIS_LOOP_59_1' 
INFO: [HLS 200-10] ----------------------------------------------------------------
INFO: [SCHED 204-11] Starting scheduling ...
INFO: [SCHED 204-61] Pipelining loop 'LOAD_TILE_VITIS_LOOP_59_1'.
INFO: [HLS 200-1470] Pipelining result : Target II = 1, Final II = 1, Depth = 3, loop 'LOAD_TILE_VITIS_LOOP_59_1'
INFO: [SCHED 204-11] Finished scheduling.
INFO: [HLS 200-111] Finished Scheduling: CPU user time: 0.13 seconds. CPU system time: 0.01 seconds. Elapsed time: 0.17 seconds; current allocated memory: 650.027 MB.
INFO: [BIND 205-100] Starting micro-architecture generation ...
INFO: [BIND 205-101] Performing variable lifetime analysis.
INFO: [BIND 205-101] Exploring resource sharing.
INFO: [BIND 205-101] Binding ...
INFO: [BIND 205-100] Finished micro-architecture generation.
INFO: [HLS 200-111] Finished Binding: CPU user time: 0.05 seconds. CPU system time: 0.01 seconds. Elapsed time: 0.07 seconds; current allocated memory: 650.027 MB.
INFO: [HLS 200-10] ----------------------------------------------------------------
INFO: [HLS 200-42] -- Implementing module 'streaming_attention_Pipeline_MAC' 
INFO: [HLS 200-10] ----------------------------------------------------------------
INFO: [SCHED 204-11] Starting scheduling ...
INFO: [HLS 200-486] Changing DSP latency (root=mul_ln79_15) to 3 in order to utilize available DSP registers.
INFO: [HLS 200-486] Changing DSP latency (root=mul_ln79_14) to 3 in order to utilize available DSP registers.
INFO: [HLS 200-486] Changing DSP latency (root=mul_ln79_13) to 3 in order to utilize available DSP registers.
INFO: [HLS 200-486] Changing DSP latency (root=mul_ln79_12) to 3 in order to utilize available DSP registers.
INFO: [HLS 200-486] Changing DSP latency (root=mul_ln79_11) to 3 in order to utilize available DSP registers.
INFO: [HLS 200-486] Changing DSP latency (root=mul_ln79_10) to 3 in order to utilize available DSP registers.
INFO: [HLS 200-486] Changing DSP latency (root=mul_ln79_9) to 3 in order to utilize available DSP registers.
INFO: [HLS 200-486] Changing DSP latency (root=mul_ln79_8) to 3 in order to utilize available DSP registers.
INFO: [HLS 200-486] Changing DSP latency (root=mul_ln79_7) to 3 in order to utilize available DSP registers.
INFO: [HLS 200-486] Changing DSP latency (root=mul_ln79_6) to 3 in order to utilize available DSP registers.
INFO: [HLS 200-486] Changing DSP latency (root=mul_ln79_5) to 3 in order to utilize available DSP registers.
INFO: [HLS 200-486] Changing DSP latency (root=mul_ln79_4) to 3 in order to utilize available DSP registers.
INFO: [HLS 200-486] Changing DSP latency (root=mul_ln79_3) to 3 in order to utilize available DSP registers.
INFO: [HLS 200-486] Changing DSP latency (root=mul_ln79_2) to 3 in order to utilize available DSP registers.
INFO: [HLS 200-486] Changing DSP latency (root=mul_ln79_1) to 3 in order to utilize available DSP registers.
INFO: [HLS 200-486] Changing DSP latency (root=mul_ln79) to 3 in order to utilize available DSP registers.
INFO: [SCHED 204-61] Pipelining loop 'MAC'.
INFO: [HLS 200-1470] Pipelining result : Target II = 1, Final II = 1, Depth = 5, loop 'MAC'
INFO: [SCHED 204-11] Finished scheduling.
INFO: [HLS 200-111] Finished Scheduling: CPU user time: 0.18 seconds. CPU system time: 0 seconds. Elapsed time: 0.26 seconds; current allocated memory: 651.945 MB.
INFO: [BIND 205-100] Starting micro-architecture generation ...
INFO: [BIND 205-101] Performing variable lifetime analysis.
INFO: [BIND 205-101] Exploring resource sharing.
INFO: [BIND 205-101] Binding ...
INFO: [BIND 205-100] Finished micro-architecture generation.
INFO: [HLS 200-111] Finished Binding: CPU user time: 0.06 seconds. CPU system time: 0 seconds. Elapsed time: 0.1 seconds; current allocated memory: 651.945 MB.
INFO: [HLS 200-10] ----------------------------------------------------------------
INFO: [HLS 200-42] -- Implementing module 'streaming_attention_Pipeline_SCORE' 
INFO: [HLS 200-10] ----------------------------------------------------------------
INFO: [SCHED 204-11] Starting scheduling ...
INFO: [SCHED 204-61] Pipelining loop 'SCORE'.
INFO: [HLS 200-1470] Pipelining result : Target II = 1, Final II = 1, Depth = 12, loop 'SCORE'
WARNING: [HLS 200-871] Estimated clock period (8.695ns) exceeds the target (target clock period: 10ns, clock uncertainty: 2.7ns, effective delay budget: 7.3ns).
Resolution: For help on HLS 200-871 see www.xilinx.com/cgi-bin/docs/rdoc?v=2022.1;t=hls+guidance;d=200-871.html
WARNING: [HLS 200-1016] The critical path in module 'streaming_attention_Pipeline_SCORE' consists of the following:	'fcmp' operation ('tmp_7', attention_tile.cpp:91) [165]  (5.43 ns)
	'and' operation ('and_ln91_1', attention_tile.cpp:91) [167]  (0.978 ns)
	'select' operation ('tile_max', attention_tile.cpp:91) [168]  (0.698 ns)
	'store' operation ('tile_max_write_ln88', attention_tile.cpp:88) of variable 'tile_max', attention_tile.cpp:91 on local variable 'tile_max' [170]  (1.59 ns)

Resolution: For help on HLS 200-1016 see www.xilinx.com/cgi-bin/docs/rdoc?v=2022.1;t=hls+guidance;d=200-1016.html
INFO: [SCHED 204-11] Finished scheduling.
INFO: [HLS 200-111] Finished Scheduling: CPU user time: 0.13 seconds. CPU system time: 0 seconds. Elapsed time: 0.18 seconds; current allocated memory: 652.875 MB.
INFO: [BIND 205-100] Starting micro-architecture generation ...
INFO: [BIND 205-101] Performing variable lifetime analysis.
INFO: [BIND 205-101] Exploring resource sharing.
INFO: [BIND 205-101] Binding ...
INFO: [BIND 205-100] Finished micro-architecture generation.
INFO: [HLS 200-111] Finished Binding: CPU user time: 0.09 seconds. CPU system time: 0 seconds. Elapsed time: 0.13 seconds; current allocated memory: 652.875 MB.
INFO: [HLS 200-10] ----------------------------------------------------------------
INFO: [HLS 200-42] -- Implementing module 'streaming_attention_Pipeline_BETA' 
INFO: [HLS 200-10] ----------------------------------------------------------------
INFO: [SCHED 204-11] Starting scheduling ...
INFO: [SCHED 204-61] Pipelining loop 'BETA'.
INFO: [HLS 200-1470] Pipelining result : Target II = 1, Final II = 1, Depth = 16, loop 'BETA'
INFO: [SCHED 204-11] Finished scheduling.
INFO: [HLS 200-111] Finished Scheduling: CPU user time: 0.14 seconds. CPU system time: 0.01 seconds. Elapsed time: 0.18 seconds; current allocated memory: 653.512 MB.
INFO: [BIND 205-100] Starting micro-architecture generation ...
INFO: [BIND 205-101] Performing variable lifetime analysis.
INFO: [BIND 205-101] Exploring resource sharing.
INFO: [BIND 205-101] Binding ...
INFO: [BIND 205-100] Finished micro-architecture generation.
INFO: [HLS 200-111] Finished Binding: CPU user time: 0.1 seconds. CPU system time: 0 seconds. Elapsed time: 0.13 seconds; current allocated memory: 653.656 MB.
INFO: [HLS 200-10] ----------------------------------------------------------------
INFO: [HLS 200-42] -- Implementing module 'streaming_attention_Pipeline_AV' 
INFO: [HLS 200-10] ----------------------------------------------------------------
INFO: [SCHED 204-11] Starting scheduling ...
INFO: [SCHED 204-61] Pipelining loop 'AV'.
WARNING: [HLS 200-880] The II Violation in module 'streaming_attention_Pipeline_AV' (loop 'AV'): Unable to enforce a carried dependence constraint (II = 1, distance = 1, offset = 0) between 'store' operation ('acc_192_out_write_ln139', attention_tile.cpp:139) of variable 'acc', attention_tile.cpp:139 on local variable 'acc_192_out' and 'load' operation ('acc_192_out_load', attention_tile.cpp:139) on local variable 'acc_192_out'.
Resolution: For help on HLS 200-880 see www.xilinx.com/cgi-bin/docs/rdoc?v=2022.1;t=hls+guidance;d=200-880.html
WARNING: [HLS 200-880] The II Violation in module 'streaming_attention_Pipeline_AV' (loop 'AV'): Unable to enforce a carried dependence constraint (II = 2, distance = 1, offset = 0) between 'store' operation ('acc_192_out_write_ln139', attention_tile.cpp:139) of variable 'acc', attention_tile.cpp:139 on local variable 'acc_192_out' and 'load' operation ('acc_192_out_load', attention_tile.cpp:139) on local variable 'acc_192_out'.
Resolution: For help on HLS 200-880 see www.xilinx.com/cgi-bin/docs/rdoc?v=2022.1;t=hls+guidance;d=200-880.html
WARNING: [HLS 200-880] The II Violation in module 'streaming_attention_Pipeline_AV' (loop 'AV'): Unable to enforce a carried dependence constraint (II = 3, distance = 1, offset = 0) between 'store' operation ('acc_192_out_write_ln139', attention_tile.cpp:139) of variable 'acc', attention_tile.cpp:139 on local variable 'acc_192_out' and 'load' operation ('acc_192_out_load', attention_tile.cpp:139) on local variable 'acc_192_out'.
Resolution: For help on HLS 200-880 see www.xilinx.com/cgi-bin/docs/rdoc?v=2022.1;t=hls+guidance;d=200-880.html
WARNING: [HLS 200-880] The II Violation in module 'streaming_attention_Pipeline_AV' (loop 'AV'): Unable to enforce a carried dependence constraint (II = 4, distance = 1, offset = 0) between 'store' operation ('acc_192_out_write_ln139', attention_tile.cpp:139) of variable 'acc', attention_tile.cpp:139 on local variable 'acc_192_out' and 'load' operation ('acc_192_out_load', attention_tile.cpp:139) on local variable 'acc_192_out'.
Resolution: For help on HLS 200-880 see www.xilinx.com/cgi-bin/docs/rdoc?v=2022.1;t=hls+guidance;d=200-880.html
WARNING: [HLS 200-880] The II Violation in module 'streaming_attention_Pipeline_AV' (loop 'AV'): Unable to enforce a carried dependence constraint (II = 5, distance = 1, offset = 0) between 'store' operation ('acc_192_out_write_ln139', attention_tile.cpp:139) of variable 'acc', attention_tile.cpp:139 on local variable 'acc_192_out' and 'load' operation ('acc_192_out_load', attention_tile.cpp:139) on local variable 'acc_192_out'.
Resolution: For help on HLS 200-880 see www.xilinx.com/cgi-bin/docs/rdoc?v=2022.1;t=hls+guidance;d=200-880.html
WARNING: [HLS 200-880] The II Violation in module 'streaming_attention_Pipeline_AV' (loop 'AV'): Unable to enforce a carried dependence constraint (II = 6, distance = 1, offset = 0) between 'store' operation ('acc_192_out_write_ln139', attention_tile.cpp:139) of variable 'acc', attention_tile.cpp:139 on local variable 'acc_192_out' and 'load' operation ('acc_192_out_load', attention_tile.cpp:139) on local variable 'acc_192_out'.
Resolution: For help on HLS 200-880 see www.xilinx.com/cgi-bin/docs/rdoc?v=2022.1;t=hls+guidance;d=200-880.html
INFO: [HLS 200-1470] Pipelining result : Target II = 1, Final II = 7, Depth = 40, loop 'AV'
WARNING: [HLS 200-871] Estimated clock period (12.958ns) exceeds the target (target clock period: 10ns, clock uncertainty: 2.7ns, effective delay budget: 7.3ns).
Resolution: For help on HLS 200-871 see www.xilinx.com/cgi-bin/docs/rdoc?v=2022.1;t=hls+guidance;d=200-871.html
WARNING: [HLS 200-1016] The critical path in module 'streaming_attention_Pipeline_AV' consists of the following:	'fmul' operation ('mul1', attention_tile.cpp:130) [196]  (5.7 ns)
	'fadd' operation ('add2', attention_tile.cpp:136) [272]  (7.26 ns)

Resolution: For help on HLS 200-1016 see www.xilinx.com/cgi-bin/docs/rdoc?v=2022.1;t=hls+guidance;d=200-1016.html
INFO: [SCHED 204-11] Finished scheduling.
INFO: [HLS 200-111] Finished Scheduling: CPU user time: 0.58 seconds. CPU system time: 0.01 seconds. Elapsed time: 0.69 seconds; current allocated memory: 657.238 MB.
INFO: [BIND 205-100] Starting micro-architecture generation ...
INFO: [BIND 205-101] Performing variable lifetime analysis.
INFO: [BIND 205-101] Exploring resource sharing.
INFO: [BIND 205-101] Binding ...
INFO: [BIND 205-100] Finished micro-architecture generation.
INFO: [HLS 200-111] Finished Binding: CPU user time: 0.45 seconds. CPU system time: 0 seconds. Elapsed time: 0.48 seconds; current allocated memory: 657.418 MB.
INFO: [HLS 200-10] ----------------------------------------------------------------
INFO: [HLS 200-42] -- Implementing module 'streaming_attention_Pipeline_WRITE_O' 
INFO: [HLS 200-10] ----------------------------------------------------------------
INFO: [SCHED 204-11] Starting scheduling ...
INFO: [SCHED 204-61] Pipelining loop 'WRITE_O'.
INFO: [HLS 200-1470] Pipelining result : Target II = 1, Final II = 1, Depth = 18, loop 'WRITE_O'
INFO: [SCHED 204-11] Finished scheduling.
INFO: [HLS 200-111] Finished Scheduling: CPU user time: 0.43 seconds. CPU system time: 0 seconds. Elapsed time: 0.5 seconds; current allocated memory: 658.188 MB.
INFO: [BIND 205-100] Starting micro-architecture generation ...
INFO: [BIND 205-101] Performing variable lifetime analysis.
INFO: [BIND 205-101] Exploring resource sharing.
INFO: [BIND 205-101] Binding ...
INFO: [BIND 205-100] Finished micro-architecture generation.
INFO: [HLS 200-111] Finished Binding: CPU user time: 0.1 seconds. CPU system time: 0.01 seconds. Elapsed time: 0.14 seconds; current allocated memory: 658.191 MB.
INFO: [HLS 200-10] ----------------------------------------------------------------
INFO: [HLS 200-42] -- Implementing module 'streaming_attention' 
INFO: [HLS 200-10] ----------------------------------------------------------------
INFO: [SCHED 204-11] Starting scheduling ...
WARNING: [HLS 200-871] Estimated clock period (8.477ns) exceeds the target (target clock period: 10ns, clock uncertainty: 2.7ns, effective delay budget: 7.3ns).
Resolution: For help on HLS 200-871 see www.xilinx.com/cgi-bin/docs/rdoc?v=2022.1;t=hls+guidance;d=200-871.html
WARNING: [HLS 200-1016] The critical path in module 'streaming_attention' consists of the following:	'load' operation ('m_load') on local variable 'm' [322]  (0 ns)
	'call' operation ('_ln0') to 'streaming_attention_Pipeline_SCORE' [351]  (8.48 ns)

Resolution: For help on HLS 200-1016 see www.xilinx.com/cgi-bin/docs/rdoc?v=2022.1;t=hls+guidance;d=200-1016.html
INFO: [SCHED 204-11] Finished scheduling.
INFO: [HLS 200-111] Finished Scheduling: CPU user time: 0.33 seconds. CPU system time: 0.01 seconds. Elapsed time: 0.38 seconds; current allocated memory: 661.762 MB.
INFO: [BIND 205-100] Starting micro-architecture generation ...
INFO: [BIND 205-101] Performing variable lifetime analysis.
INFO: [BIND 205-101] Exploring resource sharing.
INFO: [BIND 205-101] Binding ...
INFO: [BIND 205-100] Finished micro-architecture generation.
INFO: [HLS 200-111] Finished Binding: CPU user time: 0.51 seconds. CPU system time: 0 seconds. Elapsed time: 0.59 seconds; current allocated memory: 661.762 MB.
INFO: [HLS 200-10] ----------------------------------------------------------------
INFO: [HLS 200-10] -- Generating RTL for module 'streaming_attention_Pipeline_LOAD_Q' 
INFO: [HLS 200-10] ----------------------------------------------------------------
INFO: [HLS 200-1030] Apply Unified Pipeline Control on module 'streaming_attention_Pipeline_LOAD_Q' pipeline 'LOAD_Q' pipeline type 'loop pipeline'
WARNING: [RTGEN 206-101] Setting dangling out port 'streaming_attention_Pipeline_LOAD_Q/m_axi_gmem0_ARVALID' to 0.
WARNING: [RTGEN 206-101] Setting dangling out port 'streaming_attention_Pipeline_LOAD_Q/m_axi_gmem0_ARADDR' to 0.
WARNING: [RTGEN 206-101] Setting dangling out port 'streaming_attention_Pipeline_LOAD_Q/m_axi_gmem0_ARID' to 0.
WARNING: [RTGEN 206-101] Setting dangling out port 'streaming_attention_Pipeline_LOAD_Q/m_axi_gmem0_ARLEN' to 0.
WARNING: [RTGEN 206-101] Setting dangling out port 'streaming_attention_Pipeline_LOAD_Q/m_axi_gmem0_ARSIZE' to 0.
WARNING: [RTGEN 206-101] Setting dangling out port 'streaming_attention_Pipeline_LOAD_Q/m_axi_gmem0_ARBURST' to 0.
WARNING: [RTGEN 206-101] Setting dangling out port 'streaming_attention_Pipeline_LOAD_Q/m_axi_gmem0_ARLOCK' to 0.
WARNING: [RTGEN 206-101] Setting dangling out port 'streaming_attention_Pipeline_LOAD_Q/m_axi_gmem0_ARCACHE' to 0.
WARNING: [RTGEN 206-101] Setting dangling out port 'streaming_attention_Pipeline_LOAD_Q/m_axi_gmem0_ARPROT' to 0.
WARNING: [RTGEN 206-101] Setting dangling out port 'streaming_attention_Pipeline_LOAD_Q/m_axi_gmem0_ARQOS' to 0.
WARNING: [RTGEN 206-101] Setting dangling out port 'streaming_attention_Pipeline_LOAD_Q/m_axi_gmem0_ARREGION' to 0.
WARNING: [RTGEN 206-101] Setting dangling out port 'streaming_attention_Pipeline_LOAD_Q/m_axi_gmem0_ARUSER' to 0.
INFO: [RTGEN 206-100] Finished creating RTL model for 'streaming_attention_Pipeline_LOAD_Q'.
INFO: [HLS 200-111] Finished Creating RTL model: CPU user time: 0.48 seconds. CPU system time: 0.01 seconds. Elapsed time: 0.59 seconds; current allocated memory: 663.008 MB.
INFO: [HLS 200-10] ----------------------------------------------------------------
INFO: [HLS 200-10] -- Generating RTL for module 'streaming_attention_Pipeline_LOAD_TILE_VITIS_LOOP_59_1' 
INFO: [HLS 200-10] ----------------------------------------------------------------
INFO: [HLS 200-1030] Apply Unified Pipeline Control on module 'streaming_attention_Pipeline_LOAD_TILE_VITIS_LOOP_59_1' pipeline 'LOAD_TILE_VITIS_LOOP_59_1' pipeline type 'loop pipeline'
WARNING: [RTGEN 206-101] Setting dangling out port 'streaming_attention_Pipeline_LOAD_TILE_VITIS_LOOP_59_1/m_axi_gmem1_ARVALID' to 0.
WARNING: [RTGEN 206-101] Setting dangling out port 'streaming_attention_Pipeline_LOAD_TILE_VITIS_LOOP_59_1/m_axi_gmem1_ARADDR' to 0.
WARNING: [RTGEN 206-101] Setting dangling out port 'streaming_attention_Pipeline_LOAD_TILE_VITIS_LOOP_59_1/m_axi_gmem1_ARID' to 0.
WARNING: [RTGEN 206-101] Setting dangling out port 'streaming_attention_Pipeline_LOAD_TILE_VITIS_LOOP_59_1/m_axi_gmem1_ARLEN' to 0.
WARNING: [RTGEN 206-101] Setting dangling out port 'streaming_attention_Pipeline_LOAD_TILE_VITIS_LOOP_59_1/m_axi_gmem1_ARSIZE' to 0.
WARNING: [RTGEN 206-101] Setting dangling out port 'streaming_attention_Pipeline_LOAD_TILE_VITIS_LOOP_59_1/m_axi_gmem1_ARBURST' to 0.
WARNING: [RTGEN 206-101] Setting dangling out port 'streaming_attention_Pipeline_LOAD_TILE_VITIS_LOOP_59_1/m_axi_gmem1_ARLOCK' to 0.
WARNING: [RTGEN 206-101] Setting dangling out port 'streaming_attention_Pipeline_LOAD_TILE_VITIS_LOOP_59_1/m_axi_gmem1_ARCACHE' to 0.
WARNING: [RTGEN 206-101] Setting dangling out port 'streaming_attention_Pipeline_LOAD_TILE_VITIS_LOOP_59_1/m_axi_gmem1_ARPROT' to 0.
WARNING: [RTGEN 206-101] Setting dangling out port 'streaming_attention_Pipeline_LOAD_TILE_VITIS_LOOP_59_1/m_axi_gmem1_ARQOS' to 0.
WARNING: [RTGEN 206-101] Setting dangling out port 'streaming_attention_Pipeline_LOAD_TILE_VITIS_LOOP_59_1/m_axi_gmem1_ARREGION' to 0.
WARNING: [RTGEN 206-101] Setting dangling out port 'streaming_attention_Pipeline_LOAD_TILE_VITIS_LOOP_59_1/m_axi_gmem1_ARUSER' to 0.
WARNING: [RTGEN 206-101] Setting dangling out port 'streaming_attention_Pipeline_LOAD_TILE_VITIS_LOOP_59_1/m_axi_gmem2_ARVALID' to 0.
WARNING: [RTGEN 206-101] Setting dangling out port 'streaming_attention_Pipeline_LOAD_TILE_VITIS_LOOP_59_1/m_axi_gmem2_ARADDR' to 0.
WARNING: [RTGEN 206-101] Setting dangling out port 'streaming_attention_Pipeline_LOAD_TILE_VITIS_LOOP_59_1/m_axi_gmem2_ARID' to 0.
WARNING: [RTGEN 206-101] Setting dangling out port 'streaming_attention_Pipeline_LOAD_TILE_VITIS_LOOP_59_1/m_axi_gmem2_ARLEN' to 0.
WARNING: [RTGEN 206-101] Setting dangling out port 'streaming_attention_Pipeline_LOAD_TILE_VITIS_LOOP_59_1/m_axi_gmem2_ARSIZE' to 0.
WARNING: [RTGEN 206-101] Setting dangling out port 'streaming_attention_Pipeline_LOAD_TILE_VITIS_LOOP_59_1/m_axi_gmem2_ARBURST' to 0.
WARNING: [RTGEN 206-101] Setting dangling out port 'streaming_attention_Pipeline_LOAD_TILE_VITIS_LOOP_59_1/m_axi_gmem2_ARLOCK' to 0.
WARNING: [RTGEN 206-101] Setting dangling out port 'streaming_attention_Pipeline_LOAD_TILE_VITIS_LOOP_59_1/m_axi_gmem2_ARCACHE' to 0.
WARNING: [RTGEN 206-101] Setting dangling out port 'streaming_attention_Pipeline_LOAD_TILE_VITIS_LOOP_59_1/m_axi_gmem2_ARPROT' to 0.
WARNING: [RTGEN 206-101] Setting dangling out port 'streaming_attention_Pipeline_LOAD_TILE_VITIS_LOOP_59_1/m_axi_gmem2_ARQOS' to 0.
WARNING: [RTGEN 206-101] Setting dangling out port 'streaming_attention_Pipeline_LOAD_TILE_VITIS_LOOP_59_1/m_axi_gmem2_ARREGION' to 0.
WARNING: [RTGEN 206-101] Setting dangling out port 'streaming_attention_Pipeline_LOAD_TILE_VITIS_LOOP_59_1/m_axi_gmem2_ARUSER' to 0.
INFO: [RTGEN 206-100] Finished creating RTL model for 'streaming_attention_Pipeline_LOAD_TILE_VITIS_LOOP_59_1'.
INFO: [HLS 200-111] Finished Creating RTL model: CPU user time: 0.23 seconds. CPU system time: 0.02 seconds. Elapsed time: 0.41 seconds; current allocated memory: 671.211 MB.
INFO: [HLS 200-10] ----------------------------------------------------------------
INFO: [HLS 200-10] -- Generating RTL for module 'streaming_attention_Pipeline_MAC' 
INFO: [HLS 200-10] ----------------------------------------------------------------
INFO: [HLS 200-1030] Apply Unified Pipeline Control on module 'streaming_attention_Pipeline_MAC' pipeline 'MAC' pipeline type 'loop pipeline'
INFO: [RTGEN 206-100] Generating core module 'mac_muladd_8s_8s_22s_22_4_1': 16 instance(s).
INFO: [RTGEN 206-100] Generating core module 'mux_647_8_1_1': 1 instance(s).
INFO: [RTGEN 206-100] Finished creating RTL model for 'streaming_attention_Pipeline_MAC'.
INFO: [HLS 200-111] Finished Creating RTL model: CPU user time: 0.17 seconds. CPU system time: 0.01 seconds. Elapsed time: 0.27 seconds; current allocated memory: 674.703 MB.
INFO: [HLS 200-10] ----------------------------------------------------------------
INFO: [HLS 200-10] -- Generating RTL for module 'streaming_attention_Pipeline_SCORE' 
INFO: [HLS 200-10] ----------------------------------------------------------------
INFO: [HLS 200-1030] Apply Unified Pipeline Control on module 'streaming_attention_Pipeline_SCORE' pipeline 'SCORE' pipeline type 'loop pipeline'
INFO: [RTGEN 206-100] Generating core module 'fcmp_32ns_32ns_1_2_no_dsp_1': 1 instance(s).
INFO: [RTGEN 206-100] Generating core module 'fmul_32ns_32ns_32_4_max_dsp_1': 1 instance(s).
INFO: [RTGEN 206-100] Generating core module 'mux_165_32_1_1': 1 instance(s).
INFO: [RTGEN 206-100] Generating core module 'sitofp_32ns_32_6_no_dsp_1': 1 instance(s).
INFO: [RTGEN 206-100] Finished creating RTL model for 'streaming_attention_Pipeline_SCORE'.
INFO: [HLS 200-111] Finished Creating RTL model: CPU user time: 0.19 seconds. CPU system time: 0.01 seconds. Elapsed time: 0.32 seconds; current allocated memory: 681.078 MB.
INFO: [HLS 200-10] ----------------------------------------------------------------
INFO: [HLS 200-10] -- Generating RTL for module 'streaming_attention_Pipeline_BETA' 
INFO: [HLS 200-10] ----------------------------------------------------------------
INFO: [HLS 200-1030] Apply Unified Pipeline Control on module 'streaming_attention_Pipeline_BETA' pipeline 'BETA' pipeline type 'loop pipeline'
WARNING: [RTGEN 206-101] RTL name 'mux_165_32_1_1' is changed to 'mux_165_32_1_1_x' due to conflict.
INFO: [RTGEN 206-100] Generating core module 'faddfsub_32ns_32ns_32_5_full_dsp_1': 1 instance(s).
INFO: [RTGEN 206-100] Generating core module 'fexp_32ns_32ns_32_10_full_dsp_1': 1 instance(s).
INFO: [RTGEN 206-100] Generating core module 'mux_165_32_1_1_x': 1 instance(s).
INFO: [RTGEN 206-100] Finished creating RTL model for 'streaming_attention_Pipeline_BETA'.
INFO: [HLS 200-111] Finished Creating RTL model: CPU user time: 0.22 seconds. CPU system time: 0.02 seconds. Elapsed time: 0.32 seconds; current allocated memory: 683.730 MB.
INFO: [HLS 200-10] ----------------------------------------------------------------
INFO: [HLS 200-10] -- Generating RTL for module 'streaming_attention_Pipeline_AV' 
INFO: [HLS 200-10] ----------------------------------------------------------------
INFO: [HLS 200-1030] Apply Unified Pipeline Control on module 'streaming_attention_Pipeline_AV' pipeline 'AV' pipeline type 'loop pipeline'
INFO: [RTGEN 206-100] Generating core module 'fadd_32ns_32ns_32_5_full_dsp_1': 3 instance(s).
INFO: [RTGEN 206-100] Generating core module 'faddfsub_32ns_32ns_32_5_full_dsp_1': 1 instance(s).
INFO: [RTGEN 206-100] Generating core module 'fmul_32ns_32ns_32_4_max_dsp_1': 3 instance(s).
INFO: [RTGEN 206-100] Generating core module 'mux_647_32_1_1': 1 instance(s).
INFO: [RTGEN 206-100] Generating core module 'sitofp_32s_32_6_no_dsp_1': 3 instance(s).
INFO: [RTGEN 206-100] Finished creating RTL model for 'streaming_attention_Pipeline_AV'.
INFO: [HLS 200-111] Finished Creating RTL model: CPU user time: 0.2 seconds. CPU system time: 0.01 seconds. Elapsed time: 0.32 seconds; current allocated memory: 689.387 MB.
INFO: [HLS 200-10] ----------------------------------------------------------------
INFO: [HLS 200-10] -- Generating RTL for module 'streaming_attention_Pipeline_WRITE_O' 
INFO: [HLS 200-10] ----------------------------------------------------------------
INFO: [HLS 200-1030] Apply Unified Pipeline Control on module 'streaming_attention_Pipeline_WRITE_O' pipeline 'WRITE_O' pipeline type 'loop pipeline'
WARNING: [RTGEN 206-101] Setting dangling out port 'streaming_attention_Pipeline_WRITE_O/m_axi_gmem3_AWVALID' to 0.
WARNING: [RTGEN 206-101] Setting dangling out port 'streaming_attention_Pipeline_WRITE_O/m_axi_gmem3_AWADDR' to 0.
WARNING: [RTGEN 206-101] Setting dangling out port 'streaming_attention_Pipeline_WRITE_O/m_axi_gmem3_AWID' to 0.
WARNING: [RTGEN 206-101] Setting dangling out port 'streaming_attention_Pipeline_WRITE_O/m_axi_gmem3_AWLEN' to 0.
WARNING: [RTGEN 206-101] Setting dangling out port 'streaming_attention_Pipeline_WRITE_O/m_axi_gmem3_AWSIZE' to 0.
WARNING: [RTGEN 206-101] Setting dangling out port 'streaming_attention_Pipeline_WRITE_O/m_axi_gmem3_AWBURST' to 0.
WARNING: [RTGEN 206-101] Setting dangling out port 'streaming_attention_Pipeline_WRITE_O/m_axi_gmem3_AWLOCK' to 0.
WARNING: [RTGEN 206-101] Setting dangling out port 'streaming_attention_Pipeline_WRITE_O/m_axi_gmem3_AWCACHE' to 0.
WARNING: [RTGEN 206-101] Setting dangling out port 'streaming_attention_Pipeline_WRITE_O/m_axi_gmem3_AWPROT' to 0.
WARNING: [RTGEN 206-101] Setting dangling out port 'streaming_attention_Pipeline_WRITE_O/m_axi_gmem3_AWQOS' to 0.
WARNING: [RTGEN 206-101] Setting dangling out port 'streaming_attention_Pipeline_WRITE_O/m_axi_gmem3_AWREGION' to 0.
WARNING: [RTGEN 206-101] Setting dangling out port 'streaming_attention_Pipeline_WRITE_O/m_axi_gmem3_AWUSER' to 0.
WARNING: [RTGEN 206-101] Setting dangling out port 'streaming_attention_Pipeline_WRITE_O/m_axi_gmem3_BREADY' to 0.
INFO: [RTGEN 206-100] Generating core module 'fdiv_32ns_32ns_32_16_no_dsp_1': 1 instance(s).
INFO: [RTGEN 206-100] Generating core module 'mux_647_32_1_1': 1 instance(s).
INFO: [RTGEN 206-100] Finished creating RTL model for 'streaming_attention_Pipeline_WRITE_O'.
INFO: [HLS 200-111] Finished Creating RTL model: CPU user time: 0.62 seconds. CPU system time: 0.03 seconds. Elapsed time: 0.82 seconds; current allocated memory: 696.957 MB.
INFO: [HLS 200-10] ----------------------------------------------------------------
INFO: [HLS 200-10] -- Generating RTL for module 'streaming_attention' 
INFO: [HLS 200-10] ----------------------------------------------------------------
WARNING: [RTGEN 206-101] Design contains AXI ports. Reset is fixed to synchronous and active low.
INFO: [RTGEN 206-500] Setting interface mode on port 'streaming_attention/gmem0' to 'm_axi'.
INFO: [RTGEN 206-500] Setting interface mode on port 'streaming_attention/gmem1' to 'm_axi'.
INFO: [RTGEN 206-500] Setting interface mode on port 'streaming_attention/gmem2' to 'm_axi'.
INFO: [RTGEN 206-500] Setting interface mode on port 'streaming_attention/gmem3' to 'm_axi'.
INFO: [RTGEN 206-500] Setting interface mode on port 'streaming_attention/Q' to 's_axilite & ap_none'.
INFO: [RTGEN 206-500] Setting interface mode on port 'streaming_attention/K' to 's_axilite & ap_none'.
INFO: [RTGEN 206-500] Setting interface mode on port 'streaming_attention/V' to 's_axilite & ap_none'.
INFO: [RTGEN 206-500] Setting interface mode on port 'streaming_attention/O' to 's_axilite & ap_none'.
INFO: [RTGEN 206-500] Setting interface mode on function 'streaming_attention' to 's_axilite & ap_ctrl_hs'.
INFO: [RTGEN 206-100] Bundling port 'Q', 'K', 'V', 'O' and 'return' to AXI-Lite port control.
INFO: [RTGEN 206-100] Generating core module 'fadd_32ns_32ns_32_5_full_dsp_1': 6 instance(s).
INFO: [RTGEN 206-100] Generating core module 'faddfsub_32ns_32ns_32_5_full_dsp_1': 2 instance(s).
INFO: [RTGEN 206-100] Generating core module 'fexp_32ns_32ns_32_10_full_dsp_1': 1 instance(s).
INFO: [RTGEN 206-100] Generating core module 'fmul_32ns_32ns_32_4_max_dsp_1': 1 instance(s).
INFO: [RTGEN 206-100] Finished creating RTL model for 'streaming_attention'.
INFO: [HLS 200-111] Finished Creating RTL model: CPU user time: 0.25 seconds. CPU system time: 0.03 seconds. Elapsed time: 0.57 seconds; current allocated memory: 707.434 MB.
INFO: [RTMG 210-278] Implementing memory 'streaming_attention_kt_RAM_AUTO_1R1W_ram (RAM)' using auto RAMs.
INFO: [HLS 200-111] Finished Generating all RTL models: CPU user time: 1.39 seconds. CPU system time: 0.09 seconds. Elapsed time: 2.13 seconds; current allocated memory: 717.316 MB.
INFO: [HLS 200-1603] Design has inferred MAXI bursts and missed bursts, see Vitis HLS GUI synthesis summary report for detailed information.
INFO: [HLS 200-111] Finished Updating report files: CPU user time: 2.14 seconds. CPU system time: 0.05 seconds. Elapsed time: 2.36 seconds; current allocated memory: 729.039 MB.
INFO: [VHDL 208-304] Generating VHDL RTL for streaming_attention.
INFO: [VLOG 209-307] Generating Verilog RTL for streaming_attention.
INFO: [HLS 200-790] **** Loop Constraint Status: All loop constraints were NOT satisfied.
INFO: [HLS 200-789] **** Estimated Fmax: 77.17 MHz
INFO: [HLS 200-111] Finished Command csynth_design CPU user time: 38.97 seconds. CPU system time: 2.14 seconds. Elapsed time: 44.91 seconds; current allocated memory: 267.016 MB.
INFO: [HLS 200-1510] Running: export_design -format ip_catalog -output attention_tile_ip.zip 
INFO: [IMPL 213-8] Exporting RTL as a Vivado IP.

****** Vivado v2022.1 (64-bit)
  **** SW Build 3526262 on Mon Apr 18 15:47:01 MDT 2022
  **** IP Build 3524634 on Mon Apr 18 20:55:01 MDT 2022
    ** Copyright 1986-2022 Xilinx, Inc. All Rights Reserved.

source run_ippack.tcl -notrace
INFO: [IP_Flow 19-234] Refreshing IP repositories
INFO: [IP_Flow 19-1704] No user IP repositories specified
INFO: [IP_Flow 19-2313] Loaded Vivado IP repository '/cad/xilinx/Vivado/2022.1/data/ip'.
WARNING: [IP_Flow 19-4832] The IP name 'streaming_attention_fadd_32ns_32ns_32_5_full_dsp_1_ip' you have specified is long. The Windows operating system has path length limitations. It is recommended you use shorter names to reduce the likelihood of issues.
INFO: [IP_Flow 19-1686] Generating 'Synthesis' target for IP 'streaming_attention_fadd_32ns_32ns_32_5_full_dsp_1_ip'...
INFO: [IP_Flow 19-1686] Generating 'Simulation' target for IP 'streaming_attention_fadd_32ns_32ns_32_5_full_dsp_1_ip'...
WARNING: [IP_Flow 19-4832] The IP name 'streaming_attention_faddfsub_32ns_32ns_32_5_full_dsp_1_ip' you have specified is long. The Windows operating system has path length limitations. It is recommended you use shorter names to reduce the likelihood of issues.
INFO: [IP_Flow 19-1686] Generating 'Synthesis' target for IP 'streaming_attention_faddfsub_32ns_32ns_32_5_full_dsp_1_ip'...
INFO: [IP_Flow 19-1686] Generating 'Simulation' target for IP 'streaming_attention_faddfsub_32ns_32ns_32_5_full_dsp_1_ip'...
WARNING: [IP_Flow 19-4832] The IP name 'streaming_attention_fcmp_32ns_32ns_1_2_no_dsp_1_ip' you have specified is long. The Windows operating system has path length limitations. It is recommended you use shorter names to reduce the likelihood of issues.
INFO: [IP_Flow 19-1686] Generating 'Synthesis' target for IP 'streaming_attention_fcmp_32ns_32ns_1_2_no_dsp_1_ip'...
INFO: [IP_Flow 19-1686] Generating 'Simulation' target for IP 'streaming_attention_fcmp_32ns_32ns_1_2_no_dsp_1_ip'...
WARNING: [IP_Flow 19-4832] The IP name 'streaming_attention_fdiv_32ns_32ns_32_16_no_dsp_1_ip' you have specified is long. The Windows operating system has path length limitations. It is recommended you use shorter names to reduce the likelihood of issues.
INFO: [IP_Flow 19-1686] Generating 'Synthesis' target for IP 'streaming_attention_fdiv_32ns_32ns_32_16_no_dsp_1_ip'...
INFO: [IP_Flow 19-1686] Generating 'Simulation' target for IP 'streaming_attention_fdiv_32ns_32ns_32_16_no_dsp_1_ip'...
WARNING: [IP_Flow 19-4832] The IP name 'streaming_attention_fexp_32ns_32ns_32_10_full_dsp_1_ip' you have specified is long. The Windows operating system has path length limitations. It is recommended you use shorter names to reduce the likelihood of issues.
INFO: [IP_Flow 19-1686] Generating 'Synthesis' target for IP 'streaming_attention_fexp_32ns_32ns_32_10_full_dsp_1_ip'...
INFO: [IP_Flow 19-1686] Generating 'Simulation' target for IP 'streaming_attention_fexp_32ns_32ns_32_10_full_dsp_1_ip'...
WARNING: [IP_Flow 19-4832] The IP name 'streaming_attention_fmul_32ns_32ns_32_4_max_dsp_1_ip' you have specified is long. The Windows operating system has path length limitations. It is recommended you use shorter names to reduce the likelihood of issues.
INFO: [IP_Flow 19-1686] Generating 'Synthesis' target for IP 'streaming_attention_fmul_32ns_32ns_32_4_max_dsp_1_ip'...
INFO: [IP_Flow 19-1686] Generating 'Simulation' target for IP 'streaming_attention_fmul_32ns_32ns_32_4_max_dsp_1_ip'...
WARNING: [IP_Flow 19-4832] The IP name 'streaming_attention_sitofp_32ns_32_6_no_dsp_1_ip' you have specified is long. The Windows operating system has path length limitations. It is recommended you use shorter names to reduce the likelihood of issues.
INFO: [IP_Flow 19-1686] Generating 'Synthesis' target for IP 'streaming_attention_sitofp_32ns_32_6_no_dsp_1_ip'...
INFO: [IP_Flow 19-1686] Generating 'Simulation' target for IP 'streaming_attention_sitofp_32ns_32_6_no_dsp_1_ip'...
WARNING: [IP_Flow 19-4832] The IP name 'streaming_attention_sitofp_32s_32_6_no_dsp_1_ip' you have specified is long. The Windows operating system has path length limitations. It is recommended you use shorter names to reduce the likelihood of issues.
INFO: [IP_Flow 19-1686] Generating 'Synthesis' target for IP 'streaming_attention_sitofp_32s_32_6_no_dsp_1_ip'...
INFO: [IP_Flow 19-1686] Generating 'Simulation' target for IP 'streaming_attention_sitofp_32s_32_6_no_dsp_1_ip'...
INFO: [IP_Flow 19-234] Refreshing IP repositories
INFO: [IP_Flow 19-1704] No user IP repositories specified
INFO: [IP_Flow 19-2313] Loaded Vivado IP repository '/cad/xilinx/Vivado/2022.1/data/ip'.
INFO: [Common 17-206] Exiting Vivado at Sat Jun 20 05:30:32 2026...
INFO: [HLS 200-802] Generated output file attention_tile_ip.zip
INFO: [HLS 200-111] Finished Command export_design CPU user time: 42.93 seconds. CPU system time: 2.52 seconds. Elapsed time: 59.04 seconds; current allocated memory: 9.230 MB.
INFO: [HLS 200-112] Total CPU user time: 91.38 seconds. Total CPU system time: 6.28 seconds. Total elapsed time: 113.71 seconds; peak allocated memory: 738.586 MB.
INFO: [Common 17-206] Exiting vitis_hls at Sat Jun 20 05:30:43 2026...
