Copyright 1986-2022 Xilinx, Inc. All Rights Reserved.
------------------------------------------------------------------------------------------------------------------------------------
| Tool Version : Vivado v.2022.1 (lin64) Build 3526262 Mon Apr 18 15:47:01 MDT 2022
| Date         : Sat Jun 20 06:07:19 2026
| Host         : iron-12 running 64-bit Rocky Linux release 8.10 (Green Obsidian)
| Command      : report_timing_summary -file /home/users/andgiuri/softmax-accelerator/stream_attn/vivado/outputs/timing_summary.rpt
| Design       : design_1_wrapper
| Device       : 7z020-clg400
| Speed File   : -1  PRODUCTION 1.12 2019-11-22
------------------------------------------------------------------------------------------------------------------------------------

Timing Summary Report

------------------------------------------------------------------------------------------------
| Timer Settings
| --------------
------------------------------------------------------------------------------------------------

  Enable Multi Corner Analysis               :  Yes
  Enable Pessimism Removal                   :  Yes
  Pessimism Removal Resolution               :  Nearest Common Node
  Enable Input Delay Default Clock           :  No
  Enable Preset / Clear Arcs                 :  No
  Disable Flight Delays                      :  No
  Ignore I/O Paths                           :  No
  Timing Early Launch at Borrowing Latches   :  No
  Borrow Time for Max Delay Exceptions       :  Yes
  Merge Timing Exceptions                    :  Yes

  Corner  Analyze    Analyze    
  Name    Max Paths  Min Paths  
  ------  ---------  ---------  
  Slow    Yes        Yes        
  Fast    Yes        Yes        


------------------------------------------------------------------------------------------------
| Report Methodology
| ------------------
------------------------------------------------------------------------------------------------

No report available as report_methodology has not been run prior. Run report_methodology on the current design for the summary of methodology violations.



check_timing report

Table of Contents
-----------------
1. checking no_clock (0)
2. checking constant_clock (0)
3. checking pulse_width_clock (0)
4. checking unconstrained_internal_endpoints (0)
5. checking no_input_delay (0)
6. checking no_output_delay (0)
7. checking multiple_clock (0)
8. checking generated_clocks (0)
9. checking loops (0)
10. checking partial_input_delay (0)
11. checking partial_output_delay (0)
12. checking latch_loops (0)

1. checking no_clock (0)
------------------------
 There are 0 register/latch pins with no clock.


2. checking constant_clock (0)
------------------------------
 There are 0 register/latch pins with constant_clock.


3. checking pulse_width_clock (0)
---------------------------------
 There are 0 register/latch pins which need pulse_width check


4. checking unconstrained_internal_endpoints (0)
------------------------------------------------
 There are 0 pins that are not constrained for maximum delay.

 There are 0 pins that are not constrained for maximum delay due to constant clock.


5. checking no_input_delay (0)
------------------------------
 There are 0 input ports with no input delay specified.

 There are 0 input ports with no input delay but user has a false path constraint.


6. checking no_output_delay (0)
-------------------------------
 There are 0 ports with no output delay specified.

 There are 0 ports with no output delay but user has a false path constraint

 There are 0 ports with no output delay but with a timing clock defined on it or propagating through it


7. checking multiple_clock (0)
------------------------------
 There are 0 register/latch pins with multiple clocks.


8. checking generated_clocks (0)
--------------------------------
 There are 0 generated clocks that are not connected to a clock source.


9. checking loops (0)
---------------------
 There are 0 combinational loops in the design.


10. checking partial_input_delay (0)
------------------------------------
 There are 0 input ports with partial input delay specified.


11. checking partial_output_delay (0)
-------------------------------------
 There are 0 ports with partial output delay specified.


12. checking latch_loops (0)
----------------------------
 There are 0 combinational latch loops in the design through latch input



------------------------------------------------------------------------------------------------
| Design Timing Summary
| ---------------------
------------------------------------------------------------------------------------------------

    WNS(ns)      TNS(ns)  TNS Failing Endpoints  TNS Total Endpoints      WHS(ns)      THS(ns)  THS Failing Endpoints  THS Total Endpoints     WPWS(ns)     TPWS(ns)  TPWS Failing Endpoints  TPWS Total Endpoints  
    -------      -------  ---------------------  -------------------      -------      -------  ---------------------  -------------------     --------     --------  ----------------------  --------------------  
      0.794        0.000                      0                53490        0.017        0.000                      0                53490        5.249        0.000                       0                 20293  


All user specified timing constraints are met.


------------------------------------------------------------------------------------------------
| Clock Summary
| -------------
------------------------------------------------------------------------------------------------

Clock       Waveform(ns)       Period(ns)      Frequency(MHz)
-----       ------------       ----------      --------------
clk_fpga_0  {0.000 6.499}      12.999          76.929          


------------------------------------------------------------------------------------------------
| Intra Clock Table
| -----------------
------------------------------------------------------------------------------------------------

Clock             WNS(ns)      TNS(ns)  TNS Failing Endpoints  TNS Total Endpoints      WHS(ns)      THS(ns)  THS Failing Endpoints  THS Total Endpoints     WPWS(ns)     TPWS(ns)  TPWS Failing Endpoints  TPWS Total Endpoints  
-----             -------      -------  ---------------------  -------------------      -------      -------  ---------------------  -------------------     --------     --------  ----------------------  --------------------  
clk_fpga_0          0.794        0.000                      0                53490        0.017        0.000                      0                53490        5.249        0.000                       0                 20293  


------------------------------------------------------------------------------------------------
| Inter Clock Table
| -----------------
------------------------------------------------------------------------------------------------

From Clock    To Clock          WNS(ns)      TNS(ns)  TNS Failing Endpoints  TNS Total Endpoints      WHS(ns)      THS(ns)  THS Failing Endpoints  THS Total Endpoints  
----------    --------          -------      -------  ---------------------  -------------------      -------      -------  ---------------------  -------------------  


------------------------------------------------------------------------------------------------
| Other Path Groups Table
| -----------------------
------------------------------------------------------------------------------------------------

Path Group    From Clock    To Clock          WNS(ns)      TNS(ns)  TNS Failing Endpoints  TNS Total Endpoints      WHS(ns)      THS(ns)  THS Failing Endpoints  THS Total Endpoints  
----------    ----------    --------          -------      -------  ---------------------  -------------------      -------      -------  ---------------------  -------------------  


------------------------------------------------------------------------------------------------
| Timing Details
| --------------
------------------------------------------------------------------------------------------------


---------------------------------------------------------------------------------------------------
From Clock:  clk_fpga_0
  To Clock:  clk_fpga_0

Setup :            0  Failing Endpoints,  Worst Slack        0.794ns,  Total Violation        0.000ns
Hold  :            0  Failing Endpoints,  Worst Slack        0.017ns,  Total Violation        0.000ns
PW    :            0  Failing Endpoints,  Worst Slack        5.249ns,  Total Violation        0.000ns
---------------------------------------------------------------------------------------------------


Max Delay Paths
--------------------------------------------------------------------------------------
Slack (MET) :             0.794ns  (required time - arrival time)
  Source:                 design_1_i/attn0/inst/fadd_32ns_32ns_32_5_full_dsp_1_U543/streaming_attention_fadd_32ns_32ns_32_5_full_dsp_1_ip_u/inst/i_synth/ADDSUB_OP.ADDSUB/DSP.OP/DSP48E1_BODY.NORM_RND/FULL_USAGE_DSP.SHIFT_RND/i_no_versal_es1_workaround.DSP/CLK
                            (rising edge-triggered cell DSP48E1 clocked by clk_fpga_0  {rise@0.000ns fall@6.499ns period=12.999ns})
  Destination:            design_1_i/attn0/inst/grp_streaming_attention_Pipeline_AV_fu_1375/fmul_32ns_32ns_32_4_max_dsp_1_U365/din0_buf1_reg[14]/D
                            (rising edge-triggered cell FDRE clocked by clk_fpga_0  {rise@0.000ns fall@6.499ns period=12.999ns})
  Path Group:             clk_fpga_0
  Path Type:              Setup (Max at Slow Process Corner)
  Requirement:            12.999ns  (clk_fpga_0 rise@12.999ns - clk_fpga_0 rise@0.000ns)
  Data Path Delay:        11.851ns  (logic 5.251ns (44.310%)  route 6.600ns (55.690%))
  Logic Levels:           6  (LUT3=1 LUT5=1 LUT6=3 MUXF7=1)
  Clock Path Skew:        -0.188ns (DCD - SCD + CPR)
    Destination Clock Delay (DCD):    2.724ns = ( 15.723 - 12.999 ) 
    Source Clock Delay      (SCD):    3.042ns
    Clock Pessimism Removal (CPR):    0.129ns
  Clock Uncertainty:      0.198ns  ((TSJ^2 + TIJ^2)^1/2 + DJ) / 2 + PE
    Total System Jitter     (TSJ):    0.071ns
    Total Input Jitter      (TIJ):    0.390ns
    Discrete Jitter          (DJ):    0.000ns
    Phase Error              (PE):    0.000ns

    Location             Delay type                Incr(ns)  Path(ns)    Netlist Resource(s)
  -------------------------------------------------------------------    -------------------
                         (clock clk_fpga_0 rise edge)
                                                      0.000     0.000 r  
    PS7_X0Y0             PS7                          0.000     0.000 r  design_1_i/ps7/inst/PS7_i/FCLKCLK[0]
                         net (fo=1, routed)           1.193     1.193    design_1_i/ps7/inst/FCLK_CLK_unbuffered[0]
    BUFGCTRL_X0Y16       BUFG (Prop_bufg_I_O)         0.101     1.294 r  design_1_i/ps7/inst/buffer_fclk_clk_0.FCLK_CLK_0_BUFG/O
                         net (fo=20311, routed)       1.748     3.042    design_1_i/attn0/inst/fadd_32ns_32ns_32_5_full_dsp_1_U543/streaming_attention_fadd_32ns_32ns_32_5_full_dsp_1_ip_u/inst/i_synth/ADDSUB_OP.ADDSUB/DSP.OP/DSP48E1_BODY.NORM_RND/FULL_USAGE_DSP.SHIFT_RND/aclk
    DSP48_X2Y12          DSP48E1                                      r  design_1_i/attn0/inst/fadd_32ns_32ns_32_5_full_dsp_1_U543/streaming_attention_fadd_32ns_32ns_32_5_full_dsp_1_ip_u/inst/i_synth/ADDSUB_OP.ADDSUB/DSP.OP/DSP48E1_BODY.NORM_RND/FULL_USAGE_DSP.SHIFT_RND/i_no_versal_es1_workaround.DSP/CLK
  -------------------------------------------------------------------    -------------------
    DSP48_X2Y12          DSP48E1 (Prop_dsp48e1_CLK_P[16])
                                                      4.009     7.051 r  design_1_i/attn0/inst/fadd_32ns_32ns_32_5_full_dsp_1_U543/streaming_attention_fadd_32ns_32ns_32_5_full_dsp_1_ip_u/inst/i_synth/ADDSUB_OP.ADDSUB/DSP.OP/DSP48E1_BODY.NORM_RND/FULL_USAGE_DSP.SHIFT_RND/i_no_versal_es1_workaround.DSP/P[16]
                         net (fo=1, routed)           1.621     8.672    design_1_i/attn0/inst/fadd_32ns_32ns_32_5_full_dsp_1_U543/streaming_attention_fadd_32ns_32ns_32_5_full_dsp_1_ip_u/inst/i_synth/ADDSUB_OP.ADDSUB/DSP.OP/DSP48E1_BODY.EXP/STATE_DELAY/i_pipe/P[14]
    SLICE_X54Y34         LUT3 (Prop_lut3_I0_O)        0.150     8.822 r  design_1_i/attn0/inst/fadd_32ns_32ns_32_5_full_dsp_1_U543/streaming_attention_fadd_32ns_32ns_32_5_full_dsp_1_ip_u/inst/i_synth/ADDSUB_OP.ADDSUB/DSP.OP/DSP48E1_BODY.EXP/STATE_DELAY/i_pipe/mant_op_inferred_i_9/O
                         net (fo=132, routed)         1.803    10.625    design_1_i/attn0/inst/grp_streaming_attention_Pipeline_AV_fu_1375/fmul_32ns_32ns_32_4_max_dsp_1_U365/dout[14]
    SLICE_X101Y40        LUT5 (Prop_lut5_I0_O)        0.328    10.953 r  design_1_i/attn0/inst/grp_streaming_attention_Pipeline_AV_fu_1375/fmul_32ns_32ns_32_4_max_dsp_1_U365/din0_buf1[14]_i_34/O
                         net (fo=1, routed)           0.643    11.596    design_1_i/attn0/inst/grp_streaming_attention_Pipeline_AV_fu_1375/fmul_32ns_32ns_32_4_max_dsp_1_U365/grp_streaming_attention_Pipeline_AV_fu_1375_acc_223_out_o[14]
    SLICE_X101Y40        LUT6 (Prop_lut6_I0_O)        0.124    11.720 r  design_1_i/attn0/inst/grp_streaming_attention_Pipeline_AV_fu_1375/fmul_32ns_32ns_32_4_max_dsp_1_U365/din0_buf1[14]_i_15/O
                         net (fo=1, routed)           0.000    11.720    design_1_i/attn0/inst/grp_streaming_attention_Pipeline_AV_fu_1375/fmul_32ns_32ns_32_4_max_dsp_1_U365/mux_647_32_1_1_U370/mux_2_7[14]
    SLICE_X101Y40        MUXF7 (Prop_muxf7_I1_O)      0.217    11.937 r  design_1_i/attn0/inst/grp_streaming_attention_Pipeline_AV_fu_1375/fmul_32ns_32ns_32_4_max_dsp_1_U365/din0_buf1_reg[14]_i_6/O
                         net (fo=1, routed)           1.378    13.315    design_1_i/attn0/inst/grp_streaming_attention_Pipeline_AV_fu_1375/fmul_32ns_32ns_32_4_max_dsp_1_U365/mux_647_32_1_1_U370/mux_3_3[14]
    SLICE_X93Y29         LUT6 (Prop_lut6_I0_O)        0.299    13.614 r  design_1_i/attn0/inst/grp_streaming_attention_Pipeline_AV_fu_1375/fmul_32ns_32ns_32_4_max_dsp_1_U365/din0_buf1[14]_i_3/O
                         net (fo=1, routed)           1.154    14.768    design_1_i/attn0/inst/grp_streaming_attention_Pipeline_AV_fu_1375/fmul_32ns_32ns_32_4_max_dsp_1_U365/mux_647_32_1_1_U370/mux_5_0[14]
    SLICE_X63Y20         LUT6 (Prop_lut6_I1_O)        0.124    14.892 r  design_1_i/attn0/inst/grp_streaming_attention_Pipeline_AV_fu_1375/fmul_32ns_32ns_32_4_max_dsp_1_U365/din0_buf1[14]_i_1/O
                         net (fo=1, routed)           0.000    14.892    design_1_i/attn0/inst/grp_streaming_attention_Pipeline_AV_fu_1375/fmul_32ns_32ns_32_4_max_dsp_1_U365/din0_buf1[14]_i_1_n_0
    SLICE_X63Y20         FDRE                                         r  design_1_i/attn0/inst/grp_streaming_attention_Pipeline_AV_fu_1375/fmul_32ns_32ns_32_4_max_dsp_1_U365/din0_buf1_reg[14]/D
  -------------------------------------------------------------------    -------------------

                         (clock clk_fpga_0 rise edge)
                                                     12.999    12.999 r  
    PS7_X0Y0             PS7                          0.000    12.999 r  design_1_i/ps7/inst/PS7_i/FCLKCLK[0]
                         net (fo=1, routed)           1.088    14.087    design_1_i/ps7/inst/FCLK_CLK_unbuffered[0]
    BUFGCTRL_X0Y16       BUFG (Prop_bufg_I_O)         0.091    14.178 r  design_1_i/ps7/inst/buffer_fclk_clk_0.FCLK_CLK_0_BUFG/O
                         net (fo=20311, routed)       1.545    15.723    design_1_i/attn0/inst/grp_streaming_attention_Pipeline_AV_fu_1375/fmul_32ns_32ns_32_4_max_dsp_1_U365/ap_clk
    SLICE_X63Y20         FDRE                                         r  design_1_i/attn0/inst/grp_streaming_attention_Pipeline_AV_fu_1375/fmul_32ns_32ns_32_4_max_dsp_1_U365/din0_buf1_reg[14]/C
                         clock pessimism              0.129    15.852    
                         clock uncertainty           -0.198    15.654    
    SLICE_X63Y20         FDRE (Setup_fdre_C_D)        0.032    15.686    design_1_i/attn0/inst/grp_streaming_attention_Pipeline_AV_fu_1375/fmul_32ns_32ns_32_4_max_dsp_1_U365/din0_buf1_reg[14]
  -------------------------------------------------------------------
                         required time                         15.686    
                         arrival time                         -14.892    
  -------------------------------------------------------------------
                         slack                                  0.794    





Min Delay Paths
--------------------------------------------------------------------------------------
Slack (MET) :             0.017ns  (arrival time - required time)
  Source:                 design_1_i/hp_sc/inst/s00_entry_pipeline/s00_mmu/inst/r_sreg/m_vector_i_reg[1065]/C
                            (rising edge-triggered cell FDRE clocked by clk_fpga_0  {rise@0.000ns fall@6.499ns period=12.999ns})
  Destination:            design_1_i/attn0/inst/gmem0_m_axi_U/bus_read/rs_rdata/data_p2_reg[6]/D
                            (rising edge-triggered cell FDRE clocked by clk_fpga_0  {rise@0.000ns fall@6.499ns period=12.999ns})
  Path Group:             clk_fpga_0
  Path Type:              Hold (Min at Fast Process Corner)
  Requirement:            0.000ns  (clk_fpga_0 rise@0.000ns - clk_fpga_0 rise@0.000ns)
  Data Path Delay:        0.352ns  (logic 0.141ns (40.038%)  route 0.211ns (59.962%))
  Logic Levels:           0  
  Clock Path Skew:        0.259ns (DCD - SCD - CPR)
    Destination Clock Delay (DCD):    1.187ns
    Source Clock Delay      (SCD):    0.898ns
    Clock Pessimism Removal (CPR):    0.030ns

    Location             Delay type                Incr(ns)  Path(ns)    Netlist Resource(s)
  -------------------------------------------------------------------    -------------------
                         (clock clk_fpga_0 rise edge)
                                                      0.000     0.000 r  
    PS7_X0Y0             PS7                          0.000     0.000 r  design_1_i/ps7/inst/PS7_i/FCLKCLK[0]
                         net (fo=1, routed)           0.310     0.310    design_1_i/ps7/inst/FCLK_CLK_unbuffered[0]
    BUFGCTRL_X0Y16       BUFG (Prop_bufg_I_O)         0.026     0.336 r  design_1_i/ps7/inst/buffer_fclk_clk_0.FCLK_CLK_0_BUFG/O
                         net (fo=20311, routed)       0.562     0.898    design_1_i/hp_sc/inst/s00_entry_pipeline/s00_mmu/inst/r_sreg/aclk
    SLICE_X49Y49         FDRE                                         r  design_1_i/hp_sc/inst/s00_entry_pipeline/s00_mmu/inst/r_sreg/m_vector_i_reg[1065]/C
  -------------------------------------------------------------------    -------------------
    SLICE_X49Y49         FDRE (Prop_fdre_C_Q)         0.141     1.039 r  design_1_i/hp_sc/inst/s00_entry_pipeline/s00_mmu/inst/r_sreg/m_vector_i_reg[1065]/Q
                         net (fo=2, routed)           0.211     1.250    design_1_i/attn0/inst/gmem0_m_axi_U/bus_read/rs_rdata/data_p2_reg[32]_0[6]
    SLICE_X52Y50         FDRE                                         r  design_1_i/attn0/inst/gmem0_m_axi_U/bus_read/rs_rdata/data_p2_reg[6]/D
  -------------------------------------------------------------------    -------------------

                         (clock clk_fpga_0 rise edge)
                                                      0.000     0.000 r  
    PS7_X0Y0             PS7                          0.000     0.000 r  design_1_i/ps7/inst/PS7_i/FCLKCLK[0]
                         net (fo=1, routed)           0.337     0.337    design_1_i/ps7/inst/FCLK_CLK_unbuffered[0]
    BUFGCTRL_X0Y16       BUFG (Prop_bufg_I_O)         0.029     0.366 r  design_1_i/ps7/inst/buffer_fclk_clk_0.FCLK_CLK_0_BUFG/O
                         net (fo=20311, routed)       0.821     1.187    design_1_i/attn0/inst/gmem0_m_axi_U/bus_read/rs_rdata/ap_clk
    SLICE_X52Y50         FDRE                                         r  design_1_i/attn0/inst/gmem0_m_axi_U/bus_read/rs_rdata/data_p2_reg[6]/C
                         clock pessimism             -0.030     1.157    
    SLICE_X52Y50         FDRE (Hold_fdre_C_D)         0.076     1.233    design_1_i/attn0/inst/gmem0_m_axi_U/bus_read/rs_rdata/data_p2_reg[6]
  -------------------------------------------------------------------
                         required time                         -1.233    
                         arrival time                           1.250    
  -------------------------------------------------------------------
                         slack                                  0.017    





Pulse Width Checks
--------------------------------------------------------------------------------------
Clock Name:         clk_fpga_0
Waveform(ns):       { 0.000 6.499 }
Period(ns):         12.999
Sources:            { design_1_i/ps7/inst/PS7_i/FCLKCLK[0] }

Check Type        Corner  Lib Pin             Reference Pin  Required(ns)  Actual(ns)  Slack(ns)  Location      Pin
Min Period        n/a     RAMB18E1/CLKARDCLK  n/a            2.944         12.999      10.055     RAMB18_X3Y20  design_1_i/attn0/inst/gmem0_m_axi_U/load_unit/buff_rdata/U_fifo_mem/mem_reg/CLKARDCLK
Low Pulse Width   Slow    RAMS64E/CLK         n/a            1.250         6.499       5.249      SLICE_X22Y15  design_1_i/attn0/inst/kt_10_U/ram_reg_0_63_0_0/SP/CLK
High Pulse Width  Slow    RAMS64E/CLK         n/a            1.250         6.499       5.249      SLICE_X22Y15  design_1_i/attn0/inst/kt_10_U/ram_reg_0_63_0_0/SP/CLK



